#
# There is insufficient memory for the Java Runtime Environment to continue.
# Native memory allocation (malloc) failed to allocate 1504976 bytes. Error detail: Chunk::new
# Possible reasons:
#   The system is out of physical RAM or swap space
#   This process is running with CompressedOops enabled, and the Java Heap may be blocking the growth of the native heap
# Possible solutions:
#   Reduce memory load on the system
#   Increase physical memory or swap space
#   Check if swap backing store is full
#   Decrease Java heap size (-Xmx/-Xms)
#   Decrease number of Java threads
#   Decrease Java thread stack sizes (-Xss)
#   Set larger code cache with -XX:ReservedCodeCacheSize=
#   JVM is running with Unscaled Compressed Oops mode in which the Java heap is
#     placed in the first 4GB address space. The Java Heap base address is the
#     maximum limit for the native heap growth. Please use -XX:HeapBaseMinAddress
#     to set the Java Heap base and to place the Java Heap above 4GB virtual address.
# This output file may be truncated or incomplete.
#
#  Out of Memory Error (arena.cpp:168), pid=12956, tid=7880
#
# JRE version: OpenJDK Runtime Environment Temurin-21.0.8+9 (21.0.8+9) (build 21.0.8+9-LTS)
# Java VM: OpenJDK 64-Bit Server VM Temurin-21.0.8+9 (21.0.8+9-LTS, mixed mode, sharing, tiered, compressed oops, compressed class ptrs, parallel gc, windows-amd64)
# No core dump will be written. Minidumps are not enabled by default on client versions of Windows
#

---------------  S U M M A R Y ------------

Command Line: --add-modules=ALL-SYSTEM --add-opens=java.base/java.util=ALL-UNNAMED --add-opens=java.base/java.lang=ALL-UNNAMED --add-opens=java.base/sun.nio.fs=ALL-UNNAMED -Declipse.application=org.eclipse.jdt.ls.core.id1 -Dosgi.bundles.defaultStartLevel=4 -Declipse.product=org.eclipse.jdt.ls.core.product -Djava.import.generatesMetadataFilesAtProjectRoot=false -DDetectVMInstallationsJob.disabled=true -Dfile.encoding=utf8 -XX:+UseParallelGC -XX:GCTimeRatio=4 -XX:AdaptiveSizePolicyWeight=90 -Dsun.zip.disableMemoryMapping=true -Xmx2G -Xms100m -Xlog:disable -javaagent:c:\Users\ashis\.vscode\extensions\redhat.java-1.46.0-win32-x64\lombok\lombok-1.18.39-4050.jar c:\Users\ashis\.vscode\extensions\redhat.java-1.46.0-win32-x64\server\plugins\org.eclipse.equinox.launcher_1.7.0.v20250519-0528.jar -configuration c:\Users\ashis\AppData\Roaming\Code\User\globalStorage\redhat.java\1.46.0\config_ss_win -data c:\Users\ashis\AppData\Roaming\Code\User\workspaceStorage\c6b6de62d2339e5c993c5c93459344ac\redhat.java\ss_ws --pipe=\\.\pipe\lsp-3459030921ca16e54b95a574cb0adae2-sock

Host: Intel(R) Pentium(R) Silver N5030 CPU @ 1.10GHz, 4 cores, 3G,  Windows 10 , 64 bit Build 19041 (10.0.19041.5915)
Time: Wed Oct  8 17:47:30 2025 India Standard Time elapsed time: 9.074258 seconds (0d 0h 0m 9s)

---------------  T H R E A D  ---------------

Current thread (0x000001f87e971a70):  JavaThread "C2 CompilerThread0" daemon [_thread_in_native, id=7880, stack(0x000000d7bb700000,0x000000d7bb800000) (1024K)]


Current CompileTask:
C2:9074 2558       4       java.lang.invoke.MethodType::makeImpl (109 bytes)

Stack: [0x000000d7bb700000,0x000000d7bb800000]
Native frames: (J=compiled Java code, j=interpreted, Vv=VM code, C=native code)
V  [jvm.dll+0x6d2449]
V  [jvm.dll+0x8ae341]
V  [jvm.dll+0x8b08be]
V  [jvm.dll+0x8b0fa3]
V  [jvm.dll+0x280c96]
V  [jvm.dll+0xc581d]
V  [jvm.dll+0xc5d53]
V  [jvm.dll+0x3b9162]
V  [jvm.dll+0x385315]
V  [jvm.dll+0x38477a]
V  [jvm.dll+0x248ed0]
V  [jvm.dll+0x2484af]
V  [jvm.dll+0x1c89ee]
V  [jvm.dll+0x257d4d]
V  [jvm.dll+0x2562ea]
V  [jvm.dll+0x3f2d16]
V  [jvm.dll+0x857e6b]
V  [jvm.dll+0x6d0b0d]
C  [ucrtbase.dll+0x21bb2]
C  [KERNEL32.DLL+0x17374]
C  [ntdll.dll+0x4cc91]


---------------  P R O C E S S  ---------------

Threads class SMR info:
_java_thread_list=0x000001f87ea327a0, length=19, elements={
0x000001f86bf8fc70, 0x000001f87e9676a0, 0x000001f87e968fa0, 0x000001f87e96cdd0,
0x000001f87e96dae0, 0x000001f87e96e7f0, 0x000001f87e970c40, 0x000001f87e971a70,
0x000001f87e9d09b0, 0x000001f87f60c130, 0x000001f87f80b270, 0x000001f849421030,
0x000001f8493bf8b0, 0x000001f8493ecaa0, 0x000001f84951d1c0, 0x000001f8496d2000,
0x000001f849bee040, 0x000001f87f70c9e0, 0x000001f87f70d040
}

Java Threads: ( => current thread )
  0x000001f86bf8fc70 JavaThread "main"                              [_thread_blocked, id=9524, stack(0x000000d7bad00000,0x000000d7bae00000) (1024K)]
  0x000001f87e9676a0 JavaThread "Reference Handler"          daemon [_thread_blocked, id=1756, stack(0x000000d7bb100000,0x000000d7bb200000) (1024K)]
  0x000001f87e968fa0 JavaThread "Finalizer"                  daemon [_thread_blocked, id=5040, stack(0x000000d7bb200000,0x000000d7bb300000) (1024K)]
  0x000001f87e96cdd0 JavaThread "Signal Dispatcher"          daemon [_thread_blocked, id=5108, stack(0x000000d7bb300000,0x000000d7bb400000) (1024K)]
  0x000001f87e96dae0 JavaThread "Attach Listener"            daemon [_thread_blocked, id=8648, stack(0x000000d7bb400000,0x000000d7bb500000) (1024K)]
  0x000001f87e96e7f0 JavaThread "Service Thread"             daemon [_thread_blocked, id=19272, stack(0x000000d7bb500000,0x000000d7bb600000) (1024K)]
  0x000001f87e970c40 JavaThread "Monitor Deflation Thread"   daemon [_thread_blocked, id=14472, stack(0x000000d7bb600000,0x000000d7bb700000) (1024K)]
=>0x000001f87e971a70 JavaThread "C2 CompilerThread0"         daemon [_thread_in_native, id=7880, stack(0x000000d7bb700000,0x000000d7bb800000) (1024K)]
  0x000001f87e9d09b0 JavaThread "C1 CompilerThread0"         daemon [_thread_blocked, id=16912, stack(0x000000d7bb800000,0x000000d7bb900000) (1024K)]
  0x000001f87f60c130 JavaThread "Common-Cleaner"             daemon [_thread_blocked, id=17496, stack(0x000000d7bb900000,0x000000d7bba00000) (1024K)]
  0x000001f87f80b270 JavaThread "Notification Thread"        daemon [_thread_blocked, id=5068, stack(0x000000d7bba00000,0x000000d7bbb00000) (1024K)]
  0x000001f849421030 JavaThread "Active Thread: Equinox Container: b4d83196-a5e8-4aec-9361-8c03aadaf4bf"        [_thread_blocked, id=8068, stack(0x000000d7bbe00000,0x000000d7bbf00000) (1024K)]
  0x000001f8493bf8b0 JavaThread "Framework Event Dispatcher: Equinox Container: b4d83196-a5e8-4aec-9361-8c03aadaf4bf" daemon [_thread_blocked, id=18184, stack(0x000000d7bbf00000,0x000000d7bc000000) (1024K)]
  0x000001f8493ecaa0 JavaThread "Start Level: Equinox Container: b4d83196-a5e8-4aec-9361-8c03aadaf4bf" daemon [_thread_in_native, id=9140, stack(0x000000d7bc000000,0x000000d7bc100000) (1024K)]
  0x000001f84951d1c0 JavaThread "SCR Component Actor"        daemon [_thread_blocked, id=12244, stack(0x000000d7bc100000,0x000000d7bc200000) (1024K)]
  0x000001f8496d2000 JavaThread "Worker-JM"                         [_thread_blocked, id=16928, stack(0x000000d7bc200000,0x000000d7bc300000) (1024K)]
  0x000001f849bee040 JavaThread "JNA Cleaner"                daemon [_thread_blocked, id=5180, stack(0x000000d7bc300000,0x000000d7bc400000) (1024K)]
  0x000001f87f70c9e0 JavaThread "Worker-0"                          [_thread_blocked, id=20156, stack(0x000000d7bc400000,0x000000d7bc500000) (1024K)]
  0x000001f87f70d040 JavaThread "Worker-1"                          [_thread_blocked, id=8212, stack(0x000000d7bc500000,0x000000d7bc600000) (1024K)]
Total: 19

Other Threads:
  0x000001f87e94b6c0 VMThread "VM Thread"                           [id=16324, stack(0x000000d7bb000000,0x000000d7bb100000) (1024K)]
  0x000001f86c053670 WatcherThread "VM Periodic Task Thread"        [id=14872, stack(0x000000d7baf00000,0x000000d7bb000000) (1024K)]
  0x000001f86bfacf60 WorkerThread "GC Thread#0"                     [id=20516, stack(0x000000d7bae00000,0x000000d7baf00000) (1024K)]
  0x000001f8490f0c00 WorkerThread "GC Thread#1"                     [id=14240, stack(0x000000d7bbb00000,0x000000d7bbc00000) (1024K)]
  0x000001f8490f0fa0 WorkerThread "GC Thread#2"                     [id=2368, stack(0x000000d7bbc00000,0x000000d7bbd00000) (1024K)]
  0x000001f8491012f0 WorkerThread "GC Thread#3"                     [id=11884, stack(0x000000d7bbd00000,0x000000d7bbe00000) (1024K)]
Total: 6

Threads with active compile tasks:
C2 CompilerThread0  9205 2558       4       java.lang.invoke.MethodType::makeImpl (109 bytes)
Total: 1

VM state: not at safepoint (normal execution)

VM Mutex/Monitor currently owned by a thread: None

Heap address: 0x0000000080000000, size: 2048 MB, Compressed Oops mode: 32-bit

CDS archive(s) mapped at: [0x000001f804000000-0x000001f804ba0000-0x000001f804ba0000), size 12189696, SharedBaseAddress: 0x000001f804000000, ArchiveRelocationMode: 1.
Compressed class space mapped at: 0x000001f805000000-0x000001f845000000, reserved size: 1073741824
Narrow klass base: 0x000001f804000000, Narrow klass shift: 0, Narrow klass range: 0x100000000

GC Precious Log:
 CardTable entry size: 512
 CPUs: 4 total, 4 available
 Memory: 3918M
 Large Page Support: Disabled
 NUMA Support: Disabled
 Compressed Oops: Enabled (32-bit)
 Alignments: Space 512K, Generation 512K, Heap 2M
 Heap Min Capacity: 100M
 Heap Initial Capacity: 100M
 Heap Max Capacity: 2G
 Pre-touch: Disabled
 Parallel Workers: 4

Heap:
 PSYoungGen      total 29696K, used 16611K [0x00000000d5580000, 0x00000000d7680000, 0x0000000100000000)
  eden space 25600K, 48% used [0x00000000d5580000,0x00000000d61bc490,0x00000000d6e80000)
  from space 4096K, 99% used [0x00000000d7280000,0x00000000d767cb40,0x00000000d7680000)
  to   space 4096K, 0% used [0x00000000d6e80000,0x00000000d6e80000,0x00000000d7280000)
 ParOldGen       total 68608K, used 4420K [0x0000000080000000, 0x0000000084300000, 0x00000000d5580000)
  object space 68608K, 6% used [0x0000000080000000,0x0000000080451368,0x0000000084300000)
 Metaspace       used 17608K, committed 18304K, reserved 1114112K
  class space    used 1832K, committed 2176K, reserved 1048576K

Card table byte_map: [0x000001f86b960000,0x000001f86bd70000] _byte_map_base: 0x000001f86b560000

Marking Bits: (ParMarkBitMap*) 0x00007fff1711a340
 Begin Bits: [0x000001f800000000, 0x000001f802000000)
 End Bits:   [0x000001f802000000, 0x000001f804000000)

Polling page: 0x000001f86a030000

Metaspace:

Usage:
  Non-class:     15.41 MB used.
      Class:      1.79 MB used.
       Both:     17.20 MB used.

Virtual space:
  Non-class space:       64.00 MB reserved,      15.75 MB ( 25%) committed,  1 nodes.
      Class space:        1.00 GB reserved,       2.12 MB ( <1%) committed,  1 nodes.
             Both:        1.06 GB reserved,      17.88 MB (  2%) committed. 

Chunk freelists:
   Non-Class:  15.78 MB
       Class:  13.84 MB
        Both:  29.62 MB

MaxMetaspaceSize: unlimited
CompressedClassSpaceSize: 1.00 GB
Initial GC threshold: 21.00 MB
Current GC threshold: 21.00 MB
CDS: on
 - commit_granule_bytes: 65536.
 - commit_granule_words: 8192.
 - virtual_space_node_default_size: 8388608.
 - enlarge_chunks_in_place: 1.
 - use_allocation_guard: 0.


Internal statistics:

num_allocs_failed_limit: 0.
num_arena_births: 506.
num_arena_deaths: 0.
num_vsnodes_births: 2.
num_vsnodes_deaths: 0.
num_space_committed: 286.
num_space_uncommitted: 0.
num_chunks_returned_to_freelist: 0.
num_chunks_taken_from_freelist: 1160.
num_chunk_merges: 0.
num_chunk_splits: 737.
num_chunks_enlarged: 474.
num_inconsistent_stats: 0.

CodeHeap 'non-profiled nmethods': size=120000Kb used=1002Kb max_used=1002Kb free=118998Kb
 bounds [0x000001f876c60000, 0x000001f876ed0000, 0x000001f87e190000]
CodeHeap 'profiled nmethods': size=120000Kb used=5181Kb max_used=5181Kb free=114818Kb
 bounds [0x000001f86f190000, 0x000001f86f6a0000, 0x000001f8766c0000]
CodeHeap 'non-nmethods': size=5760Kb used=1269Kb max_used=1284Kb free=4490Kb
 bounds [0x000001f8766c0000, 0x000001f876930000, 0x000001f876c60000]
CodeCache: size=245760Kb, used=7452Kb, max_used=7467Kb, free=238306Kb
 total_blobs=3189, nmethods=2642, adapters=454, full_count=0
Compilation: enabled, stopped_count=0, restarted_count=0

Compilation events (20 events):
Event: 9.055 Thread 0x000001f87e9d09b0 nmethod 2629 0x000001f86f692b10 code [0x000001f86f692cc0, 0x000001f86f692ef8]
Event: 9.056 Thread 0x000001f87e9d09b0 2630       3       java.util.regex.Matcher::match (154 bytes)
Event: 9.057 Thread 0x000001f87e9d09b0 nmethod 2630 0x000001f86f693010 code [0x000001f86f693220, 0x000001f86f6937a8]
Event: 9.057 Thread 0x000001f87e9d09b0 2631       3       java.util.regex.Pattern$Branch::match (66 bytes)
Event: 9.057 Thread 0x000001f87e9d09b0 nmethod 2631 0x000001f86f693a10 code [0x000001f86f693c00, 0x000001f86f6940c0]
Event: 9.057 Thread 0x000001f87e9d09b0 2634       3       org.lombokweb.asm.ClassReader::readLabel (20 bytes)
Event: 9.058 Thread 0x000001f87e9d09b0 nmethod 2634 0x000001f86f694290 code [0x000001f86f694460, 0x000001f86f694838]
Event: 9.058 Thread 0x000001f87e9d09b0 2636       3       org.lombokweb.asm.ByteVector::put12 (64 bytes)
Event: 9.058 Thread 0x000001f87e9d09b0 nmethod 2636 0x000001f86f694a10 code [0x000001f86f694bc0, 0x000001f86f694df0]
Event: 9.058 Thread 0x000001f87e9d09b0 2632       3       java.util.regex.Pattern$GroupTail::match (111 bytes)
Event: 9.058 Thread 0x000001f87e9d09b0 nmethod 2632 0x000001f86f694f90 code [0x000001f86f695160, 0x000001f86f695510]
Event: 9.058 Thread 0x000001f87e9d09b0 2635       3       org.lombokweb.asm.ClassReader::createDebugLabel (23 bytes)
Event: 9.058 Thread 0x000001f87e9d09b0 nmethod 2635 0x000001f86f695710 code [0x000001f86f6958e0, 0x000001f86f695d60]
Event: 9.058 Thread 0x000001f87e9d09b0 2637       3       org.lombokweb.asm.MethodWriter::visitVarInsn (302 bytes)
Event: 9.059 Thread 0x000001f87e9d09b0 nmethod 2637 0x000001f86f695f90 code [0x000001f86f696200, 0x000001f86f696b98]
Event: 9.060 Thread 0x000001f87e9d09b0 2638       3       org.lombokweb.asm.MethodWriter::visitInsn (115 bytes)
Event: 9.060 Thread 0x000001f87e9d09b0 nmethod 2638 0x000001f86f696e10 code [0x000001f86f697000, 0x000001f86f697468]
Event: 9.060 Thread 0x000001f87e9d09b0 2633       3       java.lang.Enum::hashCode (21 bytes)
Event: 9.060 Thread 0x000001f87e9d09b0 nmethod 2633 0x000001f86f697610 code [0x000001f86f6977c0, 0x000001f86f697948]
Event: 9.062 Thread 0x000001f87e9d09b0 2640       3       java.util.regex.Pattern$CharPropertyGreedy::match (160 bytes)

GC Heap History (8 events):
Event: 1.745 GC heap before
{Heap before GC invocations=1 (full 0):
 PSYoungGen      total 29696K, used 25600K [0x00000000d5580000, 0x00000000d7680000, 0x0000000100000000)
  eden space 25600K, 100% used [0x00000000d5580000,0x00000000d6e80000,0x00000000d6e80000)
  from space 4096K, 0% used [0x00000000d7280000,0x00000000d7280000,0x00000000d7680000)
  to   space 4096K, 0% used [0x00000000d6e80000,0x00000000d6e80000,0x00000000d7280000)
 ParOldGen       total 68608K, used 0K [0x0000000080000000, 0x0000000084300000, 0x00000000d5580000)
  object space 68608K, 0% used [0x0000000080000000,0x0000000080000000,0x0000000084300000)
 Metaspace       used 4328K, committed 4608K, reserved 1114112K
  class space    used 471K, committed 576K, reserved 1048576K
}
Event: 1.762 GC heap after
{Heap after GC invocations=1 (full 0):
 PSYoungGen      total 29696K, used 3319K [0x00000000d5580000, 0x00000000d7680000, 0x0000000100000000)
  eden space 25600K, 0% used [0x00000000d5580000,0x00000000d5580000,0x00000000d6e80000)
  from space 4096K, 81% used [0x00000000d6e80000,0x00000000d71bde28,0x00000000d7280000)
  to   space 4096K, 0% used [0x00000000d7280000,0x00000000d7280000,0x00000000d7680000)
 ParOldGen       total 68608K, used 16K [0x0000000080000000, 0x0000000084300000, 0x00000000d5580000)
  object space 68608K, 0% used [0x0000000080000000,0x0000000080004000,0x0000000084300000)
 Metaspace       used 4328K, committed 4608K, reserved 1114112K
  class space    used 471K, committed 576K, reserved 1048576K
}
Event: 2.834 GC heap before
{Heap before GC invocations=2 (full 0):
 PSYoungGen      total 29696K, used 28919K [0x00000000d5580000, 0x00000000d7680000, 0x0000000100000000)
  eden space 25600K, 100% used [0x00000000d5580000,0x00000000d6e80000,0x00000000d6e80000)
  from space 4096K, 81% used [0x00000000d6e80000,0x00000000d71bde28,0x00000000d7280000)
  to   space 4096K, 0% used [0x00000000d7280000,0x00000000d7280000,0x00000000d7680000)
 ParOldGen       total 68608K, used 16K [0x0000000080000000, 0x0000000084300000, 0x00000000d5580000)
  object space 68608K, 0% used [0x0000000080000000,0x0000000080004000,0x0000000084300000)
 Metaspace       used 8110K, committed 8320K, reserved 1114112K
  class space    used 862K, committed 960K, reserved 1048576K
}
Event: 2.842 GC heap after
{Heap after GC invocations=2 (full 0):
 PSYoungGen      total 29696K, used 4069K [0x00000000d5580000, 0x00000000d7680000, 0x0000000100000000)
  eden space 25600K, 0% used [0x00000000d5580000,0x00000000d5580000,0x00000000d6e80000)
  from space 4096K, 99% used [0x00000000d7280000,0x00000000d7679780,0x00000000d7680000)
  to   space 4096K, 0% used [0x00000000d6e80000,0x00000000d6e80000,0x00000000d7280000)
 ParOldGen       total 68608K, used 948K [0x0000000080000000, 0x0000000084300000, 0x00000000d5580000)
  object space 68608K, 1% used [0x0000000080000000,0x00000000800ed3f8,0x0000000084300000)
 Metaspace       used 8110K, committed 8320K, reserved 1114112K
  class space    used 862K, committed 960K, reserved 1048576K
}
Event: 3.842 GC heap before
{Heap before GC invocations=3 (full 0):
 PSYoungGen      total 29696K, used 29669K [0x00000000d5580000, 0x00000000d7680000, 0x0000000100000000)
  eden space 25600K, 100% used [0x00000000d5580000,0x00000000d6e80000,0x00000000d6e80000)
  from space 4096K, 99% used [0x00000000d7280000,0x00000000d7679780,0x00000000d7680000)
  to   space 4096K, 0% used [0x00000000d6e80000,0x00000000d6e80000,0x00000000d7280000)
 ParOldGen       total 68608K, used 948K [0x0000000080000000, 0x0000000084300000, 0x00000000d5580000)
  object space 68608K, 1% used [0x0000000080000000,0x00000000800ed3f8,0x0000000084300000)
 Metaspace       used 12929K, committed 13440K, reserved 1114112K
  class space    used 1370K, committed 1600K, reserved 1048576K
}
Event: 3.852 GC heap after
{Heap after GC invocations=3 (full 0):
 PSYoungGen      total 29696K, used 4086K [0x00000000d5580000, 0x00000000d7680000, 0x0000000100000000)
  eden space 25600K, 0% used [0x00000000d5580000,0x00000000d5580000,0x00000000d6e80000)
  from space 4096K, 99% used [0x00000000d6e80000,0x00000000d727d878,0x00000000d7280000)
  to   space 4096K, 0% used [0x00000000d7280000,0x00000000d7280000,0x00000000d7680000)
 ParOldGen       total 68608K, used 2777K [0x0000000080000000, 0x0000000084300000, 0x00000000d5580000)
  object space 68608K, 4% used [0x0000000080000000,0x00000000802b6478,0x0000000084300000)
 Metaspace       used 12929K, committed 13440K, reserved 1114112K
  class space    used 1370K, committed 1600K, reserved 1048576K
}
Event: 8.989 GC heap before
{Heap before GC invocations=4 (full 0):
 PSYoungGen      total 29696K, used 29659K [0x00000000d5580000, 0x00000000d7680000, 0x0000000100000000)
  eden space 25600K, 99% used [0x00000000d5580000,0x00000000d6e79538,0x00000000d6e80000)
  from space 4096K, 99% used [0x00000000d6e80000,0x00000000d727d878,0x00000000d7280000)
  to   space 4096K, 0% used [0x00000000d7280000,0x00000000d7280000,0x00000000d7680000)
 ParOldGen       total 68608K, used 2777K [0x0000000080000000, 0x0000000084300000, 0x00000000d5580000)
  object space 68608K, 4% used [0x0000000080000000,0x00000000802b6478,0x0000000084300000)
 Metaspace       used 17050K, committed 17728K, reserved 1114112K
  class space    used 1800K, committed 2112K, reserved 1048576K
}
Event: 8.999 GC heap after
{Heap after GC invocations=4 (full 0):
 PSYoungGen      total 29696K, used 4082K [0x00000000d5580000, 0x00000000d7680000, 0x0000000100000000)
  eden space 25600K, 0% used [0x00000000d5580000,0x00000000d5580000,0x00000000d6e80000)
  from space 4096K, 99% used [0x00000000d7280000,0x00000000d767cb40,0x00000000d7680000)
  to   space 4096K, 0% used [0x00000000d6e80000,0x00000000d6e80000,0x00000000d7280000)
 ParOldGen       total 68608K, used 4420K [0x0000000080000000, 0x0000000084300000, 0x00000000d5580000)
  object space 68608K, 6% used [0x0000000080000000,0x0000000080451368,0x0000000084300000)
 Metaspace       used 17050K, committed 17728K, reserved 1114112K
  class space    used 1800K, committed 2112K, reserved 1048576K
}

Dll operation events (10 events):
Event: 0.062 Loaded shared library c:\Users\ashis\.vscode\extensions\redhat.java-1.46.0-win32-x64\jre\21.0.8-win32-x86_64\bin\java.dll
Event: 0.246 Loaded shared library c:\Users\ashis\.vscode\extensions\redhat.java-1.46.0-win32-x64\jre\21.0.8-win32-x86_64\bin\zip.dll
Event: 0.304 Loaded shared library C:\Users\ashis\.vscode\extensions\redhat.java-1.46.0-win32-x64\jre\21.0.8-win32-x86_64\bin\instrument.dll
Event: 0.312 Loaded shared library C:\Users\ashis\.vscode\extensions\redhat.java-1.46.0-win32-x64\jre\21.0.8-win32-x86_64\bin\net.dll
Event: 0.319 Loaded shared library C:\Users\ashis\.vscode\extensions\redhat.java-1.46.0-win32-x64\jre\21.0.8-win32-x86_64\bin\nio.dll
Event: 0.326 Loaded shared library C:\Users\ashis\.vscode\extensions\redhat.java-1.46.0-win32-x64\jre\21.0.8-win32-x86_64\bin\zip.dll
Event: 0.368 Loaded shared library C:\Users\ashis\.vscode\extensions\redhat.java-1.46.0-win32-x64\jre\21.0.8-win32-x86_64\bin\jimage.dll
Event: 0.522 Loaded shared library c:\Users\ashis\.vscode\extensions\redhat.java-1.46.0-win32-x64\jre\21.0.8-win32-x86_64\bin\verify.dll
Event: 2.808 Loaded shared library C:\Users\ashis\AppData\Roaming\Code\User\globalStorage\redhat.java\1.46.0\config_ss_win\org.eclipse.equinox.launcher\org.eclipse.equinox.launcher.win32.win32.x86_64_1.2.1400.v20250801-0854\eclipse_11916.dll
Event: 8.599 Loaded shared library C:\Users\ashis\AppData\Local\Temp\jna-93110816\jna7214008632727534377.dll

Deoptimization events (20 events):
Event: 8.892 Thread 0x000001f8493ecaa0 Uncommon trap: trap_request=0xffffff45 fr.pc=0x000001f876d43d94 relative=0x0000000000000ad4
Event: 8.892 Thread 0x000001f8493ecaa0 Uncommon trap: reason=unstable_if action=reinterpret pc=0x000001f876d43d94 method=jdk.internal.org.objectweb.asm.Frame.execute(IILjdk/internal/org/objectweb/asm/Symbol;Ljdk/internal/org/objectweb/asm/SymbolTable;)V @ 1 c2
Event: 8.892 Thread 0x000001f8493ecaa0 DEOPT PACKING pc=0x000001f876d43d94 sp=0x000000d7bc0f7f60
Event: 8.892 Thread 0x000001f8493ecaa0 DEOPT UNPACKING pc=0x000001f876713a9c sp=0x000000d7bc0f7ee8 mode 2
Event: 8.916 Thread 0x000001f8493ecaa0 Uncommon trap: trap_request=0xffffffde fr.pc=0x000001f876d3a394 relative=0x00000000000003b4
Event: 8.916 Thread 0x000001f8493ecaa0 Uncommon trap: reason=class_check action=maybe_recompile pc=0x000001f876d3a394 method=java.util.regex.Pattern$BmpCharPropertyGreedy.match(Ljava/util/regex/Matcher;ILjava/lang/CharSequence;)Z @ 70 c2
Event: 8.916 Thread 0x000001f8493ecaa0 DEOPT PACKING pc=0x000001f876d3a394 sp=0x000000d7bc0ef670
Event: 8.916 Thread 0x000001f8493ecaa0 DEOPT UNPACKING pc=0x000001f876713a9c sp=0x000000d7bc0ef618 mode 2
Event: 8.916 Thread 0x000001f8493ecaa0 Uncommon trap: trap_request=0xffffffde fr.pc=0x000001f876d3a394 relative=0x00000000000003b4
Event: 8.916 Thread 0x000001f8493ecaa0 Uncommon trap: reason=class_check action=maybe_recompile pc=0x000001f876d3a394 method=java.util.regex.Pattern$BmpCharPropertyGreedy.match(Ljava/util/regex/Matcher;ILjava/lang/CharSequence;)Z @ 70 c2
Event: 8.916 Thread 0x000001f8493ecaa0 DEOPT PACKING pc=0x000001f876d3a394 sp=0x000000d7bc0ef4c0
Event: 8.916 Thread 0x000001f8493ecaa0 DEOPT UNPACKING pc=0x000001f876713a9c sp=0x000000d7bc0ef468 mode 2
Event: 8.916 Thread 0x000001f8493ecaa0 Uncommon trap: trap_request=0xffffffde fr.pc=0x000001f876d3a394 relative=0x00000000000003b4
Event: 8.916 Thread 0x000001f8493ecaa0 Uncommon trap: reason=class_check action=maybe_recompile pc=0x000001f876d3a394 method=java.util.regex.Pattern$BmpCharPropertyGreedy.match(Ljava/util/regex/Matcher;ILjava/lang/CharSequence;)Z @ 70 c2
Event: 8.916 Thread 0x000001f8493ecaa0 DEOPT PACKING pc=0x000001f876d3a394 sp=0x000000d7bc0ef680
Event: 8.916 Thread 0x000001f8493ecaa0 DEOPT UNPACKING pc=0x000001f876713a9c sp=0x000000d7bc0ef628 mode 2
Event: 8.916 Thread 0x000001f8493ecaa0 Uncommon trap: trap_request=0xffffffde fr.pc=0x000001f876d3a394 relative=0x00000000000003b4
Event: 8.916 Thread 0x000001f8493ecaa0 Uncommon trap: reason=class_check action=maybe_recompile pc=0x000001f876d3a394 method=java.util.regex.Pattern$BmpCharPropertyGreedy.match(Ljava/util/regex/Matcher;ILjava/lang/CharSequence;)Z @ 70 c2
Event: 8.916 Thread 0x000001f8493ecaa0 DEOPT PACKING pc=0x000001f876d3a394 sp=0x000000d7bc0ef4d0
Event: 8.916 Thread 0x000001f8493ecaa0 DEOPT UNPACKING pc=0x000001f876713a9c sp=0x000000d7bc0ef478 mode 2

Classes loaded (20 events):
Event: 8.909 Loading class java/util/zip/GZIPOutputStream
Event: 8.910 Loading class java/util/zip/GZIPOutputStream done
Event: 8.921 Loading class java/io/StringReader
Event: 8.921 Loading class java/io/StringReader done
Event: 8.947 Loading class java/util/zip/GZIPInputStream
Event: 8.948 Loading class java/util/zip/GZIPInputStream done
Event: 8.957 Loading class java/net/SocketTimeoutException
Event: 8.958 Loading class java/io/InterruptedIOException
Event: 8.958 Loading class java/io/InterruptedIOException done
Event: 8.958 Loading class java/net/SocketTimeoutException done
Event: 8.958 Loading class java/net/SocketException
Event: 8.959 Loading class java/net/SocketException done
Event: 8.959 Loading class java/net/UnknownHostException
Event: 8.959 Loading class java/net/UnknownHostException done
Event: 8.959 Loading class java/net/ProtocolException
Event: 8.959 Loading class java/net/ProtocolException done
Event: 8.989 Loading class java/lang/ThreadLocal$SuppliedThreadLocal
Event: 8.989 Loading class java/lang/ThreadLocal$SuppliedThreadLocal done
Event: 9.014 Loading class java/io/FileWriter
Event: 9.014 Loading class java/io/FileWriter done

Classes unloaded (0 events):
No events

Classes redefined (0 events):
No events

Internal exceptions (20 events):
Event: 8.665 Thread 0x000001f8493ecaa0 Exception <a 'java/lang/NoSuchMethodError'{0x00000000d64144b0}: 'void java.lang.invoke.DirectMethodHandle$Holder.invokeSpecial(java.lang.Object, java.lang.Object, java.lang.Object, int)'> (0x00000000d64144b0) 
thrown [s\src\hotspot\share\interpreter\linkResolver.cpp, line 773]
Event: 8.665 Thread 0x000001f8493ecaa0 Exception <a 'java/lang/NoSuchMethodError'{0x00000000d6417e40}: 'void java.lang.invoke.DelegatingMethodHandle$Holder.reinvoke_L(java.lang.Object, java.lang.Object, int)'> (0x00000000d6417e40) 
thrown [s\src\hotspot\share\interpreter\linkResolver.cpp, line 773]
Event: 8.666 Thread 0x000001f8493ecaa0 Exception <a 'java/lang/NoSuchMethodError'{0x00000000d641eda8}: 'int java.lang.invoke.Invokers$Holder.invokeExact_MT(java.lang.Object, java.lang.Object, java.lang.Object)'> (0x00000000d641eda8) 
thrown [s\src\hotspot\share\interpreter\linkResolver.cpp, line 773]
Event: 8.704 Thread 0x000001f8493ecaa0 Exception <a 'java/lang/NoSuchMethodError'{0x00000000d652a008}: 'void java.lang.invoke.Invokers$Holder.invokeExact_MT(java.lang.Object, java.lang.Object, int, java.lang.Object)'> (0x00000000d652a008) 
thrown [s\src\hotspot\share\interpreter\linkResolver.cpp, line 773]
Event: 8.749 Thread 0x000001f8493ecaa0 Exception <a 'java/lang/NoSuchMethodError'{0x00000000d6626728}: 'java.lang.Object java.lang.invoke.DirectMethodHandle$Holder.invokeSpecial(java.lang.Object, java.lang.Object, java.lang.Object, long, java.lang.Object)'> (0x00000000d6626728) 
thrown [s\src\hotspot\share\interpreter\linkResolver.cpp, line 773]
Event: 8.750 Thread 0x000001f8493ecaa0 Exception <a 'java/lang/NoSuchMethodError'{0x00000000d662df70}: 'java.lang.Object java.lang.invoke.DirectMethodHandle$Holder.newInvokeSpecial(java.lang.Object, java.lang.Object, java.lang.Object, long)'> (0x00000000d662df70) 
thrown [s\src\hotspot\share\interpreter\linkResolver.cpp, line 773]
Event: 8.750 Thread 0x000001f8493ecaa0 Exception <a 'java/lang/NoSuchMethodError'{0x00000000d6632360}: 'java.lang.Object java.lang.invoke.DirectMethodHandle$Holder.invokeSpecial(java.lang.Object, java.lang.Object, java.lang.Object, java.lang.Object, long)'> (0x00000000d6632360) 
thrown [s\src\hotspot\share\interpreter\linkResolver.cpp, line 773]
Event: 8.750 Thread 0x000001f8493ecaa0 Exception <a 'java/lang/NoSuchMethodError'{0x00000000d6635f80}: 'java.lang.Object java.lang.invoke.Invokers$Holder.linkToTargetMethod(java.lang.Object, java.lang.Object, long, java.lang.Object)'> (0x00000000d6635f80) 
thrown [s\src\hotspot\share\interpreter\linkResolver.cpp, line 773]
Event: 8.767 Thread 0x000001f8493ecaa0 Exception <a 'java/lang/NoSuchMethodError'{0x00000000d66a7c88}: 'int java.lang.invoke.DirectMethodHandle$Holder.invokeStaticInit(java.lang.Object, java.lang.Object, java.lang.Object)'> (0x00000000d66a7c88) 
thrown [s\src\hotspot\share\interpreter\linkResolver.cpp, line 773]
Event: 8.782 Thread 0x000001f8493ecaa0 Exception <a 'java/lang/IncompatibleClassChangeError'{0x00000000d6729f30}: Found class java.lang.Object, but interface was expected> (0x00000000d6729f30) 
thrown [s\src\hotspot\share\interpreter\linkResolver.cpp, line 840]
Event: 8.788 Thread 0x000001f8493ecaa0 Exception <a 'java/lang/NoSuchMethodError'{0x00000000d673c4a8}: 'java.lang.Object java.lang.invoke.DirectMethodHandle$Holder.invokeSpecial(java.lang.Object, java.lang.Object, java.lang.Object, int, java.lang.Object, java.lang.Object)'> (0x00000000d673c4a8) 
thrown [s\src\hotspot\share\interpreter\linkResolver.cpp, line 773]
Event: 8.789 Thread 0x000001f8493ecaa0 Exception <a 'java/lang/NoSuchMethodError'{0x00000000d6743f80}: 'java.lang.Object java.lang.invoke.DirectMethodHandle$Holder.newInvokeSpecial(java.lang.Object, java.lang.Object, java.lang.Object, int, java.lang.Object)'> (0x00000000d6743f80) 
thrown [s\src\hotspot\share\interpreter\linkResolver.cpp, line 773]
Event: 8.790 Thread 0x000001f8493ecaa0 Exception <a 'java/lang/NoSuchMethodError'{0x00000000d6748188}: 'java.lang.Object java.lang.invoke.DirectMethodHandle$Holder.invokeSpecial(java.lang.Object, java.lang.Object, java.lang.Object, java.lang.Object, int, java.lang.Object)'> (0x00000000d6748188) 
thrown [s\src\hotspot\share\interpreter\linkResolver.cpp, line 773]
Event: 8.790 Thread 0x000001f8493ecaa0 Exception <a 'java/lang/NoSuchMethodError'{0x00000000d674bcc8}: 'java.lang.Object java.lang.invoke.Invokers$Holder.linkToTargetMethod(java.lang.Object, java.lang.Object, int, java.lang.Object, java.lang.Object)'> (0x00000000d674bcc8) 
thrown [s\src\hotspot\share\interpreter\linkResolver.cpp, line 773]
Event: 8.792 Thread 0x000001f87f70c9e0 Exception <a 'java/lang/NoSuchMethodError'{0x00000000d667dc00}: 'java.lang.Object java.lang.invoke.DirectMethodHandle$Holder.invokeSpecial(java.lang.Object, java.lang.Object, int, java.lang.Object, java.lang.Object)'> (0x00000000d667dc00) 
thrown [s\src\hotspot\share\interpreter\linkResolver.cpp, line 773]
Event: 8.794 Thread 0x000001f87f70c9e0 Exception <a 'java/lang/NoSuchMethodError'{0x00000000d6684938}: 'java.lang.Object java.lang.invoke.DirectMethodHandle$Holder.newInvokeSpecial(java.lang.Object, java.lang.Object, int, java.lang.Object)'> (0x00000000d6684938) 
thrown [s\src\hotspot\share\interpreter\linkResolver.cpp, line 773]
Event: 8.794 Thread 0x000001f87f70c9e0 Exception <a 'java/lang/NoSuchMethodError'{0x00000000d6688258}: 'java.lang.Object java.lang.invoke.DirectMethodHandle$Holder.invokeSpecial(java.lang.Object, java.lang.Object, java.lang.Object, int, java.lang.Object)'> (0x00000000d6688258) 
thrown [s\src\hotspot\share\interpreter\linkResolver.cpp, line 773]
Event: 8.818 Thread 0x000001f8493ecaa0 Exception <a 'java/lang/NoSuchMethodError'{0x00000000d68725d8}: 'void java.lang.invoke.DirectMethodHandle$Holder.invokeSpecial(java.lang.Object, java.lang.Object, java.lang.Object, java.lang.Object, java.lang.Object)'> (0x00000000d68725d8) 
thrown [s\src\hotspot\share\interpreter\linkResolver.cpp, line 773]
Event: 8.892 Thread 0x000001f8493ecaa0 Exception <a 'java/lang/NoSuchMethodError'{0x00000000d6a94650}: 'double java.lang.invoke.DirectMethodHandle$Holder.invokeStatic(java.lang.Object, java.lang.Object)'> (0x00000000d6a94650) 
thrown [s\src\hotspot\share\interpreter\linkResolver.cpp, line 773]
Event: 8.893 Thread 0x000001f8493ecaa0 Exception <a 'java/lang/NoSuchMethodError'{0x00000000d6a97d10}: 'double java.lang.invoke.DirectMethodHandle$Holder.invokeStaticInit(java.lang.Object, java.lang.Object)'> (0x00000000d6a97d10) 
thrown [s\src\hotspot\share\interpreter\linkResolver.cpp, line 773]

ZGC Phase Switch (0 events):
No events

VM Operations (20 events):
Event: 3.113 Executing VM operation: HandshakeAllThreads (Deoptimize)
Event: 3.113 Executing VM operation: HandshakeAllThreads (Deoptimize) done
Event: 3.597 Executing VM operation: HandshakeAllThreads (Deoptimize)
Event: 3.597 Executing VM operation: HandshakeAllThreads (Deoptimize) done
Event: 3.842 Executing VM operation: ParallelGCFailedAllocation (Allocation Failure)
Event: 3.853 Executing VM operation: ParallelGCFailedAllocation (Allocation Failure) done
Event: 3.981 Executing VM operation: HandshakeAllThreads (Deoptimize)
Event: 3.981 Executing VM operation: HandshakeAllThreads (Deoptimize) done
Event: 3.991 Executing VM operation: HandshakeAllThreads (Deoptimize)
Event: 3.991 Executing VM operation: HandshakeAllThreads (Deoptimize) done
Event: 4.027 Executing VM operation: HandshakeAllThreads (Deoptimize)
Event: 4.027 Executing VM operation: HandshakeAllThreads (Deoptimize) done
Event: 5.028 Executing VM operation: Cleanup
Event: 5.028 Executing VM operation: Cleanup done
Event: 8.631 Executing VM operation: HandshakeAllThreads (Deoptimize)
Event: 8.632 Executing VM operation: HandshakeAllThreads (Deoptimize) done
Event: 8.632 Executing VM operation: Cleanup
Event: 8.632 Executing VM operation: Cleanup done
Event: 8.989 Executing VM operation: ParallelGCFailedAllocation (Allocation Failure)
Event: 8.999 Executing VM operation: ParallelGCFailedAllocation (Allocation Failure) done

Memory protections (0 events):
No events

Nmethod flushes (0 events):
No events

Events (19 events):
Event: 0.110 Thread 0x000001f86bf8fc70 Thread added: 0x000001f86bf8fc70
Event: 0.151 Thread 0x000001f86bf8fc70 Thread added: 0x000001f87e9676a0
Event: 0.151 Thread 0x000001f86bf8fc70 Thread added: 0x000001f87e968fa0
Event: 0.151 Thread 0x000001f86bf8fc70 Thread added: 0x000001f87e96cdd0
Event: 0.152 Thread 0x000001f86bf8fc70 Thread added: 0x000001f87e96dae0
Event: 0.152 Thread 0x000001f86bf8fc70 Thread added: 0x000001f87e96e7f0
Event: 0.152 Thread 0x000001f86bf8fc70 Thread added: 0x000001f87e970c40
Event: 0.152 Thread 0x000001f86bf8fc70 Thread added: 0x000001f87e971a70
Event: 0.155 Thread 0x000001f86bf8fc70 Thread added: 0x000001f87e9d09b0
Event: 0.215 Thread 0x000001f86bf8fc70 Thread added: 0x000001f87f60c130
Event: 0.830 Thread 0x000001f86bf8fc70 Thread added: 0x000001f87f80b270
Event: 2.452 Thread 0x000001f86bf8fc70 Thread added: 0x000001f849421030
Event: 2.779 Thread 0x000001f86bf8fc70 Thread added: 0x000001f8493bf8b0
Event: 2.789 Thread 0x000001f86bf8fc70 Thread added: 0x000001f8493ecaa0
Event: 3.095 Thread 0x000001f8493ecaa0 Thread added: 0x000001f84951d1c0
Event: 3.666 Thread 0x000001f8493ecaa0 Thread added: 0x000001f8496d2000
Event: 8.682 Thread 0x000001f8493ecaa0 Thread added: 0x000001f849bee040
Event: 8.756 Thread 0x000001f8493ecaa0 Thread added: 0x000001f87f70c9e0
Event: 8.792 Thread 0x000001f8493ecaa0 Thread added: 0x000001f87f70d040


Dynamic libraries:
0x00007ff68a000000 - 0x00007ff68a00e000 	c:\Users\ashis\.vscode\extensions\redhat.java-1.46.0-win32-x64\jre\21.0.8-win32-x86_64\bin\java.exe
0x00007fff4f930000 - 0x00007fff4fb28000 	C:\WINDOWS\SYSTEM32\ntdll.dll
0x00007fff4dbb0000 - 0x00007fff4dc72000 	C:\WINDOWS\System32\KERNEL32.DLL
0x00007fff4d280000 - 0x00007fff4d576000 	C:\WINDOWS\System32\KERNELBASE.dll
0x00007fff4cfd0000 - 0x00007fff4d0d0000 	C:\WINDOWS\System32\ucrtbase.dll
0x00007fff47900000 - 0x00007fff47918000 	c:\Users\ashis\.vscode\extensions\redhat.java-1.46.0-win32-x64\jre\21.0.8-win32-x86_64\bin\jli.dll
0x00007fff46ff0000 - 0x00007fff4700e000 	c:\Users\ashis\.vscode\extensions\redhat.java-1.46.0-win32-x64\jre\21.0.8-win32-x86_64\bin\VCRUNTIME140.dll
0x00007fff4f1e0000 - 0x00007fff4f37d000 	C:\WINDOWS\System32\USER32.dll
0x00007fff4d8b0000 - 0x00007fff4d8d2000 	C:\WINDOWS\System32\win32u.dll
0x00007fff4ea70000 - 0x00007fff4ea9b000 	C:\WINDOWS\System32\GDI32.dll
0x00007fff4d630000 - 0x00007fff4d749000 	C:\WINDOWS\System32\gdi32full.dll
0x00007fff4d1e0000 - 0x00007fff4d27d000 	C:\WINDOWS\System32\msvcp_win.dll
0x00007fff3a080000 - 0x00007fff3a31b000 	C:\WINDOWS\WinSxS\amd64_microsoft.windows.common-controls_6595b64144ccf1df_6.0.19041.6280_none_60bc30a171f2f3f3\COMCTL32.dll
0x00007fff4ed70000 - 0x00007fff4ee0e000 	C:\WINDOWS\System32\msvcrt.dll
0x00007fff4ddc0000 - 0x00007fff4ddef000 	C:\WINDOWS\System32\IMM32.DLL
0x00007fff47c90000 - 0x00007fff47c9c000 	c:\Users\ashis\.vscode\extensions\redhat.java-1.46.0-win32-x64\jre\21.0.8-win32-x86_64\bin\vcruntime140_1.dll
0x00007fff21a00000 - 0x00007fff21a8d000 	c:\Users\ashis\.vscode\extensions\redhat.java-1.46.0-win32-x64\jre\21.0.8-win32-x86_64\bin\msvcp140.dll
0x00007fff16460000 - 0x00007fff171f7000 	c:\Users\ashis\.vscode\extensions\redhat.java-1.46.0-win32-x64\jre\21.0.8-win32-x86_64\bin\server\jvm.dll
0x00007fff4dc80000 - 0x00007fff4dd31000 	C:\WINDOWS\System32\ADVAPI32.dll
0x00007fff4f720000 - 0x00007fff4f7bf000 	C:\WINDOWS\System32\sechost.dll
0x00007fff4da90000 - 0x00007fff4dbb0000 	C:\WINDOWS\System32\RPCRT4.dll
0x00007fff4d930000 - 0x00007fff4d957000 	C:\WINDOWS\System32\bcrypt.dll
0x00007fff4ee10000 - 0x00007fff4ee7b000 	C:\WINDOWS\System32\WS2_32.dll
0x00007fff4ce30000 - 0x00007fff4ce7b000 	C:\WINDOWS\SYSTEM32\POWRPROF.dll
0x00007fff39a50000 - 0x00007fff39a77000 	C:\WINDOWS\SYSTEM32\WINMM.dll
0x00007fff456e0000 - 0x00007fff456ea000 	C:\WINDOWS\SYSTEM32\VERSION.dll
0x00007fff4ce10000 - 0x00007fff4ce22000 	C:\WINDOWS\SYSTEM32\UMPDC.dll
0x00007fff4b030000 - 0x00007fff4b042000 	C:\WINDOWS\SYSTEM32\kernel.appcore.dll
0x00007fff47c50000 - 0x00007fff47c5a000 	c:\Users\ashis\.vscode\extensions\redhat.java-1.46.0-win32-x64\jre\21.0.8-win32-x86_64\bin\jimage.dll
0x00007fff4abd0000 - 0x00007fff4add1000 	C:\WINDOWS\SYSTEM32\DBGHELP.DLL
0x00007fff38e80000 - 0x00007fff38eb4000 	C:\WINDOWS\SYSTEM32\dbgcore.DLL
0x00007fff4d150000 - 0x00007fff4d1d2000 	C:\WINDOWS\System32\bcryptPrimitives.dll
0x00007fff47b90000 - 0x00007fff47b9f000 	c:\Users\ashis\.vscode\extensions\redhat.java-1.46.0-win32-x64\jre\21.0.8-win32-x86_64\bin\instrument.dll
0x00007fff464a0000 - 0x00007fff464bf000 	c:\Users\ashis\.vscode\extensions\redhat.java-1.46.0-win32-x64\jre\21.0.8-win32-x86_64\bin\java.dll
0x00007fff4de00000 - 0x00007fff4e570000 	C:\WINDOWS\System32\SHELL32.dll
0x00007fff4b050000 - 0x00007fff4b7f5000 	C:\WINDOWS\SYSTEM32\windows.storage.dll
0x00007fff4ee80000 - 0x00007fff4f1d3000 	C:\WINDOWS\System32\combase.dll
0x00007fff4c930000 - 0x00007fff4c95b000 	C:\WINDOWS\SYSTEM32\Wldp.dll
0x00007fff4eb00000 - 0x00007fff4ebcd000 	C:\WINDOWS\System32\OLEAUT32.dll
0x00007fff4f400000 - 0x00007fff4f4ad000 	C:\WINDOWS\System32\SHCORE.dll
0x00007fff4eaa0000 - 0x00007fff4eafb000 	C:\WINDOWS\System32\shlwapi.dll
0x00007fff4cf00000 - 0x00007fff4cf24000 	C:\WINDOWS\SYSTEM32\profapi.dll
0x00007fff437a0000 - 0x00007fff437b8000 	c:\Users\ashis\.vscode\extensions\redhat.java-1.46.0-win32-x64\jre\21.0.8-win32-x86_64\bin\zip.dll
0x00007fff467b0000 - 0x00007fff467c0000 	C:\Users\ashis\.vscode\extensions\redhat.java-1.46.0-win32-x64\jre\21.0.8-win32-x86_64\bin\net.dll
0x00007fff43ee0000 - 0x00007fff43fea000 	C:\WINDOWS\SYSTEM32\WINHTTP.dll
0x00007fff4c690000 - 0x00007fff4c6fa000 	C:\WINDOWS\system32\mswsock.dll
0x00007fff43760000 - 0x00007fff43776000 	C:\Users\ashis\.vscode\extensions\redhat.java-1.46.0-win32-x64\jre\21.0.8-win32-x86_64\bin\nio.dll
0x00007fff464e0000 - 0x00007fff464f0000 	c:\Users\ashis\.vscode\extensions\redhat.java-1.46.0-win32-x64\jre\21.0.8-win32-x86_64\bin\verify.dll
0x00007fff1aee0000 - 0x00007fff1af24000 	C:\Users\ashis\AppData\Roaming\Code\User\globalStorage\redhat.java\1.46.0\config_ss_win\org.eclipse.equinox.launcher\org.eclipse.equinox.launcher.win32.win32.x86_64_1.2.1400.v20250801-0854\eclipse_11916.dll
0x00007fff4d960000 - 0x00007fff4da8b000 	C:\WINDOWS\System32\ole32.dll
0x00007fff4c890000 - 0x00007fff4c8a8000 	C:\WINDOWS\SYSTEM32\CRYPTSP.dll
0x00007fff4bfb0000 - 0x00007fff4bfe8000 	C:\WINDOWS\system32\rsaenh.dll
0x00007fff4ce80000 - 0x00007fff4ceae000 	C:\WINDOWS\SYSTEM32\USERENV.dll
0x00007fff4c880000 - 0x00007fff4c88c000 	C:\WINDOWS\SYSTEM32\CRYPTBASE.dll
0x00007fff4c370000 - 0x00007fff4c3ab000 	C:\WINDOWS\SYSTEM32\IPHLPAPI.DLL
0x00007fff4ddf0000 - 0x00007fff4ddf8000 	C:\WINDOWS\System32\NSI.dll
0x00007fff1add0000 - 0x00007fff1ae19000 	C:\Users\ashis\AppData\Local\Temp\jna-93110816\jna7214008632727534377.dll
0x00007fff4f7c0000 - 0x00007fff4f7c8000 	C:\WINDOWS\System32\PSAPI.DLL

JVMTI agents:
c:\Users\ashis\.vscode\extensions\redhat.java-1.46.0-win32-x64\lombok\lombok-1.18.39-4050.jar path:c:\Users\ashis\.vscode\extensions\redhat.java-1.46.0-win32-x64\jre\21.0.8-win32-x86_64\bin\instrument.dll, loaded, initialized, instrumentlib options:none

dbghelp: loaded successfully - version: 4.0.5 - missing functions: none
symbol engine: initialized successfully - sym options: 0x614 - pdb path: .;c:\Users\ashis\.vscode\extensions\redhat.java-1.46.0-win32-x64\jre\21.0.8-win32-x86_64\bin;C:\WINDOWS\SYSTEM32;C:\WINDOWS\WinSxS\amd64_microsoft.windows.common-controls_6595b64144ccf1df_6.0.19041.6280_none_60bc30a171f2f3f3;c:\Users\ashis\.vscode\extensions\redhat.java-1.46.0-win32-x64\jre\21.0.8-win32-x86_64\bin\server;C:\Users\ashis\AppData\Roaming\Code\User\globalStorage\redhat.java\1.46.0\config_ss_win\org.eclipse.equinox.launcher\org.eclipse.equinox.launcher.win32.win32.x86_64_1.2.1400.v20250801-0854;C:\Users\ashis\AppData\Local\Temp\jna-93110816

VM Arguments:
jvm_args: --add-modules=ALL-SYSTEM --add-opens=java.base/java.util=ALL-UNNAMED --add-opens=java.base/java.lang=ALL-UNNAMED --add-opens=java.base/sun.nio.fs=ALL-UNNAMED -Declipse.application=org.eclipse.jdt.ls.core.id1 -Dosgi.bundles.defaultStartLevel=4 -Declipse.product=org.eclipse.jdt.ls.core.product -Djava.import.generatesMetadataFilesAtProjectRoot=false -DDetectVMInstallationsJob.disabled=true -Dfile.encoding=utf8 -XX:+UseParallelGC -XX:GCTimeRatio=4 -XX:AdaptiveSizePolicyWeight=90 -Dsun.zip.disableMemoryMapping=true -Xmx2G -Xms100m -Xlog:disable -javaagent:c:\Users\ashis\.vscode\extensions\redhat.java-1.46.0-win32-x64\lombok\lombok-1.18.39-4050.jar 
java_command: c:\Users\ashis\.vscode\extensions\redhat.java-1.46.0-win32-x64\server\plugins\org.eclipse.equinox.launcher_1.7.0.v20250519-0528.jar -configuration c:\Users\ashis\AppData\Roaming\Code\User\globalStorage\redhat.java\1.46.0\config_ss_win -data c:\Users\ashis\AppData\Roaming\Code\User\workspaceStorage\c6b6de62d2339e5c993c5c93459344ac\redhat.java\ss_ws --pipe=\\.\pipe\lsp-3459030921ca16e54b95a574cb0adae2-sock
java_class_path (initial): c:\Users\ashis\.vscode\extensions\redhat.java-1.46.0-win32-x64\server\plugins\org.eclipse.equinox.launcher_1.7.0.v20250519-0528.jar
Launcher Type: SUN_STANDARD

[Global flags]
    uintx AdaptiveSizePolicyWeight                 = 90                                        {product} {command line}
     intx CICompilerCount                          = 3                                         {product} {ergonomic}
    uintx GCTimeRatio                              = 4                                         {product} {command line}
   size_t InitialHeapSize                          = 104857600                                 {product} {command line}
   size_t MaxHeapSize                              = 2147483648                                {product} {command line}
   size_t MaxNewSize                               = 715653120                                 {product} {ergonomic}
   size_t MinHeapDeltaBytes                        = 524288                                    {product} {ergonomic}
   size_t MinHeapSize                              = 104857600                                 {product} {command line}
   size_t NewSize                                  = 34603008                                  {product} {ergonomic}
    uintx NonNMethodCodeHeapSize                   = 5832780                                {pd product} {ergonomic}
    uintx NonProfiledCodeHeapSize                  = 122912730                              {pd product} {ergonomic}
   size_t OldSize                                  = 70254592                                  {product} {ergonomic}
    uintx ProfiledCodeHeapSize                     = 122912730                              {pd product} {ergonomic}
    uintx ReservedCodeCacheSize                    = 251658240                              {pd product} {ergonomic}
     bool SegmentedCodeCache                       = true                                      {product} {ergonomic}
   size_t SoftMaxHeapSize                          = 2147483648                             {manageable} {ergonomic}
     bool UseCompressedOops                        = true                           {product lp64_product} {ergonomic}
     bool UseLargePagesIndividualAllocation        = false                                  {pd product} {ergonomic}
     bool UseParallelGC                            = true                                      {product} {command line}

Logging:
Log output configuration:
 #0: stdout all=off uptime,level,tags foldmultilines=false
 #1: stderr all=off uptime,level,tags foldmultilines=false

Environment Variables:
JAVA_HOME=C:\Program Files\Java\jdk-23
PATH=C:\Python312\Scripts\;C:\Python312\;C:\Program Files\Common Files\Oracle\Java\javapath;C:\WINDOWS\system32;C:\WINDOWS;C:\WINDOWS\System32\Wbem;C:\WINDOWS\System32\WindowsPowerShell\v1.0\;C:\WINDOWS\System32\OpenSSH\;C:\Program Files\MySQL\MySQL Server 8.0\bin;C:\Program Files\nodejs\;C:\ProgramData\chocolatey\bin;C:\Program Files\Redis\;C:\Users\ashis\Downloads\mongosh-2.3.7-win32-x64 (1)\mongosh-2.3.7-win32-x64\bin;C:\Program Files\MongoDB\Server\8.0\bin;C:\Program Files\Git\cmd;C:\Program Files\Git\bin;C:\Program Files\Java\jdk-23\bin;C:\Program Files\apache-maven-3.9.11\bin;C:\Program Files\MySQL\MySQL Shell 8.0\bin\;C:\Users\ashis\AppData\Local\Microsoft\WindowsApps;C:\Users\ashis\AppData\Local\Programs\Microsoft VS Code\bin;C:\Users\ashis\AppData\Roaming\npm;C:\Program Files\MongoDB\Server\8.0\bin;C:\Program Files\PostgreSQL\17\bin;C:\Program Files\apache-maven-3.9.11\bin;
USERNAME=ashis
OS=Windows_NT
PROCESSOR_IDENTIFIER=Intel64 Family 6 Model 122 Stepping 8, GenuineIntel
TMP=C:\Users\ashis\AppData\Local\Temp
TEMP=C:\Users\ashis\AppData\Local\Temp




Periodic native trim disabled

---------------  S Y S T E M  ---------------

OS:
 Windows 10 , 64 bit Build 19041 (10.0.19041.5915)
OS uptime: 19 days 8:31 hours

CPU: total 4 (initial active 4) (4 cores per cpu, 1 threads per core) family 6 model 122 stepping 8 microcode 0x1c, cx8, cmov, fxsr, mmx, 3dnowpref, sse, sse2, sse3, ssse3, sse4.1, sse4.2, popcnt, tsc, tscinvbit, aes, erms, clmul, sha, clflush, clflushopt, rdtscp, rdpid
Processor Information for the first 4 processors :
  Max Mhz: 1101, Current Mhz: 1101, Mhz Limit: 1101

Memory: 4k page, system-wide physical 3918M (351M free)
TotalPageFile size 15694M (AvailPageFile size 2M)
current process WorkingSet (physical memory assigned to process): 124M, peak: 124M
current process commit charge ("private bytes"): 254M, peak: 254M

vm_info: OpenJDK 64-Bit Server VM (21.0.8+9-LTS) for windows-amd64 JRE (21.0.8+9-LTS), built on 2025-07-15T00:00:00Z by "admin" with MS VC++ 17.7 (VS2022)

END.
