#
# There is insufficient memory for the Java Runtime Environment to continue.
# Native memory allocation (malloc) failed to allocate 32784 bytes. Error detail: Chunk::new
# Possible reasons:
#   The system is out of physical RAM or swap space
#   This process is running with CompressedOops enabled, and the Java Heap may be blocking the growth of the native heap
# Possible solutions:
#   Reduce memory load on the system
#   Increase physical memory or swap space
#   Check if swap backing store is full
#   Decrease Java heap size (-Xmx/-Xms)
#   Decrease number of Java threads
#   Decrease Java thread stack sizes (-Xss)
#   Set larger code cache with -XX:ReservedCodeCacheSize=
#   JVM is running with Unscaled Compressed Oops mode in which the Java heap is
#     placed in the first 4GB address space. The Java Heap base address is the
#     maximum limit for the native heap growth. Please use -XX:HeapBaseMinAddress
#     to set the Java Heap base and to place the Java Heap above 4GB virtual address.
# This output file may be truncated or incomplete.
#
#  Out of Memory Error (arena.cpp:168), pid=17500, tid=7236
#
# JRE version: OpenJDK Runtime Environment Temurin-21.0.8+9 (21.0.8+9) (build 21.0.8+9-LTS)
# Java VM: OpenJDK 64-Bit Server VM Temurin-21.0.8+9 (21.0.8+9-LTS, mixed mode, sharing, tiered, compressed oops, compressed class ptrs, parallel gc, windows-amd64)
# No core dump will be written. Minidumps are not enabled by default on client versions of Windows
#

---------------  S U M M A R Y ------------

Command Line: --add-modules=ALL-SYSTEM --add-opens=java.base/java.util=ALL-UNNAMED --add-opens=java.base/java.lang=ALL-UNNAMED --add-opens=java.base/sun.nio.fs=ALL-UNNAMED -Declipse.application=org.eclipse.jdt.ls.core.id1 -Dosgi.bundles.defaultStartLevel=4 -Declipse.product=org.eclipse.jdt.ls.core.product -Djava.import.generatesMetadataFilesAtProjectRoot=false -DDetectVMInstallationsJob.disabled=true -Dfile.encoding=utf8 -XX:+UseParallelGC -XX:GCTimeRatio=4 -XX:AdaptiveSizePolicyWeight=90 -Dsun.zip.disableMemoryMapping=true -Xmx2G -Xms100m -Xlog:disable -javaagent:c:\Users\ashis\.vscode\extensions\redhat.java-1.46.0-win32-x64\lombok\lombok-1.18.39-4050.jar -XX:+HeapDumpOnOutOfMemoryError -XX:HeapDumpPath=c:\Users\ashis\AppData\Roaming\Code\User\workspaceStorage\c6b6de62d2339e5c993c5c93459344ac\redhat.java -Daether.dependencyCollector.impl=bf c:\Users\ashis\.vscode\extensions\redhat.java-1.46.0-win32-x64\server\plugins\org.eclipse.equinox.launcher_1.7.0.v20250519-0528.jar -configuration c:\Users\ashis\AppData\Roaming\Code\User\globalStorage\redhat.java\1.46.0\config_win -data c:\Users\ashis\AppData\Roaming\Code\User\workspaceStorage\c6b6de62d2339e5c993c5c93459344ac\redhat.java\jdt_ws --pipe=\\.\pipe\lsp-2543a5a1a6827dd6f67ae134ffd36af8-sock

Host: Intel(R) Pentium(R) Silver N5030 CPU @ 1.10GHz, 4 cores, 3G,  Windows 10 , 64 bit Build 19041 (10.0.19041.5915)
Time: Wed Oct  8 17:45:15 2025 India Standard Time elapsed time: 6.269006 seconds (0d 0h 0m 6s)

---------------  T H R E A D  ---------------

Current thread (0x0000025412bda560):  JavaThread "C2 CompilerThread0" daemon [_thread_in_native, id=7236, stack(0x0000006647800000,0x0000006647900000) (1024K)]


Current CompileTask:
C2:6269 2171       4       java.util.Properties::loadConvert (540 bytes)

Stack: [0x0000006647800000,0x0000006647900000]
Native frames: (J=compiled Java code, j=interpreted, Vv=VM code, C=native code)
V  [jvm.dll+0x6d2449]
V  [jvm.dll+0x8ae341]
V  [jvm.dll+0x8b08be]
V  [jvm.dll+0x8b0fa3]
V  [jvm.dll+0x280c96]
V  [jvm.dll+0xc581d]
V  [jvm.dll+0xc5d53]
V  [jvm.dll+0xd178d]
V  [jvm.dll+0x5fa22f]
V  [jvm.dll+0x252092]
V  [jvm.dll+0x25244f]
V  [jvm.dll+0x24ad14]
V  [jvm.dll+0x2483a4]
V  [jvm.dll+0x1c89ee]
V  [jvm.dll+0x257d4d]
V  [jvm.dll+0x2562ea]
V  [jvm.dll+0x3f2d16]
V  [jvm.dll+0x857e6b]
V  [jvm.dll+0x6d0b0d]
C  [ucrtbase.dll+0x21bb2]
C  [KERNEL32.DLL+0x17374]
C  [ntdll.dll+0x4cc91]


---------------  P R O C E S S  ---------------

Threads class SMR info:
_java_thread_list=0x000002546ba31490, length=15, elements={
0x0000025412cbe330, 0x0000025412ba6c90, 0x0000025412ba8590, 0x0000025412babd40,
0x0000025412bacc50, 0x0000025412bb1620, 0x0000025412bb62d0, 0x0000025412bda560,
0x0000025412bf64b0, 0x0000025412d2bc10, 0x000002546b61ecc0, 0x000002546bc6bfd0,
0x000002546bbb12d0, 0x000002546ba15840, 0x000002546ba16270
}

Java Threads: ( => current thread )
  0x0000025412cbe330 JavaThread "main"                              [_thread_blocked, id=19896, stack(0x0000006646e00000,0x0000006646f00000) (1024K)]
  0x0000025412ba6c90 JavaThread "Reference Handler"          daemon [_thread_blocked, id=13984, stack(0x0000006647200000,0x0000006647300000) (1024K)]
  0x0000025412ba8590 JavaThread "Finalizer"                  daemon [_thread_blocked, id=6552, stack(0x0000006647300000,0x0000006647400000) (1024K)]
  0x0000025412babd40 JavaThread "Signal Dispatcher"          daemon [_thread_blocked, id=13460, stack(0x0000006647400000,0x0000006647500000) (1024K)]
  0x0000025412bacc50 JavaThread "Attach Listener"            daemon [_thread_blocked, id=13524, stack(0x0000006647500000,0x0000006647600000) (1024K)]
  0x0000025412bb1620 JavaThread "Service Thread"             daemon [_thread_blocked, id=17308, stack(0x0000006647600000,0x0000006647700000) (1024K)]
  0x0000025412bb62d0 JavaThread "Monitor Deflation Thread"   daemon [_thread_blocked, id=17264, stack(0x0000006647700000,0x0000006647800000) (1024K)]
=>0x0000025412bda560 JavaThread "C2 CompilerThread0"         daemon [_thread_in_native, id=7236, stack(0x0000006647800000,0x0000006647900000) (1024K)]
  0x0000025412bf64b0 JavaThread "C1 CompilerThread0"         daemon [_thread_blocked, id=9188, stack(0x0000006647900000,0x0000006647a00000) (1024K)]
  0x0000025412d2bc10 JavaThread "Common-Cleaner"             daemon [_thread_blocked, id=16980, stack(0x0000006647a00000,0x0000006647b00000) (1024K)]
  0x000002546b61ecc0 JavaThread "Notification Thread"        daemon [_thread_blocked, id=6932, stack(0x0000006647c00000,0x0000006647d00000) (1024K)]
  0x000002546bc6bfd0 JavaThread "Active Thread: Equinox Container: 366ce857-f1c5-458d-9b40-3b5c5a196f63"        [_thread_blocked, id=10680, stack(0x0000006648000000,0x0000006648100000) (1024K)]
  0x000002546bbb12d0 JavaThread "Refresh Thread: Equinox Container: 366ce857-f1c5-458d-9b40-3b5c5a196f63" daemon [_thread_blocked, id=21960, stack(0x0000006648100000,0x0000006648200000) (1024K)]
  0x000002546ba15840 JavaThread "Framework Event Dispatcher: Equinox Container: 366ce857-f1c5-458d-9b40-3b5c5a196f63" daemon [_thread_blocked, id=20436, stack(0x0000006648200000,0x0000006648300000) (1024K)]
  0x000002546ba16270 JavaThread "Start Level: Equinox Container: 366ce857-f1c5-458d-9b40-3b5c5a196f63" daemon [_thread_in_Java, id=10004, stack(0x0000006648300000,0x0000006648400000) (1024K)]
Total: 15

Other Threads:
  0x0000025412b9de60 VMThread "VM Thread"                           [id=10608, stack(0x0000006647100000,0x0000006647200000) (1024K)]
  0x0000025412b5cb10 WatcherThread "VM Periodic Task Thread"        [id=14252, stack(0x0000006647000000,0x0000006647100000) (1024K)]
  0x0000025412cdd830 WorkerThread "GC Thread#0"                     [id=15988, stack(0x0000006646f00000,0x0000006647000000) (1024K)]
  0x000002546ba8e3c0 WorkerThread "GC Thread#1"                     [id=17816, stack(0x0000006647d00000,0x0000006647e00000) (1024K)]
  0x000002546ba8e760 WorkerThread "GC Thread#2"                     [id=1444, stack(0x0000006647e00000,0x0000006647f00000) (1024K)]
  0x000002546ba8eb00 WorkerThread "GC Thread#3"                     [id=5928, stack(0x0000006647f00000,0x0000006648000000) (1024K)]
Total: 6

Threads with active compile tasks:
C2 CompilerThread0  6333 2171       4       java.util.Properties::loadConvert (540 bytes)
Total: 1

VM state: not at safepoint (normal execution)

VM Mutex/Monitor currently owned by a thread: None

Heap address: 0x0000000080000000, size: 2048 MB, Compressed Oops mode: 32-bit

CDS archive(s) mapped at: [0x000002542a000000-0x000002542aba0000-0x000002542aba0000), size 12189696, SharedBaseAddress: 0x000002542a000000, ArchiveRelocationMode: 1.
Compressed class space mapped at: 0x000002542b000000-0x000002546b000000, reserved size: 1073741824
Narrow klass base: 0x000002542a000000, Narrow klass shift: 0, Narrow klass range: 0x100000000

GC Precious Log:
 CardTable entry size: 512
 CPUs: 4 total, 4 available
 Memory: 3918M
 Large Page Support: Disabled
 NUMA Support: Disabled
 Compressed Oops: Enabled (32-bit)
 Alignments: Space 512K, Generation 512K, Heap 2M
 Heap Min Capacity: 100M
 Heap Initial Capacity: 100M
 Heap Max Capacity: 2G
 Pre-touch: Disabled
 Parallel Workers: 4

Heap:
 PSYoungGen      total 29696K, used 7003K [0x00000000d5580000, 0x00000000d7680000, 0x0000000100000000)
  eden space 25600K, 11% used [0x00000000d5580000,0x00000000d585a1e0,0x00000000d6e80000)
  from space 4096K, 99% used [0x00000000d6e80000,0x00000000d727cc98,0x00000000d7280000)
  to   space 4096K, 0% used [0x00000000d7280000,0x00000000d7280000,0x00000000d7680000)
 ParOldGen       total 68608K, used 4756K [0x0000000080000000, 0x0000000084300000, 0x00000000d5580000)
  object space 68608K, 6% used [0x0000000080000000,0x00000000804a50e0,0x0000000084300000)
 Metaspace       used 9457K, committed 9728K, reserved 1114112K
  class space    used 1008K, committed 1152K, reserved 1048576K

Card table byte_map: [0x0000025412670000,0x0000025412a80000] _byte_map_base: 0x0000025412270000

Marking Bits: (ParMarkBitMap*) 0x00007fff1711a340
 Begin Bits: [0x0000025425170000, 0x0000025427170000)
 End Bits:   [0x0000025427170000, 0x0000025429170000)

Polling page: 0x0000025410b00000

Metaspace:

Usage:
  Non-class:      8.25 MB used.
      Class:   1008.23 KB used.
       Both:      9.24 MB used.

Virtual space:
  Non-class space:       64.00 MB reserved,       8.38 MB ( 13%) committed,  1 nodes.
      Class space:        1.00 GB reserved,       1.12 MB ( <1%) committed,  1 nodes.
             Both:        1.06 GB reserved,       9.50 MB ( <1%) committed. 

Chunk freelists:
   Non-Class:  6.88 MB
       Class:  14.79 MB
        Both:  21.66 MB

MaxMetaspaceSize: unlimited
CompressedClassSpaceSize: 1.00 GB
Initial GC threshold: 21.00 MB
Current GC threshold: 21.00 MB
CDS: on
 - commit_granule_bytes: 65536.
 - commit_granule_words: 8192.
 - virtual_space_node_default_size: 8388608.
 - enlarge_chunks_in_place: 1.
 - use_allocation_guard: 0.


Internal statistics:

num_allocs_failed_limit: 0.
num_arena_births: 256.
num_arena_deaths: 0.
num_vsnodes_births: 2.
num_vsnodes_deaths: 0.
num_space_committed: 152.
num_space_uncommitted: 0.
num_chunks_returned_to_freelist: 0.
num_chunks_taken_from_freelist: 505.
num_chunk_merges: 0.
num_chunk_splits: 321.
num_chunks_enlarged: 216.
num_inconsistent_stats: 0.

CodeHeap 'non-profiled nmethods': size=120000Kb used=892Kb max_used=892Kb free=119107Kb
 bounds [0x000002541d990000, 0x000002541dc00000, 0x0000025424ec0000]
CodeHeap 'profiled nmethods': size=120000Kb used=4015Kb max_used=4015Kb free=115984Kb
 bounds [0x0000025415ec0000, 0x00000254162b0000, 0x000002541d3f0000]
CodeHeap 'non-nmethods': size=5760Kb used=1227Kb max_used=1251Kb free=4533Kb
 bounds [0x000002541d3f0000, 0x000002541d660000, 0x000002541d990000]
CodeCache: size=245760Kb, used=6134Kb, max_used=6158Kb, free=239624Kb
 total_blobs=2675, nmethods=2183, adapters=399, full_count=0
Compilation: enabled, stopped_count=0, restarted_count=0

Compilation events (20 events):
Event: 6.236 Thread 0x0000025412bda560 2165       4       java.lang.String::endsWith (15 bytes)
Event: 6.237 Thread 0x0000025412bf64b0 2166       3       java.nio.CharBuffer::position (6 bytes)
Event: 6.237 Thread 0x0000025412bf64b0 nmethod 2166 0x000002541629c910 code [0x000002541629cac0, 0x000002541629cc70]
Event: 6.237 Thread 0x0000025412bf64b0 2167   !   3       java.nio.charset.CharsetDecoder::decode (275 bytes)
Event: 6.240 Thread 0x0000025412bf64b0 nmethod 2167 0x000002541629cd90 code [0x000002541629d0c0, 0x000002541629e4d0]
Event: 6.240 Thread 0x0000025412bf64b0 2168       3       java.nio.ByteBuffer::array (35 bytes)
Event: 6.240 Thread 0x0000025412bf64b0 nmethod 2168 0x000002541629eb10 code [0x000002541629ece0, 0x000002541629ef98]
Event: 6.243 Thread 0x0000025412bf64b0 2169       1       java.nio.Buffer::capacity (5 bytes)
Event: 6.243 Thread 0x0000025412bda560 nmethod 2165 0x000002541da6dd90 code [0x000002541da6df40, 0x000002541da6e200]
Event: 6.243 Thread 0x0000025412bf64b0 nmethod 2169 0x000002541da6e490 code [0x000002541da6e620, 0x000002541da6e6e8]
Event: 6.243 Thread 0x0000025412bf64b0 2170       3       java.nio.Buffer::mark (10 bytes)
Event: 6.243 Thread 0x0000025412bf64b0 nmethod 2170 0x000002541629f090 code [0x000002541629f220, 0x000002541629f338]
Event: 6.243 Thread 0x0000025412bda560 2171       4       java.util.Properties::loadConvert (540 bytes)
Event: 6.247 Thread 0x0000025412bf64b0 2173       3       java.nio.HeapByteBuffer::ix (7 bytes)
Event: 6.248 Thread 0x0000025412bf64b0 nmethod 2173 0x000002541629f410 code [0x000002541629f5a0, 0x000002541629f6b0]
Event: 6.248 Thread 0x0000025412bf64b0 2174       3       java.io.FilterInputStream::close (8 bytes)
Event: 6.248 Thread 0x0000025412bf64b0 nmethod 2174 0x000002541629f710 code [0x000002541629f8c0, 0x000002541629fa98]
Event: 6.251 Thread 0x0000025412bf64b0 2176       3       org.eclipse.osgi.container.ModuleWiring::getWires (15 bytes)
Event: 6.252 Thread 0x0000025412bf64b0 nmethod 2176 0x000002541629fb90 code [0x000002541629fd60, 0x00000254162a01c0]
Event: 6.256 Thread 0x0000025412bf64b0 2177   !   3       java.util.concurrent.ConcurrentHashMap::transfer (849 bytes)

GC Heap History (6 events):
Event: 2.381 GC heap before
{Heap before GC invocations=1 (full 0):
 PSYoungGen      total 29696K, used 25600K [0x00000000d5580000, 0x00000000d7680000, 0x0000000100000000)
  eden space 25600K, 100% used [0x00000000d5580000,0x00000000d6e80000,0x00000000d6e80000)
  from space 4096K, 0% used [0x00000000d7280000,0x00000000d7280000,0x00000000d7680000)
  to   space 4096K, 0% used [0x00000000d6e80000,0x00000000d6e80000,0x00000000d7280000)
 ParOldGen       total 68608K, used 0K [0x0000000080000000, 0x0000000084300000, 0x00000000d5580000)
  object space 68608K, 0% used [0x0000000080000000,0x0000000080000000,0x0000000084300000)
 Metaspace       used 4296K, committed 4544K, reserved 1114112K
  class space    used 469K, committed 576K, reserved 1048576K
}
Event: 2.438 GC heap after
{Heap after GC invocations=1 (full 0):
 PSYoungGen      total 29696K, used 3335K [0x00000000d5580000, 0x00000000d7680000, 0x0000000100000000)
  eden space 25600K, 0% used [0x00000000d5580000,0x00000000d5580000,0x00000000d6e80000)
  from space 4096K, 81% used [0x00000000d6e80000,0x00000000d71c1e18,0x00000000d7280000)
  to   space 4096K, 0% used [0x00000000d7280000,0x00000000d7280000,0x00000000d7680000)
 ParOldGen       total 68608K, used 0K [0x0000000080000000, 0x0000000084300000, 0x00000000d5580000)
  object space 68608K, 0% used [0x0000000080000000,0x0000000080000000,0x0000000084300000)
 Metaspace       used 4296K, committed 4544K, reserved 1114112K
  class space    used 469K, committed 576K, reserved 1048576K
}
Event: 5.300 GC heap before
{Heap before GC invocations=2 (full 0):
 PSYoungGen      total 29696K, used 28935K [0x00000000d5580000, 0x00000000d7680000, 0x0000000100000000)
  eden space 25600K, 100% used [0x00000000d5580000,0x00000000d6e80000,0x00000000d6e80000)
  from space 4096K, 81% used [0x00000000d6e80000,0x00000000d71c1e18,0x00000000d7280000)
  to   space 4096K, 0% used [0x00000000d7280000,0x00000000d7280000,0x00000000d7680000)
 ParOldGen       total 68608K, used 0K [0x0000000080000000, 0x0000000084300000, 0x00000000d5580000)
  object space 68608K, 0% used [0x0000000080000000,0x0000000080000000,0x0000000084300000)
 Metaspace       used 8005K, committed 8320K, reserved 1114112K
  class space    used 840K, committed 960K, reserved 1048576K
}
Event: 5.310 GC heap after
{Heap after GC invocations=2 (full 0):
 PSYoungGen      total 29696K, used 4069K [0x00000000d5580000, 0x00000000d7680000, 0x0000000100000000)
  eden space 25600K, 0% used [0x00000000d5580000,0x00000000d5580000,0x00000000d6e80000)
  from space 4096K, 99% used [0x00000000d7280000,0x00000000d7679780,0x00000000d7680000)
  to   space 4096K, 0% used [0x00000000d6e80000,0x00000000d6e80000,0x00000000d7280000)
 ParOldGen       total 68608K, used 1741K [0x0000000080000000, 0x0000000084300000, 0x00000000d5580000)
  object space 68608K, 2% used [0x0000000080000000,0x00000000801b36c8,0x0000000084300000)
 Metaspace       used 8005K, committed 8320K, reserved 1114112K
  class space    used 840K, committed 960K, reserved 1048576K
}
Event: 6.205 GC heap before
{Heap before GC invocations=3 (full 0):
 PSYoungGen      total 29696K, used 29649K [0x00000000d5580000, 0x00000000d7680000, 0x0000000100000000)
  eden space 25600K, 99% used [0x00000000d5580000,0x00000000d6e7afa8,0x00000000d6e80000)
  from space 4096K, 99% used [0x00000000d7280000,0x00000000d7679780,0x00000000d7680000)
  to   space 4096K, 0% used [0x00000000d6e80000,0x00000000d6e80000,0x00000000d7280000)
 ParOldGen       total 68608K, used 1741K [0x0000000080000000, 0x0000000084300000, 0x00000000d5580000)
  object space 68608K, 2% used [0x0000000080000000,0x00000000801b36c8,0x0000000084300000)
 Metaspace       used 9440K, committed 9728K, reserved 1114112K
  class space    used 1008K, committed 1152K, reserved 1048576K
}
Event: 6.215 GC heap after
{Heap after GC invocations=3 (full 0):
 PSYoungGen      total 29696K, used 4083K [0x00000000d5580000, 0x00000000d7680000, 0x0000000100000000)
  eden space 25600K, 0% used [0x00000000d5580000,0x00000000d5580000,0x00000000d6e80000)
  from space 4096K, 99% used [0x00000000d6e80000,0x00000000d727cc98,0x00000000d7280000)
  to   space 4096K, 0% used [0x00000000d7280000,0x00000000d7280000,0x00000000d7680000)
 ParOldGen       total 68608K, used 4756K [0x0000000080000000, 0x0000000084300000, 0x00000000d5580000)
  object space 68608K, 6% used [0x0000000080000000,0x00000000804a50e0,0x0000000084300000)
 Metaspace       used 9440K, committed 9728K, reserved 1114112K
  class space    used 1008K, committed 1152K, reserved 1048576K
}

Dll operation events (9 events):
Event: 0.019 Loaded shared library c:\Users\ashis\.vscode\extensions\redhat.java-1.46.0-win32-x64\jre\21.0.8-win32-x86_64\bin\java.dll
Event: 0.193 Loaded shared library c:\Users\ashis\.vscode\extensions\redhat.java-1.46.0-win32-x64\jre\21.0.8-win32-x86_64\bin\zip.dll
Event: 0.257 Loaded shared library C:\Users\ashis\.vscode\extensions\redhat.java-1.46.0-win32-x64\jre\21.0.8-win32-x86_64\bin\instrument.dll
Event: 0.271 Loaded shared library C:\Users\ashis\.vscode\extensions\redhat.java-1.46.0-win32-x64\jre\21.0.8-win32-x86_64\bin\net.dll
Event: 0.277 Loaded shared library C:\Users\ashis\.vscode\extensions\redhat.java-1.46.0-win32-x64\jre\21.0.8-win32-x86_64\bin\nio.dll
Event: 0.284 Loaded shared library C:\Users\ashis\.vscode\extensions\redhat.java-1.46.0-win32-x64\jre\21.0.8-win32-x86_64\bin\zip.dll
Event: 0.350 Loaded shared library C:\Users\ashis\.vscode\extensions\redhat.java-1.46.0-win32-x64\jre\21.0.8-win32-x86_64\bin\jimage.dll
Event: 0.739 Loaded shared library c:\Users\ashis\.vscode\extensions\redhat.java-1.46.0-win32-x64\jre\21.0.8-win32-x86_64\bin\verify.dll
Event: 5.322 Loaded shared library C:\Users\ashis\AppData\Roaming\Code\User\globalStorage\redhat.java\1.46.0\config_win\org.eclipse.equinox.launcher\org.eclipse.equinox.launcher.win32.win32.x86_64_1.2.1400.v20250801-0854\eclipse_11916.dll

Deoptimization events (20 events):
Event: 5.884 Thread 0x000002546ba16270 DEOPT PACKING pc=0x000002541da4d364 sp=0x00000066483fdc50
Event: 5.885 Thread 0x000002546ba16270 DEOPT UNPACKING pc=0x000002541d443a9c sp=0x00000066483fdc08 mode 2
Event: 5.885 Thread 0x000002546ba16270 Uncommon trap: trap_request=0xffffffde fr.pc=0x000002541da4d364 relative=0x0000000000000304
Event: 5.885 Thread 0x000002546ba16270 Uncommon trap: reason=class_check action=maybe_recompile pc=0x000002541da4d364 method=java.util.regex.Pattern$BmpCharPropertyGreedy.match(Ljava/util/regex/Matcher;ILjava/lang/CharSequence;)Z @ 26 c2
Event: 5.885 Thread 0x000002546ba16270 DEOPT PACKING pc=0x000002541da4d364 sp=0x00000066483fdb50
Event: 5.885 Thread 0x000002546ba16270 DEOPT UNPACKING pc=0x000002541d443a9c sp=0x00000066483fdae8 mode 2
Event: 6.041 Thread 0x000002546ba16270 DEOPT PACKING pc=0x000002541625e3f5 sp=0x00000066483fe180
Event: 6.041 Thread 0x000002546ba16270 DEOPT UNPACKING pc=0x000002541d444223 sp=0x00000066483fd660 mode 0
Event: 6.072 Thread 0x000002546ba16270 DEOPT PACKING pc=0x000002541625e3f5 sp=0x00000066483fe180
Event: 6.072 Thread 0x000002546ba16270 DEOPT UNPACKING pc=0x000002541d444223 sp=0x00000066483fd660 mode 0
Event: 6.091 Thread 0x000002546ba16270 DEOPT PACKING pc=0x000002541625e3f5 sp=0x00000066483fe180
Event: 6.091 Thread 0x000002546ba16270 DEOPT UNPACKING pc=0x000002541d444223 sp=0x00000066483fd660 mode 0
Event: 6.117 Thread 0x000002546ba16270 DEOPT PACKING pc=0x000002541625e3f5 sp=0x00000066483fe180
Event: 6.117 Thread 0x000002546ba16270 DEOPT UNPACKING pc=0x000002541d444223 sp=0x00000066483fd660 mode 0
Event: 6.141 Thread 0x000002546ba16270 DEOPT PACKING pc=0x000002541625e3f5 sp=0x00000066483fe180
Event: 6.141 Thread 0x000002546ba16270 DEOPT UNPACKING pc=0x000002541d444223 sp=0x00000066483fd660 mode 0
Event: 6.236 Thread 0x000002546ba16270 Uncommon trap: trap_request=0xffffff45 fr.pc=0x000002541da5cad0 relative=0x00000000000005f0
Event: 6.236 Thread 0x000002546ba16270 Uncommon trap: reason=unstable_if action=reinterpret pc=0x000002541da5cad0 method=java.util.jar.Manifest$FastInputStream.readLine([BII)I @ 130 c2
Event: 6.236 Thread 0x000002546ba16270 DEOPT PACKING pc=0x000002541da5cad0 sp=0x00000066483fd930
Event: 6.236 Thread 0x000002546ba16270 DEOPT UNPACKING pc=0x000002541d443a9c sp=0x00000066483fd868 mode 2

Classes loaded (20 events):
Event: 5.644 Loading class sun/util/logging/resources/logging_en_IN
Event: 5.644 Loading class sun/util/logging/resources/logging_en_IN done
Event: 5.646 Loading class java/util/Formatter$DateTime
Event: 5.647 Loading class java/util/Formatter$DateTime done
Event: 5.647 Loading class java/util/Formatter$FixedString
Event: 5.647 Loading class java/util/Formatter$FixedString done
Event: 5.648 Loading class java/time/ZonedDateTime$1
Event: 5.648 Loading class java/time/ZonedDateTime$1 done
Event: 5.655 Loading class jdk/internal/module/ModulePatcher$PatchedModuleReader
Event: 5.655 Loading class jdk/internal/module/ModulePatcher$PatchedModuleReader done
Event: 5.663 Loading class sun/util/resources/LocaleData$CommonResourceBundleProvider
Event: 5.663 Loading class sun/util/resources/LocaleData$LocaleDataResourceBundleProvider
Event: 5.663 Loading class java/util/spi/ResourceBundleProvider
Event: 5.663 Loading class java/util/spi/ResourceBundleProvider done
Event: 5.663 Loading class sun/util/resources/LocaleData$LocaleDataResourceBundleProvider done
Event: 5.664 Loading class sun/util/resources/LocaleData$CommonResourceBundleProvider done
Event: 5.665 Loading class sun/text/resources/cldr/FormatData_en
Event: 5.666 Loading class sun/text/resources/cldr/FormatData_en done
Event: 5.666 Loading class sun/util/resources/Bundles$2
Event: 5.667 Loading class sun/util/resources/Bundles$2 done

Classes unloaded (0 events):
No events

Classes redefined (0 events):
No events

Internal exceptions (20 events):
Event: 2.458 Thread 0x0000025412cbe330 Exception <a 'java/lang/ClassNotFoundException'{0x00000000d55e8938}: sun/net/www/protocol/c/Handler> (0x00000000d55e8938) 
thrown [s\src\hotspot\share\classfile\systemDictionary.cpp, line 312]
Event: 2.478 Thread 0x0000025412cbe330 Exception <a 'java/io/FileNotFoundException'{0x00000000d5611170}> (0x00000000d5611170) 
thrown [s\src\hotspot\share\prims\jni.cpp, line 520]
Event: 2.661 Thread 0x0000025412cbe330 Implicit null exception at 0x000002541d9f51e6 to 0x000002541d9f528a
Event: 2.661 Thread 0x0000025412cbe330 Implicit null exception at 0x000002541d9f8b1a to 0x000002541d9f8d20
Event: 2.664 Thread 0x0000025412cbe330 Exception <a 'java/lang/NoSuchMethodError'{0x00000000d577d3b0}: 'void java.lang.invoke.DirectMethodHandle$Holder.invokeStatic(java.lang.Object, java.lang.Object, java.lang.Object, java.lang.Object)'> (0x00000000d577d3b0) 
thrown [s\src\hotspot\share\interpreter\linkResolver.cpp, line 773]
Event: 4.244 Thread 0x0000025412cbe330 Exception <a 'java/lang/NoSuchMethodError'{0x00000000d5a13428}: 'void java.lang.invoke.DirectMethodHandle$Holder.invokeSpecial(java.lang.Object, java.lang.Object, java.lang.Object)'> (0x00000000d5a13428) 
thrown [s\src\hotspot\share\interpreter\linkResolver.cpp, line 773]
Event: 4.748 Thread 0x0000025412cbe330 Exception <a 'java/lang/NoSuchMethodError'{0x00000000d63fe928}: 'int java.lang.invoke.DirectMethodHandle$Holder.invokeVirtual(java.lang.Object, java.lang.Object)'> (0x00000000d63fe928) 
thrown [s\src\hotspot\share\interpreter\linkResolver.cpp, line 773]
Event: 4.873 Thread 0x0000025412cbe330 Exception <a 'java/lang/NoSuchMethodError'{0x00000000d6573bd8}: 'int java.lang.invoke.DirectMethodHandle$Holder.invokeStaticInit(java.lang.Object, java.lang.Object, java.lang.Object, java.lang.Object)'> (0x00000000d6573bd8) 
thrown [s\src\hotspot\share\interpreter\linkResolver.cpp, line 773]
Event: 4.874 Thread 0x0000025412cbe330 Exception <a 'java/lang/IncompatibleClassChangeError'{0x00000000d657c060}: Found class java.lang.Object, but interface was expected> (0x00000000d657c060) 
thrown [s\src\hotspot\share\interpreter\linkResolver.cpp, line 840]
Event: 4.876 Thread 0x0000025412cbe330 Exception <a 'java/lang/NoSuchMethodError'{0x00000000d6582670}: 'void java.lang.invoke.DirectMethodHandle$Holder.invokeStaticInit(java.lang.Object, java.lang.Object)'> (0x00000000d6582670) 
thrown [s\src\hotspot\share\interpreter\linkResolver.cpp, line 773]
Event: 4.877 Thread 0x0000025412cbe330 Exception <a 'java/lang/NoSuchMethodError'{0x00000000d658b888}: 'int java.lang.invoke.DirectMethodHandle$Holder.invokeStaticInit(java.lang.Object, java.lang.Object)'> (0x00000000d658b888) 
thrown [s\src\hotspot\share\interpreter\linkResolver.cpp, line 773]
Event: 4.971 Thread 0x0000025412cbe330 Exception <a 'java/lang/NoSuchMethodError'{0x00000000d67d66a8}: 'java.lang.Object java.lang.invoke.DirectMethodHandle$Holder.newInvokeSpecial(java.lang.Object, int, java.lang.Object)'> (0x00000000d67d66a8) 
thrown [s\src\hotspot\share\interpreter\linkResolver.cpp, line 773]
Event: 5.056 Thread 0x0000025412cbe330 Exception <a 'java/lang/ClassNotFoundException'{0x00000000d69edbd0}: sun/net/www/protocol/plurl/Handler> (0x00000000d69edbd0) 
thrown [s\src\hotspot\share\classfile\systemDictionary.cpp, line 312]
Event: 5.057 Thread 0x0000025412cbe330 Exception <a 'java/lang/ClassNotFoundException'{0x00000000d69eea50}: sun/net/www/protocol/plurl/Handler> (0x00000000d69eea50) 
thrown [s\src\hotspot\share\classfile\systemDictionary.cpp, line 312]
Event: 5.293 Thread 0x0000025412cbe330 Exception <a 'java/lang/UnsatisfiedLinkError'{0x00000000d6e3dda0}: 'void org.eclipse.equinox.launcher.JNIBridge._update_splash()'> (0x00000000d6e3dda0) 
thrown [s\src\hotspot\share\prims\nativeLookup.cpp, line 415]
Event: 5.401 Thread 0x000002546bbb12d0 Exception <a 'java/lang/NoSuchMethodError'{0x00000000d588e3a8}: 'void java.lang.invoke.DirectMethodHandle$Holder.invokeInterface(java.lang.Object, java.lang.Object, java.lang.Object)'> (0x00000000d588e3a8) 
thrown [s\src\hotspot\share\interpreter\linkResolver.cpp, line 773]
Event: 5.566 Thread 0x000002546ba16270 Exception <a 'java/lang/NoSuchMethodError'{0x00000000d5c50c30}: 'java.lang.Object java.lang.invoke.DirectMethodHandle$Holder.newInvokeSpecial(java.lang.Object, java.lang.Object, int, java.lang.Object)'> (0x00000000d5c50c30) 
thrown [s\src\hotspot\share\interpreter\linkResolver.cpp, line 773]
Event: 5.567 Thread 0x000002546ba16270 Exception <a 'java/lang/NoSuchMethodError'{0x00000000d5c54aa0}: 'java.lang.Object java.lang.invoke.DirectMethodHandle$Holder.invokeSpecial(java.lang.Object, java.lang.Object, java.lang.Object, int, java.lang.Object)'> (0x00000000d5c54aa0) 
thrown [s\src\hotspot\share\interpreter\linkResolver.cpp, line 773]
Event: 5.593 Thread 0x000002546ba16270 Exception <a 'java/lang/NoClassDefFoundError'{0x00000000d5cf48d8}: jakarta/servlet/ServletContainerInitializer> (0x00000000d5cf48d8) 
thrown [s\src\hotspot\share\classfile\systemDictionary.cpp, line 301]
Event: 5.641 Thread 0x000002546ba16270 Exception <a 'java/lang/ClassNotFoundException'{0x00000000d5e48e70}: sun/util/logging/resources/spi/loggingProvider> (0x00000000d5e48e70) 
thrown [s\src\hotspot\share\classfile\systemDictionary.cpp, line 312]

ZGC Phase Switch (0 events):
No events

VM Operations (20 events):
Event: 4.929 Executing VM operation: HandshakeAllThreads (Deoptimize)
Event: 4.929 Executing VM operation: HandshakeAllThreads (Deoptimize) done
Event: 4.946 Executing VM operation: HandshakeAllThreads (Deoptimize)
Event: 4.947 Executing VM operation: HandshakeAllThreads (Deoptimize) done
Event: 5.027 Executing VM operation: HandshakeAllThreads (Deoptimize)
Event: 5.027 Executing VM operation: HandshakeAllThreads (Deoptimize) done
Event: 5.049 Executing VM operation: HandshakeAllThreads (Deoptimize)
Event: 5.049 Executing VM operation: HandshakeAllThreads (Deoptimize) done
Event: 5.300 Executing VM operation: ParallelGCFailedAllocation (Allocation Failure)
Event: 5.310 Executing VM operation: ParallelGCFailedAllocation (Allocation Failure) done
Event: 5.624 Executing VM operation: HandshakeAllThreads (Deoptimize)
Event: 5.624 Executing VM operation: HandshakeAllThreads (Deoptimize) done
Event: 5.655 Executing VM operation: HandshakeAllThreads (Deoptimize)
Event: 5.655 Executing VM operation: HandshakeAllThreads (Deoptimize) done
Event: 5.677 Executing VM operation: HandshakeAllThreads (Deoptimize)
Event: 5.677 Executing VM operation: HandshakeAllThreads (Deoptimize) done
Event: 5.691 Executing VM operation: HandshakeAllThreads (Deoptimize)
Event: 5.692 Executing VM operation: HandshakeAllThreads (Deoptimize) done
Event: 6.205 Executing VM operation: ParallelGCFailedAllocation (Allocation Failure)
Event: 6.215 Executing VM operation: ParallelGCFailedAllocation (Allocation Failure) done

Memory protections (0 events):
No events

Nmethod flushes (0 events):
No events

Events (15 events):
Event: 0.061 Thread 0x0000025412cbe330 Thread added: 0x0000025412cbe330
Event: 0.094 Thread 0x0000025412cbe330 Thread added: 0x0000025412ba6c90
Event: 0.094 Thread 0x0000025412cbe330 Thread added: 0x0000025412ba8590
Event: 0.095 Thread 0x0000025412cbe330 Thread added: 0x0000025412babd40
Event: 0.095 Thread 0x0000025412cbe330 Thread added: 0x0000025412bacc50
Event: 0.095 Thread 0x0000025412cbe330 Thread added: 0x0000025412bb1620
Event: 0.095 Thread 0x0000025412cbe330 Thread added: 0x0000025412bb62d0
Event: 0.095 Thread 0x0000025412cbe330 Thread added: 0x0000025412bda560
Event: 0.096 Thread 0x0000025412cbe330 Thread added: 0x0000025412bf64b0
Event: 0.155 Thread 0x0000025412cbe330 Thread added: 0x0000025412d2bc10
Event: 1.147 Thread 0x0000025412cbe330 Thread added: 0x000002546b61ecc0
Event: 4.907 Thread 0x0000025412cbe330 Thread added: 0x000002546bc6bfd0
Event: 5.290 Thread 0x0000025412cbe330 Thread added: 0x000002546bbb12d0
Event: 5.410 Thread 0x000002546bbb12d0 Thread added: 0x000002546ba15840
Event: 5.415 Thread 0x0000025412cbe330 Thread added: 0x000002546ba16270


Dynamic libraries:
0x00007ff68a000000 - 0x00007ff68a00e000 	c:\Users\ashis\.vscode\extensions\redhat.java-1.46.0-win32-x64\jre\21.0.8-win32-x86_64\bin\java.exe
0x00007fff4f930000 - 0x00007fff4fb28000 	C:\WINDOWS\SYSTEM32\ntdll.dll
0x00007fff4dbb0000 - 0x00007fff4dc72000 	C:\WINDOWS\System32\KERNEL32.DLL
0x00007fff4d280000 - 0x00007fff4d576000 	C:\WINDOWS\System32\KERNELBASE.dll
0x00007fff4cfd0000 - 0x00007fff4d0d0000 	C:\WINDOWS\System32\ucrtbase.dll
0x00007fff47900000 - 0x00007fff47918000 	c:\Users\ashis\.vscode\extensions\redhat.java-1.46.0-win32-x64\jre\21.0.8-win32-x86_64\bin\jli.dll
0x00007fff4f1e0000 - 0x00007fff4f37d000 	C:\WINDOWS\System32\USER32.dll
0x00007fff4d8b0000 - 0x00007fff4d8d2000 	C:\WINDOWS\System32\win32u.dll
0x00007fff4ea70000 - 0x00007fff4ea9b000 	C:\WINDOWS\System32\GDI32.dll
0x00007fff4d630000 - 0x00007fff4d749000 	C:\WINDOWS\System32\gdi32full.dll
0x00007fff4d1e0000 - 0x00007fff4d27d000 	C:\WINDOWS\System32\msvcp_win.dll
0x00007fff46ff0000 - 0x00007fff4700e000 	c:\Users\ashis\.vscode\extensions\redhat.java-1.46.0-win32-x64\jre\21.0.8-win32-x86_64\bin\VCRUNTIME140.dll
0x00007fff3a080000 - 0x00007fff3a31b000 	C:\WINDOWS\WinSxS\amd64_microsoft.windows.common-controls_6595b64144ccf1df_6.0.19041.6280_none_60bc30a171f2f3f3\COMCTL32.dll
0x00007fff4ed70000 - 0x00007fff4ee0e000 	C:\WINDOWS\System32\msvcrt.dll
0x00007fff4ddc0000 - 0x00007fff4ddef000 	C:\WINDOWS\System32\IMM32.DLL
0x00007fff47c90000 - 0x00007fff47c9c000 	c:\Users\ashis\.vscode\extensions\redhat.java-1.46.0-win32-x64\jre\21.0.8-win32-x86_64\bin\vcruntime140_1.dll
0x00007fff21a00000 - 0x00007fff21a8d000 	c:\Users\ashis\.vscode\extensions\redhat.java-1.46.0-win32-x64\jre\21.0.8-win32-x86_64\bin\msvcp140.dll
0x00007fff16460000 - 0x00007fff171f7000 	c:\Users\ashis\.vscode\extensions\redhat.java-1.46.0-win32-x64\jre\21.0.8-win32-x86_64\bin\server\jvm.dll
0x00007fff4dc80000 - 0x00007fff4dd31000 	C:\WINDOWS\System32\ADVAPI32.dll
0x00007fff4f720000 - 0x00007fff4f7bf000 	C:\WINDOWS\System32\sechost.dll
0x00007fff4da90000 - 0x00007fff4dbb0000 	C:\WINDOWS\System32\RPCRT4.dll
0x00007fff4d930000 - 0x00007fff4d957000 	C:\WINDOWS\System32\bcrypt.dll
0x00007fff4ee10000 - 0x00007fff4ee7b000 	C:\WINDOWS\System32\WS2_32.dll
0x00007fff4ce30000 - 0x00007fff4ce7b000 	C:\WINDOWS\SYSTEM32\POWRPROF.dll
0x00007fff39a50000 - 0x00007fff39a77000 	C:\WINDOWS\SYSTEM32\WINMM.dll
0x00007fff456e0000 - 0x00007fff456ea000 	C:\WINDOWS\SYSTEM32\VERSION.dll
0x00007fff4ce10000 - 0x00007fff4ce22000 	C:\WINDOWS\SYSTEM32\UMPDC.dll
0x00007fff4b030000 - 0x00007fff4b042000 	C:\WINDOWS\SYSTEM32\kernel.appcore.dll
0x00007fff47c50000 - 0x00007fff47c5a000 	c:\Users\ashis\.vscode\extensions\redhat.java-1.46.0-win32-x64\jre\21.0.8-win32-x86_64\bin\jimage.dll
0x00007fff4abd0000 - 0x00007fff4add1000 	C:\WINDOWS\SYSTEM32\DBGHELP.DLL
0x00007fff38e80000 - 0x00007fff38eb4000 	C:\WINDOWS\SYSTEM32\dbgcore.DLL
0x00007fff4d150000 - 0x00007fff4d1d2000 	C:\WINDOWS\System32\bcryptPrimitives.dll
0x00007fff47b90000 - 0x00007fff47b9f000 	c:\Users\ashis\.vscode\extensions\redhat.java-1.46.0-win32-x64\jre\21.0.8-win32-x86_64\bin\instrument.dll
0x00007fff464a0000 - 0x00007fff464bf000 	c:\Users\ashis\.vscode\extensions\redhat.java-1.46.0-win32-x64\jre\21.0.8-win32-x86_64\bin\java.dll
0x00007fff4de00000 - 0x00007fff4e570000 	C:\WINDOWS\System32\SHELL32.dll
0x00007fff4b050000 - 0x00007fff4b7f5000 	C:\WINDOWS\SYSTEM32\windows.storage.dll
0x00007fff4ee80000 - 0x00007fff4f1d3000 	C:\WINDOWS\System32\combase.dll
0x00007fff4c930000 - 0x00007fff4c95b000 	C:\WINDOWS\SYSTEM32\Wldp.dll
0x00007fff4eb00000 - 0x00007fff4ebcd000 	C:\WINDOWS\System32\OLEAUT32.dll
0x00007fff4f400000 - 0x00007fff4f4ad000 	C:\WINDOWS\System32\SHCORE.dll
0x00007fff4eaa0000 - 0x00007fff4eafb000 	C:\WINDOWS\System32\shlwapi.dll
0x00007fff4cf00000 - 0x00007fff4cf24000 	C:\WINDOWS\SYSTEM32\profapi.dll
0x00007fff437a0000 - 0x00007fff437b8000 	c:\Users\ashis\.vscode\extensions\redhat.java-1.46.0-win32-x64\jre\21.0.8-win32-x86_64\bin\zip.dll
0x00007fff467b0000 - 0x00007fff467c0000 	C:\Users\ashis\.vscode\extensions\redhat.java-1.46.0-win32-x64\jre\21.0.8-win32-x86_64\bin\net.dll
0x00007fff43ee0000 - 0x00007fff43fea000 	C:\WINDOWS\SYSTEM32\WINHTTP.dll
0x00007fff4c690000 - 0x00007fff4c6fa000 	C:\WINDOWS\system32\mswsock.dll
0x00007fff43760000 - 0x00007fff43776000 	C:\Users\ashis\.vscode\extensions\redhat.java-1.46.0-win32-x64\jre\21.0.8-win32-x86_64\bin\nio.dll
0x00007fff464e0000 - 0x00007fff464f0000 	c:\Users\ashis\.vscode\extensions\redhat.java-1.46.0-win32-x64\jre\21.0.8-win32-x86_64\bin\verify.dll
0x00007fff1ed00000 - 0x00007fff1ed44000 	C:\Users\ashis\AppData\Roaming\Code\User\globalStorage\redhat.java\1.46.0\config_win\org.eclipse.equinox.launcher\org.eclipse.equinox.launcher.win32.win32.x86_64_1.2.1400.v20250801-0854\eclipse_11916.dll
0x00007fff4d960000 - 0x00007fff4da8b000 	C:\WINDOWS\System32\ole32.dll

JVMTI agents:
c:\Users\ashis\.vscode\extensions\redhat.java-1.46.0-win32-x64\lombok\lombok-1.18.39-4050.jar path:c:\Users\ashis\.vscode\extensions\redhat.java-1.46.0-win32-x64\jre\21.0.8-win32-x86_64\bin\instrument.dll, loaded, initialized, instrumentlib options:none

dbghelp: loaded successfully - version: 4.0.5 - missing functions: none
symbol engine: initialized successfully - sym options: 0x614 - pdb path: .;c:\Users\ashis\.vscode\extensions\redhat.java-1.46.0-win32-x64\jre\21.0.8-win32-x86_64\bin;C:\WINDOWS\SYSTEM32;C:\WINDOWS\WinSxS\amd64_microsoft.windows.common-controls_6595b64144ccf1df_6.0.19041.6280_none_60bc30a171f2f3f3;c:\Users\ashis\.vscode\extensions\redhat.java-1.46.0-win32-x64\jre\21.0.8-win32-x86_64\bin\server;C:\Users\ashis\AppData\Roaming\Code\User\globalStorage\redhat.java\1.46.0\config_win\org.eclipse.equinox.launcher\org.eclipse.equinox.launcher.win32.win32.x86_64_1.2.1400.v20250801-0854

VM Arguments:
jvm_args: --add-modules=ALL-SYSTEM --add-opens=java.base/java.util=ALL-UNNAMED --add-opens=java.base/java.lang=ALL-UNNAMED --add-opens=java.base/sun.nio.fs=ALL-UNNAMED -Declipse.application=org.eclipse.jdt.ls.core.id1 -Dosgi.bundles.defaultStartLevel=4 -Declipse.product=org.eclipse.jdt.ls.core.product -Djava.import.generatesMetadataFilesAtProjectRoot=false -DDetectVMInstallationsJob.disabled=true -Dfile.encoding=utf8 -XX:+UseParallelGC -XX:GCTimeRatio=4 -XX:AdaptiveSizePolicyWeight=90 -Dsun.zip.disableMemoryMapping=true -Xmx2G -Xms100m -Xlog:disable -javaagent:c:\Users\ashis\.vscode\extensions\redhat.java-1.46.0-win32-x64\lombok\lombok-1.18.39-4050.jar -XX:+HeapDumpOnOutOfMemoryError -XX:HeapDumpPath=c:\Users\ashis\AppData\Roaming\Code\User\workspaceStorage\c6b6de62d2339e5c993c5c93459344ac\redhat.java -Daether.dependencyCollector.impl=bf 
java_command: c:\Users\ashis\.vscode\extensions\redhat.java-1.46.0-win32-x64\server\plugins\org.eclipse.equinox.launcher_1.7.0.v20250519-0528.jar -configuration c:\Users\ashis\AppData\Roaming\Code\User\globalStorage\redhat.java\1.46.0\config_win -data c:\Users\ashis\AppData\Roaming\Code\User\workspaceStorage\c6b6de62d2339e5c993c5c93459344ac\redhat.java\jdt_ws --pipe=\\.\pipe\lsp-2543a5a1a6827dd6f67ae134ffd36af8-sock
java_class_path (initial): c:\Users\ashis\.vscode\extensions\redhat.java-1.46.0-win32-x64\server\plugins\org.eclipse.equinox.launcher_1.7.0.v20250519-0528.jar
Launcher Type: SUN_STANDARD

[Global flags]
    uintx AdaptiveSizePolicyWeight                 = 90                                        {product} {command line}
     intx CICompilerCount                          = 3                                         {product} {ergonomic}
    uintx GCTimeRatio                              = 4                                         {product} {command line}
     bool HeapDumpOnOutOfMemoryError               = true                                   {manageable} {command line}
    ccstr HeapDumpPath                             = c:\Users\ashis\AppData\Roaming\Code\User\workspaceStorage\c6b6de62d2339e5c993c5c93459344ac\redhat.java         {manageable} {command line}
   size_t InitialHeapSize                          = 104857600                                 {product} {command line}
   size_t MaxHeapSize                              = 2147483648                                {product} {command line}
   size_t MaxNewSize                               = 715653120                                 {product} {ergonomic}
   size_t MinHeapDeltaBytes                        = 524288                                    {product} {ergonomic}
   size_t MinHeapSize                              = 104857600                                 {product} {command line}
   size_t NewSize                                  = 34603008                                  {product} {ergonomic}
    uintx NonNMethodCodeHeapSize                   = 5832780                                {pd product} {ergonomic}
    uintx NonProfiledCodeHeapSize                  = 122912730                              {pd product} {ergonomic}
   size_t OldSize                                  = 70254592                                  {product} {ergonomic}
    uintx ProfiledCodeHeapSize                     = 122912730                              {pd product} {ergonomic}
    uintx ReservedCodeCacheSize                    = 251658240                              {pd product} {ergonomic}
     bool SegmentedCodeCache                       = true                                      {product} {ergonomic}
   size_t SoftMaxHeapSize                          = 2147483648                             {manageable} {ergonomic}
     bool UseCompressedOops                        = true                           {product lp64_product} {ergonomic}
     bool UseLargePagesIndividualAllocation        = false                                  {pd product} {ergonomic}
     bool UseParallelGC                            = true                                      {product} {command line}

Logging:
Log output configuration:
 #0: stdout all=off uptime,level,tags foldmultilines=false
 #1: stderr all=off uptime,level,tags foldmultilines=false

Environment Variables:
JAVA_HOME=C:\Program Files\Java\jdk-23
PATH=C:\Python312\Scripts\;C:\Python312\;C:\Program Files\Common Files\Oracle\Java\javapath;C:\WINDOWS\system32;C:\WINDOWS;C:\WINDOWS\System32\Wbem;C:\WINDOWS\System32\WindowsPowerShell\v1.0\;C:\WINDOWS\System32\OpenSSH\;C:\Program Files\MySQL\MySQL Server 8.0\bin;C:\Program Files\nodejs\;C:\ProgramData\chocolatey\bin;C:\Program Files\Redis\;C:\Users\ashis\Downloads\mongosh-2.3.7-win32-x64 (1)\mongosh-2.3.7-win32-x64\bin;C:\Program Files\MongoDB\Server\8.0\bin;C:\Program Files\Git\cmd;C:\Program Files\Git\bin;C:\Program Files\Java\jdk-23\bin;C:\Program Files\apache-maven-3.9.11\bin;C:\Program Files\MySQL\MySQL Shell 8.0\bin\;C:\Users\ashis\AppData\Local\Microsoft\WindowsApps;C:\Users\ashis\AppData\Local\Programs\Microsoft VS Code\bin;C:\Users\ashis\AppData\Roaming\npm;C:\Program Files\MongoDB\Server\8.0\bin;C:\Program Files\PostgreSQL\17\bin;C:\Program Files\apache-maven-3.9.11\bin;
USERNAME=ashis
OS=Windows_NT
PROCESSOR_IDENTIFIER=Intel64 Family 6 Model 122 Stepping 8, GenuineIntel
TMP=C:\Users\ashis\AppData\Local\Temp
TEMP=C:\Users\ashis\AppData\Local\Temp




Periodic native trim disabled

---------------  S Y S T E M  ---------------

OS:
 Windows 10 , 64 bit Build 19041 (10.0.19041.5915)
OS uptime: 19 days 8:29 hours

CPU: total 4 (initial active 4) (4 cores per cpu, 1 threads per core) family 6 model 122 stepping 8 microcode 0x1c, cx8, cmov, fxsr, mmx, 3dnowpref, sse, sse2, sse3, ssse3, sse4.1, sse4.2, popcnt, tsc, tscinvbit, aes, erms, clmul, sha, clflush, clflushopt, rdtscp, rdpid
Processor Information for the first 4 processors :
  Max Mhz: 1101, Current Mhz: 1101, Mhz Limit: 1101

Memory: 4k page, system-wide physical 3918M (45M free)
TotalPageFile size 15694M (AvailPageFile size 0M)
current process WorkingSet (physical memory assigned to process): 100M, peak: 100M
current process commit charge ("private bytes"): 232M, peak: 234M

vm_info: OpenJDK 64-Bit Server VM (21.0.8+9-LTS) for windows-amd64 JRE (21.0.8+9-LTS), built on 2025-07-15T00:00:00Z by "admin" with MS VC++ 17.7 (VS2022)

END.
