#
# There is insufficient memory for the Java Runtime Environment to continue.
# Native memory allocation (malloc) failed to allocate 32744 bytes. Error detail: Chunk::new
# Possible reasons:
#   The system is out of physical RAM or swap space
#   This process is running with CompressedOops enabled, and the Java Heap may be blocking the growth of the native heap
# Possible solutions:
#   Reduce memory load on the system
#   Increase physical memory or swap space
#   Check if swap backing store is full
#   Decrease Java heap size (-Xmx/-Xms)
#   Decrease number of Java threads
#   Decrease Java thread stack sizes (-Xss)
#   Set larger code cache with -XX:ReservedCodeCacheSize=
#   JVM is running with Unscaled Compressed Oops mode in which the Java heap is
#     placed in the first 4GB address space. The Java Heap base address is the
#     maximum limit for the native heap growth. Please use -XX:HeapBaseMinAddress
#     to set the Java Heap base and to place the Java Heap above 4GB virtual address.
# This output file may be truncated or incomplete.
#
#  Out of Memory Error (arena.cpp:168), pid=21784, tid=16148
#
# JRE version: OpenJDK Runtime Environment Temurin-21.0.8+9 (21.0.8+9) (build 21.0.8+9-LTS)
# Java VM: OpenJDK 64-Bit Server VM Temurin-21.0.8+9 (21.0.8+9-LTS, mixed mode, sharing, tiered, compressed oops, compressed class ptrs, parallel gc, windows-amd64)
# No core dump will be written. Minidumps are not enabled by default on client versions of Windows
#

---------------  S U M M A R Y ------------

Command Line: --add-modules=ALL-SYSTEM --add-opens=java.base/java.util=ALL-UNNAMED --add-opens=java.base/java.lang=ALL-UNNAMED --add-opens=java.base/sun.nio.fs=ALL-UNNAMED -Declipse.application=org.eclipse.jdt.ls.core.id1 -Dosgi.bundles.defaultStartLevel=4 -Declipse.product=org.eclipse.jdt.ls.core.product -Djava.import.generatesMetadataFilesAtProjectRoot=false -DDetectVMInstallationsJob.disabled=true -Dfile.encoding=utf8 -XX:+UseParallelGC -XX:GCTimeRatio=4 -XX:AdaptiveSizePolicyWeight=90 -Dsun.zip.disableMemoryMapping=true -Xmx2G -Xms100m -Xlog:disable -javaagent:c:\Users\ashis\.vscode\extensions\redhat.java-1.46.0-win32-x64\lombok\lombok-1.18.39-4050.jar c:\Users\ashis\.vscode\extensions\redhat.java-1.46.0-win32-x64\server\plugins\org.eclipse.equinox.launcher_1.7.0.v20250519-0528.jar -configuration c:\Users\ashis\AppData\Roaming\Code\User\globalStorage\redhat.java\1.46.0\config_ss_win -data c:\Users\ashis\AppData\Roaming\Code\User\workspaceStorage\c6b6de62d2339e5c993c5c93459344ac\redhat.java\ss_ws --pipe=\\.\pipe\lsp-ec39dabe99325a221e236b354299b952-sock

Host: Intel(R) Pentium(R) Silver N5030 CPU @ 1.10GHz, 4 cores, 3G,  Windows 10 , 64 bit Build 19041 (10.0.19041.5915)
Time: Wed Oct  8 17:45:15 2025 India Standard Time elapsed time: 8.467096 seconds (0d 0h 0m 8s)

---------------  T H R E A D  ---------------

Current thread (0x00000210615d60f0):  JavaThread "C1 CompilerThread0" daemon [_thread_in_native, id=16148, stack(0x000000ca17700000,0x000000ca17800000) (1024K)]


Current CompileTask:
C1:8467 2595   !   3       jdk.internal.math.FloatingDecimal::readJavaFormatString (826 bytes)

Stack: [0x000000ca17700000,0x000000ca17800000]
Native frames: (J=compiled Java code, j=interpreted, Vv=VM code, C=native code)
V  [jvm.dll+0x6d2449]
V  [jvm.dll+0x8ae341]
V  [jvm.dll+0x8b08be]
V  [jvm.dll+0x8b0fa3]
V  [jvm.dll+0x280c96]
V  [jvm.dll+0xc581d]
V  [jvm.dll+0xc5d53]
V  [jvm.dll+0x13f36e]
V  [jvm.dll+0x13e707]
V  [jvm.dll+0x19fdb6]
V  [jvm.dll+0x1ac326]
V  [jvm.dll+0x15412d]
V  [jvm.dll+0x1543b3]
V  [jvm.dll+0x154684]
V  [jvm.dll+0x153ab6]
V  [jvm.dll+0x15588d]
V  [jvm.dll+0x257d4d]
V  [jvm.dll+0x2562ea]
V  [jvm.dll+0x3f2d16]
V  [jvm.dll+0x857e6b]
V  [jvm.dll+0x6d0b0d]
C  [ucrtbase.dll+0x21bb2]
C  [KERNEL32.DLL+0x17374]
C  [ntdll.dll+0x4cc91]


---------------  P R O C E S S  ---------------

Threads class SMR info:
_java_thread_list=0x000002106231d870, length=19, elements={
0x000002104abbf230, 0x000002106159b580, 0x000002106159ccd0, 0x00000210615a1340,
0x00000210615a2050, 0x00000210615a3e90, 0x00000210615a48e0, 0x00000210615a5710,
0x00000210615d60f0, 0x000002104ac861b0, 0x00000210624892d0, 0x0000021062a96a40,
0x0000021062597400, 0x0000021062adf780, 0x00000210629ab5a0, 0x0000021062cd8c90,
0x0000021062e1d1b0, 0x000002106728b630, 0x000002106708a150
}

Java Threads: ( => current thread )
  0x000002104abbf230 JavaThread "main"                              [_thread_blocked, id=2824, stack(0x000000ca16c00000,0x000000ca16d00000) (1024K)]
  0x000002106159b580 JavaThread "Reference Handler"          daemon [_thread_blocked, id=19152, stack(0x000000ca17000000,0x000000ca17100000) (1024K)]
  0x000002106159ccd0 JavaThread "Finalizer"                  daemon [_thread_blocked, id=14968, stack(0x000000ca17100000,0x000000ca17200000) (1024K)]
  0x00000210615a1340 JavaThread "Signal Dispatcher"          daemon [_thread_blocked, id=8620, stack(0x000000ca17200000,0x000000ca17300000) (1024K)]
  0x00000210615a2050 JavaThread "Attach Listener"            daemon [_thread_blocked, id=11400, stack(0x000000ca17300000,0x000000ca17400000) (1024K)]
  0x00000210615a3e90 JavaThread "Service Thread"             daemon [_thread_blocked, id=20912, stack(0x000000ca17400000,0x000000ca17500000) (1024K)]
  0x00000210615a48e0 JavaThread "Monitor Deflation Thread"   daemon [_thread_blocked, id=10480, stack(0x000000ca17500000,0x000000ca17600000) (1024K)]
  0x00000210615a5710 JavaThread "C2 CompilerThread0"         daemon [_thread_in_native, id=21600, stack(0x000000ca17600000,0x000000ca17700000) (1024K)]
=>0x00000210615d60f0 JavaThread "C1 CompilerThread0"         daemon [_thread_in_native, id=16148, stack(0x000000ca17700000,0x000000ca17800000) (1024K)]
  0x000002104ac861b0 JavaThread "Common-Cleaner"             daemon [_thread_blocked, id=4872, stack(0x000000ca17800000,0x000000ca17900000) (1024K)]
  0x00000210624892d0 JavaThread "Notification Thread"        daemon [_thread_blocked, id=18864, stack(0x000000ca17900000,0x000000ca17a00000) (1024K)]
  0x0000021062a96a40 JavaThread "Active Thread: Equinox Container: c6964f61-166e-42f0-85ae-41790d736cef"        [_thread_blocked, id=12120, stack(0x000000ca17d00000,0x000000ca17e00000) (1024K)]
  0x0000021062597400 JavaThread "Framework Event Dispatcher: Equinox Container: c6964f61-166e-42f0-85ae-41790d736cef" daemon [_thread_blocked, id=2620, stack(0x000000ca17e00000,0x000000ca17f00000) (1024K)]
  0x0000021062adf780 JavaThread "Start Level: Equinox Container: c6964f61-166e-42f0-85ae-41790d736cef" daemon [_thread_in_vm, id=21968, stack(0x000000ca17f00000,0x000000ca18000000) (1024K)]
  0x00000210629ab5a0 JavaThread "SCR Component Actor"        daemon [_thread_blocked, id=21616, stack(0x000000ca18000000,0x000000ca18100000) (1024K)]
  0x0000021062cd8c90 JavaThread "Worker-JM"                         [_thread_blocked, id=7712, stack(0x000000ca18100000,0x000000ca18200000) (1024K)]
  0x0000021062e1d1b0 JavaThread "JNA Cleaner"                daemon [_thread_blocked, id=16696, stack(0x000000ca18200000,0x000000ca18300000) (1024K)]
  0x000002106728b630 JavaThread "Worker-0"                          [_thread_blocked, id=1928, stack(0x000000ca18300000,0x000000ca18400000) (1024K)]
  0x000002106708a150 JavaThread "Worker-1"                          [_thread_blocked, id=7204, stack(0x000000ca18400000,0x000000ca18500000) (1024K)]
Total: 19

Other Threads:
  0x000002106157eec0 VMThread "VM Thread"                           [id=18220, stack(0x000000ca16f00000,0x000000ca17000000) (1024K)]
  0x00000210614f12e0 WatcherThread "VM Periodic Task Thread"        [id=11968, stack(0x000000ca16e00000,0x000000ca16f00000) (1024K)]
  0x000002104abdfbf0 WorkerThread "GC Thread#0"                     [id=18156, stack(0x000000ca16d00000,0x000000ca16e00000) (1024K)]
  0x0000021062512550 WorkerThread "GC Thread#1"                     [id=9760, stack(0x000000ca17a00000,0x000000ca17b00000) (1024K)]
  0x0000021062516c70 WorkerThread "GC Thread#2"                     [id=9272, stack(0x000000ca17b00000,0x000000ca17c00000) (1024K)]
  0x0000021062517010 WorkerThread "GC Thread#3"                     [id=10540, stack(0x000000ca17c00000,0x000000ca17d00000) (1024K)]
Total: 6

Threads with active compile tasks:
C2 CompilerThread0  8532 2576       4       java.lang.invoke.MethodType::makeImpl (109 bytes)
C1 CompilerThread0  8533 2595   !   3       jdk.internal.math.FloatingDecimal::readJavaFormatString (826 bytes)
Total: 2

VM state: not at safepoint (normal execution)

VM Mutex/Monitor currently owned by a thread:  ([mutex/lock_event])
[0x00007fff17113458] Metaspace_lock - owner thread: 0x0000021062adf780

Heap address: 0x0000000080000000, size: 2048 MB, Compressed Oops mode: 32-bit

CDS archive(s) mapped at: [0x0000021000000000-0x0000021000ba0000-0x0000021000ba0000), size 12189696, SharedBaseAddress: 0x0000021000000000, ArchiveRelocationMode: 1.
Compressed class space mapped at: 0x0000021001000000-0x0000021041000000, reserved size: 1073741824
Narrow klass base: 0x0000021000000000, Narrow klass shift: 0, Narrow klass range: 0x100000000

GC Precious Log:
 CardTable entry size: 512
 CPUs: 4 total, 4 available
 Memory: 3918M
 Large Page Support: Disabled
 NUMA Support: Disabled
 Compressed Oops: Enabled (32-bit)
 Alignments: Space 512K, Generation 512K, Heap 2M
 Heap Min Capacity: 100M
 Heap Initial Capacity: 100M
 Heap Max Capacity: 2G
 Pre-touch: Disabled
 Parallel Workers: 4

Heap:
 PSYoungGen      total 29696K, used 28236K [0x00000000d5580000, 0x00000000d7680000, 0x0000000100000000)
  eden space 25600K, 94% used [0x00000000d5580000,0x00000000d6d157b8,0x00000000d6e80000)
  from space 4096K, 99% used [0x00000000d6e80000,0x00000000d727d878,0x00000000d7280000)
  to   space 4096K, 0% used [0x00000000d7280000,0x00000000d7280000,0x00000000d7680000)
 ParOldGen       total 68608K, used 2722K [0x0000000080000000, 0x0000000084300000, 0x00000000d5580000)
  object space 68608K, 3% used [0x0000000080000000,0x00000000802a8a98,0x0000000084300000)
 Metaspace       used 16610K, committed 17216K, reserved 1114112K
  class space    used 1752K, committed 2048K, reserved 1048576K

Card table byte_map: [0x000002104a590000,0x000002104a9a0000] _byte_map_base: 0x000002104a190000

Marking Bits: (ParMarkBitMap*) 0x00007fff1711a340
 Begin Bits: [0x000002105d070000, 0x000002105f070000)
 End Bits:   [0x000002105f070000, 0x0000021061070000)

Polling page: 0x0000021048c60000

Metaspace:

Usage:
  Non-class:     14.51 MB used.
      Class:      1.71 MB used.
       Both:     16.22 MB used.

Virtual space:
  Non-class space:       64.00 MB reserved,      14.81 MB ( 23%) committed,  1 nodes.
      Class space:        1.00 GB reserved,       2.00 MB ( <1%) committed,  1 nodes.
             Both:        1.06 GB reserved,      16.81 MB (  2%) committed. 

Chunk freelists:
   Non-Class:  688.00 KB
       Class:  13.82 MB
        Both:  14.49 MB

MaxMetaspaceSize: unlimited
CompressedClassSpaceSize: 1.00 GB
Initial GC threshold: 21.00 MB
Current GC threshold: 21.00 MB
CDS: on
 - commit_granule_bytes: 65536.
 - commit_granule_words: 8192.
 - virtual_space_node_default_size: 8388608.
 - enlarge_chunks_in_place: 1.
 - use_allocation_guard: 0.


Internal statistics:

num_allocs_failed_limit: 0.
num_arena_births: 500.
num_arena_deaths: 0.
num_vsnodes_births: 2.
num_vsnodes_deaths: 0.
num_space_committed: 269.
num_space_uncommitted: 0.
num_chunks_returned_to_freelist: 0.
num_chunks_taken_from_freelist: 1131.
num_chunk_merges: 0.
num_chunk_splits: 694.
num_chunks_enlarged: 436.
num_inconsistent_stats: 0.

CodeHeap 'non-profiled nmethods': size=120000Kb used=1030Kb max_used=1030Kb free=118969Kb
 bounds [0x0000021055890000, 0x0000021055b00000, 0x000002105cdc0000]
CodeHeap 'profiled nmethods': size=120000Kb used=5034Kb max_used=5034Kb free=114966Kb
 bounds [0x000002104ddc0000, 0x000002104e2b0000, 0x00000210552f0000]
CodeHeap 'non-nmethods': size=5760Kb used=1271Kb max_used=1284Kb free=4489Kb
 bounds [0x00000210552f0000, 0x0000021055560000, 0x0000021055890000]
CodeCache: size=245760Kb, used=7335Kb, max_used=7348Kb, free=238424Kb
 total_blobs=3135, nmethods=2588, adapters=454, full_count=0
Compilation: enabled, stopped_count=0, restarted_count=0

Compilation events (20 events):
Event: 8.369 Thread 0x00000210615d60f0 nmethod 2581 0x000002104e2a4f10 code [0x000002104e2a50c0, 0x000002104e2a52c0]
Event: 8.375 Thread 0x00000210615d60f0 2582       3       java.util.regex.Matcher::reset (128 bytes)
Event: 8.376 Thread 0x00000210615d60f0 nmethod 2582 0x000002104e2a5390 code [0x000002104e2a55a0, 0x000002104e2a5b70]
Event: 8.381 Thread 0x00000210615d60f0 2583       3       org.eclipse.core.runtime.Path::<init> (37 bytes)
Event: 8.381 Thread 0x00000210615d60f0 nmethod 2583 0x000002104e2a5e10 code [0x000002104e2a5fc0, 0x000002104e2a6198]
Event: 8.381 Thread 0x00000210615d60f0 2585       3       org.eclipse.core.runtime.Path::segment (17 bytes)
Event: 8.381 Thread 0x00000210615d60f0 nmethod 2585 0x000002104e2a6290 code [0x000002104e2a6440, 0x000002104e2a65f0]
Event: 8.381 Thread 0x00000210615d60f0 2584       3       org.eclipse.core.internal.preferences.EclipsePreferences::internalNode (153 bytes)
Event: 8.384 Thread 0x00000210615d60f0 nmethod 2584 0x000002104e2a6710 code [0x000002104e2a6b20, 0x000002104e2a8ba0]
Event: 8.384 Thread 0x00000210615d60f0 2586       1       org.eclipse.core.internal.resources.Resource::getFullPath (5 bytes)
Event: 8.384 Thread 0x00000210615d60f0 nmethod 2586 0x0000021055991590 code [0x0000021055991720, 0x00000210559917e8]
Event: 8.387 Thread 0x00000210615d60f0 2589       3       org.eclipse.core.internal.preferences.EclipsePreferences::node (8 bytes)
Event: 8.388 Thread 0x00000210615d60f0 nmethod 2589 0x000002104e2a9710 code [0x000002104e2a98c0, 0x000002104e2a9a98]
Event: 8.394 Thread 0x00000210615d60f0 2590       3       java.lang.ref.SoftReference::get (29 bytes)
Event: 8.395 Thread 0x00000210615d60f0 nmethod 2590 0x000002104e2a9b90 code [0x000002104e2a9d40, 0x000002104e2a9ed8]
Event: 8.421 Thread 0x00000210615d60f0 2591       3       java.lang.ThreadLocal$ThreadLocalMap::nextIndex (15 bytes)
Event: 8.421 Thread 0x00000210615d60f0 nmethod 2591 0x000002104e2a9f90 code [0x000002104e2aa120, 0x000002104e2aa258]
Event: 8.452 Thread 0x00000210615d60f0 2593       3       java.lang.Double::parseDouble (5 bytes)
Event: 8.452 Thread 0x00000210615d60f0 nmethod 2593 0x000002104e2aa310 code [0x000002104e2aa4e0, 0x000002104e2aa720]
Event: 8.452 Thread 0x00000210615d60f0 2595   !   3       jdk.internal.math.FloatingDecimal::readJavaFormatString (826 bytes)

GC Heap History (6 events):
Event: 2.164 GC heap before
{Heap before GC invocations=1 (full 0):
 PSYoungGen      total 29696K, used 25600K [0x00000000d5580000, 0x00000000d7680000, 0x0000000100000000)
  eden space 25600K, 100% used [0x00000000d5580000,0x00000000d6e80000,0x00000000d6e80000)
  from space 4096K, 0% used [0x00000000d7280000,0x00000000d7280000,0x00000000d7680000)
  to   space 4096K, 0% used [0x00000000d6e80000,0x00000000d6e80000,0x00000000d7280000)
 ParOldGen       total 68608K, used 0K [0x0000000080000000, 0x0000000084300000, 0x00000000d5580000)
  object space 68608K, 0% used [0x0000000080000000,0x0000000080000000,0x0000000084300000)
 Metaspace       used 4334K, committed 4608K, reserved 1114112K
  class space    used 472K, committed 576K, reserved 1048576K
}
Event: 2.185 GC heap after
{Heap after GC invocations=1 (full 0):
 PSYoungGen      total 29696K, used 3335K [0x00000000d5580000, 0x00000000d7680000, 0x0000000100000000)
  eden space 25600K, 0% used [0x00000000d5580000,0x00000000d5580000,0x00000000d6e80000)
  from space 4096K, 81% used [0x00000000d6e80000,0x00000000d71c1e18,0x00000000d7280000)
  to   space 4096K, 0% used [0x00000000d7280000,0x00000000d7280000,0x00000000d7680000)
 ParOldGen       total 68608K, used 0K [0x0000000080000000, 0x0000000084300000, 0x00000000d5580000)
  object space 68608K, 0% used [0x0000000080000000,0x0000000080000000,0x0000000084300000)
 Metaspace       used 4334K, committed 4608K, reserved 1114112K
  class space    used 472K, committed 576K, reserved 1048576K
}
Event: 3.826 GC heap before
{Heap before GC invocations=2 (full 0):
 PSYoungGen      total 29696K, used 28935K [0x00000000d5580000, 0x00000000d7680000, 0x0000000100000000)
  eden space 25600K, 100% used [0x00000000d5580000,0x00000000d6e80000,0x00000000d6e80000)
  from space 4096K, 81% used [0x00000000d6e80000,0x00000000d71c1e18,0x00000000d7280000)
  to   space 4096K, 0% used [0x00000000d7280000,0x00000000d7280000,0x00000000d7680000)
 ParOldGen       total 68608K, used 0K [0x0000000080000000, 0x0000000084300000, 0x00000000d5580000)
  object space 68608K, 0% used [0x0000000080000000,0x0000000080000000,0x0000000084300000)
 Metaspace       used 8153K, committed 8448K, reserved 1114112K
  class space    used 868K, committed 1024K, reserved 1048576K
}
Event: 3.837 GC heap after
{Heap after GC invocations=2 (full 0):
 PSYoungGen      total 29696K, used 4093K [0x00000000d5580000, 0x00000000d7680000, 0x0000000100000000)
  eden space 25600K, 0% used [0x00000000d5580000,0x00000000d5580000,0x00000000d6e80000)
  from space 4096K, 99% used [0x00000000d7280000,0x00000000d767f600,0x00000000d7680000)
  to   space 4096K, 0% used [0x00000000d6e80000,0x00000000d6e80000,0x00000000d7280000)
 ParOldGen       total 68608K, used 894K [0x0000000080000000, 0x0000000084300000, 0x00000000d5580000)
  object space 68608K, 1% used [0x0000000080000000,0x00000000800dfb18,0x0000000084300000)
 Metaspace       used 8153K, committed 8448K, reserved 1114112K
  class space    used 868K, committed 1024K, reserved 1048576K
}
Event: 5.346 GC heap before
{Heap before GC invocations=3 (full 0):
 PSYoungGen      total 29696K, used 29693K [0x00000000d5580000, 0x00000000d7680000, 0x0000000100000000)
  eden space 25600K, 100% used [0x00000000d5580000,0x00000000d6e80000,0x00000000d6e80000)
  from space 4096K, 99% used [0x00000000d7280000,0x00000000d767f600,0x00000000d7680000)
  to   space 4096K, 0% used [0x00000000d6e80000,0x00000000d6e80000,0x00000000d7280000)
 ParOldGen       total 68608K, used 894K [0x0000000080000000, 0x0000000084300000, 0x00000000d5580000)
  object space 68608K, 1% used [0x0000000080000000,0x00000000800dfb18,0x0000000084300000)
 Metaspace       used 12968K, committed 13568K, reserved 1114112K
  class space    used 1376K, committed 1664K, reserved 1048576K
}
Event: 5.356 GC heap after
{Heap after GC invocations=3 (full 0):
 PSYoungGen      total 29696K, used 4086K [0x00000000d5580000, 0x00000000d7680000, 0x0000000100000000)
  eden space 25600K, 0% used [0x00000000d5580000,0x00000000d5580000,0x00000000d6e80000)
  from space 4096K, 99% used [0x00000000d6e80000,0x00000000d727d878,0x00000000d7280000)
  to   space 4096K, 0% used [0x00000000d7280000,0x00000000d7280000,0x00000000d7680000)
 ParOldGen       total 68608K, used 2722K [0x0000000080000000, 0x0000000084300000, 0x00000000d5580000)
  object space 68608K, 3% used [0x0000000080000000,0x00000000802a8a98,0x0000000084300000)
 Metaspace       used 12968K, committed 13568K, reserved 1114112K
  class space    used 1376K, committed 1664K, reserved 1048576K
}

Dll operation events (10 events):
Event: 0.014 Loaded shared library c:\Users\ashis\.vscode\extensions\redhat.java-1.46.0-win32-x64\jre\21.0.8-win32-x86_64\bin\java.dll
Event: 0.127 Loaded shared library c:\Users\ashis\.vscode\extensions\redhat.java-1.46.0-win32-x64\jre\21.0.8-win32-x86_64\bin\zip.dll
Event: 0.163 Loaded shared library C:\Users\ashis\.vscode\extensions\redhat.java-1.46.0-win32-x64\jre\21.0.8-win32-x86_64\bin\instrument.dll
Event: 0.171 Loaded shared library C:\Users\ashis\.vscode\extensions\redhat.java-1.46.0-win32-x64\jre\21.0.8-win32-x86_64\bin\net.dll
Event: 0.177 Loaded shared library C:\Users\ashis\.vscode\extensions\redhat.java-1.46.0-win32-x64\jre\21.0.8-win32-x86_64\bin\nio.dll
Event: 0.182 Loaded shared library C:\Users\ashis\.vscode\extensions\redhat.java-1.46.0-win32-x64\jre\21.0.8-win32-x86_64\bin\zip.dll
Event: 0.212 Loaded shared library C:\Users\ashis\.vscode\extensions\redhat.java-1.46.0-win32-x64\jre\21.0.8-win32-x86_64\bin\jimage.dll
Event: 0.615 Loaded shared library c:\Users\ashis\.vscode\extensions\redhat.java-1.46.0-win32-x64\jre\21.0.8-win32-x86_64\bin\verify.dll
Event: 3.787 Loaded shared library C:\Users\ashis\AppData\Roaming\Code\User\globalStorage\redhat.java\1.46.0\config_ss_win\org.eclipse.equinox.launcher\org.eclipse.equinox.launcher.win32.win32.x86_64_1.2.1400.v20250801-0854\eclipse_11916.dll
Event: 7.988 Loaded shared library C:\Users\ashis\AppData\Local\Temp\jna-93110816\jna8370516861410771077.dll

Deoptimization events (20 events):
Event: 6.446 Thread 0x0000021062adf780 DEOPT PACKING pc=0x000002105596828c sp=0x000000ca17ff6c60
Event: 6.446 Thread 0x0000021062adf780 DEOPT UNPACKING pc=0x0000021055343a9c sp=0x000000ca17ff6bf8 mode 2
Event: 6.469 Thread 0x0000021062adf780 Uncommon trap: trap_request=0xffffff45 fr.pc=0x00000210558c5d98 relative=0x0000000000000678
Event: 6.469 Thread 0x0000021062adf780 Uncommon trap: reason=unstable_if action=reinterpret pc=0x00000210558c5d98 method=java.lang.String.replace(Ljava/lang/CharSequence;Ljava/lang/CharSequence;)Ljava/lang/String; @ 42 c2
Event: 6.469 Thread 0x0000021062adf780 DEOPT PACKING pc=0x00000210558c5d98 sp=0x000000ca17ff7260
Event: 6.469 Thread 0x0000021062adf780 DEOPT UNPACKING pc=0x0000021055343a9c sp=0x000000ca17ff71e0 mode 2
Event: 8.027 Thread 0x0000021062adf780 DEOPT PACKING pc=0x000002104e1ac9b5 sp=0x000000ca17ff5d50
Event: 8.027 Thread 0x0000021062adf780 DEOPT UNPACKING pc=0x0000021055344223 sp=0x000000ca17ff5260 mode 0
Event: 8.286 Thread 0x0000021062adf780 Uncommon trap: trap_request=0xffffff45 fr.pc=0x0000021055983324 relative=0x0000000000000084
Event: 8.286 Thread 0x0000021062adf780 Uncommon trap: reason=unstable_if action=reinterpret pc=0x0000021055983324 method=java.lang.ref.SoftReference.get()Ljava/lang/Object; @ 6 c2
Event: 8.286 Thread 0x0000021062adf780 DEOPT PACKING pc=0x0000021055983324 sp=0x000000ca17ff93e0
Event: 8.286 Thread 0x0000021062adf780 DEOPT UNPACKING pc=0x0000021055343a9c sp=0x000000ca17ff9378 mode 2
Event: 8.333 Thread 0x000002106728b630 Uncommon trap: trap_request=0xffffff45 fr.pc=0x000002105598ec6c relative=0x000000000000012c
Event: 8.333 Thread 0x000002106728b630 Uncommon trap: reason=unstable_if action=reinterpret pc=0x000002105598ec6c method=java.lang.ThreadLocal.get(Ljava/lang/Thread;)Ljava/lang/Object; @ 7 c2
Event: 8.333 Thread 0x000002106728b630 DEOPT PACKING pc=0x000002105598ec6c sp=0x000000ca183fe690
Event: 8.333 Thread 0x000002106728b630 DEOPT UNPACKING pc=0x0000021055343a9c sp=0x000000ca183fe5b8 mode 2
Event: 8.445 Thread 0x0000021062adf780 Uncommon trap: trap_request=0xffffff45 fr.pc=0x000002105597aeb8 relative=0x0000000000000fd8
Event: 8.445 Thread 0x0000021062adf780 Uncommon trap: reason=unstable_if action=reinterpret pc=0x000002105597aeb8 method=jdk.internal.org.objectweb.asm.Frame.execute(IILjdk/internal/org/objectweb/asm/Symbol;Ljdk/internal/org/objectweb/asm/SymbolTable;)V @ 1 c2
Event: 8.445 Thread 0x0000021062adf780 DEOPT PACKING pc=0x000002105597aeb8 sp=0x000000ca17ff7a10
Event: 8.445 Thread 0x0000021062adf780 DEOPT UNPACKING pc=0x0000021055343a9c sp=0x000000ca17ff7998 mode 2

Classes loaded (20 events):
Event: 8.026 Loading class java/lang/Class$AnnotationData
Event: 8.027 Loading class java/lang/Class$AnnotationData done
Event: 8.029 Loading class jdk/internal/reflect/MethodHandleIntegerFieldAccessorImpl
Event: 8.030 Loading class jdk/internal/reflect/MethodHandleIntegerFieldAccessorImpl done
Event: 8.056 Loading class java/io/PrintWriter
Event: 8.057 Loading class java/io/PrintWriter done
Event: 8.074 Loading class jdk/internal/reflect/MethodHandleShortFieldAccessorImpl
Event: 8.074 Loading class jdk/internal/reflect/MethodHandleShortFieldAccessorImpl done
Event: 8.075 Loading class java/lang/Short$ShortCache
Event: 8.075 Loading class java/lang/Short$ShortCache done
Event: 8.274 Loading class java/util/function/LongUnaryOperator
Event: 8.274 Loading class java/util/function/LongUnaryOperator done
Event: 8.275 Loading class java/lang/ThreadDeath
Event: 8.276 Loading class java/lang/ThreadDeath done
Event: 8.296 Loading class java/util/stream/SortedOps$SizedRefSortingSink
Event: 8.296 Loading class java/util/stream/SortedOps$SizedRefSortingSink done
Event: 8.355 Loading class java/util/concurrent/atomic/Striped64$1
Event: 8.356 Loading class java/util/concurrent/atomic/Striped64$1 done
Event: 8.453 Loading class java/util/Collections$UnmodifiableSortedSet
Event: 8.453 Loading class java/util/Collections$UnmodifiableSortedSet done

Classes unloaded (0 events):
No events

Classes redefined (0 events):
No events

Internal exceptions (20 events):
Event: 8.032 Thread 0x0000021062adf780 Exception <a 'java/lang/NoSuchMethodError'{0x00000000d6432510}: 'void java.lang.invoke.DelegatingMethodHandle$Holder.reinvoke_L(java.lang.Object, java.lang.Object, int)'> (0x00000000d6432510) 
thrown [s\src\hotspot\share\interpreter\linkResolver.cpp, line 773]
Event: 8.034 Thread 0x0000021062adf780 Exception <a 'java/lang/NoSuchMethodError'{0x00000000d64391f8}: 'int java.lang.invoke.Invokers$Holder.invokeExact_MT(java.lang.Object, java.lang.Object, java.lang.Object)'> (0x00000000d64391f8) 
thrown [s\src\hotspot\share\interpreter\linkResolver.cpp, line 773]
Event: 8.083 Thread 0x0000021062adf780 Exception <a 'java/lang/NoSuchMethodError'{0x00000000d654b370}: 'void java.lang.invoke.Invokers$Holder.invokeExact_MT(java.lang.Object, java.lang.Object, int, java.lang.Object)'> (0x00000000d654b370) 
thrown [s\src\hotspot\share\interpreter\linkResolver.cpp, line 773]
Event: 8.271 Thread 0x0000021062adf780 Exception <a 'java/lang/NoSuchMethodError'{0x00000000d6645b20}: 'java.lang.Object java.lang.invoke.DirectMethodHandle$Holder.invokeSpecial(java.lang.Object, java.lang.Object, java.lang.Object, long, java.lang.Object)'> (0x00000000d6645b20) 
thrown [s\src\hotspot\share\interpreter\linkResolver.cpp, line 773]
Event: 8.272 Thread 0x0000021062adf780 Exception <a 'java/lang/NoSuchMethodError'{0x00000000d664d368}: 'java.lang.Object java.lang.invoke.DirectMethodHandle$Holder.newInvokeSpecial(java.lang.Object, java.lang.Object, java.lang.Object, long)'> (0x00000000d664d368) 
thrown [s\src\hotspot\share\interpreter\linkResolver.cpp, line 773]
Event: 8.273 Thread 0x0000021062adf780 Exception <a 'java/lang/NoSuchMethodError'{0x00000000d6651758}: 'java.lang.Object java.lang.invoke.DirectMethodHandle$Holder.invokeSpecial(java.lang.Object, java.lang.Object, java.lang.Object, java.lang.Object, long)'> (0x00000000d6651758) 
thrown [s\src\hotspot\share\interpreter\linkResolver.cpp, line 773]
Event: 8.273 Thread 0x0000021062adf780 Exception <a 'java/lang/NoSuchMethodError'{0x00000000d6655378}: 'java.lang.Object java.lang.invoke.Invokers$Holder.linkToTargetMethod(java.lang.Object, java.lang.Object, long, java.lang.Object)'> (0x00000000d6655378) 
thrown [s\src\hotspot\share\interpreter\linkResolver.cpp, line 773]
Event: 8.293 Thread 0x0000021062adf780 Exception <a 'java/lang/NoSuchMethodError'{0x00000000d66c75b0}: 'int java.lang.invoke.DirectMethodHandle$Holder.invokeStaticInit(java.lang.Object, java.lang.Object, java.lang.Object)'> (0x00000000d66c75b0) 
thrown [s\src\hotspot\share\interpreter\linkResolver.cpp, line 773]
Event: 8.314 Thread 0x0000021062adf780 Exception <a 'java/lang/IncompatibleClassChangeError'{0x00000000d674a4e8}: Found class java.lang.Object, but interface was expected> (0x00000000d674a4e8) 
thrown [s\src\hotspot\share\interpreter\linkResolver.cpp, line 840]
Event: 8.322 Thread 0x0000021062adf780 Exception <a 'java/lang/NoSuchMethodError'{0x00000000d675cca0}: 'java.lang.Object java.lang.invoke.DirectMethodHandle$Holder.invokeSpecial(java.lang.Object, java.lang.Object, java.lang.Object, int, java.lang.Object, java.lang.Object)'> (0x00000000d675cca0) 
thrown [s\src\hotspot\share\interpreter\linkResolver.cpp, line 773]
Event: 8.324 Thread 0x0000021062adf780 Exception <a 'java/lang/NoSuchMethodError'{0x00000000d6764778}: 'java.lang.Object java.lang.invoke.DirectMethodHandle$Holder.newInvokeSpecial(java.lang.Object, java.lang.Object, java.lang.Object, int, java.lang.Object)'> (0x00000000d6764778) 
thrown [s\src\hotspot\share\interpreter\linkResolver.cpp, line 773]
Event: 8.324 Thread 0x0000021062adf780 Exception <a 'java/lang/NoSuchMethodError'{0x00000000d6768738}: 'java.lang.Object java.lang.invoke.DirectMethodHandle$Holder.invokeSpecial(java.lang.Object, java.lang.Object, java.lang.Object, java.lang.Object, int, java.lang.Object)'> (0x00000000d6768738) 
thrown [s\src\hotspot\share\interpreter\linkResolver.cpp, line 773]
Event: 8.325 Thread 0x0000021062adf780 Exception <a 'java/lang/NoSuchMethodError'{0x00000000d676c278}: 'java.lang.Object java.lang.invoke.Invokers$Holder.linkToTargetMethod(java.lang.Object, java.lang.Object, int, java.lang.Object, java.lang.Object)'> (0x00000000d676c278) 
thrown [s\src\hotspot\share\interpreter\linkResolver.cpp, line 773]
Event: 8.326 Thread 0x000002106728b630 Exception <a 'java/lang/NoSuchMethodError'{0x00000000d6692a80}: 'java.lang.Object java.lang.invoke.DirectMethodHandle$Holder.invokeSpecial(java.lang.Object, java.lang.Object, int, java.lang.Object, java.lang.Object)'> (0x00000000d6692a80) 
thrown [s\src\hotspot\share\interpreter\linkResolver.cpp, line 773]
Event: 8.330 Thread 0x000002106728b630 Exception <a 'java/lang/NoSuchMethodError'{0x00000000d66997b8}: 'java.lang.Object java.lang.invoke.DirectMethodHandle$Holder.newInvokeSpecial(java.lang.Object, java.lang.Object, int, java.lang.Object)'> (0x00000000d66997b8) 
thrown [s\src\hotspot\share\interpreter\linkResolver.cpp, line 773]
Event: 8.331 Thread 0x000002106728b630 Exception <a 'java/lang/NoSuchMethodError'{0x00000000d669d0d8}: 'java.lang.Object java.lang.invoke.DirectMethodHandle$Holder.invokeSpecial(java.lang.Object, java.lang.Object, java.lang.Object, int, java.lang.Object)'> (0x00000000d669d0d8) 
thrown [s\src\hotspot\share\interpreter\linkResolver.cpp, line 773]
Event: 8.333 Thread 0x000002106728b630 Implicit null exception at 0x000002105598eb8b to 0x000002105598ec54
Event: 8.362 Thread 0x0000021062adf780 Exception <a 'java/lang/NoSuchMethodError'{0x00000000d688c938}: 'void java.lang.invoke.DirectMethodHandle$Holder.invokeSpecial(java.lang.Object, java.lang.Object, java.lang.Object, java.lang.Object, java.lang.Object)'> (0x00000000d688c938) 
thrown [s\src\hotspot\share\interpreter\linkResolver.cpp, line 773]
Event: 8.444 Thread 0x0000021062adf780 Exception <a 'java/lang/NoSuchMethodError'{0x00000000d6a9a7a8}: 'double java.lang.invoke.DirectMethodHandle$Holder.invokeStatic(java.lang.Object, java.lang.Object)'> (0x00000000d6a9a7a8) 
thrown [s\src\hotspot\share\interpreter\linkResolver.cpp, line 773]
Event: 8.445 Thread 0x0000021062adf780 Exception <a 'java/lang/NoSuchMethodError'{0x00000000d6a9de68}: 'double java.lang.invoke.DirectMethodHandle$Holder.invokeStaticInit(java.lang.Object, java.lang.Object)'> (0x00000000d6a9de68) 
thrown [s\src\hotspot\share\interpreter\linkResolver.cpp, line 773]

ZGC Phase Switch (0 events):
No events

VM Operations (20 events):
Event: 4.280 Executing VM operation: HandshakeAllThreads (Deoptimize)
Event: 4.280 Executing VM operation: HandshakeAllThreads (Deoptimize) done
Event: 5.045 Executing VM operation: HandshakeAllThreads (Deoptimize)
Event: 5.045 Executing VM operation: HandshakeAllThreads (Deoptimize) done
Event: 5.045 Executing VM operation: Cleanup
Event: 5.045 Executing VM operation: Cleanup done
Event: 5.346 Executing VM operation: ParallelGCFailedAllocation (Allocation Failure)
Event: 5.356 Executing VM operation: ParallelGCFailedAllocation (Allocation Failure) done
Event: 5.477 Executing VM operation: HandshakeAllThreads (Deoptimize)
Event: 5.477 Executing VM operation: HandshakeAllThreads (Deoptimize) done
Event: 5.488 Executing VM operation: HandshakeAllThreads (Deoptimize)
Event: 5.488 Executing VM operation: HandshakeAllThreads (Deoptimize) done
Event: 5.515 Executing VM operation: HandshakeAllThreads (Deoptimize)
Event: 5.515 Executing VM operation: HandshakeAllThreads (Deoptimize) done
Event: 6.513 Executing VM operation: Cleanup
Event: 6.513 Executing VM operation: Cleanup done
Event: 7.525 Executing VM operation: Cleanup
Event: 7.525 Executing VM operation: Cleanup done
Event: 8.007 Executing VM operation: HandshakeAllThreads (Deoptimize)
Event: 8.007 Executing VM operation: HandshakeAllThreads (Deoptimize) done

Memory protections (0 events):
No events

Nmethod flushes (0 events):
No events

Events (19 events):
Event: 0.037 Thread 0x000002104abbf230 Thread added: 0x000002104abbf230
Event: 0.062 Thread 0x000002104abbf230 Thread added: 0x000002106159b580
Event: 0.062 Thread 0x000002104abbf230 Thread added: 0x000002106159ccd0
Event: 0.062 Thread 0x000002104abbf230 Thread added: 0x00000210615a1340
Event: 0.062 Thread 0x000002104abbf230 Thread added: 0x00000210615a2050
Event: 0.063 Thread 0x000002104abbf230 Thread added: 0x00000210615a3e90
Event: 0.063 Thread 0x000002104abbf230 Thread added: 0x00000210615a48e0
Event: 0.063 Thread 0x000002104abbf230 Thread added: 0x00000210615a5710
Event: 0.064 Thread 0x000002104abbf230 Thread added: 0x00000210615d60f0
Event: 0.105 Thread 0x000002104abbf230 Thread added: 0x000002104ac861b0
Event: 0.918 Thread 0x000002104abbf230 Thread added: 0x00000210624892d0
Event: 3.189 Thread 0x000002104abbf230 Thread added: 0x0000021062a96a40
Event: 3.697 Thread 0x000002104abbf230 Thread added: 0x0000021062597400
Event: 3.719 Thread 0x000002104abbf230 Thread added: 0x0000021062adf780
Event: 4.256 Thread 0x0000021062adf780 Thread added: 0x00000210629ab5a0
Event: 5.140 Thread 0x0000021062adf780 Thread added: 0x0000021062cd8c90
Event: 8.048 Thread 0x0000021062adf780 Thread added: 0x0000021062e1d1b0
Event: 8.278 Thread 0x0000021062adf780 Thread added: 0x000002106728b630
Event: 8.326 Thread 0x0000021062adf780 Thread added: 0x000002106708a150


Dynamic libraries:
0x00007ff68a000000 - 0x00007ff68a00e000 	c:\Users\ashis\.vscode\extensions\redhat.java-1.46.0-win32-x64\jre\21.0.8-win32-x86_64\bin\java.exe
0x00007fff4f930000 - 0x00007fff4fb28000 	C:\WINDOWS\SYSTEM32\ntdll.dll
0x00007fff4dbb0000 - 0x00007fff4dc72000 	C:\WINDOWS\System32\KERNEL32.DLL
0x00007fff4d280000 - 0x00007fff4d576000 	C:\WINDOWS\System32\KERNELBASE.dll
0x00007fff4cfd0000 - 0x00007fff4d0d0000 	C:\WINDOWS\System32\ucrtbase.dll
0x00007fff47900000 - 0x00007fff47918000 	c:\Users\ashis\.vscode\extensions\redhat.java-1.46.0-win32-x64\jre\21.0.8-win32-x86_64\bin\jli.dll
0x00007fff4f1e0000 - 0x00007fff4f37d000 	C:\WINDOWS\System32\USER32.dll
0x00007fff4d8b0000 - 0x00007fff4d8d2000 	C:\WINDOWS\System32\win32u.dll
0x00007fff4ea70000 - 0x00007fff4ea9b000 	C:\WINDOWS\System32\GDI32.dll
0x00007fff4d630000 - 0x00007fff4d749000 	C:\WINDOWS\System32\gdi32full.dll
0x00007fff4d1e0000 - 0x00007fff4d27d000 	C:\WINDOWS\System32\msvcp_win.dll
0x00007fff46ff0000 - 0x00007fff4700e000 	c:\Users\ashis\.vscode\extensions\redhat.java-1.46.0-win32-x64\jre\21.0.8-win32-x86_64\bin\VCRUNTIME140.dll
0x00007fff3a080000 - 0x00007fff3a31b000 	C:\WINDOWS\WinSxS\amd64_microsoft.windows.common-controls_6595b64144ccf1df_6.0.19041.6280_none_60bc30a171f2f3f3\COMCTL32.dll
0x00007fff4ed70000 - 0x00007fff4ee0e000 	C:\WINDOWS\System32\msvcrt.dll
0x00007fff4ddc0000 - 0x00007fff4ddef000 	C:\WINDOWS\System32\IMM32.DLL
0x00007fff47c90000 - 0x00007fff47c9c000 	c:\Users\ashis\.vscode\extensions\redhat.java-1.46.0-win32-x64\jre\21.0.8-win32-x86_64\bin\vcruntime140_1.dll
0x00007fff21a00000 - 0x00007fff21a8d000 	c:\Users\ashis\.vscode\extensions\redhat.java-1.46.0-win32-x64\jre\21.0.8-win32-x86_64\bin\msvcp140.dll
0x00007fff16460000 - 0x00007fff171f7000 	c:\Users\ashis\.vscode\extensions\redhat.java-1.46.0-win32-x64\jre\21.0.8-win32-x86_64\bin\server\jvm.dll
0x00007fff4dc80000 - 0x00007fff4dd31000 	C:\WINDOWS\System32\ADVAPI32.dll
0x00007fff4f720000 - 0x00007fff4f7bf000 	C:\WINDOWS\System32\sechost.dll
0x00007fff4da90000 - 0x00007fff4dbb0000 	C:\WINDOWS\System32\RPCRT4.dll
0x00007fff4d930000 - 0x00007fff4d957000 	C:\WINDOWS\System32\bcrypt.dll
0x00007fff4ee10000 - 0x00007fff4ee7b000 	C:\WINDOWS\System32\WS2_32.dll
0x00007fff4ce30000 - 0x00007fff4ce7b000 	C:\WINDOWS\SYSTEM32\POWRPROF.dll
0x00007fff39a50000 - 0x00007fff39a77000 	C:\WINDOWS\SYSTEM32\WINMM.dll
0x00007fff456e0000 - 0x00007fff456ea000 	C:\WINDOWS\SYSTEM32\VERSION.dll
0x00007fff4ce10000 - 0x00007fff4ce22000 	C:\WINDOWS\SYSTEM32\UMPDC.dll
0x00007fff4b030000 - 0x00007fff4b042000 	C:\WINDOWS\SYSTEM32\kernel.appcore.dll
0x00007fff47c50000 - 0x00007fff47c5a000 	c:\Users\ashis\.vscode\extensions\redhat.java-1.46.0-win32-x64\jre\21.0.8-win32-x86_64\bin\jimage.dll
0x00007fff4abd0000 - 0x00007fff4add1000 	C:\WINDOWS\SYSTEM32\DBGHELP.DLL
0x00007fff38e80000 - 0x00007fff38eb4000 	C:\WINDOWS\SYSTEM32\dbgcore.DLL
0x00007fff4d150000 - 0x00007fff4d1d2000 	C:\WINDOWS\System32\bcryptPrimitives.dll
0x00007fff47b90000 - 0x00007fff47b9f000 	c:\Users\ashis\.vscode\extensions\redhat.java-1.46.0-win32-x64\jre\21.0.8-win32-x86_64\bin\instrument.dll
0x00007fff464a0000 - 0x00007fff464bf000 	c:\Users\ashis\.vscode\extensions\redhat.java-1.46.0-win32-x64\jre\21.0.8-win32-x86_64\bin\java.dll
0x00007fff4de00000 - 0x00007fff4e570000 	C:\WINDOWS\System32\SHELL32.dll
0x00007fff4b050000 - 0x00007fff4b7f5000 	C:\WINDOWS\SYSTEM32\windows.storage.dll
0x00007fff4ee80000 - 0x00007fff4f1d3000 	C:\WINDOWS\System32\combase.dll
0x00007fff4c930000 - 0x00007fff4c95b000 	C:\WINDOWS\SYSTEM32\Wldp.dll
0x00007fff4eb00000 - 0x00007fff4ebcd000 	C:\WINDOWS\System32\OLEAUT32.dll
0x00007fff4f400000 - 0x00007fff4f4ad000 	C:\WINDOWS\System32\SHCORE.dll
0x00007fff4eaa0000 - 0x00007fff4eafb000 	C:\WINDOWS\System32\shlwapi.dll
0x00007fff4cf00000 - 0x00007fff4cf24000 	C:\WINDOWS\SYSTEM32\profapi.dll
0x00007fff437a0000 - 0x00007fff437b8000 	c:\Users\ashis\.vscode\extensions\redhat.java-1.46.0-win32-x64\jre\21.0.8-win32-x86_64\bin\zip.dll
0x00007fff467b0000 - 0x00007fff467c0000 	C:\Users\ashis\.vscode\extensions\redhat.java-1.46.0-win32-x64\jre\21.0.8-win32-x86_64\bin\net.dll
0x00007fff43ee0000 - 0x00007fff43fea000 	C:\WINDOWS\SYSTEM32\WINHTTP.dll
0x00007fff4c690000 - 0x00007fff4c6fa000 	C:\WINDOWS\system32\mswsock.dll
0x00007fff43760000 - 0x00007fff43776000 	C:\Users\ashis\.vscode\extensions\redhat.java-1.46.0-win32-x64\jre\21.0.8-win32-x86_64\bin\nio.dll
0x00007fff464e0000 - 0x00007fff464f0000 	c:\Users\ashis\.vscode\extensions\redhat.java-1.46.0-win32-x64\jre\21.0.8-win32-x86_64\bin\verify.dll
0x00007fff1aee0000 - 0x00007fff1af24000 	C:\Users\ashis\AppData\Roaming\Code\User\globalStorage\redhat.java\1.46.0\config_ss_win\org.eclipse.equinox.launcher\org.eclipse.equinox.launcher.win32.win32.x86_64_1.2.1400.v20250801-0854\eclipse_11916.dll
0x00007fff4d960000 - 0x00007fff4da8b000 	C:\WINDOWS\System32\ole32.dll
0x00007fff4c890000 - 0x00007fff4c8a8000 	C:\WINDOWS\SYSTEM32\CRYPTSP.dll
0x00007fff4bfb0000 - 0x00007fff4bfe8000 	C:\WINDOWS\system32\rsaenh.dll
0x00007fff4ce80000 - 0x00007fff4ceae000 	C:\WINDOWS\SYSTEM32\USERENV.dll
0x00007fff4c880000 - 0x00007fff4c88c000 	C:\WINDOWS\SYSTEM32\CRYPTBASE.dll
0x00007fff4c370000 - 0x00007fff4c3ab000 	C:\WINDOWS\SYSTEM32\IPHLPAPI.DLL
0x00007fff4ddf0000 - 0x00007fff4ddf8000 	C:\WINDOWS\System32\NSI.dll
0x00007fff1add0000 - 0x00007fff1ae19000 	C:\Users\ashis\AppData\Local\Temp\jna-93110816\jna8370516861410771077.dll
0x00007fff4f7c0000 - 0x00007fff4f7c8000 	C:\WINDOWS\System32\PSAPI.DLL

JVMTI agents:
c:\Users\ashis\.vscode\extensions\redhat.java-1.46.0-win32-x64\lombok\lombok-1.18.39-4050.jar path:c:\Users\ashis\.vscode\extensions\redhat.java-1.46.0-win32-x64\jre\21.0.8-win32-x86_64\bin\instrument.dll, loaded, initialized, instrumentlib options:none

dbghelp: loaded successfully - version: 4.0.5 - missing functions: none
symbol engine: initialized successfully - sym options: 0x614 - pdb path: .;c:\Users\ashis\.vscode\extensions\redhat.java-1.46.0-win32-x64\jre\21.0.8-win32-x86_64\bin;C:\WINDOWS\SYSTEM32;C:\WINDOWS\WinSxS\amd64_microsoft.windows.common-controls_6595b64144ccf1df_6.0.19041.6280_none_60bc30a171f2f3f3;c:\Users\ashis\.vscode\extensions\redhat.java-1.46.0-win32-x64\jre\21.0.8-win32-x86_64\bin\server;C:\Users\ashis\AppData\Roaming\Code\User\globalStorage\redhat.java\1.46.0\config_ss_win\org.eclipse.equinox.launcher\org.eclipse.equinox.launcher.win32.win32.x86_64_1.2.1400.v20250801-0854;C:\Users\ashis\AppData\Local\Temp\jna-93110816

VM Arguments:
jvm_args: --add-modules=ALL-SYSTEM --add-opens=java.base/java.util=ALL-UNNAMED --add-opens=java.base/java.lang=ALL-UNNAMED --add-opens=java.base/sun.nio.fs=ALL-UNNAMED -Declipse.application=org.eclipse.jdt.ls.core.id1 -Dosgi.bundles.defaultStartLevel=4 -Declipse.product=org.eclipse.jdt.ls.core.product -Djava.import.generatesMetadataFilesAtProjectRoot=false -DDetectVMInstallationsJob.disabled=true -Dfile.encoding=utf8 -XX:+UseParallelGC -XX:GCTimeRatio=4 -XX:AdaptiveSizePolicyWeight=90 -Dsun.zip.disableMemoryMapping=true -Xmx2G -Xms100m -Xlog:disable -javaagent:c:\Users\ashis\.vscode\extensions\redhat.java-1.46.0-win32-x64\lombok\lombok-1.18.39-4050.jar 
java_command: c:\Users\ashis\.vscode\extensions\redhat.java-1.46.0-win32-x64\server\plugins\org.eclipse.equinox.launcher_1.7.0.v20250519-0528.jar -configuration c:\Users\ashis\AppData\Roaming\Code\User\globalStorage\redhat.java\1.46.0\config_ss_win -data c:\Users\ashis\AppData\Roaming\Code\User\workspaceStorage\c6b6de62d2339e5c993c5c93459344ac\redhat.java\ss_ws --pipe=\\.\pipe\lsp-ec39dabe99325a221e236b354299b952-sock
java_class_path (initial): c:\Users\ashis\.vscode\extensions\redhat.java-1.46.0-win32-x64\server\plugins\org.eclipse.equinox.launcher_1.7.0.v20250519-0528.jar
Launcher Type: SUN_STANDARD

[Global flags]
    uintx AdaptiveSizePolicyWeight                 = 90                                        {product} {command line}
     intx CICompilerCount                          = 3                                         {product} {ergonomic}
    uintx GCTimeRatio                              = 4                                         {product} {command line}
   size_t InitialHeapSize                          = 104857600                                 {product} {command line}
   size_t MaxHeapSize                              = 2147483648                                {product} {command line}
   size_t MaxNewSize                               = 715653120                                 {product} {ergonomic}
   size_t MinHeapDeltaBytes                        = 524288                                    {product} {ergonomic}
   size_t MinHeapSize                              = 104857600                                 {product} {command line}
   size_t NewSize                                  = 34603008                                  {product} {ergonomic}
    uintx NonNMethodCodeHeapSize                   = 5832780                                {pd product} {ergonomic}
    uintx NonProfiledCodeHeapSize                  = 122912730                              {pd product} {ergonomic}
   size_t OldSize                                  = 70254592                                  {product} {ergonomic}
    uintx ProfiledCodeHeapSize                     = 122912730                              {pd product} {ergonomic}
    uintx ReservedCodeCacheSize                    = 251658240                              {pd product} {ergonomic}
     bool SegmentedCodeCache                       = true                                      {product} {ergonomic}
   size_t SoftMaxHeapSize                          = 2147483648                             {manageable} {ergonomic}
     bool UseCompressedOops                        = true                           {product lp64_product} {ergonomic}
     bool UseLargePagesIndividualAllocation        = false                                  {pd product} {ergonomic}
     bool UseParallelGC                            = true                                      {product} {command line}

Logging:
Log output configuration:
 #0: stdout all=off uptime,level,tags foldmultilines=false
 #1: stderr all=off uptime,level,tags foldmultilines=false

Environment Variables:
JAVA_HOME=C:\Program Files\Java\jdk-23
PATH=C:\Python312\Scripts\;C:\Python312\;C:\Program Files\Common Files\Oracle\Java\javapath;C:\WINDOWS\system32;C:\WINDOWS;C:\WINDOWS\System32\Wbem;C:\WINDOWS\System32\WindowsPowerShell\v1.0\;C:\WINDOWS\System32\OpenSSH\;C:\Program Files\MySQL\MySQL Server 8.0\bin;C:\Program Files\nodejs\;C:\ProgramData\chocolatey\bin;C:\Program Files\Redis\;C:\Users\ashis\Downloads\mongosh-2.3.7-win32-x64 (1)\mongosh-2.3.7-win32-x64\bin;C:\Program Files\MongoDB\Server\8.0\bin;C:\Program Files\Git\cmd;C:\Program Files\Git\bin;C:\Program Files\Java\jdk-23\bin;C:\Program Files\apache-maven-3.9.11\bin;C:\Program Files\MySQL\MySQL Shell 8.0\bin\;C:\Users\ashis\AppData\Local\Microsoft\WindowsApps;C:\Users\ashis\AppData\Local\Programs\Microsoft VS Code\bin;C:\Users\ashis\AppData\Roaming\npm;C:\Program Files\MongoDB\Server\8.0\bin;C:\Program Files\PostgreSQL\17\bin;C:\Program Files\apache-maven-3.9.11\bin;
USERNAME=ashis
OS=Windows_NT
PROCESSOR_IDENTIFIER=Intel64 Family 6 Model 122 Stepping 8, GenuineIntel
TMP=C:\Users\ashis\AppData\Local\Temp
TEMP=C:\Users\ashis\AppData\Local\Temp




Periodic native trim disabled

---------------  S Y S T E M  ---------------

OS:
 Windows 10 , 64 bit Build 19041 (10.0.19041.5915)
OS uptime: 19 days 8:29 hours

CPU: total 4 (initial active 4) (4 cores per cpu, 1 threads per core) family 6 model 122 stepping 8 microcode 0x1c, cx8, cmov, fxsr, mmx, 3dnowpref, sse, sse2, sse3, ssse3, sse4.1, sse4.2, popcnt, tsc, tscinvbit, aes, erms, clmul, sha, clflush, clflushopt, rdtscp, rdpid
Processor Information for the first 4 processors :
  Max Mhz: 1101, Current Mhz: 1101, Mhz Limit: 1101

Memory: 4k page, system-wide physical 3918M (45M free)
TotalPageFile size 15694M (AvailPageFile size 0M)
current process WorkingSet (physical memory assigned to process): 116M, peak: 116M
current process commit charge ("private bytes"): 247M, peak: 247M

vm_info: OpenJDK 64-Bit Server VM (21.0.8+9-LTS) for windows-amd64 JRE (21.0.8+9-LTS), built on 2025-07-15T00:00:00Z by "admin" with MS VC++ 17.7 (VS2022)

END.
