#
# There is insufficient memory for the Java Runtime Environment to continue.
# Native memory allocation (malloc) failed to allocate 118816 bytes. Error detail: Chunk::new
# Possible reasons:
#   The system is out of physical RAM or swap space
#   This process is running with CompressedOops enabled, and the Java Heap may be blocking the growth of the native heap
# Possible solutions:
#   Reduce memory load on the system
#   Increase physical memory or swap space
#   Check if swap backing store is full
#   Decrease Java heap size (-Xmx/-Xms)
#   Decrease number of Java threads
#   Decrease Java thread stack sizes (-Xss)
#   Set larger code cache with -XX:ReservedCodeCacheSize=
#   JVM is running with Unscaled Compressed Oops mode in which the Java heap is
#     placed in the first 4GB address space. The Java Heap base address is the
#     maximum limit for the native heap growth. Please use -XX:HeapBaseMinAddress
#     to set the Java Heap base and to place the Java Heap above 4GB virtual address.
# This output file may be truncated or incomplete.
#
#  Out of Memory Error (arena.cpp:168), pid=17092, tid=13444
#
# JRE version: OpenJDK Runtime Environment Temurin-21.0.8+9 (21.0.8+9) (build 21.0.8+9-LTS)
# Java VM: OpenJDK 64-Bit Server VM Temurin-21.0.8+9 (21.0.8+9-LTS, mixed mode, sharing, tiered, compressed oops, compressed class ptrs, parallel gc, windows-amd64)
# No core dump will be written. Minidumps are not enabled by default on client versions of Windows
#

---------------  S U M M A R Y ------------

Command Line: --add-modules=ALL-SYSTEM --add-opens=java.base/java.util=ALL-UNNAMED --add-opens=java.base/java.lang=ALL-UNNAMED --add-opens=java.base/sun.nio.fs=ALL-UNNAMED -Declipse.application=org.eclipse.jdt.ls.core.id1 -Dosgi.bundles.defaultStartLevel=4 -Declipse.product=org.eclipse.jdt.ls.core.product -Djava.import.generatesMetadataFilesAtProjectRoot=false -DDetectVMInstallationsJob.disabled=true -Dfile.encoding=utf8 -XX:+UseParallelGC -XX:GCTimeRatio=4 -XX:AdaptiveSizePolicyWeight=90 -Dsun.zip.disableMemoryMapping=true -Xmx2G -Xms100m -Xlog:disable -javaagent:c:\Users\ashis\.vscode\extensions\redhat.java-1.46.0-win32-x64\lombok\lombok-1.18.39-4050.jar -XX:+HeapDumpOnOutOfMemoryError -XX:HeapDumpPath=c:\Users\ashis\AppData\Roaming\Code\User\workspaceStorage\092032f4d222c2bb43f7764757c1a2a7\redhat.java -Daether.dependencyCollector.impl=bf c:\Users\ashis\.vscode\extensions\redhat.java-1.46.0-win32-x64\server\plugins\org.eclipse.equinox.launcher_1.7.0.v20250519-0528.jar -configuration c:\Users\ashis\AppData\Roaming\Code\User\globalStorage\redhat.java\1.46.0\config_win -data c:\Users\ashis\AppData\Roaming\Code\User\workspaceStorage\092032f4d222c2bb43f7764757c1a2a7\redhat.java\jdt_ws --pipe=\\.\pipe\lsp-8e93eff0c9dc21b11b9357bbf5360f1a-sock

Host: Intel(R) Pentium(R) Silver N5030 CPU @ 1.10GHz, 4 cores, 3G,  Windows 10 , 64 bit Build 19041 (10.0.19041.5915)
Time: Tue Oct  7 17:38:37 2025 India Standard Time elapsed time: 2.824562 seconds (0d 0h 0m 2s)

---------------  T H R E A D  ---------------

Current thread (0x000001c646904260):  JavaThread "C2 CompilerThread0" daemon [_thread_in_native, id=13444, stack(0x0000009fc2400000,0x0000009fc2500000) (1024K)]


Current CompileTask:
C2:2824  640       4       java.util.HashSet::iterator (13 bytes)

Stack: [0x0000009fc2400000,0x0000009fc2500000]
Native frames: (J=compiled Java code, j=interpreted, Vv=VM code, C=native code)
V  [jvm.dll+0x6d2449]
V  [jvm.dll+0x8ae341]
V  [jvm.dll+0x8b08be]
V  [jvm.dll+0x8b0fa3]
V  [jvm.dll+0x280c96]
V  [jvm.dll+0xc581d]
V  [jvm.dll+0xc5d53]
V  [jvm.dll+0x3b919c]
V  [jvm.dll+0x385315]
V  [jvm.dll+0x38477a]
V  [jvm.dll+0x248ed0]
V  [jvm.dll+0x2484af]
V  [jvm.dll+0x1c89ee]
V  [jvm.dll+0x257d4d]
V  [jvm.dll+0x2562ea]
V  [jvm.dll+0x3f2d16]
V  [jvm.dll+0x857e6b]
V  [jvm.dll+0x6d0b0d]
C  [ucrtbase.dll+0x21bb2]
C  [KERNEL32.DLL+0x17374]
C  [ntdll.dll+0x4cc91]


---------------  P R O C E S S  ---------------

Threads class SMR info:
_java_thread_list=0x000001c662268ad0, length=11, elements={
0x000001c646a0f860, 0x000001c6468fae80, 0x000001c6468fbfe0, 0x000001c6468fdf00,
0x000001c6468fee10, 0x000001c6469029e0, 0x000001c646903430, 0x000001c646904260,
0x000001c64697a630, 0x000001c646ad5590, 0x000001c6625897b0
}

Java Threads: ( => current thread )
  0x000001c646a0f860 JavaThread "main"                              [_thread_in_vm, id=15020, stack(0x0000009fc1a00000,0x0000009fc1b00000) (1024K)]
  0x000001c6468fae80 JavaThread "Reference Handler"          daemon [_thread_blocked, id=3096, stack(0x0000009fc1e00000,0x0000009fc1f00000) (1024K)]
  0x000001c6468fbfe0 JavaThread "Finalizer"                  daemon [_thread_blocked, id=11804, stack(0x0000009fc1f00000,0x0000009fc2000000) (1024K)]
  0x000001c6468fdf00 JavaThread "Signal Dispatcher"          daemon [_thread_blocked, id=17568, stack(0x0000009fc2000000,0x0000009fc2100000) (1024K)]
  0x000001c6468fee10 JavaThread "Attach Listener"            daemon [_thread_blocked, id=21348, stack(0x0000009fc2100000,0x0000009fc2200000) (1024K)]
  0x000001c6469029e0 JavaThread "Service Thread"             daemon [_thread_blocked, id=10504, stack(0x0000009fc2200000,0x0000009fc2300000) (1024K)]
  0x000001c646903430 JavaThread "Monitor Deflation Thread"   daemon [_thread_blocked, id=1336, stack(0x0000009fc2300000,0x0000009fc2400000) (1024K)]
=>0x000001c646904260 JavaThread "C2 CompilerThread0"         daemon [_thread_in_native, id=13444, stack(0x0000009fc2400000,0x0000009fc2500000) (1024K)]
  0x000001c64697a630 JavaThread "C1 CompilerThread0"         daemon [_thread_blocked, id=14656, stack(0x0000009fc2500000,0x0000009fc2600000) (1024K)]
  0x000001c646ad5590 JavaThread "Common-Cleaner"             daemon [_thread_blocked, id=12944, stack(0x0000009fc2600000,0x0000009fc2700000) (1024K)]
  0x000001c6625897b0 JavaThread "Notification Thread"        daemon [_thread_blocked, id=15276, stack(0x0000009fc2700000,0x0000009fc2800000) (1024K)]
Total: 11

Other Threads:
  0x000001c6468db750 VMThread "VM Thread"                           [id=5488, stack(0x0000009fc1d00000,0x0000009fc1e00000) (1024K)]
  0x000001c646ad4690 WatcherThread "VM Periodic Task Thread"        [id=15480, stack(0x0000009fc1c00000,0x0000009fc1d00000) (1024K)]
  0x000001c646a2d040 WorkerThread "GC Thread#0"                     [id=15288, stack(0x0000009fc1b00000,0x0000009fc1c00000) (1024K)]
Total: 3

Threads with active compile tasks:
C2 CompilerThread0  2890  640       4       java.util.HashSet::iterator (13 bytes)
Total: 1

VM state: not at safepoint (normal execution)

VM Mutex/Monitor currently owned by a thread: None

Heap address: 0x0000000080000000, size: 2048 MB, Compressed Oops mode: 32-bit

CDS archive(s) mapped at: [0x000001c600000000-0x000001c600ba0000-0x000001c600ba0000), size 12189696, SharedBaseAddress: 0x000001c600000000, ArchiveRelocationMode: 1.
Compressed class space mapped at: 0x000001c601000000-0x000001c641000000, reserved size: 1073741824
Narrow klass base: 0x000001c600000000, Narrow klass shift: 0, Narrow klass range: 0x100000000

GC Precious Log:
 CardTable entry size: 512
 CPUs: 4 total, 4 available
 Memory: 3918M
 Large Page Support: Disabled
 NUMA Support: Disabled
 Compressed Oops: Enabled (32-bit)
 Alignments: Space 512K, Generation 512K, Heap 2M
 Heap Min Capacity: 100M
 Heap Initial Capacity: 100M
 Heap Max Capacity: 2G
 Pre-touch: Disabled
 Parallel Workers: 4

Heap:
 PSYoungGen      total 29696K, used 12313K [0x00000000d5580000, 0x00000000d7680000, 0x0000000100000000)
  eden space 25600K, 48% used [0x00000000d5580000,0x00000000d61867c8,0x00000000d6e80000)
  from space 4096K, 0% used [0x00000000d7280000,0x00000000d7280000,0x00000000d7680000)
  to   space 4096K, 0% used [0x00000000d6e80000,0x00000000d6e80000,0x00000000d7280000)
 ParOldGen       total 68608K, used 0K [0x0000000080000000, 0x0000000084300000, 0x00000000d5580000)
  object space 68608K, 0% used [0x0000000080000000,0x0000000080000000,0x0000000084300000)
 Metaspace       used 2201K, committed 2432K, reserved 1114112K
  class space    used 219K, committed 320K, reserved 1048576K

Card table byte_map: [0x000001c6463c0000,0x000001c6467d0000] _byte_map_base: 0x000001c645fc0000

Marking Bits: (ParMarkBitMap*) 0x00007ffefd74a340
 Begin Bits: [0x000001c658ec0000, 0x000001c65aec0000)
 End Bits:   [0x000001c65aec0000, 0x000001c65cec0000)

Polling page: 0x000001c644790000

Metaspace:

Usage:
  Non-class:      1.94 MB used.
      Class:    219.57 KB used.
       Both:      2.15 MB used.

Virtual space:
  Non-class space:       64.00 MB reserved,       2.06 MB (  3%) committed,  1 nodes.
      Class space:        1.00 GB reserved,     320.00 KB ( <1%) committed,  1 nodes.
             Both:        1.06 GB reserved,       2.38 MB ( <1%) committed. 

Chunk freelists:
   Non-Class:  11.65 MB
       Class:  15.67 MB
        Both:  27.32 MB

MaxMetaspaceSize: unlimited
CompressedClassSpaceSize: 1.00 GB
Initial GC threshold: 21.00 MB
Current GC threshold: 21.00 MB
CDS: on
 - commit_granule_bytes: 65536.
 - commit_granule_words: 8192.
 - virtual_space_node_default_size: 8388608.
 - enlarge_chunks_in_place: 1.
 - use_allocation_guard: 0.


Internal statistics:

num_allocs_failed_limit: 0.
num_arena_births: 80.
num_arena_deaths: 0.
num_vsnodes_births: 2.
num_vsnodes_deaths: 0.
num_space_committed: 38.
num_space_uncommitted: 0.
num_chunks_returned_to_freelist: 0.
num_chunks_taken_from_freelist: 102.
num_chunk_merges: 0.
num_chunk_splits: 72.
num_chunks_enlarged: 46.
num_inconsistent_stats: 0.

CodeHeap 'non-profiled nmethods': size=120000Kb used=236Kb max_used=236Kb free=119763Kb
 bounds [0x000001c6516e0000, 0x000001c651950000, 0x000001c658c10000]
CodeHeap 'profiled nmethods': size=120000Kb used=973Kb max_used=973Kb free=119027Kb
 bounds [0x000001c649c10000, 0x000001c649e80000, 0x000001c651140000]
CodeHeap 'non-nmethods': size=5760Kb used=1170Kb max_used=1183Kb free=4589Kb
 bounds [0x000001c651140000, 0x000001c6513b0000, 0x000001c6516e0000]
CodeCache: size=245760Kb, used=2379Kb, max_used=2392Kb, free=243379Kb
 total_blobs=1068, nmethods=642, adapters=334, full_count=0
Compilation: enabled, stopped_count=0, restarted_count=0

Compilation events (20 events):
Event: 2.680 Thread 0x000001c64697a630  629       3       java.lang.reflect.Modifier::isPublic (12 bytes)
Event: 2.680 Thread 0x000001c64697a630 nmethod 629 0x000001c649cfd190 code [0x000001c649cfd320, 0x000001c649cfd460]
Event: 2.708 Thread 0x000001c646904260 nmethod 622 0x000001c651718610 code [0x000001c651718820, 0x000001c651719098]
Event: 2.748 Thread 0x000001c64697a630  631       3       java.lang.reflect.Modifier::isProtected (12 bytes)
Event: 2.748 Thread 0x000001c64697a630 nmethod 631 0x000001c649cfd510 code [0x000001c649cfd6a0, 0x000001c649cfd7e0]
Event: 2.753 Thread 0x000001c64697a630  632       3       sun.security.util.DerInputStream::<init> (38 bytes)
Event: 2.754 Thread 0x000001c64697a630 nmethod 632 0x000001c649cfd890 code [0x000001c649cfda40, 0x000001c649cfdbe0]
Event: 2.765 Thread 0x000001c646904260  633       4       java.util.Collections$UnmodifiableCollection$1::next (10 bytes)
Event: 2.777 Thread 0x000001c646904260 nmethod 633 0x000001c651719b90 code [0x000001c651719d40, 0x000001c65171a0f8]
Event: 2.780 Thread 0x000001c64697a630  634       3       java.net.URI::match (56 bytes)
Event: 2.780 Thread 0x000001c64697a630 nmethod 634 0x000001c649cfdc90 code [0x000001c649cfde40, 0x000001c649cfe110]
Event: 2.787 Thread 0x000001c64697a630  635       3       sun.security.util.DerValue::data (29 bytes)
Event: 2.787 Thread 0x000001c64697a630 nmethod 635 0x000001c649cfe190 code [0x000001c649cfe340, 0x000001c649cfe510]
Event: 2.791 Thread 0x000001c646904260  636       4       java.util.Arrays::copyOfRange (25 bytes)
Event: 2.791 Thread 0x000001c64697a630  637       3       sun.security.util.DerValue::<init> (445 bytes)
Event: 2.793 Thread 0x000001c64697a630 nmethod 637 0x000001c649cfe610 code [0x000001c649cfea40, 0x000001c649d003f8]
Event: 2.794 Thread 0x000001c64697a630  638       3       sun.security.util.DerInputStream::getDerValue (76 bytes)
Event: 2.794 Thread 0x000001c64697a630 nmethod 638 0x000001c649d00d90 code [0x000001c649d00f40, 0x000001c649d011a0]
Event: 2.796 Thread 0x000001c646904260 nmethod 636 0x000001c65171a390 code [0x000001c65171a540, 0x000001c65171a8f0]
Event: 2.801 Thread 0x000001c646904260  640       4       java.util.HashSet::iterator (13 bytes)

GC Heap History (0 events):
No events

Dll operation events (8 events):
Event: 0.020 Loaded shared library c:\Users\ashis\.vscode\extensions\redhat.java-1.46.0-win32-x64\jre\21.0.8-win32-x86_64\bin\java.dll
Event: 0.739 Loaded shared library c:\Users\ashis\.vscode\extensions\redhat.java-1.46.0-win32-x64\jre\21.0.8-win32-x86_64\bin\zip.dll
Event: 0.825 Loaded shared library C:\Users\ashis\.vscode\extensions\redhat.java-1.46.0-win32-x64\jre\21.0.8-win32-x86_64\bin\instrument.dll
Event: 0.858 Loaded shared library C:\Users\ashis\.vscode\extensions\redhat.java-1.46.0-win32-x64\jre\21.0.8-win32-x86_64\bin\net.dll
Event: 0.863 Loaded shared library C:\Users\ashis\.vscode\extensions\redhat.java-1.46.0-win32-x64\jre\21.0.8-win32-x86_64\bin\nio.dll
Event: 0.870 Loaded shared library C:\Users\ashis\.vscode\extensions\redhat.java-1.46.0-win32-x64\jre\21.0.8-win32-x86_64\bin\zip.dll
Event: 0.925 Loaded shared library C:\Users\ashis\.vscode\extensions\redhat.java-1.46.0-win32-x64\jre\21.0.8-win32-x86_64\bin\jimage.dll
Event: 1.259 Loaded shared library c:\Users\ashis\.vscode\extensions\redhat.java-1.46.0-win32-x64\jre\21.0.8-win32-x86_64\bin\verify.dll

Deoptimization events (20 events):
Event: 0.943 Thread 0x000001c646a0f860 DEOPT PACKING pc=0x000001c649c4b0c9 sp=0x0000009fc1afe570
Event: 0.943 Thread 0x000001c646a0f860 DEOPT UNPACKING pc=0x000001c651194223 sp=0x0000009fc1afd9f8 mode 0
Event: 1.894 Thread 0x000001c646a0f860 DEOPT PACKING pc=0x000001c649cb541d sp=0x0000009fc1afa0d0
Event: 1.894 Thread 0x000001c646a0f860 DEOPT UNPACKING pc=0x000001c651194223 sp=0x0000009fc1af9580 mode 0
Event: 1.966 Thread 0x000001c646a0f860 DEOPT PACKING pc=0x000001c649c47b7f sp=0x0000009fc1afda10
Event: 1.966 Thread 0x000001c646a0f860 DEOPT UNPACKING pc=0x000001c651194223 sp=0x0000009fc1afcec0 mode 0
Event: 1.967 Thread 0x000001c646a0f860 Uncommon trap: trap_request=0xffffff45 fr.pc=0x000001c6516f16e0 relative=0x00000000000000c0
Event: 1.967 Thread 0x000001c646a0f860 Uncommon trap: reason=unstable_if action=reinterpret pc=0x000001c6516f16e0 method=java.lang.String.isLatin1()Z @ 10 c2
Event: 1.967 Thread 0x000001c646a0f860 DEOPT PACKING pc=0x000001c6516f16e0 sp=0x0000009fc1aff170
Event: 1.967 Thread 0x000001c646a0f860 DEOPT UNPACKING pc=0x000001c651193a9c sp=0x0000009fc1aff0b0 mode 2
Event: 1.973 Thread 0x000001c646a0f860 DEOPT PACKING pc=0x000001c649c47c58 sp=0x0000009fc1afcb90
Event: 1.973 Thread 0x000001c646a0f860 DEOPT UNPACKING pc=0x000001c651194223 sp=0x0000009fc1afc050 mode 0
Event: 2.676 Thread 0x000001c646a0f860 Uncommon trap: trap_request=0xffffff45 fr.pc=0x000001c651714c7c relative=0x000000000000015c
Event: 2.676 Thread 0x000001c646a0f860 Uncommon trap: reason=unstable_if action=reinterpret pc=0x000001c651714c7c method=jdk.internal.util.ArraysSupport.vectorizedHashCode(Ljava/lang/Object;IIII)I @ 2 c2
Event: 2.676 Thread 0x000001c646a0f860 DEOPT PACKING pc=0x000001c651714c7c sp=0x0000009fc1afce10
Event: 2.676 Thread 0x000001c646a0f860 DEOPT UNPACKING pc=0x000001c651193a9c sp=0x0000009fc1afcdc0 mode 2
Event: 2.764 Thread 0x000001c646a0f860 Uncommon trap: trap_request=0xffffff45 fr.pc=0x000001c651701f74 relative=0x00000000000000d4
Event: 2.764 Thread 0x000001c646a0f860 Uncommon trap: reason=unstable_if action=reinterpret pc=0x000001c651701f74 method=java.net.URI.match(CJJ)Z @ 45 c2
Event: 2.764 Thread 0x000001c646a0f860 DEOPT PACKING pc=0x000001c651701f74 sp=0x0000009fc1afd0b0
Event: 2.764 Thread 0x000001c646a0f860 DEOPT UNPACKING pc=0x000001c651193a9c sp=0x0000009fc1afd018 mode 2

Classes loaded (20 events):
Event: 2.782 Loading class sun/security/x509/CRLDistributionPointsExtension
Event: 2.784 Loading class sun/security/x509/CRLDistributionPointsExtension done
Event: 2.785 Loading class sun/security/x509/DistributionPoint
Event: 2.785 Loading class sun/security/x509/DistributionPoint done
Event: 2.786 Loading class sun/security/x509/CertificatePoliciesExtension
Event: 2.786 Loading class sun/security/x509/CertificatePoliciesExtension done
Event: 2.787 Loading class sun/security/x509/PolicyInformation
Event: 2.788 Loading class sun/security/x509/PolicyInformation done
Event: 2.788 Loading class sun/security/x509/CertificatePolicyId
Event: 2.788 Loading class sun/security/x509/CertificatePolicyId done
Event: 2.795 Loading class java/security/cert/PolicyQualifierInfo
Event: 2.796 Loading class java/security/cert/PolicyQualifierInfo done
Event: 2.797 Loading class sun/security/pkcs/SignerInfo
Event: 2.799 Loading class sun/security/pkcs/SignerInfo done
Event: 2.799 Loading class sun/security/util/DisabledAlgorithmConstraints
Event: 2.800 Loading class sun/security/util/AbstractAlgorithmConstraints
Event: 2.801 Loading class java/security/AlgorithmConstraints
Event: 2.802 Loading class java/security/AlgorithmConstraints done
Event: 2.803 Loading class sun/security/util/AbstractAlgorithmConstraints done
Event: 2.803 Loading class sun/security/util/DisabledAlgorithmConstraints done

Classes unloaded (0 events):
No events

Classes redefined (0 events):
No events

Internal exceptions (12 events):
Event: 0.726 Thread 0x000001c646a0f860 Exception <a 'java/lang/NoSuchMethodError'{0x00000000d57aa0d0}: 'void java.lang.invoke.DirectMethodHandle$Holder.invokeStatic(java.lang.Object, java.lang.Object, java.lang.Object)'> (0x00000000d57aa0d0) 
thrown [s\src\hotspot\share\interpreter\linkResolver.cpp, line 773]
Event: 0.913 Thread 0x000001c646a0f860 Exception <a 'java/lang/NoSuchMethodError'{0x00000000d59125d0}: 'java.lang.Object java.lang.invoke.Invokers$Holder.invokeExact_MT(java.lang.Object, java.lang.Object, java.lang.Object, java.lang.Object, java.lang.Object)'> (0x00000000d59125d0) 
thrown [s\src\hotspot\share\interpreter\linkResolver.cpp, line 773]
Event: 1.017 Thread 0x000001c646a0f860 Exception <a 'java/lang/NoSuchMethodError'{0x00000000d59ca1a8}: 'int java.lang.invoke.DirectMethodHandle$Holder.invokeSpecial(java.lang.Object, java.lang.Object, java.lang.Object, int)'> (0x00000000d59ca1a8) 
thrown [s\src\hotspot\share\interpreter\linkResolver.cpp, line 773]
Event: 1.023 Thread 0x000001c646a0f860 Exception <a 'java/lang/NoSuchMethodError'{0x00000000d59dcb90}: 'java.lang.Object java.lang.invoke.DirectMethodHandle$Holder.invokeStatic(java.lang.Object, java.lang.Object, java.lang.Object, java.lang.Object, int)'> (0x00000000d59dcb90) 
thrown [s\src\hotspot\share\interpreter\linkResolver.cpp, line 773]
Event: 1.026 Thread 0x000001c646a0f860 Exception <a 'java/lang/NoSuchMethodError'{0x00000000d59e8038}: 'void java.lang.invoke.DelegatingMethodHandle$Holder.reinvoke_L(java.lang.Object, java.lang.Object, java.lang.Object, int, java.lang.Object)'> (0x00000000d59e8038) 
thrown [s\src\hotspot\share\interpreter\linkResolver.cpp, line 773]
Event: 1.032 Thread 0x000001c646a0f860 Exception <a 'java/lang/NoSuchMethodError'{0x00000000d59f8988}: 'int java.lang.invoke.DirectMethodHandle$Holder.invokeSpecial(java.lang.Object, java.lang.Object, java.lang.Object)'> (0x00000000d59f8988) 
thrown [s\src\hotspot\share\interpreter\linkResolver.cpp, line 773]
Event: 1.038 Thread 0x000001c646a0f860 Exception <a 'java/lang/NoSuchMethodError'{0x00000000d5a04648}: 'java.lang.Object java.lang.invoke.DirectMethodHandle$Holder.invokeStatic(java.lang.Object, java.lang.Object, int)'> (0x00000000d5a04648) 
thrown [s\src\hotspot\share\interpreter\linkResolver.cpp, line 773]
Event: 1.041 Thread 0x000001c646a0f860 Exception <a 'java/lang/NoSuchMethodError'{0x00000000d5a08f98}: 'void java.lang.invoke.DirectMethodHandle$Holder.invokeStatic(java.lang.Object, java.lang.Object, int, java.lang.Object)'> (0x00000000d5a08f98) 
thrown [s\src\hotspot\share\interpreter\linkResolver.cpp, line 773]
Event: 1.042 Thread 0x000001c646a0f860 Exception <a 'java/lang/NoSuchMethodError'{0x00000000d5a0cb28}: 'void java.lang.invoke.DirectMethodHandle$Holder.invokeSpecial(java.lang.Object, java.lang.Object, java.lang.Object, int, java.lang.Object)'> (0x00000000d5a0cb28) 
thrown [s\src\hotspot\share\interpreter\linkResolver.cpp, line 773]
Event: 1.044 Thread 0x000001c646a0f860 Exception <a 'java/lang/NoSuchMethodError'{0x00000000d5a0ff98}: 'void java.lang.invoke.DelegatingMethodHandle$Holder.delegate(java.lang.Object, java.lang.Object, int, java.lang.Object)'> (0x00000000d5a0ff98) 
thrown [s\src\hotspot\share\interpreter\linkResolver.cpp, line 773]
Event: 1.437 Thread 0x000001c646a0f860 Exception <a 'java/lang/NoSuchMethodError'{0x00000000d5bcf0c0}: 'void java.lang.invoke.DelegatingMethodHandle$Holder.reinvoke_L(java.lang.Object, java.lang.Object, java.lang.Object, int)'> (0x00000000d5bcf0c0) 
thrown [s\src\hotspot\share\interpreter\linkResolver.cpp, line 773]
Event: 2.653 Thread 0x000001c646a0f860 Exception <a 'java/lang/NoSuchMethodError'{0x00000000d605a608}: 'void java.lang.invoke.DirectMethodHandle$Holder.invokeVirtual(java.lang.Object, java.lang.Object)'> (0x00000000d605a608) 
thrown [s\src\hotspot\share\interpreter\linkResolver.cpp, line 773]

ZGC Phase Switch (0 events):
No events

VM Operations (6 events):
Event: 0.734 Executing VM operation: HandshakeAllThreads (Deoptimize)
Event: 0.734 Executing VM operation: HandshakeAllThreads (Deoptimize) done
Event: 0.951 Executing VM operation: HandshakeAllThreads (Deoptimize)
Event: 0.952 Executing VM operation: HandshakeAllThreads (Deoptimize) done
Event: 1.954 Executing VM operation: Cleanup
Event: 1.954 Executing VM operation: Cleanup done

Memory protections (0 events):
No events

Nmethod flushes (0 events):
No events

Events (11 events):
Event: 0.112 Thread 0x000001c646a0f860 Thread added: 0x000001c646a0f860
Event: 0.191 Thread 0x000001c646a0f860 Thread added: 0x000001c6468fae80
Event: 0.191 Thread 0x000001c646a0f860 Thread added: 0x000001c6468fbfe0
Event: 0.192 Thread 0x000001c646a0f860 Thread added: 0x000001c6468fdf00
Event: 0.192 Thread 0x000001c646a0f860 Thread added: 0x000001c6468fee10
Event: 0.192 Thread 0x000001c646a0f860 Thread added: 0x000001c6469029e0
Event: 0.192 Thread 0x000001c646a0f860 Thread added: 0x000001c646903430
Event: 0.192 Thread 0x000001c646a0f860 Thread added: 0x000001c646904260
Event: 0.208 Thread 0x000001c646a0f860 Thread added: 0x000001c64697a630
Event: 0.519 Thread 0x000001c646a0f860 Thread added: 0x000001c646ad5590
Event: 1.958 Thread 0x000001c646a0f860 Thread added: 0x000001c6625897b0


Dynamic libraries:
0x00007ff7f6ec0000 - 0x00007ff7f6ece000 	c:\Users\ashis\.vscode\extensions\redhat.java-1.46.0-win32-x64\jre\21.0.8-win32-x86_64\bin\java.exe
0x00007fff4f930000 - 0x00007fff4fb28000 	C:\WINDOWS\SYSTEM32\ntdll.dll
0x00007fff4dbb0000 - 0x00007fff4dc72000 	C:\WINDOWS\System32\KERNEL32.DLL
0x00007fff4d280000 - 0x00007fff4d576000 	C:\WINDOWS\System32\KERNELBASE.dll
0x00007fff4cfd0000 - 0x00007fff4d0d0000 	C:\WINDOWS\System32\ucrtbase.dll
0x00007fff46d80000 - 0x00007fff46d98000 	c:\Users\ashis\.vscode\extensions\redhat.java-1.46.0-win32-x64\jre\21.0.8-win32-x86_64\bin\jli.dll
0x00007fff46ee0000 - 0x00007fff46efe000 	c:\Users\ashis\.vscode\extensions\redhat.java-1.46.0-win32-x64\jre\21.0.8-win32-x86_64\bin\VCRUNTIME140.dll
0x00007fff4f1e0000 - 0x00007fff4f37d000 	C:\WINDOWS\System32\USER32.dll
0x00007fff4d8b0000 - 0x00007fff4d8d2000 	C:\WINDOWS\System32\win32u.dll
0x00007fff4ea70000 - 0x00007fff4ea9b000 	C:\WINDOWS\System32\GDI32.dll
0x00007fff4d630000 - 0x00007fff4d749000 	C:\WINDOWS\System32\gdi32full.dll
0x00007fff4d1e0000 - 0x00007fff4d27d000 	C:\WINDOWS\System32\msvcp_win.dll
0x00007fff3a080000 - 0x00007fff3a31b000 	C:\WINDOWS\WinSxS\amd64_microsoft.windows.common-controls_6595b64144ccf1df_6.0.19041.6280_none_60bc30a171f2f3f3\COMCTL32.dll
0x00007fff4ed70000 - 0x00007fff4ee0e000 	C:\WINDOWS\System32\msvcrt.dll
0x00007fff4ddc0000 - 0x00007fff4ddef000 	C:\WINDOWS\System32\IMM32.DLL
0x00007fff49d40000 - 0x00007fff49d4c000 	c:\Users\ashis\.vscode\extensions\redhat.java-1.46.0-win32-x64\jre\21.0.8-win32-x86_64\bin\vcruntime140_1.dll
0x00007fff21a00000 - 0x00007fff21a8d000 	c:\Users\ashis\.vscode\extensions\redhat.java-1.46.0-win32-x64\jre\21.0.8-win32-x86_64\bin\msvcp140.dll
0x00007ffefca90000 - 0x00007ffefd827000 	c:\Users\ashis\.vscode\extensions\redhat.java-1.46.0-win32-x64\jre\21.0.8-win32-x86_64\bin\server\jvm.dll
0x00007fff4dc80000 - 0x00007fff4dd31000 	C:\WINDOWS\System32\ADVAPI32.dll
0x00007fff4f720000 - 0x00007fff4f7bf000 	C:\WINDOWS\System32\sechost.dll
0x00007fff4da90000 - 0x00007fff4dbb0000 	C:\WINDOWS\System32\RPCRT4.dll
0x00007fff4d930000 - 0x00007fff4d957000 	C:\WINDOWS\System32\bcrypt.dll
0x00007fff4ee10000 - 0x00007fff4ee7b000 	C:\WINDOWS\System32\WS2_32.dll
0x00007fff4ce30000 - 0x00007fff4ce7b000 	C:\WINDOWS\SYSTEM32\POWRPROF.dll
0x00007fff39a50000 - 0x00007fff39a77000 	C:\WINDOWS\SYSTEM32\WINMM.dll
0x00007fff456e0000 - 0x00007fff456ea000 	C:\WINDOWS\SYSTEM32\VERSION.dll
0x00007fff4ce10000 - 0x00007fff4ce22000 	C:\WINDOWS\SYSTEM32\UMPDC.dll
0x00007fff4b030000 - 0x00007fff4b042000 	C:\WINDOWS\SYSTEM32\kernel.appcore.dll
0x00007fff49d20000 - 0x00007fff49d2a000 	c:\Users\ashis\.vscode\extensions\redhat.java-1.46.0-win32-x64\jre\21.0.8-win32-x86_64\bin\jimage.dll
0x00007fff4abd0000 - 0x00007fff4add1000 	C:\WINDOWS\SYSTEM32\DBGHELP.DLL
0x00007fff38e80000 - 0x00007fff38eb4000 	C:\WINDOWS\SYSTEM32\dbgcore.DLL
0x00007fff4d150000 - 0x00007fff4d1d2000 	C:\WINDOWS\System32\bcryptPrimitives.dll
0x00007fff47cd0000 - 0x00007fff47cdf000 	c:\Users\ashis\.vscode\extensions\redhat.java-1.46.0-win32-x64\jre\21.0.8-win32-x86_64\bin\instrument.dll
0x00007fff45090000 - 0x00007fff450af000 	c:\Users\ashis\.vscode\extensions\redhat.java-1.46.0-win32-x64\jre\21.0.8-win32-x86_64\bin\java.dll
0x00007fff4de00000 - 0x00007fff4e570000 	C:\WINDOWS\System32\SHELL32.dll
0x00007fff4b050000 - 0x00007fff4b7f5000 	C:\WINDOWS\SYSTEM32\windows.storage.dll
0x00007fff4ee80000 - 0x00007fff4f1d3000 	C:\WINDOWS\System32\combase.dll
0x00007fff4c930000 - 0x00007fff4c95b000 	C:\WINDOWS\SYSTEM32\Wldp.dll
0x00007fff4eb00000 - 0x00007fff4ebcd000 	C:\WINDOWS\System32\OLEAUT32.dll
0x00007fff4f400000 - 0x00007fff4f4ad000 	C:\WINDOWS\System32\SHCORE.dll
0x00007fff4eaa0000 - 0x00007fff4eafb000 	C:\WINDOWS\System32\shlwapi.dll
0x00007fff4cf00000 - 0x00007fff4cf24000 	C:\WINDOWS\SYSTEM32\profapi.dll
0x00007fff437a0000 - 0x00007fff437b8000 	c:\Users\ashis\.vscode\extensions\redhat.java-1.46.0-win32-x64\jre\21.0.8-win32-x86_64\bin\zip.dll
0x00007fff477b0000 - 0x00007fff477c0000 	C:\Users\ashis\.vscode\extensions\redhat.java-1.46.0-win32-x64\jre\21.0.8-win32-x86_64\bin\net.dll
0x00007fff43ee0000 - 0x00007fff43fea000 	C:\WINDOWS\SYSTEM32\WINHTTP.dll
0x00007fff4c690000 - 0x00007fff4c6fa000 	C:\WINDOWS\system32\mswsock.dll
0x00007fff43760000 - 0x00007fff43776000 	C:\Users\ashis\.vscode\extensions\redhat.java-1.46.0-win32-x64\jre\21.0.8-win32-x86_64\bin\nio.dll
0x00007fff46eb0000 - 0x00007fff46ec0000 	c:\Users\ashis\.vscode\extensions\redhat.java-1.46.0-win32-x64\jre\21.0.8-win32-x86_64\bin\verify.dll

JVMTI agents:
c:\Users\ashis\.vscode\extensions\redhat.java-1.46.0-win32-x64\lombok\lombok-1.18.39-4050.jar path:c:\Users\ashis\.vscode\extensions\redhat.java-1.46.0-win32-x64\jre\21.0.8-win32-x86_64\bin\instrument.dll, loaded, initialized, instrumentlib options:none

dbghelp: loaded successfully - version: 4.0.5 - missing functions: none
symbol engine: initialized successfully - sym options: 0x614 - pdb path: .;c:\Users\ashis\.vscode\extensions\redhat.java-1.46.0-win32-x64\jre\21.0.8-win32-x86_64\bin;C:\WINDOWS\SYSTEM32;C:\WINDOWS\WinSxS\amd64_microsoft.windows.common-controls_6595b64144ccf1df_6.0.19041.6280_none_60bc30a171f2f3f3;c:\Users\ashis\.vscode\extensions\redhat.java-1.46.0-win32-x64\jre\21.0.8-win32-x86_64\bin\server

VM Arguments:
jvm_args: --add-modules=ALL-SYSTEM --add-opens=java.base/java.util=ALL-UNNAMED --add-opens=java.base/java.lang=ALL-UNNAMED --add-opens=java.base/sun.nio.fs=ALL-UNNAMED -Declipse.application=org.eclipse.jdt.ls.core.id1 -Dosgi.bundles.defaultStartLevel=4 -Declipse.product=org.eclipse.jdt.ls.core.product -Djava.import.generatesMetadataFilesAtProjectRoot=false -DDetectVMInstallationsJob.disabled=true -Dfile.encoding=utf8 -XX:+UseParallelGC -XX:GCTimeRatio=4 -XX:AdaptiveSizePolicyWeight=90 -Dsun.zip.disableMemoryMapping=true -Xmx2G -Xms100m -Xlog:disable -javaagent:c:\Users\ashis\.vscode\extensions\redhat.java-1.46.0-win32-x64\lombok\lombok-1.18.39-4050.jar -XX:+HeapDumpOnOutOfMemoryError -XX:HeapDumpPath=c:\Users\ashis\AppData\Roaming\Code\User\workspaceStorage\092032f4d222c2bb43f7764757c1a2a7\redhat.java -Daether.dependencyCollector.impl=bf 
java_command: c:\Users\ashis\.vscode\extensions\redhat.java-1.46.0-win32-x64\server\plugins\org.eclipse.equinox.launcher_1.7.0.v20250519-0528.jar -configuration c:\Users\ashis\AppData\Roaming\Code\User\globalStorage\redhat.java\1.46.0\config_win -data c:\Users\ashis\AppData\Roaming\Code\User\workspaceStorage\092032f4d222c2bb43f7764757c1a2a7\redhat.java\jdt_ws --pipe=\\.\pipe\lsp-8e93eff0c9dc21b11b9357bbf5360f1a-sock
java_class_path (initial): c:\Users\ashis\.vscode\extensions\redhat.java-1.46.0-win32-x64\server\plugins\org.eclipse.equinox.launcher_1.7.0.v20250519-0528.jar
Launcher Type: SUN_STANDARD

[Global flags]
    uintx AdaptiveSizePolicyWeight                 = 90                                        {product} {command line}
     intx CICompilerCount                          = 3                                         {product} {ergonomic}
    uintx GCTimeRatio                              = 4                                         {product} {command line}
     bool HeapDumpOnOutOfMemoryError               = true                                   {manageable} {command line}
    ccstr HeapDumpPath                             = c:\Users\ashis\AppData\Roaming\Code\User\workspaceStorage\092032f4d222c2bb43f7764757c1a2a7\redhat.java         {manageable} {command line}
   size_t InitialHeapSize                          = 104857600                                 {product} {command line}
   size_t MaxHeapSize                              = 2147483648                                {product} {command line}
   size_t MaxNewSize                               = 715653120                                 {product} {ergonomic}
   size_t MinHeapDeltaBytes                        = 524288                                    {product} {ergonomic}
   size_t MinHeapSize                              = 104857600                                 {product} {command line}
   size_t NewSize                                  = 34603008                                  {product} {ergonomic}
    uintx NonNMethodCodeHeapSize                   = 5832780                                {pd product} {ergonomic}
    uintx NonProfiledCodeHeapSize                  = 122912730                              {pd product} {ergonomic}
   size_t OldSize                                  = 70254592                                  {product} {ergonomic}
    uintx ProfiledCodeHeapSize                     = 122912730                              {pd product} {ergonomic}
    uintx ReservedCodeCacheSize                    = 251658240                              {pd product} {ergonomic}
     bool SegmentedCodeCache                       = true                                      {product} {ergonomic}
   size_t SoftMaxHeapSize                          = 2147483648                             {manageable} {ergonomic}
     bool UseCompressedOops                        = true                           {product lp64_product} {ergonomic}
     bool UseLargePagesIndividualAllocation        = false                                  {pd product} {ergonomic}
     bool UseParallelGC                            = true                                      {product} {command line}

Logging:
Log output configuration:
 #0: stdout all=off uptime,level,tags foldmultilines=false
 #1: stderr all=off uptime,level,tags foldmultilines=false

Environment Variables:
JAVA_HOME=C:\Program Files\Java\jdk-23
PATH=C:\Python312\Scripts\;C:\Python312\;C:\Program Files\Common Files\Oracle\Java\javapath;C:\WINDOWS\system32;C:\WINDOWS;C:\WINDOWS\System32\Wbem;C:\WINDOWS\System32\WindowsPowerShell\v1.0\;C:\WINDOWS\System32\OpenSSH\;C:\Program Files\MySQL\MySQL Server 8.0\bin;C:\Program Files\nodejs\;C:\ProgramData\chocolatey\bin;C:\Program Files\Redis\;C:\Users\ashis\Downloads\mongosh-2.3.7-win32-x64 (1)\mongosh-2.3.7-win32-x64\bin;C:\Program Files\MongoDB\Server\8.0\bin;C:\Program Files\Git\cmd;C:\Program Files\Git\bin;C:\Program Files\Java\jdk-23\bin;C:\Program Files\apache-maven-3.9.11\bin;C:\Program Files\MySQL\MySQL Shell 8.0\bin\;C:\Users\ashis\AppData\Local\Microsoft\WindowsApps;C:\Users\ashis\AppData\Local\Programs\Microsoft VS Code\bin;C:\Users\ashis\AppData\Roaming\npm;C:\Program Files\MongoDB\Server\8.0\bin;C:\Program Files\PostgreSQL\17\bin;C:\Program Files\apache-maven-3.9.11\bin;
USERNAME=ashis
OS=Windows_NT
PROCESSOR_IDENTIFIER=Intel64 Family 6 Model 122 Stepping 8, GenuineIntel
TMP=C:\Users\ashis\AppData\Local\Temp
TEMP=C:\Users\ashis\AppData\Local\Temp




Periodic native trim disabled

---------------  S Y S T E M  ---------------

OS:
 Windows 10 , 64 bit Build 19041 (10.0.19041.5915)
OS uptime: 18 days 8:22 hours

CPU: total 4 (initial active 4) (4 cores per cpu, 1 threads per core) family 6 model 122 stepping 8 microcode 0x1c, cx8, cmov, fxsr, mmx, 3dnowpref, sse, sse2, sse3, ssse3, sse4.1, sse4.2, popcnt, tsc, tscinvbit, aes, erms, clmul, sha, clflush, clflushopt, rdtscp, rdpid
Processor Information for the first 4 processors :
  Max Mhz: 1101, Current Mhz: 1101, Mhz Limit: 1101

Memory: 4k page, system-wide physical 3918M (272M free)
TotalPageFile size 15694M (AvailPageFile size 2M)
current process WorkingSet (physical memory assigned to process): 51M, peak: 51M
current process commit charge ("private bytes"): 214M, peak: 214M

vm_info: OpenJDK 64-Bit Server VM (21.0.8+9-LTS) for windows-amd64 JRE (21.0.8+9-LTS), built on 2025-07-15T00:00:00Z by "admin" with MS VC++ 17.7 (VS2022)

END.
