#
# There is insufficient memory for the Java Runtime Environment to continue.
# Native memory allocation (malloc) failed to allocate 853616 bytes. Error detail: Chunk::new
# Possible reasons:
#   The system is out of physical RAM or swap space
#   This process is running with CompressedOops enabled, and the Java Heap may be blocking the growth of the native heap
# Possible solutions:
#   Reduce memory load on the system
#   Increase physical memory or swap space
#   Check if swap backing store is full
#   Decrease Java heap size (-Xmx/-Xms)
#   Decrease number of Java threads
#   Decrease Java thread stack sizes (-Xss)
#   Set larger code cache with -XX:ReservedCodeCacheSize=
#   JVM is running with Unscaled Compressed Oops mode in which the Java heap is
#     placed in the first 4GB address space. The Java Heap base address is the
#     maximum limit for the native heap growth. Please use -XX:HeapBaseMinAddress
#     to set the Java Heap base and to place the Java Heap above 4GB virtual address.
# This output file may be truncated or incomplete.
#
#  Out of Memory Error (arena.cpp:168), pid=1004, tid=22288
#
# JRE version: OpenJDK Runtime Environment Temurin-21.0.8+9 (21.0.8+9) (build 21.0.8+9-LTS)
# Java VM: OpenJDK 64-Bit Server VM Temurin-21.0.8+9 (21.0.8+9-LTS, mixed mode, sharing, tiered, compressed oops, compressed class ptrs, parallel gc, windows-amd64)
# No core dump will be written. Minidumps are not enabled by default on client versions of Windows
#

---------------  S U M M A R Y ------------

Command Line: --add-modules=ALL-SYSTEM --add-opens=java.base/java.util=ALL-UNNAMED --add-opens=java.base/java.lang=ALL-UNNAMED --add-opens=java.base/sun.nio.fs=ALL-UNNAMED -Declipse.application=org.eclipse.jdt.ls.core.id1 -Dosgi.bundles.defaultStartLevel=4 -Declipse.product=org.eclipse.jdt.ls.core.product -Djava.import.generatesMetadataFilesAtProjectRoot=false -DDetectVMInstallationsJob.disabled=true -Dfile.encoding=utf8 -XX:+UseParallelGC -XX:GCTimeRatio=4 -XX:AdaptiveSizePolicyWeight=90 -Dsun.zip.disableMemoryMapping=true -Xmx2G -Xms100m -Xlog:disable -javaagent:c:\Users\ashis\.vscode\extensions\redhat.java-1.46.0-win32-x64\lombok\lombok-1.18.39-4050.jar -XX:+HeapDumpOnOutOfMemoryError -XX:HeapDumpPath=c:\Users\ashis\AppData\Roaming\Code\User\workspaceStorage\092032f4d222c2bb43f7764757c1a2a7\redhat.java -Daether.dependencyCollector.impl=bf c:\Users\ashis\.vscode\extensions\redhat.java-1.46.0-win32-x64\server\plugins\org.eclipse.equinox.launcher_1.7.0.v20250519-0528.jar -configuration c:\Users\ashis\AppData\Roaming\Code\User\globalStorage\redhat.java\1.46.0\config_win -data c:\Users\ashis\AppData\Roaming\Code\User\workspaceStorage\092032f4d222c2bb43f7764757c1a2a7\redhat.java\jdt_ws --pipe=\\.\pipe\lsp-b9ee2567ee0f70611f44d260f4a7e963-sock

Host: Intel(R) Pentium(R) Silver N5030 CPU @ 1.10GHz, 4 cores, 3G,  Windows 10 , 64 bit Build 19041 (10.0.19041.5915)
Time: Tue Oct  7 17:40:03 2025 India Standard Time elapsed time: 48.557948 seconds (0d 0h 0m 48s)

---------------  T H R E A D  ---------------

Current thread (0x00000208ea2520c0):  JavaThread "C2 CompilerThread0" daemon [_thread_in_native, id=22288, stack(0x0000006376a00000,0x0000006376b00000) (1024K)]


Current CompileTask:
C2:48558 8701       4       org.eclipse.osgi.internal.serviceregistry.ServiceRegistry::notifyHooksPrivileged (57 bytes)

Stack: [0x0000006376a00000,0x0000006376b00000]
Native frames: (J=compiled Java code, j=interpreted, Vv=VM code, C=native code)
V  [jvm.dll+0x6d2449]
V  [jvm.dll+0x8ae341]
V  [jvm.dll+0x8b08be]
V  [jvm.dll+0x8b0fa3]
V  [jvm.dll+0x280c96]
V  [jvm.dll+0xc581d]
V  [jvm.dll+0xc5d53]
V  [jvm.dll+0x3b919c]
V  [jvm.dll+0x385315]
V  [jvm.dll+0x38477a]
V  [jvm.dll+0x248ed0]
V  [jvm.dll+0x2484af]
V  [jvm.dll+0x1c89ee]
V  [jvm.dll+0x257d4d]
V  [jvm.dll+0x2562ea]
V  [jvm.dll+0x3f2d16]
V  [jvm.dll+0x857e6b]
V  [jvm.dll+0x6d0b0d]
C  [ucrtbase.dll+0x21bb2]
C  [KERNEL32.DLL+0x17374]
C  [ntdll.dll+0x4cc91]


---------------  P R O C E S S  ---------------

Threads class SMR info:
_java_thread_list=0x00000208f2233180, length=36, elements={
0x00000208d385fc30, 0x00000208ea23b7f0, 0x00000208ea23cf60, 0x00000208ea23f4e0,
0x00000208ea2403f0, 0x00000208ea2464f0, 0x00000208ea244220, 0x00000208ea2520c0,
0x00000208ea247350, 0x00000208d38cb3e0, 0x00000208ef22e1b0, 0x00000208ef86a030,
0x00000208ef051320, 0x00000208ef93ea30, 0x00000208ea2ddce0, 0x00000208ef944b50,
0x00000208ef8a83e0, 0x00000208ef3c5fe0, 0x00000208ef3c6670, 0x00000208ef3c5950,
0x00000208ef3c52c0, 0x00000208ef3c6d00, 0x00000208ef3c7390, 0x00000208ef3c4c30,
0x00000208ef3c80b0, 0x00000208f04b6df0, 0x00000208f04b7b10, 0x00000208f04b5a40,
0x00000208f04b81a0, 0x00000208f04b6760, 0x00000208f04b4d20, 0x00000208f04b53b0,
0x00000208f04b60d0, 0x00000208f0352a50, 0x00000208f03523c0, 0x00000208f03530e0
}

Java Threads: ( => current thread )
  0x00000208d385fc30 JavaThread "main"                              [_thread_blocked, id=13504, stack(0x0000006376000000,0x0000006376100000) (1024K)]
  0x00000208ea23b7f0 JavaThread "Reference Handler"          daemon [_thread_blocked, id=20852, stack(0x0000006376400000,0x0000006376500000) (1024K)]
  0x00000208ea23cf60 JavaThread "Finalizer"                  daemon [_thread_blocked, id=13136, stack(0x0000006376500000,0x0000006376600000) (1024K)]
  0x00000208ea23f4e0 JavaThread "Signal Dispatcher"          daemon [_thread_blocked, id=12984, stack(0x0000006376600000,0x0000006376700000) (1024K)]
  0x00000208ea2403f0 JavaThread "Attach Listener"            daemon [_thread_blocked, id=21756, stack(0x0000006376700000,0x0000006376800000) (1024K)]
  0x00000208ea2464f0 JavaThread "Service Thread"             daemon [_thread_blocked, id=7368, stack(0x0000006376800000,0x0000006376900000) (1024K)]
  0x00000208ea244220 JavaThread "Monitor Deflation Thread"   daemon [_thread_blocked, id=11800, stack(0x0000006376900000,0x0000006376a00000) (1024K)]
=>0x00000208ea2520c0 JavaThread "C2 CompilerThread0"         daemon [_thread_in_native, id=22288, stack(0x0000006376a00000,0x0000006376b00000) (1024K)]
  0x00000208ea247350 JavaThread "C1 CompilerThread0"         daemon [_thread_blocked, id=18200, stack(0x0000006376b00000,0x0000006376c00000) (1024K)]
  0x00000208d38cb3e0 JavaThread "Common-Cleaner"             daemon [_thread_blocked, id=16616, stack(0x0000006376c00000,0x0000006376d00000) (1024K)]
  0x00000208ef22e1b0 JavaThread "Notification Thread"        daemon [_thread_blocked, id=13176, stack(0x0000006376e00000,0x0000006376f00000) (1024K)]
  0x00000208ef86a030 JavaThread "Active Thread: Equinox Container: f966a4cc-8220-4469-9a7e-d0644d64fafb"        [_thread_blocked, id=16588, stack(0x0000006377200000,0x0000006377300000) (1024K)]
  0x00000208ef051320 JavaThread "Refresh Thread: Equinox Container: f966a4cc-8220-4469-9a7e-d0644d64fafb" daemon [_thread_blocked, id=10344, stack(0x0000006377300000,0x0000006377400000) (1024K)]
  0x00000208ef93ea30 JavaThread "Framework Event Dispatcher: Equinox Container: f966a4cc-8220-4469-9a7e-d0644d64fafb" daemon [_thread_blocked, id=22224, stack(0x0000006377400000,0x0000006377500000) (1024K)]
  0x00000208ea2ddce0 JavaThread "Start Level: Equinox Container: f966a4cc-8220-4469-9a7e-d0644d64fafb" daemon [_thread_blocked, id=8672, stack(0x0000006377500000,0x0000006377600000) (1024K)]
  0x00000208ef944b50 JavaThread "Bundle File Closer"         daemon [_thread_blocked, id=7592, stack(0x0000006377600000,0x0000006377700000) (1024K)]
  0x00000208ef8a83e0 JavaThread "SCR Component Actor"        daemon [_thread_blocked, id=10024, stack(0x0000006377700000,0x0000006377800000) (1024K)]
  0x00000208ef3c5fe0 JavaThread "Worker-JM"                         [_thread_blocked, id=11856, stack(0x0000006377800000,0x0000006377900000) (1024K)]
  0x00000208ef3c6670 JavaThread "JNA Cleaner"                daemon [_thread_blocked, id=8244, stack(0x0000006377900000,0x0000006377a00000) (1024K)]
  0x00000208ef3c5950 JavaThread "Worker-0: Initialize workspace"        [_thread_blocked, id=21024, stack(0x0000006377a00000,0x0000006377b00000) (1024K)]
  0x00000208ef3c52c0 JavaThread "Worker-1"                          [_thread_blocked, id=8516, stack(0x0000006377b00000,0x0000006377c00000) (1024K)]
  0x00000208ef3c6d00 JavaThread "Java indexing"              daemon [_thread_blocked, id=2332, stack(0x0000006377c00000,0x0000006377d00000) (1024K)]
  0x00000208ef3c7390 JavaThread "Worker-2"                          [_thread_blocked, id=10288, stack(0x0000006377d00000,0x0000006377e00000) (1024K)]
  0x00000208ef3c4c30 JavaThread "Worker-3"                          [_thread_blocked, id=6400, stack(0x0000006377e00000,0x0000006377f00000) (1024K)]
  0x00000208ef3c80b0 JavaThread "Worker-4"                          [_thread_blocked, id=19928, stack(0x0000006377f00000,0x0000006378000000) (1024K)]
  0x00000208f04b6df0 JavaThread "Thread-1"                   daemon [_thread_in_native, id=3376, stack(0x0000006378000000,0x0000006378100000) (1024K)]
  0x00000208f04b7b10 JavaThread "Thread-2"                   daemon [_thread_in_native, id=17300, stack(0x0000006378100000,0x0000006378200000) (1024K)]
  0x00000208f04b5a40 JavaThread "Thread-3"                   daemon [_thread_in_native, id=15860, stack(0x0000006378200000,0x0000006378300000) (1024K)]
  0x00000208f04b81a0 JavaThread "Thread-4"                   daemon [_thread_in_native, id=22276, stack(0x0000006378300000,0x0000006378400000) (1024K)]
  0x00000208f04b6760 JavaThread "Thread-5"                   daemon [_thread_in_native, id=2884, stack(0x0000006378400000,0x0000006378500000) (1024K)]
  0x00000208f04b4d20 JavaThread "pool-2-thread-1"                   [_thread_blocked, id=11352, stack(0x0000006378500000,0x0000006378600000) (1024K)]
  0x00000208f04b53b0 JavaThread "WorkspaceEventsHandler"            [_thread_blocked, id=4528, stack(0x0000006378700000,0x0000006378800000) (1024K)]
  0x00000208f04b60d0 JavaThread "pool-1-thread-1"                   [_thread_in_vm, id=15912, stack(0x0000006378800000,0x0000006378900000) (1024K)]
  0x00000208f0352a50 JavaThread "ForkJoinPool.commonPool-worker-1" daemon [_thread_blocked, id=9460, stack(0x0000006378b00000,0x0000006378c00000) (1024K)]
  0x00000208f03523c0 JavaThread "ForkJoinPool.commonPool-worker-2" daemon [_thread_blocked, id=12640, stack(0x0000006378c00000,0x0000006378d00000) (1024K)]
  0x00000208f03530e0 JavaThread "ForkJoinPool.commonPool-worker-3" daemon [_thread_blocked, id=18420, stack(0x0000006378d00000,0x0000006378e00000) (1024K)]
Total: 36

Other Threads:
  0x00000208d391d070 VMThread "VM Thread"                           [id=1348, stack(0x0000006376300000,0x0000006376400000) (1024K)]
  0x00000208ea1ecb00 WatcherThread "VM Periodic Task Thread"        [id=17052, stack(0x0000006376200000,0x0000006376300000) (1024K)]
  0x00000208d387dc40 WorkerThread "GC Thread#0"                     [id=12644, stack(0x0000006376100000,0x0000006376200000) (1024K)]
  0x00000208ef955a10 WorkerThread "GC Thread#1"                     [id=21424, stack(0x0000006376f00000,0x0000006377000000) (1024K)]
  0x00000208ef488950 WorkerThread "GC Thread#2"                     [id=15244, stack(0x0000006377000000,0x0000006377100000) (1024K)]
  0x00000208ef488cf0 WorkerThread "GC Thread#3"                     [id=4216, stack(0x0000006377100000,0x0000006377200000) (1024K)]
Total: 6

Threads with active compile tasks:
C2 CompilerThread0  48724 8701       4       org.eclipse.osgi.internal.serviceregistry.ServiceRegistry::notifyHooksPrivileged (57 bytes)
Total: 1

VM state: not at safepoint (normal execution)

VM Mutex/Monitor currently owned by a thread:  ([mutex/lock_event])
[0x00007ffefd745358] CodeCache_lock - owner thread: 0x00000208f04b60d0

Heap address: 0x0000000080000000, size: 2048 MB, Compressed Oops mode: 32-bit

CDS archive(s) mapped at: [0x0000020880000000-0x0000020880ba0000-0x0000020880ba0000), size 12189696, SharedBaseAddress: 0x0000020880000000, ArchiveRelocationMode: 1.
Compressed class space mapped at: 0x0000020881000000-0x00000208c1000000, reserved size: 1073741824
Narrow klass base: 0x0000020880000000, Narrow klass shift: 0, Narrow klass range: 0x100000000

GC Precious Log:
 CardTable entry size: 512
 CPUs: 4 total, 4 available
 Memory: 3918M
 Large Page Support: Disabled
 NUMA Support: Disabled
 Compressed Oops: Enabled (32-bit)
 Alignments: Space 512K, Generation 512K, Heap 2M
 Heap Min Capacity: 100M
 Heap Initial Capacity: 100M
 Heap Max Capacity: 2G
 Pre-touch: Disabled
 Parallel Workers: 4

Heap:
 PSYoungGen      total 10752K, used 10187K [0x00000000d5580000, 0x00000000d6600000, 0x0000000100000000)
  eden space 5632K, 90% used [0x00000000d5580000,0x00000000d5a74b48,0x00000000d5b00000)
  from space 5120K, 99% used [0x00000000d5c00000,0x00000000d60fe100,0x00000000d6100000)
  to   space 5120K, 0% used [0x00000000d6100000,0x00000000d6100000,0x00000000d6600000)
 ParOldGen       total 407040K, used 406542K [0x0000000080000000, 0x0000000098d80000, 0x00000000d5580000)
  object space 407040K, 99% used [0x0000000080000000,0x0000000098d03930,0x0000000098d80000)
 Metaspace       used 54412K, committed 55744K, reserved 1114112K
  class space    used 5948K, committed 6528K, reserved 1048576K

Card table byte_map: [0x00000208d3230000,0x00000208d3640000] _byte_map_base: 0x00000208d2e30000

Marking Bits: (ParMarkBitMap*) 0x00007ffefd74a340
 Begin Bits: [0x00000208e5d10000, 0x00000208e7d10000)
 End Bits:   [0x00000208e7d10000, 0x00000208e9d10000)

Polling page: 0x00000208d1900000

Metaspace:

Usage:
  Non-class:     47.33 MB used.
      Class:      5.81 MB used.
       Both:     53.14 MB used.

Virtual space:
  Non-class space:       64.00 MB reserved,      48.06 MB ( 75%) committed,  1 nodes.
      Class space:        1.00 GB reserved,       6.38 MB ( <1%) committed,  1 nodes.
             Both:        1.06 GB reserved,      54.44 MB (  5%) committed. 

Chunk freelists:
   Non-Class:  15.48 MB
       Class:  9.47 MB
        Both:  24.96 MB

MaxMetaspaceSize: unlimited
CompressedClassSpaceSize: 1.00 GB
Initial GC threshold: 21.00 MB
Current GC threshold: 58.38 MB
CDS: on
 - commit_granule_bytes: 65536.
 - commit_granule_words: 8192.
 - virtual_space_node_default_size: 8388608.
 - enlarge_chunks_in_place: 1.
 - use_allocation_guard: 0.


Internal statistics:

num_allocs_failed_limit: 6.
num_arena_births: 1038.
num_arena_deaths: 14.
num_vsnodes_births: 2.
num_vsnodes_deaths: 0.
num_space_committed: 871.
num_space_uncommitted: 0.
num_chunks_returned_to_freelist: 20.
num_chunks_taken_from_freelist: 3422.
num_chunk_merges: 12.
num_chunk_splits: 2044.
num_chunks_enlarged: 1085.
num_inconsistent_stats: 0.

CodeHeap 'non-profiled nmethods': size=120000Kb used=4750Kb max_used=4750Kb free=115249Kb
 bounds [0x00000208de530000, 0x00000208de9e0000, 0x00000208e5a60000]
CodeHeap 'profiled nmethods': size=120000Kb used=16830Kb max_used=16830Kb free=103169Kb
 bounds [0x00000208d6a60000, 0x00000208d7ad0000, 0x00000208ddf90000]
CodeHeap 'non-nmethods': size=5760Kb used=1430Kb max_used=1487Kb free=4329Kb
 bounds [0x00000208ddf90000, 0x00000208de200000, 0x00000208de530000]
CodeCache: size=245760Kb, used=23010Kb, max_used=23067Kb, free=222747Kb
 total_blobs=8887, nmethods=8151, adapters=643, full_count=0
Compilation: enabled, stopped_count=0, restarted_count=0

Compilation events (20 events):
Event: 48.428 Thread 0x00000208ea247350 8716       1       sun.nio.ch.PendingFuture::handler (5 bytes)
Event: 48.428 Thread 0x00000208ea247350 nmethod 8716 0x00000208de9d3590 code [0x00000208de9d3720, 0x00000208de9d37e8]
Event: 48.433 Thread 0x00000208ea247350 8717       3       java.lang.Thread::onSpinWait (1 bytes)
Event: 48.433 Thread 0x00000208ea247350 nmethod 8717 0x00000208d7ac8b90 code [0x00000208d7ac8d20, 0x00000208d7ac8e08]
Event: 48.451 Thread 0x00000208ea247350 8718       3       java.lang.invoke.InnerClassLambdaMetafactory::spinInnerClass (118 bytes)
Event: 48.452 Thread 0x00000208ea247350 nmethod 8718 0x00000208d7ac8e90 code [0x00000208d7ac9060, 0x00000208d7ac9338]
Event: 48.491 Thread 0x00000208ea247350 8720       3       org.eclipse.core.runtime.Path::toFile (12 bytes)
Event: 48.491 Thread 0x00000208ea247350 nmethod 8720 0x00000208d7ac9410 code [0x00000208d7ac95c0, 0x00000208d7ac97a8]
Event: 48.491 Thread 0x00000208ea247350 8721       3       java.io.File::getParent (65 bytes)
Event: 48.492 Thread 0x00000208ea247350 nmethod 8721 0x00000208d7ac9890 code [0x00000208d7ac9ae0, 0x00000208d7aca1a8]
Event: 48.498 Thread 0x00000208ea247350 8722       3       org.eclipse.core.runtime.PlatformObject::<init> (5 bytes)
Event: 48.501 Thread 0x00000208ea247350 nmethod 8722 0x00000208d7aca490 code [0x00000208d7aca640, 0x00000208d7aca7a8]
Event: 48.501 Thread 0x00000208ea247350 8725       3       java.util.regex.Pattern::append (43 bytes)
Event: 48.502 Thread 0x00000208ea247350 nmethod 8725 0x00000208d7aca890 code [0x00000208d7acaa60, 0x00000208d7acadf8]
Event: 48.502 Thread 0x00000208ea247350 8723       3       java.util.regex.Pattern::sequence (647 bytes)
Event: 48.513 Thread 0x00000208ea247350 nmethod 8723 0x00000208d7acaf90 code [0x00000208d7acb560, 0x00000208d7ace208]
Event: 48.513 Thread 0x00000208ea247350 8726       3       org.eclipse.core.runtime.Assert::isLegal (7 bytes)
Event: 48.513 Thread 0x00000208ea247350 nmethod 8726 0x00000208d7acf090 code [0x00000208d7acf240, 0x00000208d7acf488]
Event: 48.513 Thread 0x00000208ea247350 8727       3       org.eclipse.core.runtime.Path::fromOSString (5 bytes)
Event: 48.514 Thread 0x00000208ea247350 nmethod 8727 0x00000208d7acf590 code [0x00000208d7acf740, 0x00000208d7acf990]

GC Heap History (20 events):
Event: 39.525 GC heap before
{Heap before GC invocations=274 (full 2):
 PSYoungGen      total 8192K, used 8175K [0x00000000d5580000, 0x00000000d6980000, 0x0000000100000000)
  eden space 4096K, 100% used [0x00000000d5580000,0x00000000d5980000,0x00000000d5980000)
  from space 4096K, 99% used [0x00000000d5a00000,0x00000000d5dfbf40,0x00000000d5e00000)
  to   space 8192K, 0% used [0x00000000d6180000,0x00000000d6180000,0x00000000d6980000)
 ParOldGen       total 366080K, used 365662K [0x0000000080000000, 0x0000000096580000, 0x00000000d5580000)
  object space 366080K, 99% used [0x0000000080000000,0x0000000096517910,0x0000000096580000)
 Metaspace       used 53957K, committed 55232K, reserved 1114112K
  class space    used 5901K, committed 6464K, reserved 1048576K
}
Event: 39.799 GC heap after
{Heap after GC invocations=274 (full 2):
 PSYoungGen      total 9728K, used 4139K [0x00000000d5580000, 0x00000000d6600000, 0x0000000100000000)
  eden space 5120K, 0% used [0x00000000d5580000,0x00000000d5580000,0x00000000d5a80000)
  from space 4608K, 89% used [0x00000000d6180000,0x00000000d658ac90,0x00000000d6600000)
  to   space 5632K, 0% used [0x00000000d5b00000,0x00000000d5b00000,0x00000000d6080000)
 ParOldGen       total 370176K, used 369736K [0x0000000080000000, 0x0000000096980000, 0x00000000d5580000)
  object space 370176K, 99% used [0x0000000080000000,0x00000000969121e8,0x0000000096980000)
 Metaspace       used 53957K, committed 55232K, reserved 1114112K
  class space    used 5901K, committed 6464K, reserved 1048576K
}
Event: 39.986 GC heap before
{Heap before GC invocations=275 (full 2):
 PSYoungGen      total 9728K, used 9259K [0x00000000d5580000, 0x00000000d6600000, 0x0000000100000000)
  eden space 5120K, 100% used [0x00000000d5580000,0x00000000d5a80000,0x00000000d5a80000)
  from space 4608K, 89% used [0x00000000d6180000,0x00000000d658ac90,0x00000000d6600000)
  to   space 5632K, 0% used [0x00000000d5b00000,0x00000000d5b00000,0x00000000d6080000)
 ParOldGen       total 370176K, used 369736K [0x0000000080000000, 0x0000000096980000, 0x00000000d5580000)
  object space 370176K, 99% used [0x0000000080000000,0x00000000969121e8,0x0000000096980000)
 Metaspace       used 53957K, committed 55232K, reserved 1114112K
  class space    used 5901K, committed 6464K, reserved 1048576K
}
Event: 39.998 GC heap after
{Heap after GC invocations=275 (full 2):
 PSYoungGen      total 11264K, used 5170K [0x00000000d5580000, 0x00000000d6680000, 0x0000000100000000)
  eden space 5632K, 0% used [0x00000000d5580000,0x00000000d5580000,0x00000000d5b00000)
  from space 5632K, 91% used [0x00000000d5b00000,0x00000000d600ca60,0x00000000d6080000)
  to   space 5632K, 0% used [0x00000000d6100000,0x00000000d6100000,0x00000000d6680000)
 ParOldGen       total 374272K, used 373826K [0x0000000080000000, 0x0000000096d80000, 0x00000000d5580000)
  object space 374272K, 99% used [0x0000000080000000,0x0000000096d10878,0x0000000096d80000)
 Metaspace       used 53957K, committed 55232K, reserved 1114112K
  class space    used 5901K, committed 6464K, reserved 1048576K
}
Event: 40.169 GC heap before
{Heap before GC invocations=276 (full 2):
 PSYoungGen      total 11264K, used 10390K [0x00000000d5580000, 0x00000000d6680000, 0x0000000100000000)
  eden space 5632K, 92% used [0x00000000d5580000,0x00000000d5a99138,0x00000000d5b00000)
  from space 5632K, 91% used [0x00000000d5b00000,0x00000000d600ca60,0x00000000d6080000)
  to   space 5632K, 0% used [0x00000000d6100000,0x00000000d6100000,0x00000000d6680000)
 ParOldGen       total 374272K, used 373826K [0x0000000080000000, 0x0000000096d80000, 0x00000000d5580000)
  object space 374272K, 99% used [0x0000000080000000,0x0000000096d10878,0x0000000096d80000)
 Metaspace       used 53957K, committed 55232K, reserved 1114112K
  class space    used 5901K, committed 6464K, reserved 1048576K
}
Event: 40.182 GC heap after
{Heap after GC invocations=276 (full 2):
 PSYoungGen      total 11264K, used 5194K [0x00000000d5580000, 0x00000000d6680000, 0x0000000100000000)
  eden space 5632K, 0% used [0x00000000d5580000,0x00000000d5580000,0x00000000d5b00000)
  from space 5632K, 92% used [0x00000000d6100000,0x00000000d66128a0,0x00000000d6680000)
  to   space 5632K, 0% used [0x00000000d5b00000,0x00000000d5b00000,0x00000000d6080000)
 ParOldGen       total 379392K, used 378948K [0x0000000080000000, 0x0000000097280000, 0x00000000d5580000)
  object space 379392K, 99% used [0x0000000080000000,0x0000000097211228,0x0000000097280000)
 Metaspace       used 53957K, committed 55232K, reserved 1114112K
  class space    used 5901K, committed 6464K, reserved 1048576K
}
Event: 40.388 GC heap before
{Heap before GC invocations=277 (full 2):
 PSYoungGen      total 11264K, used 10826K [0x00000000d5580000, 0x00000000d6680000, 0x0000000100000000)
  eden space 5632K, 100% used [0x00000000d5580000,0x00000000d5b00000,0x00000000d5b00000)
  from space 5632K, 92% used [0x00000000d6100000,0x00000000d66128a0,0x00000000d6680000)
  to   space 5632K, 0% used [0x00000000d5b00000,0x00000000d5b00000,0x00000000d6080000)
 ParOldGen       total 379392K, used 378948K [0x0000000080000000, 0x0000000097280000, 0x00000000d5580000)
  object space 379392K, 99% used [0x0000000080000000,0x0000000097211228,0x0000000097280000)
 Metaspace       used 53979K, committed 55296K, reserved 1114112K
  class space    used 5901K, committed 6464K, reserved 1048576K
}
Event: 40.407 GC heap after
{Heap after GC invocations=277 (full 2):
 PSYoungGen      total 11264K, used 5611K [0x00000000d5580000, 0x00000000d6700000, 0x0000000100000000)
  eden space 5632K, 0% used [0x00000000d5580000,0x00000000d5580000,0x00000000d5b00000)
  from space 5632K, 99% used [0x00000000d5b00000,0x00000000d607acf0,0x00000000d6080000)
  to   space 6144K, 0% used [0x00000000d6100000,0x00000000d6100000,0x00000000d6700000)
 ParOldGen       total 384000K, used 383960K [0x0000000080000000, 0x0000000097700000, 0x00000000d5580000)
  object space 384000K, 99% used [0x0000000080000000,0x00000000976f63d8,0x0000000097700000)
 Metaspace       used 53979K, committed 55296K, reserved 1114112K
  class space    used 5901K, committed 6464K, reserved 1048576K
}
Event: 40.710 GC heap before
{Heap before GC invocations=278 (full 2):
 PSYoungGen      total 11264K, used 11243K [0x00000000d5580000, 0x00000000d6700000, 0x0000000100000000)
  eden space 5632K, 100% used [0x00000000d5580000,0x00000000d5b00000,0x00000000d5b00000)
  from space 5632K, 99% used [0x00000000d5b00000,0x00000000d607acf0,0x00000000d6080000)
  to   space 6144K, 0% used [0x00000000d6100000,0x00000000d6100000,0x00000000d6700000)
 ParOldGen       total 384000K, used 383960K [0x0000000080000000, 0x0000000097700000, 0x00000000d5580000)
  object space 384000K, 99% used [0x0000000080000000,0x00000000976f63d8,0x0000000097700000)
 Metaspace       used 53979K, committed 55296K, reserved 1114112K
  class space    used 5901K, committed 6464K, reserved 1048576K
}
Event: 40.723 GC heap after
{Heap after GC invocations=278 (full 2):
 PSYoungGen      total 9728K, used 3776K [0x00000000d5580000, 0x00000000d6500000, 0x0000000100000000)
  eden space 5632K, 0% used [0x00000000d5580000,0x00000000d5580000,0x00000000d5b00000)
  from space 4096K, 92% used [0x00000000d6100000,0x00000000d64b0000,0x00000000d6500000)
  to   space 4608K, 0% used [0x00000000d5c00000,0x00000000d5c00000,0x00000000d6080000)
 ParOldGen       total 390144K, used 389743K [0x0000000080000000, 0x0000000097d00000, 0x00000000d5580000)
  object space 390144K, 99% used [0x0000000080000000,0x0000000097c9bef8,0x0000000097d00000)
 Metaspace       used 53979K, committed 55296K, reserved 1114112K
  class space    used 5901K, committed 6464K, reserved 1048576K
}
Event: 46.409 GC heap before
{Heap before GC invocations=279 (full 2):
 PSYoungGen      total 9728K, used 9408K [0x00000000d5580000, 0x00000000d6500000, 0x0000000100000000)
  eden space 5632K, 100% used [0x00000000d5580000,0x00000000d5b00000,0x00000000d5b00000)
  from space 4096K, 92% used [0x00000000d6100000,0x00000000d64b0000,0x00000000d6500000)
  to   space 4608K, 0% used [0x00000000d5c00000,0x00000000d5c00000,0x00000000d6080000)
 ParOldGen       total 390144K, used 389743K [0x0000000080000000, 0x0000000097d00000, 0x00000000d5580000)
  object space 390144K, 99% used [0x0000000080000000,0x0000000097c9bef8,0x0000000097d00000)
 Metaspace       used 54005K, committed 55296K, reserved 1114112K
  class space    used 5904K, committed 6464K, reserved 1048576K
}
Event: 46.425 GC heap after
{Heap after GC invocations=279 (full 2):
 PSYoungGen      total 9216K, used 3288K [0x00000000d5580000, 0x00000000d6300000, 0x0000000100000000)
  eden space 5632K, 0% used [0x00000000d5580000,0x00000000d5580000,0x00000000d5b00000)
  from space 3584K, 91% used [0x00000000d5c00000,0x00000000d5f363e0,0x00000000d5f80000)
  to   space 3584K, 0% used [0x00000000d5f80000,0x00000000d5f80000,0x00000000d6300000)
 ParOldGen       total 393728K, used 393503K [0x0000000080000000, 0x0000000098080000, 0x00000000d5580000)
  object space 393728K, 99% used [0x0000000080000000,0x0000000098047ef8,0x0000000098080000)
 Metaspace       used 54005K, committed 55296K, reserved 1114112K
  class space    used 5904K, committed 6464K, reserved 1048576K
}
Event: 46.435 GC heap before
{Heap before GC invocations=280 (full 2):
 PSYoungGen      total 9216K, used 8920K [0x00000000d5580000, 0x00000000d6300000, 0x0000000100000000)
  eden space 5632K, 100% used [0x00000000d5580000,0x00000000d5b00000,0x00000000d5b00000)
  from space 3584K, 91% used [0x00000000d5c00000,0x00000000d5f363e0,0x00000000d5f80000)
  to   space 3584K, 0% used [0x00000000d5f80000,0x00000000d5f80000,0x00000000d6300000)
 ParOldGen       total 393728K, used 393503K [0x0000000080000000, 0x0000000098080000, 0x00000000d5580000)
  object space 393728K, 99% used [0x0000000080000000,0x0000000098047ef8,0x0000000098080000)
 Metaspace       used 54005K, committed 55296K, reserved 1114112K
  class space    used 5904K, committed 6464K, reserved 1048576K
}
Event: 46.441 GC heap after
{Heap after GC invocations=280 (full 2):
 PSYoungGen      total 7680K, used 1888K [0x00000000d5580000, 0x00000000d6180000, 0x0000000100000000)
  eden space 5632K, 0% used [0x00000000d5580000,0x00000000d5580000,0x00000000d5b00000)
  from space 2048K, 92% used [0x00000000d5f80000,0x00000000d6158000,0x00000000d6180000)
  to   space 2560K, 0% used [0x00000000d5c80000,0x00000000d5c80000,0x00000000d5f00000)
 ParOldGen       total 397312K, used 396927K [0x0000000080000000, 0x0000000098400000, 0x00000000d5580000)
  object space 397312K, 99% used [0x0000000080000000,0x000000009839fea8,0x0000000098400000)
 Metaspace       used 54005K, committed 55296K, reserved 1114112K
  class space    used 5904K, committed 6464K, reserved 1048576K
}
Event: 46.483 GC heap before
{Heap before GC invocations=281 (full 2):
 PSYoungGen      total 7680K, used 7520K [0x00000000d5580000, 0x00000000d6180000, 0x0000000100000000)
  eden space 5632K, 100% used [0x00000000d5580000,0x00000000d5b00000,0x00000000d5b00000)
  from space 2048K, 92% used [0x00000000d5f80000,0x00000000d6158000,0x00000000d6180000)
  to   space 2560K, 0% used [0x00000000d5c80000,0x00000000d5c80000,0x00000000d5f00000)
 ParOldGen       total 397312K, used 396927K [0x0000000080000000, 0x0000000098400000, 0x00000000d5580000)
  object space 397312K, 99% used [0x0000000080000000,0x000000009839fea8,0x0000000098400000)
 Metaspace       used 54008K, committed 55296K, reserved 1114112K
  class space    used 5905K, committed 6464K, reserved 1048576K
}
Event: 46.490 GC heap after
{Heap after GC invocations=281 (full 2):
 PSYoungGen      total 8192K, used 2546K [0x00000000d5580000, 0x00000000d6a00000, 0x0000000100000000)
  eden space 5632K, 0% used [0x00000000d5580000,0x00000000d5580000,0x00000000d5b00000)
  from space 2560K, 99% used [0x00000000d5c80000,0x00000000d5efcb00,0x00000000d5f00000)
  to   space 7680K, 0% used [0x00000000d6280000,0x00000000d6280000,0x00000000d6a00000)
 ParOldGen       total 400896K, used 400895K [0x0000000080000000, 0x0000000098780000, 0x00000000d5580000)
  object space 400896K, 99% used [0x0000000080000000,0x000000009877fea8,0x0000000098780000)
 Metaspace       used 54008K, committed 55296K, reserved 1114112K
  class space    used 5905K, committed 6464K, reserved 1048576K
}
Event: 46.534 GC heap before
{Heap before GC invocations=282 (full 2):
 PSYoungGen      total 8192K, used 8178K [0x00000000d5580000, 0x00000000d6a00000, 0x0000000100000000)
  eden space 5632K, 100% used [0x00000000d5580000,0x00000000d5b00000,0x00000000d5b00000)
  from space 2560K, 99% used [0x00000000d5c80000,0x00000000d5efcb00,0x00000000d5f00000)
  to   space 7680K, 0% used [0x00000000d6280000,0x00000000d6280000,0x00000000d6a00000)
 ParOldGen       total 400896K, used 400895K [0x0000000080000000, 0x0000000098780000, 0x00000000d5580000)
  object space 400896K, 99% used [0x0000000080000000,0x000000009877fea8,0x0000000098780000)
 Metaspace       used 54032K, committed 55296K, reserved 1114112K
  class space    used 5905K, committed 6464K, reserved 1048576K
}
Event: 46.543 GC heap after
{Heap after GC invocations=282 (full 2):
 PSYoungGen      total 11264K, used 5329K [0x00000000d5580000, 0x00000000d6800000, 0x0000000100000000)
  eden space 5632K, 0% used [0x00000000d5580000,0x00000000d5580000,0x00000000d5b00000)
  from space 5632K, 94% used [0x00000000d6280000,0x00000000d67b4740,0x00000000d6800000)
  to   space 6144K, 0% used [0x00000000d5c00000,0x00000000d5c00000,0x00000000d6200000)
 ParOldGen       total 403456K, used 403327K [0x0000000080000000, 0x0000000098a00000, 0x00000000d5580000)
  object space 403456K, 99% used [0x0000000080000000,0x00000000989dfc88,0x0000000098a00000)
 Metaspace       used 54032K, committed 55296K, reserved 1114112K
  class space    used 5905K, committed 6464K, reserved 1048576K
}
Event: 46.644 GC heap before
{Heap before GC invocations=283 (full 2):
 PSYoungGen      total 11264K, used 10819K [0x00000000d5580000, 0x00000000d6800000, 0x0000000100000000)
  eden space 5632K, 97% used [0x00000000d5580000,0x00000000d5adc6a0,0x00000000d5b00000)
  from space 5632K, 94% used [0x00000000d6280000,0x00000000d67b4740,0x00000000d6800000)
  to   space 6144K, 0% used [0x00000000d5c00000,0x00000000d5c00000,0x00000000d6200000)
 ParOldGen       total 403456K, used 403327K [0x0000000080000000, 0x0000000098a00000, 0x00000000d5580000)
  object space 403456K, 99% used [0x0000000080000000,0x00000000989dfc88,0x0000000098a00000)
 Metaspace       used 54032K, committed 55296K, reserved 1114112K
  class space    used 5905K, committed 6464K, reserved 1048576K
}
Event: 46.653 GC heap after
{Heap after GC invocations=283 (full 2):
 PSYoungGen      total 10752K, used 5112K [0x00000000d5580000, 0x00000000d6600000, 0x0000000100000000)
  eden space 5632K, 0% used [0x00000000d5580000,0x00000000d5580000,0x00000000d5b00000)
  from space 5120K, 99% used [0x00000000d5c00000,0x00000000d60fe100,0x00000000d6100000)
  to   space 5120K, 0% used [0x00000000d6100000,0x00000000d6100000,0x00000000d6600000)
 ParOldGen       total 407040K, used 406542K [0x0000000080000000, 0x0000000098d80000, 0x00000000d5580000)
  object space 407040K, 99% used [0x0000000080000000,0x0000000098d03930,0x0000000098d80000)
 Metaspace       used 54032K, committed 55296K, reserved 1114112K
  class space    used 5905K, committed 6464K, reserved 1048576K
}

Dll operation events (12 events):
Event: 0.021 Loaded shared library c:\Users\ashis\.vscode\extensions\redhat.java-1.46.0-win32-x64\jre\21.0.8-win32-x86_64\bin\java.dll
Event: 0.204 Loaded shared library c:\Users\ashis\.vscode\extensions\redhat.java-1.46.0-win32-x64\jre\21.0.8-win32-x86_64\bin\zip.dll
Event: 0.251 Loaded shared library C:\Users\ashis\.vscode\extensions\redhat.java-1.46.0-win32-x64\jre\21.0.8-win32-x86_64\bin\instrument.dll
Event: 0.260 Loaded shared library C:\Users\ashis\.vscode\extensions\redhat.java-1.46.0-win32-x64\jre\21.0.8-win32-x86_64\bin\net.dll
Event: 0.265 Loaded shared library C:\Users\ashis\.vscode\extensions\redhat.java-1.46.0-win32-x64\jre\21.0.8-win32-x86_64\bin\nio.dll
Event: 0.272 Loaded shared library C:\Users\ashis\.vscode\extensions\redhat.java-1.46.0-win32-x64\jre\21.0.8-win32-x86_64\bin\zip.dll
Event: 0.393 Loaded shared library C:\Users\ashis\.vscode\extensions\redhat.java-1.46.0-win32-x64\jre\21.0.8-win32-x86_64\bin\jimage.dll
Event: 0.744 Loaded shared library c:\Users\ashis\.vscode\extensions\redhat.java-1.46.0-win32-x64\jre\21.0.8-win32-x86_64\bin\verify.dll
Event: 6.404 Loaded shared library C:\Users\ashis\AppData\Roaming\Code\User\globalStorage\redhat.java\1.46.0\config_win\org.eclipse.equinox.launcher\org.eclipse.equinox.launcher.win32.win32.x86_64_1.2.1400.v20250801-0854\eclipse_11916.dll
Event: 9.533 Loaded shared library C:\Users\ashis\AppData\Local\Temp\jna-93110816\jna917966749512126943.dll
Event: 13.995 Loaded shared library C:\Users\ashis\.vscode\extensions\redhat.java-1.46.0-win32-x64\jre\21.0.8-win32-x86_64\bin\sunmscapi.dll
Event: 14.291 Loaded shared library C:\Users\ashis\.vscode\extensions\redhat.java-1.46.0-win32-x64\jre\21.0.8-win32-x86_64\bin\extnet.dll

Deoptimization events (20 events):
Event: 46.656 Thread 0x00000208ef3c6d00 Uncommon trap: trap_request=0xffffffde fr.pc=0x00000208de93d5bc relative=0x000000000000053c
Event: 46.656 Thread 0x00000208ef3c6d00 Uncommon trap: reason=class_check action=maybe_recompile pc=0x00000208de93d5bc method=org.eclipse.jdt.internal.compiler.util.SimpleLookupTable.get(Ljava/lang/Object;)Ljava/lang/Object; @ 7 c2
Event: 46.656 Thread 0x00000208ef3c6d00 DEOPT PACKING pc=0x00000208de93d5bc sp=0x0000006377cfee20
Event: 46.656 Thread 0x00000208ef3c6d00 DEOPT UNPACKING pc=0x00000208ddfe3a9c sp=0x0000006377cfedc8 mode 2
Event: 46.901 Thread 0x00000208ef3c6d00 Uncommon trap: trap_request=0xffffff45 fr.pc=0x00000208de9cb2b8 relative=0x0000000000000558
Event: 46.901 Thread 0x00000208ef3c6d00 Uncommon trap: reason=unstable_if action=reinterpret pc=0x00000208de9cb2b8 method=org.eclipse.jdt.internal.core.index.DiskIndex.readStreamChars(Ljava/io/InputStream;)[C @ 114 c2
Event: 46.901 Thread 0x00000208ef3c6d00 DEOPT PACKING pc=0x00000208de9cb2b8 sp=0x0000006377cfec50
Event: 46.901 Thread 0x00000208ef3c6d00 DEOPT UNPACKING pc=0x00000208ddfe3a9c sp=0x0000006377cfebc0 mode 2
Event: 48.340 Thread 0x00000208f04b60d0 Uncommon trap: trap_request=0xffffff45 fr.pc=0x00000208de7abd98 relative=0x0000000000001bb8
Event: 48.340 Thread 0x00000208f04b60d0 Uncommon trap: reason=unstable_if action=reinterpret pc=0x00000208de7abd98 method=com.google.gson.stream.JsonReader.nextQuotedValue(C)Ljava/lang/String; @ 231 c2
Event: 48.340 Thread 0x00000208f04b60d0 DEOPT PACKING pc=0x00000208de7abd98 sp=0x00000063788fe6c0
Event: 48.340 Thread 0x00000208f04b60d0 DEOPT UNPACKING pc=0x00000208ddfe3a9c sp=0x00000063788fe6c0 mode 2
Event: 48.491 Thread 0x00000208f04b60d0 Uncommon trap: trap_request=0xffffff45 fr.pc=0x00000208de95ffa0 relative=0x0000000000000440
Event: 48.491 Thread 0x00000208f04b60d0 Uncommon trap: reason=unstable_if action=reinterpret pc=0x00000208de95ffa0 method=java.io.File.getName()Ljava/lang/String; @ 16 c2
Event: 48.491 Thread 0x00000208f04b60d0 DEOPT PACKING pc=0x00000208de95ffa0 sp=0x00000063788fe2f0
Event: 48.491 Thread 0x00000208f04b60d0 DEOPT UNPACKING pc=0x00000208ddfe3a9c sp=0x00000063788fe2c0 mode 2
Event: 48.515 Thread 0x00000208f04b60d0 Uncommon trap: trap_request=0xffffff45 fr.pc=0x00000208de969c90 relative=0x0000000000000250
Event: 48.515 Thread 0x00000208f04b60d0 Uncommon trap: reason=unstable_if action=reinterpret pc=0x00000208de969c90 method=org.eclipse.jdt.internal.core.util.Util.indexOfJavaLikeExtension(Ljava/lang/String;)I @ 60 c2
Event: 48.515 Thread 0x00000208f04b60d0 DEOPT PACKING pc=0x00000208de969c90 sp=0x00000063788fe690
Event: 48.515 Thread 0x00000208f04b60d0 DEOPT UNPACKING pc=0x00000208ddfe3a9c sp=0x00000063788fe5f0 mode 2

Classes loaded (20 events):
Event: 36.221 Loading class sun/util/resources/cldr/TimeZoneNames_en
Event: 36.224 Loading class sun/util/resources/cldr/TimeZoneNames_en done
Event: 36.230 Loading class sun/util/resources/cldr/TimeZoneNames_en_US
Event: 36.230 Loading class sun/util/resources/cldr/TimeZoneNames_en_US done
Event: 36.285 Loading class sun/util/cldr/CLDRBaseLocaleDataMetaInfo$TZCanonicalIDMapHolder
Event: 36.288 Loading class sun/util/cldr/CLDRBaseLocaleDataMetaInfo$TZCanonicalIDMapHolder done
Event: 36.312 Loading class sun/util/resources/TimeZoneNames
Event: 36.315 Loading class sun/util/resources/TimeZoneNames done
Event: 36.315 Loading class sun/util/resources/TimeZoneNames_en
Event: 36.315 Loading class sun/util/resources/TimeZoneNames_en done
Event: 46.248 Loading class sun/nio/fs/WindowsFileCopy
Event: 46.257 Loading class sun/nio/fs/WindowsFileCopy done
Event: 47.067 Loading class java/util/concurrent/CompletableFuture$UniApply
Event: 47.070 Loading class java/util/concurrent/CompletableFuture$UniCompletion
Event: 47.073 Loading class java/util/concurrent/CompletableFuture$UniCompletion done
Event: 47.073 Loading class java/util/concurrent/CompletableFuture$UniApply done
Event: 48.042 Loading class java/util/concurrent/CompletableFuture$UniAccept
Event: 48.047 Loading class java/util/concurrent/CompletableFuture$UniAccept done
Event: 48.068 Loading class java/util/concurrent/CompletableFuture$UniExceptionally
Event: 48.115 Loading class java/util/concurrent/CompletableFuture$UniExceptionally done

Classes unloaded (7 events):
Event: 11.156 Thread 0x00000208d391d070 Unloading class 0x00000208811aac00 'java/lang/invoke/LambdaForm$MH+0x00000208811aac00'
Event: 11.156 Thread 0x00000208d391d070 Unloading class 0x00000208811aa800 'java/lang/invoke/LambdaForm$MH+0x00000208811aa800'
Event: 11.156 Thread 0x00000208d391d070 Unloading class 0x00000208811aa400 'java/lang/invoke/LambdaForm$MH+0x00000208811aa400'
Event: 11.156 Thread 0x00000208d391d070 Unloading class 0x00000208811aa000 'java/lang/invoke/LambdaForm$MH+0x00000208811aa000'
Event: 11.156 Thread 0x00000208d391d070 Unloading class 0x00000208811a9c00 'java/lang/invoke/LambdaForm$BMH+0x00000208811a9c00'
Event: 11.156 Thread 0x00000208d391d070 Unloading class 0x00000208811a9800 'java/lang/invoke/LambdaForm$DMH+0x00000208811a9800'
Event: 11.156 Thread 0x00000208d391d070 Unloading class 0x00000208811a8400 'java/lang/invoke/LambdaForm$DMH+0x00000208811a8400'

Classes redefined (0 events):
No events

Internal exceptions (20 events):
Event: 15.735 Thread 0x00000208f04b60d0 Exception <a 'java/io/FileNotFoundException'{0x00000000d5c6c278}> (0x00000000d5c6c278) 
thrown [s\src\hotspot\share\prims\jni.cpp, line 520]
Event: 15.762 Thread 0x00000208ef3c5950 Implicit null exception at 0x00000208de65077e to 0x00000208de65097c
Event: 15.762 Thread 0x00000208ef3c5950 Implicit null exception at 0x00000208de5d141c to 0x00000208de5d2330
Event: 15.769 Thread 0x00000208ef3c5950 Exception <a 'java/lang/NoSuchMethodError'{0x00000000d5d56998}: 'java.lang.Object java.lang.invoke.Invokers$Holder.invokeExact_MT(java.lang.Object, int, java.lang.Object)'> (0x00000000d5d56998) 
thrown [s\src\hotspot\share\interpreter\linkResolver.cpp, line 773]
Event: 15.854 Thread 0x00000208f04b60d0 Exception <a 'java/lang/NoSuchMethodError'{0x00000000d5f59d78}: 'java.lang.Object java.lang.invoke.DirectMethodHandle$Holder.invokeStatic(java.lang.Object, int, java.lang.Object, java.lang.Object)'> (0x00000000d5f59d78) 
thrown [s\src\hotspot\share\interpreter\linkResolver.cpp, line 773]
Event: 15.854 Thread 0x00000208f04b60d0 Exception <a 'java/lang/NoSuchMethodError'{0x00000000d5f5d7d0}: 'java.lang.Object java.lang.invoke.DelegatingMethodHandle$Holder.delegate(java.lang.Object, int, java.lang.Object, java.lang.Object)'> (0x00000000d5f5d7d0) 
thrown [s\src\hotspot\share\interpreter\linkResolver.cpp, line 773]
Event: 15.871 Thread 0x00000208f04b60d0 Exception <a 'java/lang/NoSuchMethodError'{0x00000000d5f92fd8}: 'int java.lang.invoke.Invokers$Holder.linkToTargetMethod(java.lang.Object, java.lang.Object, java.lang.Object)'> (0x00000000d5f92fd8) 
thrown [s\src\hotspot\share\interpreter\linkResolver.cpp, line 773]
Event: 16.290 Thread 0x00000208ef3c6d00 Exception <a 'java/lang/NoSuchMethodError'{0x00000000d5e5e208}: 'java.lang.Object java.lang.invoke.DelegatingMethodHandle$Holder.reinvoke_L(java.lang.Object, int, long, java.lang.Object, java.lang.Object, int, java.lang.Object)'> (0x00000000d5e5e208) 
thrown [s\src\hotspot\share\interpreter\linkResolver.cpp, line 773]
Event: 16.554 Thread 0x00000208ef3c5950 Exception <a 'java/lang/NoClassDefFoundError'{0x00000000d645d1f8}: com/google/inject/servlet/ServletModuleTargetVisitor> (0x00000000d645d1f8) 
thrown [s\src\hotspot\share\classfile\systemDictionary.cpp, line 301]
Event: 16.675 Thread 0x00000208ef3c5950 Implicit null exception at 0x00000208de6b0d02 to 0x00000208de6b0dfc
Event: 16.676 Thread 0x00000208ef3c5950 Implicit null exception at 0x00000208de7594da to 0x00000208de759561
Event: 16.962 Thread 0x00000208ef3c52c0 Exception <a 'java/lang/NoSuchMethodError'{0x00000000d5e00140}: 'int java.lang.invoke.DirectMethodHandle$Holder.invokeSpecialIFC(java.lang.Object, java.lang.Object, java.lang.Object, java.lang.Object)'> (0x00000000d5e00140) 
thrown [s\src\hotspot\share\interpreter\linkResolver.cpp, line 773]
Event: 16.995 Thread 0x00000208f04b60d0 Exception <a 'java/lang/IncompatibleClassChangeError'{0x00000000d5eb8618}: Found class java.lang.Object, but interface was expected> (0x00000000d5eb8618) 
thrown [s\src\hotspot\share\interpreter\linkResolver.cpp, line 840]
Event: 17.023 Thread 0x00000208ef3c7390 Exception <a 'java/lang/NoSuchMethodError'{0x00000000d60f6b68}: 'void java.lang.invoke.DirectMethodHandle$Holder.invokeStaticInit(java.lang.Object, java.lang.Object, java.lang.Object, java.lang.Object)'> (0x00000000d60f6b68) 
thrown [s\src\hotspot\share\interpreter\linkResolver.cpp, line 773]
Event: 17.202 Thread 0x00000208ef3c52c0 Exception <a 'java/lang/NoSuchMethodError'{0x00000000d656bc50}: 'int java.lang.invoke.DirectMethodHandle$Holder.invokeInterface(java.lang.Object, java.lang.Object)'> (0x00000000d656bc50) 
thrown [s\src\hotspot\share\interpreter\linkResolver.cpp, line 773]
Event: 17.202 Thread 0x00000208ef3c52c0 Exception <a 'java/lang/IncompatibleClassChangeError'{0x00000000d656ec70}: Found class java.lang.Object, but interface was expected> (0x00000000d656ec70) 
thrown [s\src\hotspot\share\interpreter\linkResolver.cpp, line 840]
Event: 18.785 Thread 0x00000208f04b60d0 Exception <a 'java/lang/IncompatibleClassChangeError'{0x00000000d6824cc0}: Found class java.lang.Object, but interface was expected> (0x00000000d6824cc0) 
thrown [s\src\hotspot\share\interpreter\linkResolver.cpp, line 840]
Event: 22.192 Thread 0x00000208ef3c6d00 Implicit null exception at 0x00000208de81ab69 to 0x00000208de81ad3c
Event: 29.862 Thread 0x00000208ef3c6d00 Implicit null exception at 0x00000208de8ce484 to 0x00000208de8d39b0
Event: 46.281 Thread 0x00000208ef3c6d00 Exception <a 'sun/nio/fs/WindowsException'{0x00000000d58c4f68}> (0x00000000d58c4f68) 
thrown [s\src\hotspot\share\prims\jni.cpp, line 520]

ZGC Phase Switch (0 events):
No events

VM Operations (20 events):
Event: 39.986 Executing VM operation: ParallelGCFailedAllocation (Allocation Failure)
Event: 39.999 Executing VM operation: ParallelGCFailedAllocation (Allocation Failure) done
Event: 40.169 Executing VM operation: ParallelGCFailedAllocation (Allocation Failure)
Event: 40.182 Executing VM operation: ParallelGCFailedAllocation (Allocation Failure) done
Event: 40.388 Executing VM operation: ParallelGCFailedAllocation (Allocation Failure)
Event: 40.407 Executing VM operation: ParallelGCFailedAllocation (Allocation Failure) done
Event: 40.710 Executing VM operation: ParallelGCFailedAllocation (Allocation Failure)
Event: 40.723 Executing VM operation: ParallelGCFailedAllocation (Allocation Failure) done
Event: 43.746 Executing VM operation: Cleanup
Event: 43.754 Executing VM operation: Cleanup done
Event: 46.409 Executing VM operation: ParallelGCFailedAllocation (Allocation Failure)
Event: 46.425 Executing VM operation: ParallelGCFailedAllocation (Allocation Failure) done
Event: 46.435 Executing VM operation: ParallelGCFailedAllocation (Allocation Failure)
Event: 46.441 Executing VM operation: ParallelGCFailedAllocation (Allocation Failure) done
Event: 46.483 Executing VM operation: ParallelGCFailedAllocation (Allocation Failure)
Event: 46.490 Executing VM operation: ParallelGCFailedAllocation (Allocation Failure) done
Event: 46.534 Executing VM operation: ParallelGCFailedAllocation (Allocation Failure)
Event: 46.543 Executing VM operation: ParallelGCFailedAllocation (Allocation Failure) done
Event: 46.644 Executing VM operation: ParallelGCFailedAllocation (Allocation Failure)
Event: 46.653 Executing VM operation: ParallelGCFailedAllocation (Allocation Failure) done

Memory protections (0 events):
No events

Nmethod flushes (20 events):
Event: 13.322 Thread 0x00000208d391d070 flushing  nmethod 0x00000208d7059490
Event: 13.322 Thread 0x00000208d391d070 flushing  nmethod 0x00000208d7067f10
Event: 13.322 Thread 0x00000208d391d070 flushing  nmethod 0x00000208d706db90
Event: 13.322 Thread 0x00000208d391d070 flushing  nmethod 0x00000208d706e490
Event: 13.322 Thread 0x00000208d391d070 flushing  nmethod 0x00000208d706f690
Event: 13.322 Thread 0x00000208d391d070 flushing  nmethod 0x00000208d7070410
Event: 13.322 Thread 0x00000208d391d070 flushing  nmethod 0x00000208d7072110
Event: 13.322 Thread 0x00000208d391d070 flushing  nmethod 0x00000208d7072a10
Event: 13.322 Thread 0x00000208d391d070 flushing  nmethod 0x00000208d7073290
Event: 13.322 Thread 0x00000208d391d070 flushing  nmethod 0x00000208d7074d10
Event: 13.322 Thread 0x00000208d391d070 flushing  nmethod 0x00000208d707f090
Event: 13.322 Thread 0x00000208d391d070 flushing  nmethod 0x00000208d7085e90
Event: 13.322 Thread 0x00000208d391d070 flushing  nmethod 0x00000208d70c3090
Event: 13.322 Thread 0x00000208d391d070 flushing  nmethod 0x00000208d70c4390
Event: 13.322 Thread 0x00000208d391d070 flushing  nmethod 0x00000208d7113f10
Event: 13.322 Thread 0x00000208d391d070 flushing  nmethod 0x00000208d711aa90
Event: 13.322 Thread 0x00000208d391d070 flushing  nmethod 0x00000208d7137790
Event: 13.322 Thread 0x00000208d391d070 flushing  nmethod 0x00000208d7148a10
Event: 13.322 Thread 0x00000208d391d070 flushing  nmethod 0x00000208d718f210
Event: 13.322 Thread 0x00000208d391d070 flushing  nmethod 0x00000208d71ac410

Events (20 events):
Event: 9.728 Thread 0x00000208ea2ddce0 Thread added: 0x00000208ef3c52c0
Event: 12.457 Thread 0x00000208ea2ddce0 Thread added: 0x00000208ef3c6d00
Event: 12.458 Thread 0x00000208ef3c52c0 Thread added: 0x00000208ef3c7390
Event: 13.043 Thread 0x00000208ef3c7390 Thread added: 0x00000208ef3c4c30
Event: 13.166 Thread 0x00000208ef3c4c30 Thread added: 0x00000208ef3c80b0
Event: 13.370 Thread 0x00000208d385fc30 Thread added: 0x00000208f04b6df0
Event: 13.371 Thread 0x00000208d385fc30 Thread added: 0x00000208f04b7b10
Event: 13.371 Thread 0x00000208d385fc30 Thread added: 0x00000208f04b5a40
Event: 13.372 Thread 0x00000208d385fc30 Thread added: 0x00000208f04b81a0
Event: 13.372 Thread 0x00000208d385fc30 Thread added: 0x00000208f04b6760
Event: 13.588 Thread 0x00000208d385fc30 Thread added: 0x00000208f04b4d20
Event: 14.324 Thread 0x00000208d385fc30 Thread added: 0x00000208f04b53b0
Event: 14.324 Thread 0x00000208d385fc30 Thread added: 0x00000208f04b60d0
Event: 15.666 Thread 0x00000208ef3c7390 Thread added: 0x00000208f04b7480
Event: 15.711 Thread 0x00000208f04b7480 Thread exited: 0x00000208f04b7480
Event: 16.903 Thread 0x00000208ef3c7390 Thread added: 0x00000208f034ef40
Event: 32.315 Thread 0x00000208f034ef40 Thread exited: 0x00000208f034ef40
Event: 48.020 Thread 0x00000208f04b60d0 Thread added: 0x00000208f0352a50
Event: 48.241 Thread 0x00000208f04b60d0 Thread added: 0x00000208f03523c0
Event: 48.250 Thread 0x00000208f03523c0 Thread added: 0x00000208f03530e0


Dynamic libraries:
0x00007ff7f6ec0000 - 0x00007ff7f6ece000 	c:\Users\ashis\.vscode\extensions\redhat.java-1.46.0-win32-x64\jre\21.0.8-win32-x86_64\bin\java.exe
0x00007fff4f930000 - 0x00007fff4fb28000 	C:\WINDOWS\SYSTEM32\ntdll.dll
0x00007fff4dbb0000 - 0x00007fff4dc72000 	C:\WINDOWS\System32\KERNEL32.DLL
0x00007fff4d280000 - 0x00007fff4d576000 	C:\WINDOWS\System32\KERNELBASE.dll
0x00007fff4cfd0000 - 0x00007fff4d0d0000 	C:\WINDOWS\System32\ucrtbase.dll
0x00007fff46d80000 - 0x00007fff46d98000 	c:\Users\ashis\.vscode\extensions\redhat.java-1.46.0-win32-x64\jre\21.0.8-win32-x86_64\bin\jli.dll
0x00007fff4f1e0000 - 0x00007fff4f37d000 	C:\WINDOWS\System32\USER32.dll
0x00007fff4d8b0000 - 0x00007fff4d8d2000 	C:\WINDOWS\System32\win32u.dll
0x00007fff4ea70000 - 0x00007fff4ea9b000 	C:\WINDOWS\System32\GDI32.dll
0x00007fff4d630000 - 0x00007fff4d749000 	C:\WINDOWS\System32\gdi32full.dll
0x00007fff4d1e0000 - 0x00007fff4d27d000 	C:\WINDOWS\System32\msvcp_win.dll
0x00007fff46ee0000 - 0x00007fff46efe000 	c:\Users\ashis\.vscode\extensions\redhat.java-1.46.0-win32-x64\jre\21.0.8-win32-x86_64\bin\VCRUNTIME140.dll
0x00007fff3a080000 - 0x00007fff3a31b000 	C:\WINDOWS\WinSxS\amd64_microsoft.windows.common-controls_6595b64144ccf1df_6.0.19041.6280_none_60bc30a171f2f3f3\COMCTL32.dll
0x00007fff4ed70000 - 0x00007fff4ee0e000 	C:\WINDOWS\System32\msvcrt.dll
0x00007fff4ddc0000 - 0x00007fff4ddef000 	C:\WINDOWS\System32\IMM32.DLL
0x00007fff49d40000 - 0x00007fff49d4c000 	c:\Users\ashis\.vscode\extensions\redhat.java-1.46.0-win32-x64\jre\21.0.8-win32-x86_64\bin\vcruntime140_1.dll
0x00007fff21a00000 - 0x00007fff21a8d000 	c:\Users\ashis\.vscode\extensions\redhat.java-1.46.0-win32-x64\jre\21.0.8-win32-x86_64\bin\msvcp140.dll
0x00007ffefca90000 - 0x00007ffefd827000 	c:\Users\ashis\.vscode\extensions\redhat.java-1.46.0-win32-x64\jre\21.0.8-win32-x86_64\bin\server\jvm.dll
0x00007fff4dc80000 - 0x00007fff4dd31000 	C:\WINDOWS\System32\ADVAPI32.dll
0x00007fff4f720000 - 0x00007fff4f7bf000 	C:\WINDOWS\System32\sechost.dll
0x00007fff4da90000 - 0x00007fff4dbb0000 	C:\WINDOWS\System32\RPCRT4.dll
0x00007fff4d930000 - 0x00007fff4d957000 	C:\WINDOWS\System32\bcrypt.dll
0x00007fff4ee10000 - 0x00007fff4ee7b000 	C:\WINDOWS\System32\WS2_32.dll
0x00007fff4ce30000 - 0x00007fff4ce7b000 	C:\WINDOWS\SYSTEM32\POWRPROF.dll
0x00007fff39a50000 - 0x00007fff39a77000 	C:\WINDOWS\SYSTEM32\WINMM.dll
0x00007fff456e0000 - 0x00007fff456ea000 	C:\WINDOWS\SYSTEM32\VERSION.dll
0x00007fff4ce10000 - 0x00007fff4ce22000 	C:\WINDOWS\SYSTEM32\UMPDC.dll
0x00007fff4b030000 - 0x00007fff4b042000 	C:\WINDOWS\SYSTEM32\kernel.appcore.dll
0x00007fff49d20000 - 0x00007fff49d2a000 	c:\Users\ashis\.vscode\extensions\redhat.java-1.46.0-win32-x64\jre\21.0.8-win32-x86_64\bin\jimage.dll
0x00007fff4abd0000 - 0x00007fff4add1000 	C:\WINDOWS\SYSTEM32\DBGHELP.DLL
0x00007fff38e80000 - 0x00007fff38eb4000 	C:\WINDOWS\SYSTEM32\dbgcore.DLL
0x00007fff4d150000 - 0x00007fff4d1d2000 	C:\WINDOWS\System32\bcryptPrimitives.dll
0x00007fff47cd0000 - 0x00007fff47cdf000 	c:\Users\ashis\.vscode\extensions\redhat.java-1.46.0-win32-x64\jre\21.0.8-win32-x86_64\bin\instrument.dll
0x00007fff45090000 - 0x00007fff450af000 	c:\Users\ashis\.vscode\extensions\redhat.java-1.46.0-win32-x64\jre\21.0.8-win32-x86_64\bin\java.dll
0x00007fff4de00000 - 0x00007fff4e570000 	C:\WINDOWS\System32\SHELL32.dll
0x00007fff4b050000 - 0x00007fff4b7f5000 	C:\WINDOWS\SYSTEM32\windows.storage.dll
0x00007fff4ee80000 - 0x00007fff4f1d3000 	C:\WINDOWS\System32\combase.dll
0x00007fff4c930000 - 0x00007fff4c95b000 	C:\WINDOWS\SYSTEM32\Wldp.dll
0x00007fff4eb00000 - 0x00007fff4ebcd000 	C:\WINDOWS\System32\OLEAUT32.dll
0x00007fff4f400000 - 0x00007fff4f4ad000 	C:\WINDOWS\System32\SHCORE.dll
0x00007fff4eaa0000 - 0x00007fff4eafb000 	C:\WINDOWS\System32\shlwapi.dll
0x00007fff4cf00000 - 0x00007fff4cf24000 	C:\WINDOWS\SYSTEM32\profapi.dll
0x00007fff437a0000 - 0x00007fff437b8000 	c:\Users\ashis\.vscode\extensions\redhat.java-1.46.0-win32-x64\jre\21.0.8-win32-x86_64\bin\zip.dll
0x00007fff477b0000 - 0x00007fff477c0000 	C:\Users\ashis\.vscode\extensions\redhat.java-1.46.0-win32-x64\jre\21.0.8-win32-x86_64\bin\net.dll
0x00007fff43ee0000 - 0x00007fff43fea000 	C:\WINDOWS\SYSTEM32\WINHTTP.dll
0x00007fff4c690000 - 0x00007fff4c6fa000 	C:\WINDOWS\system32\mswsock.dll
0x00007fff43760000 - 0x00007fff43776000 	C:\Users\ashis\.vscode\extensions\redhat.java-1.46.0-win32-x64\jre\21.0.8-win32-x86_64\bin\nio.dll
0x00007fff46eb0000 - 0x00007fff46ec0000 	c:\Users\ashis\.vscode\extensions\redhat.java-1.46.0-win32-x64\jre\21.0.8-win32-x86_64\bin\verify.dll
0x00007fff21920000 - 0x00007fff21964000 	C:\Users\ashis\AppData\Roaming\Code\User\globalStorage\redhat.java\1.46.0\config_win\org.eclipse.equinox.launcher\org.eclipse.equinox.launcher.win32.win32.x86_64_1.2.1400.v20250801-0854\eclipse_11916.dll
0x00007fff4d960000 - 0x00007fff4da8b000 	C:\WINDOWS\System32\ole32.dll
0x00007fff4c890000 - 0x00007fff4c8a8000 	C:\WINDOWS\SYSTEM32\CRYPTSP.dll
0x00007fff4bfb0000 - 0x00007fff4bfe8000 	C:\WINDOWS\system32\rsaenh.dll
0x00007fff4ce80000 - 0x00007fff4ceae000 	C:\WINDOWS\SYSTEM32\USERENV.dll
0x00007fff4c880000 - 0x00007fff4c88c000 	C:\WINDOWS\SYSTEM32\CRYPTBASE.dll
0x00007fff4c370000 - 0x00007fff4c3ab000 	C:\WINDOWS\SYSTEM32\IPHLPAPI.DLL
0x00007fff4ddf0000 - 0x00007fff4ddf8000 	C:\WINDOWS\System32\NSI.dll
0x00007fff35030000 - 0x00007fff35079000 	C:\Users\ashis\AppData\Local\Temp\jna-93110816\jna917966749512126943.dll
0x00007fff4f7c0000 - 0x00007fff4f7c8000 	C:\WINDOWS\System32\PSAPI.DLL
0x00007fff451c0000 - 0x00007fff451d7000 	C:\WINDOWS\SYSTEM32\dhcpcsvc6.DLL
0x00007fff457c0000 - 0x00007fff457dd000 	C:\WINDOWS\SYSTEM32\dhcpcsvc.DLL
0x00007fff47c60000 - 0x00007fff47c6e000 	C:\Users\ashis\.vscode\extensions\redhat.java-1.46.0-win32-x64\jre\21.0.8-win32-x86_64\bin\sunmscapi.dll
0x00007fff4d750000 - 0x00007fff4d8ad000 	C:\WINDOWS\System32\CRYPT32.dll
0x00007fff4c9a0000 - 0x00007fff4c9c7000 	C:\WINDOWS\SYSTEM32\ncrypt.dll
0x00007fff4c960000 - 0x00007fff4c99b000 	C:\WINDOWS\SYSTEM32\NTASN1.dll
0x00007fff4c3b0000 - 0x00007fff4c47a000 	C:\WINDOWS\SYSTEM32\DNSAPI.dll
0x00007fff3c1e0000 - 0x00007fff3c1ea000 	C:\Windows\System32\rasadhlp.dll
0x00007fff3c3d0000 - 0x00007fff3c450000 	C:\WINDOWS\System32\fwpuclnt.dll
0x00007fff49e70000 - 0x00007fff49e79000 	C:\Users\ashis\.vscode\extensions\redhat.java-1.46.0-win32-x64\jre\21.0.8-win32-x86_64\bin\extnet.dll

JVMTI agents:
c:\Users\ashis\.vscode\extensions\redhat.java-1.46.0-win32-x64\lombok\lombok-1.18.39-4050.jar path:c:\Users\ashis\.vscode\extensions\redhat.java-1.46.0-win32-x64\jre\21.0.8-win32-x86_64\bin\instrument.dll, loaded, initialized, instrumentlib options:none

dbghelp: loaded successfully - version: 4.0.5 - missing functions: none
symbol engine: initialized successfully - sym options: 0x614 - pdb path: .;c:\Users\ashis\.vscode\extensions\redhat.java-1.46.0-win32-x64\jre\21.0.8-win32-x86_64\bin;C:\WINDOWS\SYSTEM32;C:\WINDOWS\WinSxS\amd64_microsoft.windows.common-controls_6595b64144ccf1df_6.0.19041.6280_none_60bc30a171f2f3f3;c:\Users\ashis\.vscode\extensions\redhat.java-1.46.0-win32-x64\jre\21.0.8-win32-x86_64\bin\server;C:\Users\ashis\AppData\Roaming\Code\User\globalStorage\redhat.java\1.46.0\config_win\org.eclipse.equinox.launcher\org.eclipse.equinox.launcher.win32.win32.x86_64_1.2.1400.v20250801-0854;C:\Users\ashis\AppData\Local\Temp\jna-93110816

VM Arguments:
jvm_args: --add-modules=ALL-SYSTEM --add-opens=java.base/java.util=ALL-UNNAMED --add-opens=java.base/java.lang=ALL-UNNAMED --add-opens=java.base/sun.nio.fs=ALL-UNNAMED -Declipse.application=org.eclipse.jdt.ls.core.id1 -Dosgi.bundles.defaultStartLevel=4 -Declipse.product=org.eclipse.jdt.ls.core.product -Djava.import.generatesMetadataFilesAtProjectRoot=false -DDetectVMInstallationsJob.disabled=true -Dfile.encoding=utf8 -XX:+UseParallelGC -XX:GCTimeRatio=4 -XX:AdaptiveSizePolicyWeight=90 -Dsun.zip.disableMemoryMapping=true -Xmx2G -Xms100m -Xlog:disable -javaagent:c:\Users\ashis\.vscode\extensions\redhat.java-1.46.0-win32-x64\lombok\lombok-1.18.39-4050.jar -XX:+HeapDumpOnOutOfMemoryError -XX:HeapDumpPath=c:\Users\ashis\AppData\Roaming\Code\User\workspaceStorage\092032f4d222c2bb43f7764757c1a2a7\redhat.java -Daether.dependencyCollector.impl=bf 
java_command: c:\Users\ashis\.vscode\extensions\redhat.java-1.46.0-win32-x64\server\plugins\org.eclipse.equinox.launcher_1.7.0.v20250519-0528.jar -configuration c:\Users\ashis\AppData\Roaming\Code\User\globalStorage\redhat.java\1.46.0\config_win -data c:\Users\ashis\AppData\Roaming\Code\User\workspaceStorage\092032f4d222c2bb43f7764757c1a2a7\redhat.java\jdt_ws --pipe=\\.\pipe\lsp-b9ee2567ee0f70611f44d260f4a7e963-sock
java_class_path (initial): c:\Users\ashis\.vscode\extensions\redhat.java-1.46.0-win32-x64\server\plugins\org.eclipse.equinox.launcher_1.7.0.v20250519-0528.jar
Launcher Type: SUN_STANDARD

[Global flags]
    uintx AdaptiveSizePolicyWeight                 = 90                                        {product} {command line}
     intx CICompilerCount                          = 3                                         {product} {ergonomic}
    uintx GCTimeRatio                              = 4                                         {product} {command line}
     bool HeapDumpOnOutOfMemoryError               = true                                   {manageable} {command line}
    ccstr HeapDumpPath                             = c:\Users\ashis\AppData\Roaming\Code\User\workspaceStorage\092032f4d222c2bb43f7764757c1a2a7\redhat.java         {manageable} {command line}
   size_t InitialHeapSize                          = 104857600                                 {product} {command line}
   size_t MaxHeapSize                              = 2147483648                                {product} {command line}
   size_t MaxNewSize                               = 715653120                                 {product} {ergonomic}
   size_t MinHeapDeltaBytes                        = 524288                                    {product} {ergonomic}
   size_t MinHeapSize                              = 104857600                                 {product} {command line}
   size_t NewSize                                  = 34603008                                  {product} {ergonomic}
    uintx NonNMethodCodeHeapSize                   = 5832780                                {pd product} {ergonomic}
    uintx NonProfiledCodeHeapSize                  = 122912730                              {pd product} {ergonomic}
   size_t OldSize                                  = 70254592                                  {product} {ergonomic}
    uintx ProfiledCodeHeapSize                     = 122912730                              {pd product} {ergonomic}
    uintx ReservedCodeCacheSize                    = 251658240                              {pd product} {ergonomic}
     bool SegmentedCodeCache                       = true                                      {product} {ergonomic}
   size_t SoftMaxHeapSize                          = 2147483648                             {manageable} {ergonomic}
     bool UseCompressedOops                        = true                           {product lp64_product} {ergonomic}
     bool UseLargePagesIndividualAllocation        = false                                  {pd product} {ergonomic}
     bool UseParallelGC                            = true                                      {product} {command line}

Logging:
Log output configuration:
 #0: stdout all=off uptime,level,tags foldmultilines=false
 #1: stderr all=off uptime,level,tags foldmultilines=false

Environment Variables:
JAVA_HOME=C:\Program Files\Java\jdk-23
PATH=C:\Python312\Scripts\;C:\Python312\;C:\Program Files\Common Files\Oracle\Java\javapath;C:\WINDOWS\system32;C:\WINDOWS;C:\WINDOWS\System32\Wbem;C:\WINDOWS\System32\WindowsPowerShell\v1.0\;C:\WINDOWS\System32\OpenSSH\;C:\Program Files\MySQL\MySQL Server 8.0\bin;C:\Program Files\nodejs\;C:\ProgramData\chocolatey\bin;C:\Program Files\Redis\;C:\Users\ashis\Downloads\mongosh-2.3.7-win32-x64 (1)\mongosh-2.3.7-win32-x64\bin;C:\Program Files\MongoDB\Server\8.0\bin;C:\Program Files\Git\cmd;C:\Program Files\Git\bin;C:\Program Files\Java\jdk-23\bin;C:\Program Files\apache-maven-3.9.11\bin;C:\Program Files\MySQL\MySQL Shell 8.0\bin\;C:\Users\ashis\AppData\Local\Microsoft\WindowsApps;C:\Users\ashis\AppData\Local\Programs\Microsoft VS Code\bin;C:\Users\ashis\AppData\Roaming\npm;C:\Program Files\MongoDB\Server\8.0\bin;C:\Program Files\PostgreSQL\17\bin;C:\Program Files\apache-maven-3.9.11\bin;
USERNAME=ashis
OS=Windows_NT
PROCESSOR_IDENTIFIER=Intel64 Family 6 Model 122 Stepping 8, GenuineIntel
TMP=C:\Users\ashis\AppData\Local\Temp
TEMP=C:\Users\ashis\AppData\Local\Temp




Periodic native trim disabled

---------------  S Y S T E M  ---------------

OS:
 Windows 10 , 64 bit Build 19041 (10.0.19041.5915)
OS uptime: 18 days 8:23 hours

CPU: total 4 (initial active 4) (4 cores per cpu, 1 threads per core) family 6 model 122 stepping 8 microcode 0x1c, cx8, cmov, fxsr, mmx, 3dnowpref, sse, sse2, sse3, ssse3, sse4.1, sse4.2, popcnt, tsc, tscinvbit, aes, erms, clmul, sha, clflush, clflushopt, rdtscp, rdpid
Processor Information for the first 4 processors :
  Max Mhz: 1101, Current Mhz: 1101, Mhz Limit: 1101

Memory: 4k page, system-wide physical 3918M (224M free)
TotalPageFile size 15694M (AvailPageFile size 1M)
current process WorkingSet (physical memory assigned to process): 577M, peak: 577M
current process commit charge ("private bytes"): 641M, peak: 642M

vm_info: OpenJDK 64-Bit Server VM (21.0.8+9-LTS) for windows-amd64 JRE (21.0.8+9-LTS), built on 2025-07-15T00:00:00Z by "admin" with MS VC++ 17.7 (VS2022)

END.
