#
# There is insufficient memory for the Java Runtime Environment to continue.
# Native memory allocation (mmap) failed to map 65536 bytes. Error detail: Failed to commit metaspace.
# Possible reasons:
#   The system is out of physical RAM or swap space
#   This process is running with CompressedOops enabled, and the Java Heap may be blocking the growth of the native heap
# Possible solutions:
#   Reduce memory load on the system
#   Increase physical memory or swap space
#   Check if swap backing store is full
#   Decrease Java heap size (-Xmx/-Xms)
#   Decrease number of Java threads
#   Decrease Java thread stack sizes (-Xss)
#   Set larger code cache with -XX:ReservedCodeCacheSize=
#   JVM is running with Unscaled Compressed Oops mode in which the Java heap is
#     placed in the first 4GB address space. The Java Heap base address is the
#     maximum limit for the native heap growth. Please use -XX:HeapBaseMinAddress
#     to set the Java Heap base and to place the Java Heap above 4GB virtual address.
# This output file may be truncated or incomplete.
#
#  Out of Memory Error (virtualSpaceNode.cpp:113), pid=10252, tid=20760
#
# JRE version: OpenJDK Runtime Environment Temurin-21.0.8+9 (21.0.8+9) (build 21.0.8+9-LTS)
# Java VM: OpenJDK 64-Bit Server VM Temurin-21.0.8+9 (21.0.8+9-LTS, mixed mode, sharing, tiered, compressed oops, compressed class ptrs, parallel gc, windows-amd64)
# No core dump will be written. Minidumps are not enabled by default on client versions of Windows
#

---------------  S U M M A R Y ------------

Command Line: --add-modules=ALL-SYSTEM --add-opens=java.base/java.util=ALL-UNNAMED --add-opens=java.base/java.lang=ALL-UNNAMED --add-opens=java.base/sun.nio.fs=ALL-UNNAMED -Declipse.application=org.eclipse.jdt.ls.core.id1 -Dosgi.bundles.defaultStartLevel=4 -Declipse.product=org.eclipse.jdt.ls.core.product -Djava.import.generatesMetadataFilesAtProjectRoot=false -DDetectVMInstallationsJob.disabled=true -Dfile.encoding=utf8 -XX:+UseParallelGC -XX:GCTimeRatio=4 -XX:AdaptiveSizePolicyWeight=90 -Dsun.zip.disableMemoryMapping=true -Xmx2G -Xms100m -Xlog:disable -javaagent:c:\Users\ashis\.vscode\extensions\redhat.java-1.46.0-win32-x64\lombok\lombok-1.18.39-4050.jar c:\Users\ashis\.vscode\extensions\redhat.java-1.46.0-win32-x64\server\plugins\org.eclipse.equinox.launcher_1.7.0.v20250519-0528.jar -configuration c:\Users\ashis\AppData\Roaming\Code\User\globalStorage\redhat.java\1.46.0\config_ss_win -data c:\Users\ashis\AppData\Roaming\Code\User\workspaceStorage\092032f4d222c2bb43f7764757c1a2a7\redhat.java\ss_ws --pipe=\\.\pipe\lsp-0b42c580419888a84d2f4af2205b79c6-sock

Host: Intel(R) Pentium(R) Silver N5030 CPU @ 1.10GHz, 4 cores, 3G,  Windows 10 , 64 bit Build 19041 (10.0.19041.5915)
Time: Tue Oct  7 17:38:37 2025 India Standard Time elapsed time: 4.831774 seconds (0d 0h 0m 4s)

---------------  T H R E A D  ---------------

Current thread (0x000002b62aa50200):  JavaThread "main"             [_thread_in_vm, id=20760, stack(0x000000e908b00000,0x000000e908c00000) (1024K)]

Stack: [0x000000e908b00000,0x000000e908c00000]
Native frames: (J=compiled Java code, j=interpreted, Vv=VM code, C=native code)
V  [jvm.dll+0x6d2449]
V  [jvm.dll+0x8ae341]
V  [jvm.dll+0x8b08be]
V  [jvm.dll+0x8b0fa3]
V  [jvm.dll+0x280c96]
V  [jvm.dll+0x8aa07e]
V  [jvm.dll+0x6745b5]
V  [jvm.dll+0x1e5b2c]
V  [jvm.dll+0x1e58fe]
V  [jvm.dll+0x676eb2]
V  [jvm.dll+0x676cd2]
V  [jvm.dll+0x674f8e]
V  [jvm.dll+0x26bcc0]
V  [jvm.dll+0x217447]
V  [jvm.dll+0x20cece]
V  [jvm.dll+0x5b19dc]
V  [jvm.dll+0x827606]
V  [jvm.dll+0x4741b6]
V  [jvm.dll+0x47a088]
C  [java.dll+0x17ec]

Java frames: (J=compiled Java code, j=interpreted, Vv=VM code)
J 1148  java.lang.ClassLoader.defineClass1(Ljava/lang/ClassLoader;Ljava/lang/String;[BIILjava/security/ProtectionDomain;Ljava/lang/String;)Ljava/lang/Class; java.base@21.0.8 (0 bytes) @ 0x000002b63578ef91 [0x000002b63578eec0+0x00000000000000d1]
j  java.lang.ClassLoader.defineClass(Ljava/lang/String;[BIILjava/security/ProtectionDomain;)Ljava/lang/Class;+27 java.base@21.0.8
j  java.security.SecureClassLoader.defineClass(Ljava/lang/String;[BIILjava/security/CodeSource;)Ljava/lang/Class;+12 java.base@21.0.8
j  java.net.URLClassLoader.defineClass(Ljava/lang/String;Ljdk/internal/loader/Resource;)Ljava/lang/Class;+220 java.base@21.0.8
j  java.net.URLClassLoader$1.run()Ljava/lang/Class;+43 java.base@21.0.8
j  java.net.URLClassLoader$1.run()Ljava/lang/Object;+1 java.base@21.0.8
J 1187 c1 java.security.AccessController.executePrivileged(Ljava/security/PrivilegedExceptionAction;Ljava/security/AccessControlContext;Ljava/lang/Class;)Ljava/lang/Object; java.base@21.0.8 (65 bytes) @ 0x000002b62de357c4 [0x000002b62de35660+0x0000000000000164]
j  java.security.AccessController.doPrivileged(Ljava/security/PrivilegedExceptionAction;Ljava/security/AccessControlContext;)Ljava/lang/Object;+13 java.base@21.0.8
j  java.net.URLClassLoader.findClass(Ljava/lang/String;)Ljava/lang/Class;+13 java.base@21.0.8
J 1204 c1 java.lang.ClassLoader.loadClass(Ljava/lang/String;Z)Ljava/lang/Class; java.base@21.0.8 (121 bytes) @ 0x000002b62de3a124 [0x000002b62de39b60+0x00000000000005c4]
J 1029 c1 java.lang.ClassLoader.loadClass(Ljava/lang/String;)Ljava/lang/Class; java.base@21.0.8 (7 bytes) @ 0x000002b62dde89d4 [0x000002b62dde88c0+0x0000000000000114]
v  ~StubRoutines::call_stub 0x000002b635181015
j  org.eclipse.osgi.container.ModuleDatabase.load(Ljava/io/DataInputStream;)V+32
j  org.eclipse.osgi.storage.Storage.<init>(Lorg/eclipse/osgi/internal/framework/EquinoxContainer;[Ljava/lang/String;)V+720
j  org.eclipse.osgi.storage.Storage.createStorage(Lorg/eclipse/osgi/internal/framework/EquinoxContainer;)Lorg/eclipse/osgi/storage/Storage;+11
j  org.eclipse.osgi.internal.framework.EquinoxContainer.<init>(Ljava/util/Map;Lorg/osgi/framework/connect/ModuleConnector;)V+146
j  org.eclipse.osgi.launch.Equinox.<init>(Ljava/util/Map;Lorg/osgi/framework/connect/ModuleConnector;)V+10
j  org.eclipse.osgi.launch.Equinox.<init>(Ljava/util/Map;)V+3
j  org.eclipse.core.runtime.adaptor.EclipseStarter.startup([Ljava/lang/String;Ljava/lang/Runnable;)Lorg/osgi/framework/BundleContext;+28
j  org.eclipse.core.runtime.adaptor.EclipseStarter.run([Ljava/lang/String;Ljava/lang/Runnable;)Ljava/lang/Object;+21
j  java.lang.invoke.DirectMethodHandle$Holder.invokeStatic(Ljava/lang/Object;Ljava/lang/Object;Ljava/lang/Object;)Ljava/lang/Object;+11 java.base@21.0.8
j  java.lang.invoke.LambdaForm$MH+0x000002b64308a800.invoke(Ljava/lang/Object;Ljava/lang/Object;Ljava/lang/Object;Ljava/lang/Object;)Ljava/lang/Object;+54 java.base@21.0.8
j  java.lang.invoke.LambdaForm$MH+0x000002b643002c00.invokeExact_MT(Ljava/lang/Object;Ljava/lang/Object;Ljava/lang/Object;Ljava/lang/Object;Ljava/lang/Object;)Ljava/lang/Object;+22 java.base@21.0.8
j  jdk.internal.reflect.DirectMethodHandleAccessor.invokeImpl(Ljava/lang/Object;[Ljava/lang/Object;)Ljava/lang/Object;+72 java.base@21.0.8
j  jdk.internal.reflect.DirectMethodHandleAccessor.invoke(Ljava/lang/Object;[Ljava/lang/Object;)Ljava/lang/Object;+23 java.base@21.0.8
j  java.lang.reflect.Method.invoke(Ljava/lang/Object;[Ljava/lang/Object;)Ljava/lang/Object;+102 java.base@21.0.8
j  org.eclipse.equinox.launcher.Main.invokeFramework([Ljava/lang/String;[Ljava/net/URL;)V+155
j  org.eclipse.equinox.launcher.Main.basicRun([Ljava/lang/String;)V+191
j  org.eclipse.equinox.launcher.Main.run([Ljava/lang/String;)I+4
j  org.eclipse.equinox.launcher.Main.main([Ljava/lang/String;)V+10
v  ~StubRoutines::call_stub 0x000002b635181015

Compiled method (n/a) 4950 1148     n 0       java.lang.ClassLoader::defineClass1 (native)
 total in heap  [0x000002b63578ed10,0x000002b63578f188] = 1144
 relocation     [0x000002b63578ee70,0x000002b63578eea8] = 56
 main code      [0x000002b63578eec0,0x000002b63578f187] = 711
 stub code      [0x000002b63578f187,0x000002b63578f188] = 1

[Constant Pool (empty)]

[MachCode]
[Entry Point]
  # {method} {0x000002b642436e28} 'defineClass1' '(Ljava/lang/ClassLoader;Ljava/lang/String;[BIILjava/security/ProtectionDomain;Ljava/lang/String;)Ljava/lang/Class;' in 'java/lang/ClassLoader'
  # parm0:    rdx:rdx   = 'java/lang/ClassLoader'
  # parm1:    r8:r8     = 'java/lang/String'
  # parm2:    r9:r9     = '[B'
  # parm3:    rdi       = int
  # parm4:    rsi       = int
  # parm5:    rcx:rcx   = 'java/security/ProtectionDomain'
  # parm6:    [sp+0xa0]   = 'java/lang/String'  (sp of caller)
  0x000002b63578eec0: 448b 5208 | 49bb 0000 | 0042 b602 | 0000 4d03 | d349 3bc2 | 0f84 0600 

  0x000002b63578eed8: ;   {runtime_call ic_miss_stub}
  0x000002b63578eed8: 0000 e9a1 | f5a3 ff90 
[Verified Entry Point]
  0x000002b63578eee0: 8984 2400 | 80ff ff55 | 488b ec48 | 81ec 9000 | 0000 6690 | 4181 7f20 | 0100 0000 

  0x000002b63578eefc: ;   {runtime_call StubRoutines (final stubs)}
  0x000002b63578eefc: 7405 e8bd | 9aa2 ff48 | 837d 1000 | 488d 4510 | 480f 4445 | 1048 8944 | 2440 4889 | 4c24 7048 
  0x000002b63578ef1c: 83f9 0048 | 8d44 2470 | 480f 4444 | 2470 4889 | 4424 3848 | 8974 2430 | 4889 7c24 | 284c 894c 
  0x000002b63578ef3c: 2458 4983 | f900 488d | 4424 5848 | 0f44 4424 | 5848 8944 | 2420 4c89 | 4424 5049 | 83f8 004c 
  0x000002b63578ef5c: 8d4c 2450 | 4c0f 444c | 2450 4889 | 5424 4848 | 83fa 004c | 8d44 2448 | 4c0f 4444 

  0x000002b63578ef78: ;   {oop(a 'java/lang/Class'{0x00000000d6ecbc20} = 'java/lang/ClassLoader')}
  0x000002b63578ef78: 2448 49be | 20bc ecd6 | 0000 0000 | 4c89 7424 | 784c 8d74 | 2478 498b 

  0x000002b63578ef90: ; ImmutableOopMap {[72]=Oop [80]=Oop [88]=Oop [112]=Oop [120]=Oop [160]=Oop }
                      ;   {section_word}
  0x000002b63578ef90: d649 ba91 | ef78 35b6 | 0200 004d | 8997 a003 | 0000 4989 | a798 0300 

  0x000002b63578efa8: ;   {external_word}
  0x000002b63578efa8: 0049 ba56 | cc72 fdfe | 7f00 0041 | 803a 000f | 844e 0000 | 0052 4150 

  0x000002b63578efc0: ;   {metadata({method} {0x000002b642436e28} 'defineClass1' '(Ljava/lang/ClassLoader;Ljava/lang/String;[BIILjava/security/ProtectionDomain;Ljava/lang/String;)Ljava/lang/Class;' in 'java/lang/ClassLoader')}
  0x000002b63578efc0: 4151 48ba | 206e 4342 | b602 0000 | 498b cf48 | 83ec 2040 | f6c4 0f0f | 8419 0000 | 0048 83ec 
  0x000002b63578efe0: ;   {runtime_call}
  0x000002b63578efe0: 0848 b890 | 8d1c fdfe | 7f00 00ff | d048 83c4 | 08e9 0c00 

  0x000002b63578eff4: ;   {runtime_call}
  0x000002b63578eff4: 0000 48b8 | 908d 1cfd | fe7f 0000 | ffd0 4883 | c420 4159 | 4158 5a49 | 8d8f b803 | 0000 41c7 
  0x000002b63578f014: 8744 0400 | 0004 0000 

  0x000002b63578f01c: ;   {runtime_call}
  0x000002b63578f01c: 0048 b8ac | 1609 45ff | 7f00 00ff | d041 c787 | 4404 0000 | 0500 0000 | f083 4424 | c000 493b 
  0x000002b63578f03c: af48 0400 | 000f 870e | 0000 0041 | 83bf 4004 | 0000 000f | 8428 0000 | 0048 8945 | f849 8bcf 
  0x000002b63578f05c: 4c8b e448 | 83ec 2048 

  0x000002b63578f064: ;   {runtime_call}
  0x000002b63578f064: 83e4 f048 | b820 fae7 | fcfe 7f00 | 00ff d049 | 8be4 4d33 | e448 8b45 | f841 c787 | 4404 0000 
  0x000002b63578f084: 0800 0000 | 4183 bfc0 | 0400 0002 | 0f84 c700 

  0x000002b63578f094: ;   {external_word}
  0x000002b63578f094: 0000 49ba | 56cc 72fd | fe7f 0000 | 4180 3a00 | 0f84 4c00 | 0000 4889 

  0x000002b63578f0ac: ;   {metadata({method} {0x000002b642436e28} 'defineClass1' '(Ljava/lang/ClassLoader;Ljava/lang/String;[BIILjava/security/ProtectionDomain;Ljava/lang/String;)Ljava/lang/Class;' in 'java/lang/ClassLoader')}
  0x000002b63578f0ac: 45f8 48ba | 206e 4342 | b602 0000 | 498b cf48 | 83ec 2040 | f6c4 0f0f | 8419 0000 | 0048 83ec 
  0x000002b63578f0cc: ;   {runtime_call}
  0x000002b63578f0cc: 0848 b890 | 8d1c fdfe | 7f00 00ff | d048 83c4 | 08e9 0c00 

  0x000002b63578f0e0: ;   {runtime_call}
  0x000002b63578f0e0: 0000 48b8 | 908d 1cfd | fe7f 0000 | ffd0 4883 | c420 488b | 45f8 49c7 | 8798 0300 | 0000 0000 
  0x000002b63578f100: 0049 c787 | a003 0000 | 0000 0000 | 4885 c00f | 8425 0000 | 00a8 030f | 8508 0000 | 0048 8b00 
  0x000002b63578f120: e915 0000 | 00a8 010f | 8509 0000 | 0048 8b40 | fee9 0400 | 0000 488b | 40ff 498b | 8f28 0400 
  0x000002b63578f140: 00c7 8100 | 0100 0000 | 0000 00c9 | 4983 7f08 | 000f 8501 | 0000 00c3 

  0x000002b63578f158: ;   {runtime_call StubRoutines (initial stubs)}
  0x000002b63578f158: e9a3 1d9f | ff48 8945 | f84c 8be4 | 4883 ec20 | 4883 e4f0 

  0x000002b63578f16c: ;   {runtime_call}
  0x000002b63578f16c: 48b8 30c5 | 1cfd fe7f | 0000 ffd0 | 498b e44d | 33e4 488b | 45f8 e90f | ffff fff4 
[/MachCode]


Compiled method (c1) 4970 1187       3       java.security.AccessController::executePrivileged (65 bytes)
 total in heap  [0x000002b62de35490,0x000002b62de35a80] = 1520
 relocation     [0x000002b62de355f0,0x000002b62de35658] = 104
 main code      [0x000002b62de35660,0x000002b62de35908] = 680
 stub code      [0x000002b62de35908,0x000002b62de35960] = 88
 metadata       [0x000002b62de35960,0x000002b62de35970] = 16
 scopes data    [0x000002b62de35970,0x000002b62de359e8] = 120
 scopes pcs     [0x000002b62de359e8,0x000002b62de35a68] = 128
 dependencies   [0x000002b62de35a68,0x000002b62de35a70] = 8
 nul chk table  [0x000002b62de35a70,0x000002b62de35a80] = 16

[Constant Pool (empty)]

[MachCode]
[Verified Entry Point]
  # {method} {0x000002b642472be8} 'executePrivileged' '(Ljava/security/PrivilegedExceptionAction;Ljava/security/AccessControlContext;Ljava/lang/Class;)Ljava/lang/Object;' in 'java/security/AccessController'
  # parm0:    rdx:rdx   = 'java/security/PrivilegedExceptionAction'
  # parm1:    r8:r8     = 'java/security/AccessControlContext'
  # parm2:    r9:r9     = 'java/lang/Class'
  #           [sp+0x50]  (sp of caller)
  0x000002b62de35660: 8984 2400 | 80ff ff55 | 4883 ec40 | 4181 7f20 | 0100 0000 

  0x000002b62de35674: ;   {runtime_call StubRoutines (final stubs)}
  0x000002b62de35674: 7405 e845 | 3338 074c | 8944 2430 

  0x000002b62de35680: ;   {metadata(method data for {method} {0x000002b642472be8} 'executePrivileged' '(Ljava/security/PrivilegedExceptionAction;Ljava/security/AccessControlContext;Ljava/lang/Class;)Ljava/lang/Object;' in 'java/security/AccessController')}
  0x000002b62de35680: 48be 18cf | 3184 b602 | 0000 8bbe | cc00 0000 | 83c7 0289 | becc 0000 | 0081 e7fe | 0700 0085 
  0x000002b62de356a0: ff0f 84bf | 0100 004d 

  0x000002b62de356a8: ;   {metadata(method data for {method} {0x000002b642472be8} 'executePrivileged' '(Ljava/security/PrivilegedExceptionAction;Ljava/security/AccessControlContext;Ljava/lang/Class;)Ljava/lang/Object;' in 'java/security/AccessController')}
  0x000002b62de356a8: 85c0 48be | 18cf 3184 | b602 0000 | 48c7 c710 | 0100 0074 | 0748 c7c7 | 2001 0000 | 488b 1c3e 
  0x000002b62de356c8: 488d 5b01 | 4889 1c3e | 4c89 4c24 | 2848 8954 | 2420 0f84 | 2400 0000 

  0x000002b62de356e0: ;   {metadata(method data for {method} {0x000002b642472be8} 'executePrivileged' '(Ljava/security/PrivilegedExceptionAction;Ljava/security/AccessControlContext;Ljava/lang/Class;)Ljava/lang/Object;' in 'java/security/AccessController')}
  0x000002b62de356e0: 48be 18cf | 3184 b602 | 0000 4883 | 8630 0100 | 0001 498b 

  0x000002b62de356f4: ;   {static_call}
  0x000002b62de356f4: d066 90e8 

  0x000002b62de356f8: ; ImmutableOopMap {[32]=Oop [40]=Oop [48]=Oop }
                      ;*invokestatic ensureMaterializedForStackWalk {reexecute=0 rethrow=0 return_oop=0}
                      ; - java.security.AccessController::executePrivileged@5
  0x000002b62de356f8: 64d1 9507 

  0x000002b62de356fc: ;   {other}
  0x000002b62de356fc: 0f1f 8400 | 6c02 0000 

  0x000002b62de35704: ;   {metadata(method data for {method} {0x000002b642472be8} 'executePrivileged' '(Ljava/security/PrivilegedExceptionAction;Ljava/security/AccessControlContext;Ljava/lang/Class;)Ljava/lang/Object;' in 'java/security/AccessController')}
  0x000002b62de35704: 48ba 18cf | 3184 b602 | 0000 ff82 | 4001 0000 | 488b 5424 | 2048 3b02 

  0x000002b62de3571c: ;   {metadata(method data for {method} {0x000002b642472be8} 'executePrivileged' '(Ljava/security/PrivilegedExceptionAction;Ljava/security/AccessControlContext;Ljava/lang/Class;)Ljava/lang/Object;' in 'java/security/AccessController')}
  0x000002b62de3571c: 488b f248 | bf18 cf31 | 84b6 0200 | 008b 7608 | 49ba 0000 | 0042 b602 | 0000 4903 | f248 3bb7 
  0x000002b62de3573c: b001 0000 | 750d 4883 | 87b8 0100 | 0001 e960 | 0000 0048 | 3bb7 c001 | 0000 750d | 4883 87c8 
  0x000002b62de3575c: 0100 0001 | e94a 0000 | 0048 83bf | b001 0000 | 0075 1748 | 89b7 b001 | 0000 48c7 | 87b8 0100 
  0x000002b62de3577c: 0001 0000 | 00e9 2900 | 0000 4883 | bfc0 0100 | 0000 7517 | 4889 b7c0 | 0100 0048 | c787 c801 
  0x000002b62de3579c: 0000 0100 | 0000 e908 | 0000 0048 | 8387 a001 | 0000 0166 | 0f1f 4400 | 0048 b8ff | ffff ffff 
  0x000002b62de357bc: ;   {virtual_call}
  0x000002b62de357bc: ffff ffe8 

  0x000002b62de357c0: ; ImmutableOopMap {[40]=Oop [48]=Oop }
                      ;*invokeinterface run {reexecute=0 rethrow=0 return_oop=0}
                      ; - java.security.AccessController::executePrivileged@29
  0x000002b62de357c0: 9c65 3907 

  0x000002b62de357c4: ;   {other}
  0x000002b62de357c4: 0f1f 8400 | 3403 0001 

  0x000002b62de357cc: ;   {metadata(method data for {method} {0x000002b642472be8} 'executePrivileged' '(Ljava/security/PrivilegedExceptionAction;Ljava/security/AccessControlContext;Ljava/lang/Class;)Ljava/lang/Object;' in 'java/security/AccessController')}
  0x000002b62de357cc: 48be 18cf | 3184 b602 | 0000 ff86 | d801 0000 | 4c8b 4c24 

  0x000002b62de357e0: ;   {metadata(method data for {method} {0x000002b642472be8} 'executePrivileged' '(Ljava/security/PrivilegedExceptionAction;Ljava/security/AccessControlContext;Ljava/lang/Class;)Ljava/lang/Object;' in 'java/security/AccessController')}
  0x000002b62de357e0: 2848 be18 | cf31 84b6 | 0200 0048 | 8386 3802 

  0x000002b62de357f0: ;   {metadata(method data for {method} {0x000002b64203da90} 'reachabilityFence' '(Ljava/lang/Object;)V' in 'java/lang/ref/Reference')}
  0x000002b62de357f0: 0000 0148 | bed8 0306 | 84b6 0200 | 008b becc | 0000 0083 | c702 89be | cc00 0000 | 81e7 feff 
  0x000002b62de35810: 1f00 85ff | 0f84 7200 

  0x000002b62de35818: ;   {metadata(method data for {method} {0x000002b642472be8} 'executePrivileged' '(Ljava/security/PrivilegedExceptionAction;Ljava/security/AccessControlContext;Ljava/lang/Class;)Ljava/lang/Object;' in 'java/security/AccessController')}
  0x000002b62de35818: 0000 48be | 18cf 3184 | b602 0000 | 4883 8648 | 0200 0001 

  0x000002b62de3582c: ;   {metadata(method data for {method} {0x000002b64203da90} 'reachabilityFence' '(Ljava/lang/Object;)V' in 'java/lang/ref/Reference')}
  0x000002b62de3582c: 48be d803 | 0684 b602 | 0000 8bbe | cc00 0000 | 83c7 0289 | becc 0000 | 0081 e7fe | ff1f 0085 
  0x000002b62de3584c: ff0f 845a | 0000 0048 | 83c4 405d 

  0x000002b62de35858: ;   {poll_return}
  0x000002b62de35858: 493b a748 | 0400 000f | 8766 0000 

  0x000002b62de35864: ;   {metadata({method} {0x000002b642472be8} 'executePrivileged' '(Ljava/security/PrivilegedExceptionAction;Ljava/security/AccessControlContext;Ljava/lang/Class;)Ljava/lang/Object;' in 'java/security/AccessController')}
  0x000002b62de35864: 00c3 49ba | e02b 4742 | b602 0000 | 4c89 5424 | 0848 c704 | 24ff ffff 

  0x000002b62de3587c: ;   {runtime_call counter_overflow Runtime1 stub}
  0x000002b62de3587c: ffe8 7eff 

  0x000002b62de35880: ; ImmutableOopMap {rdx=Oop r8=Oop r9=Oop [48]=Oop }
                      ;*synchronization entry
                      ; - java.security.AccessController::executePrivileged@-1
  0x000002b62de35880: 4407 e920 

  0x000002b62de35884: ;   {runtime_call throw_null_pointer_exception Runtime1 stub}
  0x000002b62de35884: feff ffe8 

  0x000002b62de35888: ; ImmutableOopMap {rdx=Oop [40]=Oop [48]=Oop }
                      ;*invokeinterface run {reexecute=0 rethrow=0 return_oop=0}
                      ; - java.security.AccessController::executePrivileged@29
  0x000002b62de35888: f4bc 3b07 

  0x000002b62de3588c: ;   {metadata({method} {0x000002b64203da90} 'reachabilityFence' '(Ljava/lang/Object;)V' in 'java/lang/ref/Reference')}
  0x000002b62de3588c: 49ba 88da | 0342 b602 | 0000 4c89 | 5424 0848 | c704 24ff 

  0x000002b62de358a0: ;   {runtime_call counter_overflow Runtime1 stub}
  0x000002b62de358a0: ffff ffe8 

  0x000002b62de358a4: ; ImmutableOopMap {rax=Oop r9=Oop }
                      ;*synchronization entry
                      ; - java.lang.ref.Reference::reachabilityFence@-1
                      ; - java.security.AccessController::executePrivileged@56
  0x000002b62de358a4: 58ff 4407 | e96d ffff 

  0x000002b62de358ac: ;   {metadata({method} {0x000002b64203da90} 'reachabilityFence' '(Ljava/lang/Object;)V' in 'java/lang/ref/Reference')}
  0x000002b62de358ac: ff49 ba88 | da03 42b6 | 0200 004c | 8954 2408 | 48c7 0424 | ffff ffff 

  0x000002b62de358c4: ;   {runtime_call counter_overflow Runtime1 stub}
  0x000002b62de358c4: e837 ff44 

  0x000002b62de358c8: ; ImmutableOopMap {rax=Oop }
                      ;*synchronization entry
                      ; - java.lang.ref.Reference::reachabilityFence@-1
                      ; - java.security.AccessController::executePrivileged@60
                      ;   {internal_word}
  0x000002b62de358c8: 07eb 8849 | ba58 58e3 | 2db6 0200 | 004d 8997 | 6004 0000 

  0x000002b62de358dc: ;   {runtime_call SafepointBlob}
  0x000002b62de358dc: e99f ed39 | 0749 8b87 | f804 0000 | 49c7 87f8 | 0400 0000 | 0000 0049 | c787 0005 | 0000 0000 
  0x000002b62de358fc: 0000 4883 

  0x000002b62de35900: ;   {runtime_call unwind_exception Runtime1 stub}
  0x000002b62de35900: c440 5de9 | 78cb 3b07 
[Stub Code]
  0x000002b62de35908: ;   {no_reloc}
  0x000002b62de35908: 0f1f 4400 

  0x000002b62de3590c: ;   {static_stub}
  0x000002b62de3590c: 0048 bb00 | 0000 0000 

  0x000002b62de35914: ;   {runtime_call nmethod}
  0x000002b62de35914: 0000 00e9 | fbff ffff 

  0x000002b62de3591c: ;   {static_stub}
  0x000002b62de3591c: 48bb 602a | 4742 b602 

  0x000002b62de35924: ;   {runtime_call I2C/C2I adapters}
  0x000002b62de35924: 0000 e9b8 

  0x000002b62de35928: ;   {runtime_call handle_exception_from_callee Runtime1 stub}
  0x000002b62de35928: 8239 07e8 | 50a7 3b07 

  0x000002b62de35930: ;   {external_word}
  0x000002b62de35930: 48b9 90e2 | 48fd fe7f | 0000 4883 

  0x000002b62de3593c: ;   {runtime_call}
  0x000002b62de3593c: e4f0 48b8 | 1079 0bfd | fe7f 0000 

  0x000002b62de35948: ;   {section_word}
  0x000002b62de35948: ffd0 f449 | ba4b 59e3 | 2db6 0200 

  0x000002b62de35954: ;   {runtime_call DeoptimizationBlob}
  0x000002b62de35954: 0041 52e9 | 44e6 3907 | f4f4 f4f4 
[/MachCode]


Compiled method (c1) 5044 1204   !   3       java.lang.ClassLoader::loadClass (121 bytes)
 total in heap  [0x000002b62de39890,0x000002b62de3ae70] = 5600
 relocation     [0x000002b62de399f0,0x000002b62de39b58] = 360
 main code      [0x000002b62de39b60,0x000002b62de3a748] = 3048
 stub code      [0x000002b62de3a748,0x000002b62de3a820] = 216
 oops           [0x000002b62de3a820,0x000002b62de3a830] = 16
 metadata       [0x000002b62de3a830,0x000002b62de3a898] = 104
 scopes data    [0x000002b62de3a898,0x000002b62de3aaf8] = 608
 scopes pcs     [0x000002b62de3aaf8,0x000002b62de3acb8] = 448
 dependencies   [0x000002b62de3acb8,0x000002b62de3acd8] = 32
 handler table  [0x000002b62de3acd8,0x000002b62de3ae58] = 384
 nul chk table  [0x000002b62de3ae58,0x000002b62de3ae70] = 24

[Constant Pool (empty)]

[MachCode]
[Entry Point]
  # {method} {0x000002b642014590} 'loadClass' '(Ljava/lang/String;Z)Ljava/lang/Class;' in 'java/lang/ClassLoader'
  # this:     rdx:rdx   = 'java/lang/ClassLoader'
  # parm0:    r8:r8     = 'java/lang/String'
  # parm1:    r9        = boolean
  #           [sp+0xd0]  (sp of caller)
  0x000002b62de39b60: 448b 5208 | 49bb 0000 | 0042 b602 | 0000 4d03 | d34c 3bd0 

  0x000002b62de39b74: ;   {runtime_call ic_miss_stub}
  0x000002b62de39b74: 0f85 0649 | 3907 660f | 1f44 0000 
[Verified Entry Point]
  0x000002b62de39b80: 8984 2400 | 80ff ff55 | 4881 ecc0 | 0000 0090 | 4181 7f20 | 0100 0000 

  0x000002b62de39b98: ;   {runtime_call StubRoutines (final stubs)}
  0x000002b62de39b98: 7405 e821 | ee37 0748 | 8954 2450 | 4c89 4424 

  0x000002b62de39ba8: ;   {metadata(method data for {method} {0x000002b642014590} 'loadClass' '(Ljava/lang/String;Z)Ljava/lang/Class;' in 'java/lang/ClassLoader')}
  0x000002b62de39ba8: 5848 be90 | e931 84b6 | 0200 008b | becc 0000 | 0083 c702 | 89be cc00 | 0000 81e7 | fe07 0000 
  0x000002b62de39bc8: 85ff 0f84 | 7409 0000 | 4489 4c24 | 6048 8bf2 

  0x000002b62de39bd8: ;   {metadata(method data for {method} {0x000002b642014590} 'loadClass' '(Ljava/lang/String;Z)Ljava/lang/Class;' in 'java/lang/ClassLoader')}
  0x000002b62de39bd8: 48bf 90e9 | 3184 b602 | 0000 8b76 | 0849 ba00 | 0000 42b6 | 0200 0049 | 03f2 483b | b720 0100 
  0x000002b62de39bf8: 0075 0d48 | 8387 2801 | 0000 01e9 | 6000 0000 | 483b b730 | 0100 0075 | 0d48 8387 | 3801 0000 
  0x000002b62de39c18: 01e9 4a00 | 0000 4883 | bf20 0100 | 0000 7517 | 4889 b720 | 0100 0048 | c787 2801 | 0000 0100 
  0x000002b62de39c38: 0000 e929 | 0000 0048 | 83bf 3001 | 0000 0075 | 1748 89b7 | 3001 0000 | 48c7 8738 | 0100 0001 
  0x000002b62de39c58: 0000 00e9 | 0800 0000 | 4883 8710 | 0100 0001 | 498b f04c | 8bc6 488b | fa48 8bd7 

  0x000002b62de39c74: ;   {optimized virtual_call}
  0x000002b62de39c74: 6666 90e8 

  0x000002b62de39c78: ; ImmutableOopMap {[80]=Oop [88]=Oop }
                      ;*invokevirtual getClassLoadingLock {reexecute=0 rethrow=0 return_oop=0}
                      ; - java.lang.ClassLoader::loadClass@2
  0x000002b62de39c78: 0492 faff 

  0x000002b62de39c7c: ;   {other}
  0x000002b62de39c7c: 0f1f 8400 | ec03 0000 | 4889 4424 | 6848 8d94 | 24a0 0000 | 0048 8bf0 | 4889 7208 

  0x000002b62de39c98: ; implicit exception: dispatches to 0x000002b62de3a565
  0x000002b62de39c98: 488b 0648 | 83c8 0148 | 8902 f048 | 0fb1 160f | 8412 0000 | 0048 2bc4 | 4825 07f0 | ffff 4889 
  0x000002b62de39cb8: 020f 85ab | 0800 0049 | ff87 4805 | 0000 488b 

  0x000002b62de39cc8: ;   {metadata(method data for {method} {0x000002b642014590} 'loadClass' '(Ljava/lang/String;Z)Ljava/lang/Class;' in 'java/lang/ClassLoader')}
  0x000002b62de39cc8: 5424 5048 | be90 e931 | 84b6 0200 | 0048 8386 | 4801 0000 

  0x000002b62de39cdc: ;   {metadata(method data for {method} {0x000002b6424372b0} 'findLoadedClass' '(Ljava/lang/String;)Ljava/lang/Class;' in 'java/lang/ClassLoader')}
  0x000002b62de39cdc: 0148 ba00 | ba23 84b6 | 0200 008b | b2cc 0000 | 0083 c602 | 89b2 cc00 | 0000 81e6 | feff 1f00 
  0x000002b62de39cfc: 85f6 0f84 | 7908 0000 

  0x000002b62de39d04: ;   {metadata(method data for {method} {0x000002b6424372b0} 'findLoadedClass' '(Ljava/lang/String;)Ljava/lang/Class;' in 'java/lang/ClassLoader')}
  0x000002b62de39d04: 48ba 00ba | 2384 b602 | 0000 4883 | 8210 0100 | 0001 488b | 5424 580f 

  0x000002b62de39d1c: ;   {static_call}
  0x000002b62de39d1c: 1f40 00e8 

  0x000002b62de39d20: ; ImmutableOopMap {[80]=Oop [88]=Oop [104]=Oop [168]=Oop }
                      ;*invokestatic checkName {reexecute=0 rethrow=0 return_oop=0}
                      ; - java.lang.ClassLoader::findLoadedClass@1
                      ; - java.lang.ClassLoader::loadClass@10
  0x000002b62de39d20: 1cdc eaff 

  0x000002b62de39d24: ;   {other}
  0x000002b62de39d24: 0f1f 8400 | 9404 0001 

  0x000002b62de39d2c: ;   {metadata(method data for {method} {0x000002b6424372b0} 'findLoadedClass' '(Ljava/lang/String;)Ljava/lang/Class;' in 'java/lang/ClassLoader')}
  0x000002b62de39d2c: 85c0 49b8 | 00ba 2384 | b602 0000 | 48c7 c220 | 0100 0075 | 0748 c7c2 | 3001 0000 | 498b 3410 
  0x000002b62de39d4c: 488d 7601 | 4989 3410 | 0f85 0f00 

  0x000002b62de39d58: ;   {oop(nullptr)}
  0x000002b62de39d58: 0000 48be | 0000 0000 | 0000 0000 | e936 0000 | 0048 8b54 

  0x000002b62de39d6c: ;   {metadata(method data for {method} {0x000002b6424372b0} 'findLoadedClass' '(Ljava/lang/String;)Ljava/lang/Class;' in 'java/lang/ClassLoader')}
  0x000002b62de39d6c: 2450 49b8 | 00ba 2384 | b602 0000 | 4983 8040 | 0100 0001 | 4c8b 4424 | 5848 8b54 | 2450 0f1f 
  0x000002b62de39d8c: ;   {optimized virtual_call}
  0x000002b62de39d8c: 4400 00e8 

  0x000002b62de39d90: ; ImmutableOopMap {[80]=Oop [88]=Oop [104]=Oop [168]=Oop }
                      ;*invokevirtual findLoadedClass0 {reexecute=0 rethrow=0 return_oop=0}
                      ; - java.lang.ClassLoader::findLoadedClass@11
                      ; - java.lang.ClassLoader::loadClass@10
  0x000002b62de39d90: cca3 9007 

  0x000002b62de39d94: ;   {other}
  0x000002b62de39d94: 0f1f 8400 | 0405 0002 | 488b f048 

  0x000002b62de39da0: ;   {metadata(method data for {method} {0x000002b642014590} 'loadClass' '(Ljava/lang/String;Z)Ljava/lang/Class;' in 'java/lang/ClassLoader')}
  0x000002b62de39da0: 85f6 48bf | 90e9 3184 | b602 0000 | 48c7 c380 | 0100 0075 | 0748 c7c3 | 9001 0000 | 488b 041f 
  0x000002b62de39dc0: 488d 4001 | 4889 041f | 0f85 9605 | 0000 4889 

  0x000002b62de39dd0: ;   {metadata(method data for {method} {0x000002b642014590} 'loadClass' '(Ljava/lang/String;Z)Ljava/lang/Class;' in 'java/lang/ClassLoader')}
  0x000002b62de39dd0: 7424 7048 | bf90 e931 | 84b6 0200 | 0048 8387 | a001 0000 

  0x000002b62de39de4: ;   {runtime_call}
  0x000002b62de39de4: 0148 b810 | d015 fdfe | 7f00 00ff 

  0x000002b62de39df0: ;   {other}
  0x000002b62de39df0: d00f 1f84 | 0000 0000 | 0048 8944 | 2478 488b | 5424 508b | 7218 4885 

  0x000002b62de39e08: ;   {metadata(method data for {method} {0x000002b642014590} 'loadClass' '(Ljava/lang/String;Z)Ljava/lang/Class;' in 'java/lang/ClassLoader')}
  0x000002b62de39e08: f649 b890 | e931 84b6 | 0200 0049 | c7c1 b001 | 0000 7407 | 49c7 c1c0 | 0100 004b | 8b3c 0848 
  0x000002b62de39e28: 8d7f 014b | 893c 080f | 84d4 0000 | 0048 3b06 

  0x000002b62de39e38: ;   {metadata(method data for {method} {0x000002b642014590} 'loadClass' '(Ljava/lang/String;Z)Ljava/lang/Class;' in 'java/lang/ClassLoader')}
  0x000002b62de39e38: 4c8b c649 | b990 e931 | 84b6 0200 | 0045 8b40 | 0849 ba00 | 0000 42b6 | 0200 004d | 03c2 4d3b 
  0x000002b62de39e58: 81e0 0100 | 0075 0d49 | 8381 e801 | 0000 01e9 | 6000 0000 | 4d3b 81f0 | 0100 0075 | 0d49 8381 
  0x000002b62de39e78: f801 0000 | 01e9 4a00 | 0000 4983 | b9e0 0100 | 0000 7517 | 4d89 81e0 | 0100 0049 | c781 e801 
  0x000002b62de39e98: 0000 0100 | 0000 e929 | 0000 0049 | 83b9 f001 | 0000 0075 | 174d 8981 | f001 0000 | 49c7 81f8 
  0x000002b62de39eb8: 0100 0001 | 0000 00e9 | 0800 0000 | 4983 81d0 | 0100 0001 | 4c8b 4424 | 5841 b900 | 0000 0048 
  0x000002b62de39ed8: 8bd6 6666 | 9048 b808 | 9e06 42b6 

  0x000002b62de39ee4: ;   {virtual_call}
  0x000002b62de39ee4: 0200 00e8 

  0x000002b62de39ee8: ; ImmutableOopMap {[80]=Oop [88]=Oop [104]=Oop [112]=Oop [168]=Oop }
                      ;*invokevirtual loadClass {reexecute=0 rethrow=0 return_oop=0}
                      ; - java.lang.ClassLoader::loadClass@38
  0x000002b62de39ee8: f406 fdff 

  0x000002b62de39eec: ;   {other}
  0x000002b62de39eec: 0f1f 8400 | 5c06 0003 

  0x000002b62de39ef4: ;   {metadata(method data for {method} {0x000002b642014590} 'loadClass' '(Ljava/lang/String;Z)Ljava/lang/Class;' in 'java/lang/ClassLoader')}
  0x000002b62de39ef4: 48ba 90e9 | 3184 b602 | 0000 ff82 | 0802 0000 | e9d1 0000 

  0x000002b62de39f08: ;   {metadata(method data for {method} {0x000002b642014590} 'loadClass' '(Ljava/lang/String;Z)Ljava/lang/Class;' in 'java/lang/ClassLoader')}
  0x000002b62de39f08: 0048 ba90 | e931 84b6 | 0200 0048 | 8382 2002 

  0x000002b62de39f18: ;   {metadata(method data for {method} {0x000002b642437258} 'findBootstrapClassOrNull' '(Ljava/lang/String;)Ljava/lang/Class;' in 'java/lang/ClassLoader')}
  0x000002b62de39f18: 0000 0148 | bad8 7d30 | 84b6 0200 | 008b b2cc | 0000 0083 | c602 89b2 | cc00 0000 | 81e6 feff 
  0x000002b62de39f38: 1f00 85f6 | 0f84 6106 

  0x000002b62de39f40: ;   {metadata(method data for {method} {0x000002b642437258} 'findBootstrapClassOrNull' '(Ljava/lang/String;)Ljava/lang/Class;' in 'java/lang/ClassLoader')}
  0x000002b62de39f40: 0000 48ba | d87d 3084 | b602 0000 | 4883 8210 | 0100 0001 | 488b 5424 | 5866 0f1f 

  0x000002b62de39f5c: ;   {static_call}
  0x000002b62de39f5c: 4400 00e8 

  0x000002b62de39f60: ; ImmutableOopMap {[80]=Oop [88]=Oop [104]=Oop [112]=Oop [168]=Oop }
                      ;*invokestatic checkName {reexecute=0 rethrow=0 return_oop=0}
                      ; - java.lang.ClassLoader::findBootstrapClassOrNull@1
                      ; - java.lang.ClassLoader::loadClass@47
  0x000002b62de39f60: 1c4e 3907 

  0x000002b62de39f64: ;   {other}
  0x000002b62de39f64: 0f1f 8400 | d406 0004 

  0x000002b62de39f6c: ;   {metadata(method data for {method} {0x000002b642437258} 'findBootstrapClassOrNull' '(Ljava/lang/String;)Ljava/lang/Class;' in 'java/lang/ClassLoader')}
  0x000002b62de39f6c: 85c0 48ba | d87d 3084 | b602 0000 | 48c7 c620 | 0100 0075 | 0748 c7c6 | 3001 0000 | 488b 3c32 
  0x000002b62de39f8c: 488d 7f01 | 4889 3c32 | 0f85 0f00 

  0x000002b62de39f98: ;   {oop(nullptr)}
  0x000002b62de39f98: 0000 48be | 0000 0000 | 0000 0000 | e92e 0000 

  0x000002b62de39fa8: ;   {metadata(method data for {method} {0x000002b642437258} 'findBootstrapClassOrNull' '(Ljava/lang/String;)Ljava/lang/Class;' in 'java/lang/ClassLoader')}
  0x000002b62de39fa8: 0048 bad8 | 7d30 84b6 | 0200 0048 | 8382 4001 | 0000 0148 | 8b54 2458 | 0f1f 8000 

  0x000002b62de39fc4: ;   {static_call}
  0x000002b62de39fc4: 0000 00e8 

  0x000002b62de39fc8: ; ImmutableOopMap {[80]=Oop [88]=Oop [104]=Oop [112]=Oop [168]=Oop }
                      ;*invokestatic findBootstrapClass {reexecute=0 rethrow=0 return_oop=0}
                      ; - java.lang.ClassLoader::findBootstrapClassOrNull@10
                      ; - java.lang.ClassLoader::loadClass@47
  0x000002b62de39fc8: b44d 3907 

  0x000002b62de39fcc: ;   {other}
  0x000002b62de39fcc: 0f1f 8400 | 3c07 0005 | 488b f048 

  0x000002b62de39fd8: ;   {metadata(method data for {method} {0x000002b642014590} 'loadClass' '(Ljava/lang/String;Z)Ljava/lang/Class;' in 'java/lang/ClassLoader')}
  0x000002b62de39fd8: 8bc6 48be | 90e9 3184 | b602 0000 | ff86 3002 | 0000 e91e | 0000 0049 | 8b87 f804 | 0000 4d33 
  0x000002b62de39ff8: d24d 8997 | f804 0000 | 4d33 d24d | 8997 0005 | 0000 488b | c648 85c0 

  0x000002b62de3a010: ;   {metadata(method data for {method} {0x000002b642014590} 'loadClass' '(Ljava/lang/String;Z)Ljava/lang/Class;' in 'java/lang/ClassLoader')}
  0x000002b62de3a010: 48be 90e9 | 3184 b602 | 0000 48c7 | c758 0200 | 0074 0748 | c7c7 4802 | 0000 488b | 1c3e 488d 
  0x000002b62de3a030: 5b01 4889 | 1c3e 0f84 | 0800 0000 | 488b f0e9 | 2003 0000 

  0x000002b62de3a044: ;   {metadata(method data for {method} {0x000002b642014590} 'loadClass' '(Ljava/lang/String;Z)Ljava/lang/Class;' in 'java/lang/ClassLoader')}
  0x000002b62de3a044: 48be 90e9 | 3184 b602 | 0000 4883 | 8668 0200 

  0x000002b62de3a054: ;   {runtime_call}
  0x000002b62de3a054: 0001 48b8 | 10d0 15fd | fe7f 0000 

  0x000002b62de3a060: ;   {other}
  0x000002b62de3a060: ffd0 0f1f | 8400 0000 | 0000 488b 

  0x000002b62de3a06c: ;   {metadata(method data for {method} {0x000002b642014590} 'loadClass' '(Ljava/lang/String;Z)Ljava/lang/Class;' in 'java/lang/ClassLoader')}
  0x000002b62de3a06c: 5424 5049 | b890 e931 | 84b6 0200 | 008b 5208 | 49ba 0000 | 0042 b602 | 0000 4903 | d249 3b90 
  0x000002b62de3a08c: 8802 0000 | 750d 4983 | 8090 0200 | 0001 e960 | 0000 0049 | 3b90 9802 | 0000 750d | 4983 80a0 
  0x000002b62de3a0ac: 0200 0001 | e94a 0000 | 0049 83b8 | 8802 0000 | 0075 1749 | 8990 8802 | 0000 49c7 | 8090 0200 
  0x000002b62de3a0cc: 0001 0000 | 00e9 2900 | 0000 4983 | b898 0200 | 0000 7517 | 4989 9098 | 0200 0049 | c780 a002 
  0x000002b62de3a0ec: 0000 0100 | 0000 e908 | 0000 0049 | 8380 7802 | 0000 014c | 8b44 2458 | 488b 5424 | 5048 8984 
  0x000002b62de3a10c: 2480 0000 | 000f 1f40 | 0048 b8ff | ffff ffff 

  0x000002b62de3a11c: ;   {virtual_call}
  0x000002b62de3a11c: ffff ffe8 

  0x000002b62de3a120: ; ImmutableOopMap {[80]=Oop [104]=Oop [168]=Oop }
                      ;*invokevirtual findClass {reexecute=0 rethrow=0 return_oop=0}
                      ; - java.lang.ClassLoader::loadClass@69
  0x000002b62de3a120: 7c18 3907 

  0x000002b62de3a124: ;   {other}
  0x000002b62de3a124: 0f1f 8400 | 9408 0006 

  0x000002b62de3a12c: ;   {metadata(method data for {method} {0x000002b642014590} 'loadClass' '(Ljava/lang/String;Z)Ljava/lang/Class;' in 'java/lang/ClassLoader')}
  0x000002b62de3a12c: 49b8 90e9 | 3184 b602 | 0000 4983 | 80b0 0200 

  0x000002b62de3a13c: ;   {metadata(method data for {method} {0x000002b6421072b8} 'getParentDelegationTime' '()Ljdk/internal/perf/PerfCounter;' in 'jdk/internal/perf/PerfCounter')}
  0x000002b62de3a13c: 0001 49b8 | c0ed 3184 | b602 0000 | 418b 90cc | 0000 0083 | c202 4189 | 90cc 0000 | 0081 e2fe 
  0x000002b62de3a15c: ff1f 0085 | d20f 845d 

  0x000002b62de3a164: ;   {oop(a 'jdk/internal/perf/PerfCounter'{0x00000000d6fbddc0})}
  0x000002b62de3a164: 0400 0048 | bac0 ddfb | d600 0000 | 004c 8bc2 

  0x000002b62de3a174: ;   {metadata(method data for {method} {0x000002b642014590} 'loadClass' '(Ljava/lang/String;Z)Ljava/lang/Class;' in 'java/lang/ClassLoader')}
  0x000002b62de3a174: 48be 90e9 | 3184 b602 

  0x000002b62de3a17c: ;   {metadata('jdk/internal/perf/PerfCounter')}
  0x000002b62de3a17c: 0000 49ba | d868 1042 | b602 0000 | 4c89 96d0 | 0200 0048 | 8386 d802 | 0000 014c | 8b84 2480 
  0x000002b62de3a19c: 0000 0048 | 8b74 2478 

  0x000002b62de3a1a4: ;   {metadata(method data for {method} {0x000002b6421070a8} 'addTime' '(J)V' in 'jdk/internal/perf/PerfCounter')}
  0x000002b62de3a1a4: 4c2b c648 | bee8 ee31 | 84b6 0200 | 008b becc | 0000 0083 | c702 89be | cc00 0000 | 81e7 feff 
  0x000002b62de3a1c4: 1f00 85ff | 0f84 1704 | 0000 488b 

  0x000002b62de3a1d0: ;   {metadata(method data for {method} {0x000002b6421070a8} 'addTime' '(J)V' in 'jdk/internal/perf/PerfCounter')}
  0x000002b62de3a1d0: f248 bfe8 | ee31 84b6 

  0x000002b62de3a1d8: ;   {metadata('jdk/internal/perf/PerfCounter')}
  0x000002b62de3a1d8: 0200 0049 | bad8 6810 | 42b6 0200 | 004c 8997 | 2001 0000 | 4883 8728 | 0100 0001 | 4889 8424 
  0x000002b62de3a1f8: 8800 0000 

  0x000002b62de3a1fc: ;   {optimized virtual_call}
  0x000002b62de3a1fc: 6666 90e8 

  0x000002b62de3a200: ; ImmutableOopMap {[80]=Oop [104]=Oop [136]=Oop [168]=Oop }
                      ;*invokevirtual add {reexecute=0 rethrow=0 return_oop=0}
                      ; - jdk.internal.perf.PerfCounter::addTime@2
                      ; - java.lang.ClassLoader::loadClass@82
  0x000002b62de3a200: fc48 ffff 

  0x000002b62de3a204: ;   {other}
  0x000002b62de3a204: 0f1f 8400 | 7409 0007 

  0x000002b62de3a20c: ;   {metadata(method data for {method} {0x000002b642014590} 'loadClass' '(Ljava/lang/String;Z)Ljava/lang/Class;' in 'java/lang/ClassLoader')}
  0x000002b62de3a20c: 49b8 90e9 | 3184 b602 | 0000 4983 | 80f8 0200 

  0x000002b62de3a21c: ;   {metadata(method data for {method} {0x000002b642107310} 'getFindClassTime' '()Ljdk/internal/perf/PerfCounter;' in 'jdk/internal/perf/PerfCounter')}
  0x000002b62de3a21c: 0001 49b8 | 80f0 3184 | b602 0000 | 418b 90cc | 0000 0083 | c202 4189 | 90cc 0000 | 0081 e2fe 
  0x000002b62de3a23c: ff1f 0085 | d20f 84bf 

  0x000002b62de3a244: ;   {oop(a 'jdk/internal/perf/PerfCounter'{0x00000000d6fbdca0})}
  0x000002b62de3a244: 0300 0048 | baa0 dcfb | d600 0000 | 004c 8bc2 

  0x000002b62de3a254: ;   {metadata(method data for {method} {0x000002b642014590} 'loadClass' '(Ljava/lang/String;Z)Ljava/lang/Class;' in 'java/lang/ClassLoader')}
  0x000002b62de3a254: 48be 90e9 | 3184 b602 

  0x000002b62de3a25c: ;   {metadata('jdk/internal/perf/PerfCounter')}
  0x000002b62de3a25c: 0000 49ba | d868 1042 | b602 0000 | 4c89 9618 | 0300 0048 | 8386 2003 | 0000 014c | 8b84 2480 
  0x000002b62de3a27c: ;   {optimized virtual_call}
  0x000002b62de3a27c: 0000 00e8 

  0x000002b62de3a280: ; ImmutableOopMap {[80]=Oop [104]=Oop [136]=Oop [168]=Oop }
                      ;*invokevirtual addElapsedTimeFrom {reexecute=0 rethrow=0 return_oop=0}
                      ; - java.lang.ClassLoader::loadClass@90
  0x000002b62de3a280: 5c36 0300 

  0x000002b62de3a284: ;   {other}
  0x000002b62de3a284: 0f1f 8400 | f409 0008 

  0x000002b62de3a28c: ;   {metadata(method data for {method} {0x000002b642014590} 'loadClass' '(Ljava/lang/String;Z)Ljava/lang/Class;' in 'java/lang/ClassLoader')}
  0x000002b62de3a28c: 49b8 90e9 | 3184 b602 | 0000 4983 | 8040 0300 

  0x000002b62de3a29c: ;   {metadata(method data for {method} {0x000002b642107368} 'getFindClasses' '()Ljdk/internal/perf/PerfCounter;' in 'jdk/internal/perf/PerfCounter')}
  0x000002b62de3a29c: 0001 49b8 | 50f3 3184 | b602 0000 | 418b 90cc | 0000 0083 | c202 4189 | 90cc 0000 | 0081 e2fe 
  0x000002b62de3a2bc: ff1f 0085 | d20f 8460 

  0x000002b62de3a2c4: ;   {oop(a 'jdk/internal/perf/PerfCounter'{0x00000000d6fbdd30})}
  0x000002b62de3a2c4: 0300 0048 | ba30 ddfb | d600 0000 | 004c 8bc2 

  0x000002b62de3a2d4: ;   {metadata(method data for {method} {0x000002b642014590} 'loadClass' '(Ljava/lang/String;Z)Ljava/lang/Class;' in 'java/lang/ClassLoader')}
  0x000002b62de3a2d4: 48be 90e9 | 3184 b602 

  0x000002b62de3a2dc: ;   {metadata('jdk/internal/perf/PerfCounter')}
  0x000002b62de3a2dc: 0000 49ba | d868 1042 | b602 0000 | 4c89 9660 | 0300 0048 | 8386 6803 

  0x000002b62de3a2f4: ;   {metadata(method data for {method} {0x000002b642107158} 'increment' '()V' in 'jdk/internal/perf/PerfCounter')}
  0x000002b62de3a2f4: 0000 0149 | b878 f431 | 84b6 0200 | 0041 8bb0 | cc00 0000 | 83c6 0241 | 89b0 cc00 | 0000 81e6 
  0x000002b62de3a314: feff 1f00 | 85f6 0f84 | 2803 0000 

  0x000002b62de3a320: ;   {metadata(method data for {method} {0x000002b642107158} 'increment' '()V' in 'jdk/internal/perf/PerfCounter')}
  0x000002b62de3a320: 4c8b c248 | be78 f431 | 84b6 0200 

  0x000002b62de3a32c: ;   {metadata('jdk/internal/perf/PerfCounter')}
  0x000002b62de3a32c: 0049 bad8 | 6810 42b6 | 0200 004c | 8996 2001 | 0000 4883 | 8628 0100 | 0001 49c7 | c001 0000 
  0x000002b62de3a34c: ;   {optimized virtual_call}
  0x000002b62de3a34c: 0066 90e8 

  0x000002b62de3a350: ; ImmutableOopMap {[80]=Oop [104]=Oop [136]=Oop [168]=Oop }
                      ;*invokevirtual add {reexecute=0 rethrow=0 return_oop=0}
                      ; - jdk.internal.perf.PerfCounter::increment@2
                      ; - java.lang.ClassLoader::loadClass@96
  0x000002b62de3a350: ac47 ffff 

  0x000002b62de3a354: ;   {other}
  0x000002b62de3a354: 0f1f 8400 | c40a 0009 | 488b b424 | 8800 0000 | 448b 4c24 | 6045 85c9 

  0x000002b62de3a36c: ;   {metadata(method data for {method} {0x000002b642014590} 'loadClass' '(Ljava/lang/String;Z)Ljava/lang/Class;' in 'java/lang/ClassLoader')}
  0x000002b62de3a36c: 48b8 90e9 | 3184 b602 | 0000 48c7 | c288 0300 | 0074 0748 | c7c2 9803 | 0000 488b | 3c10 488d 
  0x000002b62de3a38c: 7f01 4889 | 3c10 0f84 | 6d00 0000 | 488b 5424 

  0x000002b62de3a39c: ;   {metadata(method data for {method} {0x000002b642014590} 'loadClass' '(Ljava/lang/String;Z)Ljava/lang/Class;' in 'java/lang/ClassLoader')}
  0x000002b62de3a39c: 5048 b890 | e931 84b6 | 0200 0048 | 8380 a803 

  0x000002b62de3a3ac: ;   {metadata(method data for {method} {0x000002b642437200} 'resolveClass' '(Ljava/lang/Class;)V' in 'java/lang/ClassLoader')}
  0x000002b62de3a3ac: 0000 0148 | b8c0 c62f | 84b6 0200 | 008b 90cc | 0000 0083 | c202 8990 | cc00 0000 | 81e2 feff 
  0x000002b62de3a3cc: 1f00 85d2 | 0f84 9302 | 0000 4885 

  0x000002b62de3a3d8: ;   {metadata(method data for {method} {0x000002b642437200} 'resolveClass' '(Ljava/lang/Class;)V' in 'java/lang/ClassLoader')}
  0x000002b62de3a3d8: f648 b8c0 | c62f 84b6 | 0200 0048 | c7c2 2001 | 0000 7407 | 48c7 c210 | 0100 0048 | 8b3c 1048 
  0x000002b62de3a3f8: 8d7f 0148 | 893c 100f | 8443 0000 | 0048 8d84 | 24a0 0000 | 0048 8b10 | 4885 d20f | 840f 0000 
  0x000002b62de3a418: 0048 8b78 | 08f0 480f | b117 0f85 | 6202 0000 | 49ff 8f48 | 0500 0048 | 8bc6 4881 | c4c0 0000 
  0x000002b62de3a438: ;   {poll_return}
  0x000002b62de3a438: 005d 493b | a748 0400 | 000f 8759 | 0200 00c3 | 4889 b424 | 9800 0000 

  0x000002b62de3a450: ;   {no_reloc}
  0x000002b62de3a450: e970 0200 | 0000 0000 | 0000 498b | 87b8 0100 | 0048 8d78 | 3049 3bbf | c801 0000 | 0f87 5d02 
  0x000002b62de3a470: 0000 4989 | bfb8 0100 | 0048 c700 | 0100 0000 | 488b ca49 | ba00 0000 | 42b6 0200 | 0049 2bca 
  0x000002b62de3a490: 8948 0848 | 33c9 8948 | 0c48 33c9 | 4889 4810 | 4889 4818 | 4889 4820 | 4889 4828 

  0x000002b62de3a4ac: ;   {metadata(method data for {method} {0x000002b642437200} 'resolveClass' '(Ljava/lang/Class;)V' in 'java/lang/ClassLoader')}
  0x000002b62de3a4ac: 488b d048 | bec0 c62f | 84b6 0200 | 0048 8386 | 3001 0000 | 0148 8bd0 | 4889 8424 | 9000 0000 
  0x000002b62de3a4cc: ;   {optimized virtual_call}
  0x000002b62de3a4cc: 6666 90e8 

  0x000002b62de3a4d0: ; ImmutableOopMap {[104]=Oop [144]=Oop [152]=Oop [168]=Oop }
                      ;*invokespecial <init> {reexecute=0 rethrow=0 return_oop=0}
                      ; - java.lang.ClassLoader::resolveClass@8
                      ; - java.lang.ClassLoader::loadClass@106
  0x000002b62de3a4d0: ac42 3907 

  0x000002b62de3a4d4: ;   {other}
  0x000002b62de3a4d4: 0f1f 8400 | 440c 000a | 488b 8424 

  0x000002b62de3a4e0: ; ImmutableOopMap {rax=Oop [104]=Oop [152]=Oop [168]=Oop }
                      ;*athrow {reexecute=1 rethrow=0 return_oop=0}
                      ; - (reexecute) java.lang.ClassLoader::resolveClass@11
                      ; - java.lang.ClassLoader::loadClass@106
  0x000002b62de3a4e0: 9000 0000 

  0x000002b62de3a4e4: ;   {section_word}
  0x000002b62de3a4e4: 48ba e4a4 | e32d b602 

  0x000002b62de3a4ec: ;   {runtime_call handle_exception_nofpu Runtime1 stub}
  0x000002b62de3a4ec: 0000 e88d | 613b 0790 | 498b 87f8 | 0400 004d | 33d2 4d89 | 97f8 0400 | 004d 33d2 | 4d89 9700 
  0x000002b62de3a50c: 0500 0048 | 8bf0 488d | 8424 a000 | 0000 488b | 3848 85ff | 0f84 0f00 | 0000 488b | 5808 f048 
  0x000002b62de3a52c: 0fb1 3b0f | 85a7 0100 | 0049 ff8f | 4805 0000 | 488b c6e9 | f301 0000 

  0x000002b62de3a544: ;   {metadata({method} {0x000002b642014590} 'loadClass' '(Ljava/lang/String;Z)Ljava/lang/Class;' in 'java/lang/ClassLoader')}
  0x000002b62de3a544: 49ba 8845 | 0142 b602 | 0000 4c89 | 5424 0848 | c704 24ff 

  0x000002b62de3a558: ;   {runtime_call counter_overflow Runtime1 stub}
  0x000002b62de3a558: ffff ffe8 

  0x000002b62de3a55c: ; ImmutableOopMap {rdx=Oop r8=Oop [80]=Oop [88]=Oop }
                      ;*synchronization entry
                      ; - java.lang.ClassLoader::loadClass@-1
  0x000002b62de3a55c: a0b2 4407 | e96b f6ff 

  0x000002b62de3a564: ;   {runtime_call throw_null_pointer_exception Runtime1 stub}
  0x000002b62de3a564: ffe8 1670 

  0x000002b62de3a568: ; ImmutableOopMap {rsi=Oop [80]=Oop [88]=Oop [104]=Oop }
                      ;*monitorenter {reexecute=0 rethrow=0 return_oop=0}
                      ; - java.lang.ClassLoader::loadClass@7
  0x000002b62de3a568: 3b07 4889 | 7424 0848 

  0x000002b62de3a570: ;   {runtime_call monitorenter_nofpu Runtime1 stub}
  0x000002b62de3a570: 8914 24e8 

  0x000002b62de3a574: ; ImmutableOopMap {rsi=Oop [80]=Oop [88]=Oop [104]=Oop [168]=Oop }
                      ;*monitorenter {reexecute=0 rethrow=0 return_oop=0}
                      ; - java.lang.ClassLoader::loadClass@7
  0x000002b62de3a574: 0880 4407 | e949 f7ff 

  0x000002b62de3a57c: ;   {metadata({method} {0x000002b6424372b0} 'findLoadedClass' '(Ljava/lang/String;)Ljava/lang/Class;' in 'java/lang/ClassLoader')}
  0x000002b62de3a57c: ff49 baa8 | 7243 42b6 | 0200 004c | 8954 2408 | 48c7 0424 | ffff ffff 

  0x000002b62de3a594: ;   {runtime_call counter_overflow Runtime1 stub}
  0x000002b62de3a594: e867 b244 

  0x000002b62de3a598: ; ImmutableOopMap {[80]=Oop [88]=Oop [104]=Oop [168]=Oop }
                      ;*synchronization entry
                      ; - java.lang.ClassLoader::findLoadedClass@-1
                      ; - java.lang.ClassLoader::loadClass@10
  0x000002b62de3a598: 07e9 66f7 

  0x000002b62de3a59c: ;   {runtime_call throw_null_pointer_exception Runtime1 stub}
  0x000002b62de3a59c: ffff e8dd 

  0x000002b62de3a5a0: ; ImmutableOopMap {rsi=Oop [80]=Oop [88]=Oop [104]=Oop [112]=Oop [168]=Oop }
                      ;*invokevirtual loadClass {reexecute=0 rethrow=0 return_oop=0}
                      ; - java.lang.ClassLoader::loadClass@38
                      ;   {metadata({method} {0x000002b642437258} 'findBootstrapClassOrNull' '(Ljava/lang/String;)Ljava/lang/Class;' in 'java/lang/ClassLoader')}
  0x000002b62de3a5a0: 6f3b 0749 | ba50 7243 | 42b6 0200 | 004c 8954 | 2408 48c7 | 0424 ffff 

  0x000002b62de3a5b8: ;   {runtime_call counter_overflow Runtime1 stub}
  0x000002b62de3a5b8: ffff e841 

  0x000002b62de3a5bc: ; ImmutableOopMap {[80]=Oop [88]=Oop [104]=Oop [112]=Oop [168]=Oop }
                      ;*synchronization entry
                      ; - java.lang.ClassLoader::findBootstrapClassOrNull@-1
                      ; - java.lang.ClassLoader::loadClass@47
  0x000002b62de3a5bc: b244 07e9 | 7ef9 ffff 

  0x000002b62de3a5c4: ;   {metadata({method} {0x000002b6421072b8} 'getParentDelegationTime' '()Ljdk/internal/perf/PerfCounter;' in 'jdk/internal/perf/PerfCounter')}
  0x000002b62de3a5c4: 49ba b072 | 1042 b602 | 0000 4c89 | 5424 0848 | c704 24ff 

  0x000002b62de3a5d8: ;   {runtime_call counter_overflow Runtime1 stub}
  0x000002b62de3a5d8: ffff ffe8 

  0x000002b62de3a5dc: ; ImmutableOopMap {rax=Oop [80]=Oop [104]=Oop [168]=Oop }
                      ;*synchronization entry
                      ; - jdk.internal.perf.PerfCounter::getParentDelegationTime@-1
                      ; - java.lang.ClassLoader::loadClass@74
  0x000002b62de3a5dc: 20b2 4407 | e982 fbff 

  0x000002b62de3a5e4: ;   {metadata({method} {0x000002b6421070a8} 'addTime' '(J)V' in 'jdk/internal/perf/PerfCounter')}
  0x000002b62de3a5e4: ff49 baa0 | 7010 42b6 | 0200 004c | 8954 2408 | 48c7 0424 | ffff ffff 

  0x000002b62de3a5fc: ;   {runtime_call counter_overflow Runtime1 stub}
  0x000002b62de3a5fc: e8ff b144 

  0x000002b62de3a600: ; ImmutableOopMap {rax=Oop rdx=Oop [80]=Oop [104]=Oop [168]=Oop }
                      ;*synchronization entry
                      ; - jdk.internal.perf.PerfCounter::addTime@-1
                      ; - java.lang.ClassLoader::loadClass@82
  0x000002b62de3a600: 07e9 c8fb 

  0x000002b62de3a604: ;   {metadata({method} {0x000002b642107310} 'getFindClassTime' '()Ljdk/internal/perf/PerfCounter;' in 'jdk/internal/perf/PerfCounter')}
  0x000002b62de3a604: ffff 49ba | 0873 1042 | b602 0000 | 4c89 5424 | 0848 c704 | 24ff ffff 

  0x000002b62de3a61c: ;   {runtime_call counter_overflow Runtime1 stub}
  0x000002b62de3a61c: ffe8 deb1 

  0x000002b62de3a620: ; ImmutableOopMap {[80]=Oop [104]=Oop [136]=Oop [168]=Oop }
                      ;*synchronization entry
                      ; - jdk.internal.perf.PerfCounter::getFindClassTime@-1
                      ; - java.lang.ClassLoader::loadClass@85
  0x000002b62de3a620: 4407 e920 

  0x000002b62de3a624: ;   {metadata({method} {0x000002b642107368} 'getFindClasses' '()Ljdk/internal/perf/PerfCounter;' in 'jdk/internal/perf/PerfCounter')}
  0x000002b62de3a624: fcff ff49 | ba60 7310 | 42b6 0200 | 004c 8954 | 2408 48c7 | 0424 ffff 

  0x000002b62de3a63c: ;   {runtime_call counter_overflow Runtime1 stub}
  0x000002b62de3a63c: ffff e8bd 

  0x000002b62de3a640: ; ImmutableOopMap {[80]=Oop [104]=Oop [136]=Oop [168]=Oop }
                      ;*synchronization entry
                      ; - jdk.internal.perf.PerfCounter::getFindClasses@-1
                      ; - java.lang.ClassLoader::loadClass@93
  0x000002b62de3a640: b144 07e9 | 7ffc ffff 

  0x000002b62de3a648: ;   {metadata({method} {0x000002b642107158} 'increment' '()V' in 'jdk/internal/perf/PerfCounter')}
  0x000002b62de3a648: 49ba 5071 | 1042 b602 | 0000 4c89 | 5424 0848 | c704 24ff 

  0x000002b62de3a65c: ;   {runtime_call counter_overflow Runtime1 stub}
  0x000002b62de3a65c: ffff ffe8 

  0x000002b62de3a660: ; ImmutableOopMap {rdx=Oop [80]=Oop [104]=Oop [136]=Oop [168]=Oop }
                      ;*synchronization entry
                      ; - jdk.internal.perf.PerfCounter::increment@-1
                      ; - java.lang.ClassLoader::loadClass@96
  0x000002b62de3a660: 9cb1 4407 | e9b7 fcff 

  0x000002b62de3a668: ;   {metadata({method} {0x000002b642437200} 'resolveClass' '(Ljava/lang/Class;)V' in 'java/lang/ClassLoader')}
  0x000002b62de3a668: ff49 baf8 | 7143 42b6 | 0200 004c | 8954 2408 | 48c7 0424 | ffff ffff 

  0x000002b62de3a680: ;   {runtime_call counter_overflow Runtime1 stub}
  0x000002b62de3a680: e87b b144 

  0x000002b62de3a684: ; ImmutableOopMap {rsi=Oop [104]=Oop [168]=Oop }
                      ;*synchronization entry
                      ; - java.lang.ClassLoader::resolveClass@-1
                      ; - java.lang.ClassLoader::loadClass@106
  0x000002b62de3a684: 07e9 4cfd | ffff 488d | 8424 a000 | 0000 4889 

  0x000002b62de3a694: ;   {runtime_call monitorexit_nofpu Runtime1 stub}
  0x000002b62de3a694: 0424 e8e5 | 7844 07e9 | 8ffd ffff 

  0x000002b62de3a6a0: ;   {internal_word}
  0x000002b62de3a6a0: 49ba 3aa4 | e32d b602 | 0000 4d89 | 9760 0400 

  0x000002b62de3a6b0: ;   {runtime_call SafepointBlob}
  0x000002b62de3a6b0: 00e9 ca9f 

  0x000002b62de3a6b4: ;   {metadata(nullptr)}
  0x000002b62de3a6b4: 3907 48ba | 0000 0000 | 0000 0000 | b800 0f05 

  0x000002b62de3a6c4: ;   {runtime_call load_klass_patching Runtime1 stub}
  0x000002b62de3a6c4: 0ae8 b66c 

  0x000002b62de3a6c8: ; ImmutableOopMap {[104]=Oop [152]=Oop [168]=Oop }
                      ;*new {reexecute=1 rethrow=0 return_oop=0}
                      ; - (reexecute) java.lang.ClassLoader::resolveClass@4
                      ; - java.lang.ClassLoader::loadClass@106
  0x000002b62de3a6c8: 4407 e981 | fdff ff48 

  0x000002b62de3a6d0: ;   {runtime_call fast_new_instance Runtime1 stub}
  0x000002b62de3a6d0: 8bd2 e829 

  0x000002b62de3a6d4: ; ImmutableOopMap {[104]=Oop [152]=Oop [168]=Oop }
                      ;*new {reexecute=0 rethrow=0 return_oop=0}
                      ; - java.lang.ClassLoader::resolveClass@4
                      ; - java.lang.ClassLoader::loadClass@106
  0x000002b62de3a6d4: 6644 07e9 | d0fd ffff | 488d 8424 | a000 0000 | 4889 0424 

  0x000002b62de3a6e8: ;   {runtime_call monitorexit_nofpu Runtime1 stub}
  0x000002b62de3a6e8: e893 7844 | 07e9 4afe | ffff 488b | 7424 70e9 | f3f8 ffff | 488b 7424 | 70e9 e9f8 | ffff 488b 
  0x000002b62de3a708: 7424 70e9 | dff8 ffff | 488b 7424 | 70e9 d5f8 | ffff 498b | 87f8 0400 | 0049 c787 | f804 0000 
  0x000002b62de3a728: 0000 0000 | 49c7 8700 | 0500 0000 | 0000 0048 | 81c4 c000 

  0x000002b62de3a73c: ;   {runtime_call unwind_exception Runtime1 stub}
  0x000002b62de3a73c: 0000 5de9 | 3c7d 3b07 | f4f4 f4f4 
[Stub Code]
  0x000002b62de3a748: ;   {no_reloc}
  0x000002b62de3a748: 0f1f 4400 

  0x000002b62de3a74c: ;   {static_stub}
  0x000002b62de3a74c: 0048 bb00 | 0000 0000 

  0x000002b62de3a754: ;   {runtime_call nmethod}
  0x000002b62de3a754: 0000 00e9 | fbff ffff 

  0x000002b62de3a75c: ;   {static_stub}
  0x000002b62de3a75c: 9048 bb00 | 0000 0000 

  0x000002b62de3a764: ;   {runtime_call nmethod}
  0x000002b62de3a764: 0000 00e9 | fbff ffff 

  0x000002b62de3a76c: ;   {static_stub}
  0x000002b62de3a76c: 9048 bb00 | 0000 0000 

  0x000002b62de3a774: ;   {runtime_call nmethod}
  0x000002b62de3a774: 0000 00e9 | fbff ffff 

  0x000002b62de3a77c: ;   {static_stub}
  0x000002b62de3a77c: 9048 bb00 | 0000 0000 

  0x000002b62de3a784: ;   {runtime_call nmethod}
  0x000002b62de3a784: 0000 00e9 | fbff ffff 

  0x000002b62de3a78c: ;   {static_stub}
  0x000002b62de3a78c: 9048 bbf8 | 7010 42b6 

  0x000002b62de3a794: ;   {runtime_call I2C/C2I adapters}
  0x000002b62de3a794: 0200 00e9 | cba7 3907 

  0x000002b62de3a79c: ;   {static_stub}
  0x000002b62de3a79c: 9048 bb00 | 0000 0000 

  0x000002b62de3a7a4: ;   {runtime_call nmethod}
  0x000002b62de3a7a4: 0000 00e9 | fbff ffff 

  0x000002b62de3a7ac: ;   {static_stub}
  0x000002b62de3a7ac: 48bb 0000 | 0000 0000 

  0x000002b62de3a7b4: ;   {runtime_call nmethod}
  0x000002b62de3a7b4: 0000 e9fb 

  0x000002b62de3a7b8: ;   {static_stub}
  0x000002b62de3a7b8: ffff ff48 | bb00 0000 | 0000 0000 

  0x000002b62de3a7c4: ;   {runtime_call nmethod}
  0x000002b62de3a7c4: 00e9 fbff 

  0x000002b62de3a7c8: ;   {static_stub}
  0x000002b62de3a7c8: ffff 48bb | 0000 0000 | 0000 0000 

  0x000002b62de3a7d4: ;   {runtime_call nmethod}
  0x000002b62de3a7d4: e9fb ffff 

  0x000002b62de3a7d8: ;   {static_stub}
  0x000002b62de3a7d8: ff48 bb00 | 0000 0000 

  0x000002b62de3a7e0: ;   {runtime_call nmethod}
  0x000002b62de3a7e0: 0000 00e9 | fbff ffff 
[Exception Handler]
  0x000002b62de3a7e8: ;   {runtime_call handle_exception_from_callee Runtime1 stub}
  0x000002b62de3a7e8: e893 583b 

  0x000002b62de3a7ec: ;   {external_word}
  0x000002b62de3a7ec: 0748 b990 | e248 fdfe | 7f00 0048 

  0x000002b62de3a7f8: ;   {runtime_call}
  0x000002b62de3a7f8: 83e4 f048 | b810 790b | fdfe 7f00 | 00ff d0f4 
[Deopt Handler Code]
  0x000002b62de3a808: ;   {section_word}
  0x000002b62de3a808: 49ba 08a8 | e32d b602 | 0000 4152 

  0x000002b62de3a814: ;   {runtime_call DeoptimizationBlob}
  0x000002b62de3a814: e987 9739 | 07f4 f4f4 | f4f4 f4f4 
[/MachCode]


---------------  P R O C E S S  ---------------

Threads class SMR info:
_java_thread_list=0x000002b683376d80, length=11, elements={
0x000002b62aa50200, 0x000002b6414291a0, 0x000002b64142aaa0, 0x000002b64142c620,
0x000002b64142f340, 0x000002b641430f00, 0x000002b641431950, 0x000002b641432780,
0x000002b6414a9ac0, 0x000002b62aabab20, 0x000002b6833749c0
}

Java Threads: ( => current thread )
=>0x000002b62aa50200 JavaThread "main"                              [_thread_in_vm, id=20760, stack(0x000000e908b00000,0x000000e908c00000) (1024K)]
  0x000002b6414291a0 JavaThread "Reference Handler"          daemon [_thread_blocked, id=13412, stack(0x000000e908f00000,0x000000e909000000) (1024K)]
  0x000002b64142aaa0 JavaThread "Finalizer"                  daemon [_thread_blocked, id=11652, stack(0x000000e909000000,0x000000e909100000) (1024K)]
  0x000002b64142c620 JavaThread "Signal Dispatcher"          daemon [_thread_blocked, id=17260, stack(0x000000e909100000,0x000000e909200000) (1024K)]
  0x000002b64142f340 JavaThread "Attach Listener"            daemon [_thread_blocked, id=4496, stack(0x000000e909200000,0x000000e909300000) (1024K)]
  0x000002b641430f00 JavaThread "Service Thread"             daemon [_thread_blocked, id=14560, stack(0x000000e909300000,0x000000e909400000) (1024K)]
  0x000002b641431950 JavaThread "Monitor Deflation Thread"   daemon [_thread_blocked, id=7180, stack(0x000000e909400000,0x000000e909500000) (1024K)]
  0x000002b641432780 JavaThread "C2 CompilerThread0"         daemon [_thread_blocked, id=3888, stack(0x000000e909500000,0x000000e909600000) (1024K)]
  0x000002b6414a9ac0 JavaThread "C1 CompilerThread0"         daemon [_thread_blocked, id=8404, stack(0x000000e909600000,0x000000e909700000) (1024K)]
  0x000002b62aabab20 JavaThread "Common-Cleaner"             daemon [_thread_blocked, id=8668, stack(0x000000e909700000,0x000000e909800000) (1024K)]
  0x000002b6833749c0 JavaThread "Notification Thread"        daemon [_thread_blocked, id=11700, stack(0x000000e909800000,0x000000e909900000) (1024K)]
Total: 11

Other Threads:
  0x000002b64141e560 VMThread "VM Thread"                           [id=9344, stack(0x000000e908e00000,0x000000e908f00000) (1024K)] _threads_hazard_ptr=0x000002b683376d80
  0x000002b6413dcb00 WatcherThread "VM Periodic Task Thread"        [id=9432, stack(0x000000e908d00000,0x000000e908e00000) (1024K)]
  0x000002b62aa6d200 WorkerThread "GC Thread#0"                     [id=14368, stack(0x000000e908c00000,0x000000e908d00000) (1024K)]
  0x000002b6834c1030 WorkerThread "GC Thread#1"                     [id=9968, stack(0x000000e909900000,0x000000e909a00000) (1024K)]
  0x000002b6834c13d0 WorkerThread "GC Thread#2"                     [id=15396, stack(0x000000e909a00000,0x000000e909b00000) (1024K)]
  0x000002b68389b830 WorkerThread "GC Thread#3"                     [id=10432, stack(0x000000e909b00000,0x000000e909c00000) (1024K)]
Total: 6

Threads with active compile tasks:
Total: 0

VM state: synchronizing (normal execution)

VM Mutex/Monitor currently owned by a thread:  ([mutex/lock_event])
[0x00007ffefd743458] Metaspace_lock - owner thread: 0x000002b62aa50200
[0x00007ffefd745458] Threads_lock - owner thread: 0x000002b64141e560

Heap address: 0x0000000080000000, size: 2048 MB, Compressed Oops mode: 32-bit

CDS archive(s) mapped at: [0x000002b642000000-0x000002b642ba0000-0x000002b642ba0000), size 12189696, SharedBaseAddress: 0x000002b642000000, ArchiveRelocationMode: 1.
Compressed class space mapped at: 0x000002b643000000-0x000002b683000000, reserved size: 1073741824
Narrow klass base: 0x000002b642000000, Narrow klass shift: 0, Narrow klass range: 0x100000000

GC Precious Log:
 CardTable entry size: 512
 CPUs: 4 total, 4 available
 Memory: 3918M
 Large Page Support: Disabled
 NUMA Support: Disabled
 Compressed Oops: Enabled (32-bit)
 Alignments: Space 512K, Generation 512K, Heap 2M
 Heap Min Capacity: 100M
 Heap Initial Capacity: 100M
 Heap Max Capacity: 2G
 Pre-touch: Disabled
 Parallel Workers: 4

Heap:
 PSYoungGen      total 29696K, used 10410K [0x00000000d5580000, 0x00000000d7680000, 0x0000000100000000)
  eden space 25600K, 27% used [0x00000000d5580000,0x00000000d5c68c88,0x00000000d6e80000)
  from space 4096K, 81% used [0x00000000d6e80000,0x00000000d71c1e18,0x00000000d7280000)
  to   space 4096K, 0% used [0x00000000d7280000,0x00000000d7280000,0x00000000d7680000)
 ParOldGen       total 68608K, used 0K [0x0000000080000000, 0x0000000084300000, 0x00000000d5580000)
  object space 68608K, 0% used [0x0000000080000000,0x0000000080000000,0x0000000084300000)
 Metaspace       used 5806K, committed 6080K, reserved 1114112K
  class space    used 606K, committed 768K, reserved 1048576K

Card table byte_map: [0x000002b62a430000,0x000002b62a840000] _byte_map_base: 0x000002b62a030000

Marking Bits: (ParMarkBitMap*) 0x00007ffefd74a340
 Begin Bits: [0x000002b63cf00000, 0x000002b63ef00000)
 End Bits:   [0x000002b63ef00000, 0x000002b640f00000)

Polling page: 0x000002b62a220000

Metaspace:

Usage:
  Non-class:      5.08 MB used.
      Class:    606.73 KB used.
       Both:      5.67 MB used.

Virtual space:
  Non-class space:       64.00 MB reserved,       5.19 MB (  8%) committed,  1 nodes.
      Class space:        1.00 GB reserved,     768.00 KB ( <1%) committed,  1 nodes.
             Both:        1.06 GB reserved,       5.94 MB ( <1%) committed. 

Chunk freelists:
   Non-Class:  10.23 MB
       Class:  15.09 MB
        Both:  25.33 MB

MaxMetaspaceSize: unlimited
CompressedClassSpaceSize: 1.00 GB
Initial GC threshold: 21.00 MB
Current GC threshold: 21.00 MB
CDS: on
 - commit_granule_bytes: 65536.
 - commit_granule_words: 8192.
 - virtual_space_node_default_size: 8388608.
 - enlarge_chunks_in_place: 1.
 - use_allocation_guard: 0.


Internal statistics:

num_allocs_failed_limit: 0.
num_arena_births: 190.
num_arena_deaths: 0.
num_vsnodes_births: 2.
num_vsnodes_deaths: 0.
num_space_committed: 95.
num_space_uncommitted: 0.
num_chunks_returned_to_freelist: 0.
num_chunks_taken_from_freelist: 302.
num_chunk_merges: 0.
num_chunk_splits: 192.
num_chunks_enlarged: 123.
num_inconsistent_stats: 0.

CodeHeap 'non-profiled nmethods': size=120000Kb used=481Kb max_used=481Kb free=119518Kb
 bounds [0x000002b635720000, 0x000002b635990000, 0x000002b63cc50000]
CodeHeap 'profiled nmethods': size=120000Kb used=2183Kb max_used=2183Kb free=117816Kb
 bounds [0x000002b62dc50000, 0x000002b62dec0000, 0x000002b635180000]
CodeHeap 'non-nmethods': size=5760Kb used=1203Kb max_used=1218Kb free=4556Kb
 bounds [0x000002b635180000, 0x000002b6353f0000, 0x000002b635720000]
CodeCache: size=245760Kb, used=3867Kb, max_used=3882Kb, free=241890Kb
 total_blobs=1763, nmethods=1294, adapters=377, full_count=0
Compilation: enabled, stopped_count=0, restarted_count=0

Compilation events (20 events):
Event: 4.787 Thread 0x000002b6414a9ac0 nmethod 1284 0x000002b62de6c110 code [0x000002b62de6c380, 0x000002b62de6cf98]
Event: 4.787 Thread 0x000002b6414a9ac0 1285       3       java.security.Provider$ServiceKey::matches (22 bytes)
Event: 4.787 Thread 0x000002b6414a9ac0 nmethod 1285 0x000002b62de6d310 code [0x000002b62de6d4c0, 0x000002b62de6d658]
Event: 4.790 Thread 0x000002b6414a9ac0 1286       3       jdk.internal.perf.PerfCounter::addElapsedTimeFrom (10 bytes)
Event: 4.790 Thread 0x000002b6414a9ac0 nmethod 1286 0x000002b62de6d710 code [0x000002b62de6d8c0, 0x000002b62de6da48]
Event: 4.791 Thread 0x000002b6414a9ac0 1287       3       jdk.internal.ref.CleanerFactory::cleaner (4 bytes)
Event: 4.791 Thread 0x000002b6414a9ac0 nmethod 1287 0x000002b62de6db10 code [0x000002b62de6dca0, 0x000002b62de6dd98]
Event: 4.792 Thread 0x000002b6414a9ac0 1288       3       java.util.zip.ZipFile$ZipFileInputStream::<init> (96 bytes)
Event: 4.794 Thread 0x000002b6414a9ac0 nmethod 1288 0x000002b62de6de10 code [0x000002b62de6e060, 0x000002b62de6ea40]
Event: 4.794 Thread 0x000002b6414a9ac0 1289       3       java.util.zip.ZipUtils::CENOFF (9 bytes)
Event: 4.794 Thread 0x000002b6414a9ac0 nmethod 1289 0x000002b62de6ee90 code [0x000002b62de6f040, 0x000002b62de6f318]
Event: 4.794 Thread 0x000002b6414a9ac0 1290       3       java.util.zip.ZipFile$ZipFileInflaterInputStream::<init> (14 bytes)
Event: 4.795 Thread 0x000002b6414a9ac0 nmethod 1290 0x000002b62de6f490 code [0x000002b62de6f640, 0x000002b62de6f808]
Event: 4.796 Thread 0x000002b641432780 1291       4       java.util.ArrayList::add (25 bytes)
Event: 4.805 Thread 0x000002b641432780 nmethod 1291 0x000002b635797090 code [0x000002b635797240, 0x000002b635797760]
Event: 4.809 Thread 0x000002b6414a9ac0 1292       3       java.net.URL::toExternalForm (9 bytes)
Event: 4.810 Thread 0x000002b6414a9ac0 nmethod 1292 0x000002b62de6f910 code [0x000002b62de6fac0, 0x000002b62de6fc98]
Event: 4.810 Thread 0x000002b6414a9ac0 1293       3       java.net.URLStreamHandler::toExternalForm (156 bytes)
Event: 4.812 Thread 0x000002b6414a9ac0 nmethod 1293 0x000002b62de6fd90 code [0x000002b62de70180, 0x000002b62de716c8]
Event: 4.828 Thread 0x000002b641432780 1294       4       java.lang.AbstractStringBuilder::append (45 bytes)

GC Heap History (2 events):
Event: 3.584 GC heap before
{Heap before GC invocations=1 (full 0):
 PSYoungGen      total 29696K, used 25600K [0x00000000d5580000, 0x00000000d7680000, 0x0000000100000000)
  eden space 25600K, 100% used [0x00000000d5580000,0x00000000d6e80000,0x00000000d6e80000)
  from space 4096K, 0% used [0x00000000d7280000,0x00000000d7280000,0x00000000d7680000)
  to   space 4096K, 0% used [0x00000000d6e80000,0x00000000d6e80000,0x00000000d7280000)
 ParOldGen       total 68608K, used 0K [0x0000000080000000, 0x0000000084300000, 0x00000000d5580000)
  object space 68608K, 0% used [0x0000000080000000,0x0000000080000000,0x0000000084300000)
 Metaspace       used 4337K, committed 4608K, reserved 1114112K
  class space    used 471K, committed 576K, reserved 1048576K
}
Event: 3.668 GC heap after
{Heap after GC invocations=1 (full 0):
 PSYoungGen      total 29696K, used 3335K [0x00000000d5580000, 0x00000000d7680000, 0x0000000100000000)
  eden space 25600K, 0% used [0x00000000d5580000,0x00000000d5580000,0x00000000d6e80000)
  from space 4096K, 81% used [0x00000000d6e80000,0x00000000d71c1e18,0x00000000d7280000)
  to   space 4096K, 0% used [0x00000000d7280000,0x00000000d7280000,0x00000000d7680000)
 ParOldGen       total 68608K, used 0K [0x0000000080000000, 0x0000000084300000, 0x00000000d5580000)
  object space 68608K, 0% used [0x0000000080000000,0x0000000080000000,0x0000000084300000)
 Metaspace       used 4337K, committed 4608K, reserved 1114112K
  class space    used 471K, committed 576K, reserved 1048576K
}

Dll operation events (8 events):
Event: 0.017 Loaded shared library c:\Users\ashis\.vscode\extensions\redhat.java-1.46.0-win32-x64\jre\21.0.8-win32-x86_64\bin\java.dll
Event: 0.283 Loaded shared library c:\Users\ashis\.vscode\extensions\redhat.java-1.46.0-win32-x64\jre\21.0.8-win32-x86_64\bin\zip.dll
Event: 0.351 Loaded shared library C:\Users\ashis\.vscode\extensions\redhat.java-1.46.0-win32-x64\jre\21.0.8-win32-x86_64\bin\instrument.dll
Event: 0.362 Loaded shared library C:\Users\ashis\.vscode\extensions\redhat.java-1.46.0-win32-x64\jre\21.0.8-win32-x86_64\bin\net.dll
Event: 0.368 Loaded shared library C:\Users\ashis\.vscode\extensions\redhat.java-1.46.0-win32-x64\jre\21.0.8-win32-x86_64\bin\nio.dll
Event: 0.420 Loaded shared library C:\Users\ashis\.vscode\extensions\redhat.java-1.46.0-win32-x64\jre\21.0.8-win32-x86_64\bin\zip.dll
Event: 0.581 Loaded shared library C:\Users\ashis\.vscode\extensions\redhat.java-1.46.0-win32-x64\jre\21.0.8-win32-x86_64\bin\jimage.dll
Event: 0.954 Loaded shared library c:\Users\ashis\.vscode\extensions\redhat.java-1.46.0-win32-x64\jre\21.0.8-win32-x86_64\bin\verify.dll

Deoptimization events (20 events):
Event: 3.923 Thread 0x000002b62aa50200 Uncommon trap: trap_request=0xffffff45 fr.pc=0x000002b6357896bc relative=0x000000000000027c
Event: 3.923 Thread 0x000002b62aa50200 Uncommon trap: reason=unstable_if action=reinterpret pc=0x000002b6357896bc method=java.util.HashMap.hash(Ljava/lang/Object;)I @ 1 c2
Event: 3.923 Thread 0x000002b62aa50200 DEOPT PACKING pc=0x000002b6357896bc sp=0x000000e908bfe820
Event: 3.923 Thread 0x000002b62aa50200 DEOPT UNPACKING pc=0x000002b6351d3a9c sp=0x000000e908bfe6b8 mode 2
Event: 4.008 Thread 0x000002b62aa50200 Uncommon trap: trap_request=0xffffff45 fr.pc=0x000002b63578143c relative=0x000000000000027c
Event: 4.008 Thread 0x000002b62aa50200 Uncommon trap: reason=unstable_if action=reinterpret pc=0x000002b63578143c method=java.util.HashMap.hash(Ljava/lang/Object;)I @ 1 c2
Event: 4.008 Thread 0x000002b62aa50200 DEOPT PACKING pc=0x000002b63578143c sp=0x000000e908bfe7c0
Event: 4.008 Thread 0x000002b62aa50200 DEOPT UNPACKING pc=0x000002b6351d3a9c sp=0x000000e908bfe6c8 mode 2
Event: 4.009 Thread 0x000002b62aa50200 Uncommon trap: trap_request=0xffffff45 fr.pc=0x000002b635779450 relative=0x00000000000000b0
Event: 4.009 Thread 0x000002b62aa50200 Uncommon trap: reason=unstable_if action=reinterpret pc=0x000002b635779450 method=java.util.HashMap.hash(Ljava/lang/Object;)I @ 1 c2
Event: 4.009 Thread 0x000002b62aa50200 DEOPT PACKING pc=0x000002b635779450 sp=0x000000e908bfe840
Event: 4.009 Thread 0x000002b62aa50200 DEOPT UNPACKING pc=0x000002b6351d3a9c sp=0x000000e908bfe7d8 mode 2
Event: 4.009 Thread 0x000002b62aa50200 Uncommon trap: trap_request=0xffffffde fr.pc=0x000002b6357623fc relative=0x000000000000055c
Event: 4.009 Thread 0x000002b62aa50200 Uncommon trap: reason=class_check action=maybe_recompile pc=0x000002b6357623fc method=java.util.Collections$UnmodifiableCollection$1.<init>(Ljava/util/Collections$UnmodifiableCollection;)V @ 17 c2
Event: 4.009 Thread 0x000002b62aa50200 DEOPT PACKING pc=0x000002b6357623fc sp=0x000000e908bfe870
Event: 4.009 Thread 0x000002b62aa50200 DEOPT UNPACKING pc=0x000002b6351d3a9c sp=0x000000e908bfe7b8 mode 2
Event: 4.516 Thread 0x000002b62aa50200 Uncommon trap: trap_request=0xffffff45 fr.pc=0x000002b63576c6f8 relative=0x0000000000000198
Event: 4.516 Thread 0x000002b62aa50200 Uncommon trap: reason=unstable_if action=reinterpret pc=0x000002b63576c6f8 method=java.lang.invoke.VarHandle.checkAccessModeThenIsDirect(Ljava/lang/invoke/VarHandle$AccessDescriptor;)Z @ 4 c2
Event: 4.516 Thread 0x000002b62aa50200 DEOPT PACKING pc=0x000002b63576c6f8 sp=0x000000e908bfe820
Event: 4.516 Thread 0x000002b62aa50200 DEOPT UNPACKING pc=0x000002b6351d3a9c sp=0x000000e908bfe778 mode 2

Classes loaded (20 events):
Event: 4.752 Loading class java/util/AbstractQueue done
Event: 4.752 Loading class java/util/concurrent/SynchronousQueue done
Event: 4.752 Loading class java/util/concurrent/SynchronousQueue$Transferer
Event: 4.753 Loading class java/util/concurrent/LinkedTransferQueue
Event: 4.753 Loading class java/util/concurrent/TransferQueue
Event: 4.754 Loading class java/util/concurrent/TransferQueue done
Event: 4.755 Loading class java/util/concurrent/LinkedTransferQueue done
Event: 4.755 Loading class java/util/concurrent/SynchronousQueue$Transferer done
Event: 4.755 Loading class java/util/concurrent/LinkedTransferQueue$DualNode
Event: 4.755 Loading class java/util/concurrent/LinkedTransferQueue$DualNode done
Event: 4.772 Loading class java/util/concurrent/RejectedExecutionHandler
Event: 4.772 Loading class java/util/concurrent/RejectedExecutionHandler done
Event: 4.772 Loading class java/util/concurrent/LinkedBlockingQueue
Event: 4.773 Loading class java/util/concurrent/LinkedBlockingQueue done
Event: 4.774 Loading class java/util/concurrent/LinkedBlockingQueue$Node
Event: 4.774 Loading class java/util/concurrent/LinkedBlockingQueue$Node done
Event: 4.805 Loading class java/util/concurrent/Semaphore$NonfairSync
Event: 4.805 Loading class java/util/concurrent/Semaphore$Sync
Event: 4.806 Loading class java/util/concurrent/Semaphore$Sync done
Event: 4.806 Loading class java/util/concurrent/Semaphore$NonfairSync done

Classes unloaded (0 events):
No events

Classes redefined (0 events):
No events

Internal exceptions (20 events):
Event: 2.653 Thread 0x000002b62aa50200 Exception <a 'java/io/FileNotFoundException'{0x00000000d64c0e90}> (0x00000000d64c0e90) 
thrown [s\src\hotspot\share\prims\jni.cpp, line 520]
Event: 2.653 Thread 0x000002b62aa50200 Exception <a 'java/io/FileNotFoundException'{0x00000000d64c1b08}> (0x00000000d64c1b08) 
thrown [s\src\hotspot\share\prims\jni.cpp, line 520]
Event: 2.653 Thread 0x000002b62aa50200 Exception <a 'java/io/FileNotFoundException'{0x00000000d64c2648}> (0x00000000d64c2648) 
thrown [s\src\hotspot\share\prims\jni.cpp, line 520]
Event: 2.667 Thread 0x000002b62aa50200 Implicit null exception at 0x000002b63576e024 to 0x000002b63576e50c
Event: 2.681 Thread 0x000002b62aa50200 Exception <a 'java/io/FileNotFoundException'{0x00000000d64faa98}> (0x00000000d64faa98) 
thrown [s\src\hotspot\share\prims\jni.cpp, line 520]
Event: 2.755 Thread 0x000002b62aa50200 Exception <a 'java/lang/NoSuchMethodError'{0x00000000d6532fc0}: 'java.lang.Object java.lang.invoke.DirectMethodHandle$Holder.invokeInterface(java.lang.Object, java.lang.Object)'> (0x00000000d6532fc0) 
thrown [s\src\hotspot\share\interpreter\linkResolver.cpp, line 773]
Event: 2.768 Thread 0x000002b62aa50200 Exception <a 'java/lang/NoSuchMethodError'{0x00000000d6546828}: 'java.lang.Object java.lang.invoke.Invokers$Holder.invokeExact_MT(java.lang.Object, java.lang.Object, java.lang.Object, java.lang.Object, java.lang.Object, java.lang.Object)'> (0x00000000d6546828) 
thrown [s\src\hotspot\share\interpreter\linkResolver.cpp, line 773]
Event: 2.780 Thread 0x000002b62aa50200 Exception <a 'java/lang/NoSuchMethodError'{0x00000000d655da80}: 'int java.lang.invoke.DirectMethodHandle$Holder.invokeStatic(java.lang.Object, java.lang.Object, java.lang.Object, java.lang.Object, java.lang.Object)'> (0x00000000d655da80) 
thrown [s\src\hotspot\share\interpreter\linkResolver.cpp, line 773]
Event: 2.852 Thread 0x000002b62aa50200 Exception <a 'java/lang/NoSuchMethodError'{0x00000000d65f15e8}: 'java.lang.Object java.lang.invoke.DirectMethodHandle$Holder.invokeInterface(java.lang.Object, java.lang.Object, int)'> (0x00000000d65f15e8) 
thrown [s\src\hotspot\share\interpreter\linkResolver.cpp, line 773]
Event: 3.320 Thread 0x000002b62aa50200 Exception <a 'java/lang/NoSuchMethodError'{0x00000000d6a77cd0}: 'java.lang.ClassLoader java.lang.ClassLoader.getPlatformClassLoader(java.lang.Class)'> (0x00000000d6a77cd0) 
thrown [s\src\hotspot\share\interpreter\linkResolver.cpp, line 773]
Event: 3.686 Thread 0x000002b62aa50200 Exception <a 'java/lang/ClassNotFoundException'{0x00000000d5593d10}: sun/net/www/protocol/c/Handler> (0x00000000d5593d10) 
thrown [s\src\hotspot\share\classfile\systemDictionary.cpp, line 312]
Event: 3.687 Thread 0x000002b62aa50200 Exception <a 'java/lang/ClassNotFoundException'{0x00000000d55950e0}: sun/net/www/protocol/d/Handler> (0x00000000d55950e0) 
thrown [s\src\hotspot\share\classfile\systemDictionary.cpp, line 312]
Event: 3.687 Thread 0x000002b62aa50200 Exception <a 'java/lang/ClassNotFoundException'{0x00000000d5596318}: sun/net/www/protocol/c/Handler> (0x00000000d5596318) 
thrown [s\src\hotspot\share\classfile\systemDictionary.cpp, line 312]
Event: 3.704 Thread 0x000002b62aa50200 Exception <a 'java/io/FileNotFoundException'{0x00000000d55bae08}> (0x00000000d55bae08) 
thrown [s\src\hotspot\share\prims\jni.cpp, line 520]
Event: 3.922 Thread 0x000002b62aa50200 Implicit null exception at 0x000002b635779ec9 to 0x000002b63577a83c
Event: 3.923 Thread 0x000002b62aa50200 Implicit null exception at 0x000002b63578949a to 0x000002b6357896a4
Event: 4.001 Thread 0x000002b62aa50200 Exception <a 'java/lang/NoSuchMethodError'{0x00000000d57a7938}: 'void java.lang.invoke.DirectMethodHandle$Holder.invokeStatic(java.lang.Object, java.lang.Object, java.lang.Object, java.lang.Object)'> (0x00000000d57a7938) 
thrown [s\src\hotspot\share\interpreter\linkResolver.cpp, line 773]
Event: 4.008 Thread 0x000002b62aa50200 Implicit null exception at 0x000002b63578121a to 0x000002b635781424
Event: 4.009 Thread 0x000002b62aa50200 Implicit null exception at 0x000002b6357793bd to 0x000002b635779441
Event: 4.620 Thread 0x000002b62aa50200 Exception <a 'java/lang/NoSuchMethodError'{0x00000000d5a1dc50}: 'void java.lang.invoke.DirectMethodHandle$Holder.invokeSpecial(java.lang.Object, java.lang.Object, java.lang.Object)'> (0x00000000d5a1dc50) 
thrown [s\src\hotspot\share\interpreter\linkResolver.cpp, line 773]

ZGC Phase Switch (0 events):
No events

VM Operations (18 events):
Event: 0.272 Executing VM operation: HandshakeAllThreads (Deoptimize)
Event: 0.272 Executing VM operation: HandshakeAllThreads (Deoptimize) done
Event: 0.638 Executing VM operation: HandshakeAllThreads (Deoptimize)
Event: 0.638 Executing VM operation: HandshakeAllThreads (Deoptimize) done
Event: 1.649 Executing VM operation: Cleanup
Event: 1.680 Executing VM operation: Cleanup done
Event: 2.427 Executing VM operation: HandshakeAllThreads (Deoptimize)
Event: 2.427 Executing VM operation: HandshakeAllThreads (Deoptimize) done
Event: 2.460 Executing VM operation: HandshakeAllThreads (Deoptimize)
Event: 2.460 Executing VM operation: HandshakeAllThreads (Deoptimize) done
Event: 3.467 Executing VM operation: Cleanup
Event: 3.467 Executing VM operation: Cleanup done
Event: 3.495 Executing VM operation: HandshakeAllThreads (Deoptimize)
Event: 3.496 Executing VM operation: HandshakeAllThreads (Deoptimize) done
Event: 3.584 Executing VM operation: ParallelGCFailedAllocation (Allocation Failure)
Event: 3.668 Executing VM operation: ParallelGCFailedAllocation (Allocation Failure) done
Event: 3.869 Executing VM operation: HandshakeAllThreads (Deoptimize)
Event: 3.869 Executing VM operation: HandshakeAllThreads (Deoptimize) done

Memory protections (0 events):
No events

Nmethod flushes (0 events):
No events

Events (11 events):
Event: 0.050 Thread 0x000002b62aa50200 Thread added: 0x000002b62aa50200
Event: 0.088 Thread 0x000002b62aa50200 Thread added: 0x000002b6414291a0
Event: 0.088 Thread 0x000002b62aa50200 Thread added: 0x000002b64142aaa0
Event: 0.094 Thread 0x000002b62aa50200 Thread added: 0x000002b64142c620
Event: 0.094 Thread 0x000002b62aa50200 Thread added: 0x000002b64142f340
Event: 0.094 Thread 0x000002b62aa50200 Thread added: 0x000002b641430f00
Event: 0.095 Thread 0x000002b62aa50200 Thread added: 0x000002b641431950
Event: 0.095 Thread 0x000002b62aa50200 Thread added: 0x000002b641432780
Event: 0.103 Thread 0x000002b62aa50200 Thread added: 0x000002b6414a9ac0
Event: 0.201 Thread 0x000002b62aa50200 Thread added: 0x000002b62aabab20
Event: 1.836 Thread 0x000002b62aa50200 Thread added: 0x000002b6833749c0


Dynamic libraries:
0x00007ff7f6ec0000 - 0x00007ff7f6ece000 	c:\Users\ashis\.vscode\extensions\redhat.java-1.46.0-win32-x64\jre\21.0.8-win32-x86_64\bin\java.exe
0x00007fff4f930000 - 0x00007fff4fb28000 	C:\WINDOWS\SYSTEM32\ntdll.dll
0x00007fff4dbb0000 - 0x00007fff4dc72000 	C:\WINDOWS\System32\KERNEL32.DLL
0x00007fff4d280000 - 0x00007fff4d576000 	C:\WINDOWS\System32\KERNELBASE.dll
0x00007fff4cfd0000 - 0x00007fff4d0d0000 	C:\WINDOWS\System32\ucrtbase.dll
0x00007fff46d80000 - 0x00007fff46d98000 	c:\Users\ashis\.vscode\extensions\redhat.java-1.46.0-win32-x64\jre\21.0.8-win32-x86_64\bin\jli.dll
0x00007fff4f1e0000 - 0x00007fff4f37d000 	C:\WINDOWS\System32\USER32.dll
0x00007fff4d8b0000 - 0x00007fff4d8d2000 	C:\WINDOWS\System32\win32u.dll
0x00007fff4ea70000 - 0x00007fff4ea9b000 	C:\WINDOWS\System32\GDI32.dll
0x00007fff4d630000 - 0x00007fff4d749000 	C:\WINDOWS\System32\gdi32full.dll
0x00007fff4d1e0000 - 0x00007fff4d27d000 	C:\WINDOWS\System32\msvcp_win.dll
0x00007fff46ee0000 - 0x00007fff46efe000 	c:\Users\ashis\.vscode\extensions\redhat.java-1.46.0-win32-x64\jre\21.0.8-win32-x86_64\bin\VCRUNTIME140.dll
0x00007fff3a080000 - 0x00007fff3a31b000 	C:\WINDOWS\WinSxS\amd64_microsoft.windows.common-controls_6595b64144ccf1df_6.0.19041.6280_none_60bc30a171f2f3f3\COMCTL32.dll
0x00007fff4ed70000 - 0x00007fff4ee0e000 	C:\WINDOWS\System32\msvcrt.dll
0x00007fff4ddc0000 - 0x00007fff4ddef000 	C:\WINDOWS\System32\IMM32.DLL
0x00007fff49d40000 - 0x00007fff49d4c000 	c:\Users\ashis\.vscode\extensions\redhat.java-1.46.0-win32-x64\jre\21.0.8-win32-x86_64\bin\vcruntime140_1.dll
0x00007fff21a00000 - 0x00007fff21a8d000 	c:\Users\ashis\.vscode\extensions\redhat.java-1.46.0-win32-x64\jre\21.0.8-win32-x86_64\bin\msvcp140.dll
0x00007ffefca90000 - 0x00007ffefd827000 	c:\Users\ashis\.vscode\extensions\redhat.java-1.46.0-win32-x64\jre\21.0.8-win32-x86_64\bin\server\jvm.dll
0x00007fff4dc80000 - 0x00007fff4dd31000 	C:\WINDOWS\System32\ADVAPI32.dll
0x00007fff4f720000 - 0x00007fff4f7bf000 	C:\WINDOWS\System32\sechost.dll
0x00007fff4da90000 - 0x00007fff4dbb0000 	C:\WINDOWS\System32\RPCRT4.dll
0x00007fff4d930000 - 0x00007fff4d957000 	C:\WINDOWS\System32\bcrypt.dll
0x00007fff4ee10000 - 0x00007fff4ee7b000 	C:\WINDOWS\System32\WS2_32.dll
0x00007fff4ce30000 - 0x00007fff4ce7b000 	C:\WINDOWS\SYSTEM32\POWRPROF.dll
0x00007fff39a50000 - 0x00007fff39a77000 	C:\WINDOWS\SYSTEM32\WINMM.dll
0x00007fff456e0000 - 0x00007fff456ea000 	C:\WINDOWS\SYSTEM32\VERSION.dll
0x00007fff4ce10000 - 0x00007fff4ce22000 	C:\WINDOWS\SYSTEM32\UMPDC.dll
0x00007fff4b030000 - 0x00007fff4b042000 	C:\WINDOWS\SYSTEM32\kernel.appcore.dll
0x00007fff49d20000 - 0x00007fff49d2a000 	c:\Users\ashis\.vscode\extensions\redhat.java-1.46.0-win32-x64\jre\21.0.8-win32-x86_64\bin\jimage.dll
0x00007fff4abd0000 - 0x00007fff4add1000 	C:\WINDOWS\SYSTEM32\DBGHELP.DLL
0x00007fff38e80000 - 0x00007fff38eb4000 	C:\WINDOWS\SYSTEM32\dbgcore.DLL
0x00007fff4d150000 - 0x00007fff4d1d2000 	C:\WINDOWS\System32\bcryptPrimitives.dll
0x00007fff47cd0000 - 0x00007fff47cdf000 	c:\Users\ashis\.vscode\extensions\redhat.java-1.46.0-win32-x64\jre\21.0.8-win32-x86_64\bin\instrument.dll
0x00007fff45090000 - 0x00007fff450af000 	c:\Users\ashis\.vscode\extensions\redhat.java-1.46.0-win32-x64\jre\21.0.8-win32-x86_64\bin\java.dll
0x00007fff4de00000 - 0x00007fff4e570000 	C:\WINDOWS\System32\SHELL32.dll
0x00007fff4b050000 - 0x00007fff4b7f5000 	C:\WINDOWS\SYSTEM32\windows.storage.dll
0x00007fff4ee80000 - 0x00007fff4f1d3000 	C:\WINDOWS\System32\combase.dll
0x00007fff4c930000 - 0x00007fff4c95b000 	C:\WINDOWS\SYSTEM32\Wldp.dll
0x00007fff4eb00000 - 0x00007fff4ebcd000 	C:\WINDOWS\System32\OLEAUT32.dll
0x00007fff4f400000 - 0x00007fff4f4ad000 	C:\WINDOWS\System32\SHCORE.dll
0x00007fff4eaa0000 - 0x00007fff4eafb000 	C:\WINDOWS\System32\shlwapi.dll
0x00007fff4cf00000 - 0x00007fff4cf24000 	C:\WINDOWS\SYSTEM32\profapi.dll
0x00007fff437a0000 - 0x00007fff437b8000 	c:\Users\ashis\.vscode\extensions\redhat.java-1.46.0-win32-x64\jre\21.0.8-win32-x86_64\bin\zip.dll
0x00007fff477b0000 - 0x00007fff477c0000 	C:\Users\ashis\.vscode\extensions\redhat.java-1.46.0-win32-x64\jre\21.0.8-win32-x86_64\bin\net.dll
0x00007fff43ee0000 - 0x00007fff43fea000 	C:\WINDOWS\SYSTEM32\WINHTTP.dll
0x00007fff4c690000 - 0x00007fff4c6fa000 	C:\WINDOWS\system32\mswsock.dll
0x00007fff43760000 - 0x00007fff43776000 	C:\Users\ashis\.vscode\extensions\redhat.java-1.46.0-win32-x64\jre\21.0.8-win32-x86_64\bin\nio.dll
0x00007fff46eb0000 - 0x00007fff46ec0000 	c:\Users\ashis\.vscode\extensions\redhat.java-1.46.0-win32-x64\jre\21.0.8-win32-x86_64\bin\verify.dll

JVMTI agents:
c:\Users\ashis\.vscode\extensions\redhat.java-1.46.0-win32-x64\lombok\lombok-1.18.39-4050.jar path:c:\Users\ashis\.vscode\extensions\redhat.java-1.46.0-win32-x64\jre\21.0.8-win32-x86_64\bin\instrument.dll, loaded, initialized, instrumentlib options:none

dbghelp: loaded successfully - version: 4.0.5 - missing functions: none
symbol engine: initialized successfully - sym options: 0x614 - pdb path: .;c:\Users\ashis\.vscode\extensions\redhat.java-1.46.0-win32-x64\jre\21.0.8-win32-x86_64\bin;C:\WINDOWS\SYSTEM32;C:\WINDOWS\WinSxS\amd64_microsoft.windows.common-controls_6595b64144ccf1df_6.0.19041.6280_none_60bc30a171f2f3f3;c:\Users\ashis\.vscode\extensions\redhat.java-1.46.0-win32-x64\jre\21.0.8-win32-x86_64\bin\server

VM Arguments:
jvm_args: --add-modules=ALL-SYSTEM --add-opens=java.base/java.util=ALL-UNNAMED --add-opens=java.base/java.lang=ALL-UNNAMED --add-opens=java.base/sun.nio.fs=ALL-UNNAMED -Declipse.application=org.eclipse.jdt.ls.core.id1 -Dosgi.bundles.defaultStartLevel=4 -Declipse.product=org.eclipse.jdt.ls.core.product -Djava.import.generatesMetadataFilesAtProjectRoot=false -DDetectVMInstallationsJob.disabled=true -Dfile.encoding=utf8 -XX:+UseParallelGC -XX:GCTimeRatio=4 -XX:AdaptiveSizePolicyWeight=90 -Dsun.zip.disableMemoryMapping=true -Xmx2G -Xms100m -Xlog:disable -javaagent:c:\Users\ashis\.vscode\extensions\redhat.java-1.46.0-win32-x64\lombok\lombok-1.18.39-4050.jar 
java_command: c:\Users\ashis\.vscode\extensions\redhat.java-1.46.0-win32-x64\server\plugins\org.eclipse.equinox.launcher_1.7.0.v20250519-0528.jar -configuration c:\Users\ashis\AppData\Roaming\Code\User\globalStorage\redhat.java\1.46.0\config_ss_win -data c:\Users\ashis\AppData\Roaming\Code\User\workspaceStorage\092032f4d222c2bb43f7764757c1a2a7\redhat.java\ss_ws --pipe=\\.\pipe\lsp-0b42c580419888a84d2f4af2205b79c6-sock
java_class_path (initial): c:\Users\ashis\.vscode\extensions\redhat.java-1.46.0-win32-x64\server\plugins\org.eclipse.equinox.launcher_1.7.0.v20250519-0528.jar
Launcher Type: SUN_STANDARD

[Global flags]
    uintx AdaptiveSizePolicyWeight                 = 90                                        {product} {command line}
     intx CICompilerCount                          = 3                                         {product} {ergonomic}
    uintx GCTimeRatio                              = 4                                         {product} {command line}
   size_t InitialHeapSize                          = 104857600                                 {product} {command line}
   size_t MaxHeapSize                              = 2147483648                                {product} {command line}
   size_t MaxNewSize                               = 715653120                                 {product} {ergonomic}
   size_t MinHeapDeltaBytes                        = 524288                                    {product} {ergonomic}
   size_t MinHeapSize                              = 104857600                                 {product} {command line}
   size_t NewSize                                  = 34603008                                  {product} {ergonomic}
    uintx NonNMethodCodeHeapSize                   = 5832780                                {pd product} {ergonomic}
    uintx NonProfiledCodeHeapSize                  = 122912730                              {pd product} {ergonomic}
   size_t OldSize                                  = 70254592                                  {product} {ergonomic}
    uintx ProfiledCodeHeapSize                     = 122912730                              {pd product} {ergonomic}
    uintx ReservedCodeCacheSize                    = 251658240                              {pd product} {ergonomic}
     bool SegmentedCodeCache                       = true                                      {product} {ergonomic}
   size_t SoftMaxHeapSize                          = 2147483648                             {manageable} {ergonomic}
     bool UseCompressedOops                        = true                           {product lp64_product} {ergonomic}
     bool UseLargePagesIndividualAllocation        = false                                  {pd product} {ergonomic}
     bool UseParallelGC                            = true                                      {product} {command line}

Logging:
Log output configuration:
 #0: stdout all=off uptime,level,tags foldmultilines=false
 #1: stderr all=off uptime,level,tags foldmultilines=false

Environment Variables:
JAVA_HOME=C:\Program Files\Java\jdk-23
PATH=C:\Python312\Scripts\;C:\Python312\;C:\Program Files\Common Files\Oracle\Java\javapath;C:\WINDOWS\system32;C:\WINDOWS;C:\WINDOWS\System32\Wbem;C:\WINDOWS\System32\WindowsPowerShell\v1.0\;C:\WINDOWS\System32\OpenSSH\;C:\Program Files\MySQL\MySQL Server 8.0\bin;C:\Program Files\nodejs\;C:\ProgramData\chocolatey\bin;C:\Program Files\Redis\;C:\Users\ashis\Downloads\mongosh-2.3.7-win32-x64 (1)\mongosh-2.3.7-win32-x64\bin;C:\Program Files\MongoDB\Server\8.0\bin;C:\Program Files\Git\cmd;C:\Program Files\Git\bin;C:\Program Files\Java\jdk-23\bin;C:\Program Files\apache-maven-3.9.11\bin;C:\Program Files\MySQL\MySQL Shell 8.0\bin\;C:\Users\ashis\AppData\Local\Microsoft\WindowsApps;C:\Users\ashis\AppData\Local\Programs\Microsoft VS Code\bin;C:\Users\ashis\AppData\Roaming\npm;C:\Program Files\MongoDB\Server\8.0\bin;C:\Program Files\PostgreSQL\17\bin;C:\Program Files\apache-maven-3.9.11\bin;
USERNAME=ashis
OS=Windows_NT
PROCESSOR_IDENTIFIER=Intel64 Family 6 Model 122 Stepping 8, GenuineIntel
TMP=C:\Users\ashis\AppData\Local\Temp
TEMP=C:\Users\ashis\AppData\Local\Temp




Periodic native trim disabled

---------------  S Y S T E M  ---------------

OS:
 Windows 10 , 64 bit Build 19041 (10.0.19041.5915)
OS uptime: 18 days 8:22 hours

CPU: total 4 (initial active 4) (4 cores per cpu, 1 threads per core) family 6 model 122 stepping 8 microcode 0x1c, cx8, cmov, fxsr, mmx, 3dnowpref, sse, sse2, sse3, ssse3, sse4.1, sse4.2, popcnt, tsc, tscinvbit, aes, erms, clmul, sha, clflush, clflushopt, rdtscp, rdpid
Processor Information for the first 4 processors :
  Max Mhz: 1101, Current Mhz: 1101, Mhz Limit: 1101

Memory: 4k page, system-wide physical 3918M (287M free)
TotalPageFile size 15694M (AvailPageFile size 277M)
current process WorkingSet (physical memory assigned to process): 79M, peak: 79M
current process commit charge ("private bytes"): 221M, peak: 221M

vm_info: OpenJDK 64-Bit Server VM (21.0.8+9-LTS) for windows-amd64 JRE (21.0.8+9-LTS), built on 2025-07-15T00:00:00Z by "admin" with MS VC++ 17.7 (VS2022)

END.
