#
# There is insufficient memory for the Java Runtime Environment to continue.
# Native memory allocation (malloc) failed to allocate 1048576 bytes. Error detail: AllocateHeap
# Possible reasons:
#   The system is out of physical RAM or swap space
#   This process is running with CompressedOops enabled, and the Java Heap may be blocking the growth of the native heap
# Possible solutions:
#   Reduce memory load on the system
#   Increase physical memory or swap space
#   Check if swap backing store is full
#   Decrease Java heap size (-Xmx/-Xms)
#   Decrease number of Java threads
#   Decrease Java thread stack sizes (-Xss)
#   Set larger code cache with -XX:ReservedCodeCacheSize=
#   JVM is running with Unscaled Compressed Oops mode in which the Java heap is
#     placed in the first 4GB address space. The Java Heap base address is the
#     maximum limit for the native heap growth. Please use -XX:HeapBaseMinAddress
#     to set the Java Heap base and to place the Java Heap above 4GB virtual address.
# This output file may be truncated or incomplete.
#
#  Out of Memory Error (allocation.cpp:44), pid=21564, tid=17008
#
# JRE version: OpenJDK Runtime Environment Temurin-21.0.8+9 (21.0.8+9) (build 21.0.8+9-LTS)
# Java VM: OpenJDK 64-Bit Server VM Temurin-21.0.8+9 (21.0.8+9-LTS, mixed mode, sharing, tiered, compressed oops, compressed class ptrs, parallel gc, windows-amd64)
# No core dump will be written. Minidumps are not enabled by default on client versions of Windows
#

---------------  S U M M A R Y ------------

Command Line: --add-modules=ALL-SYSTEM --add-opens=java.base/java.util=ALL-UNNAMED --add-opens=java.base/java.lang=ALL-UNNAMED --add-opens=java.base/sun.nio.fs=ALL-UNNAMED -Declipse.application=org.eclipse.jdt.ls.core.id1 -Dosgi.bundles.defaultStartLevel=4 -Declipse.product=org.eclipse.jdt.ls.core.product -Djava.import.generatesMetadataFilesAtProjectRoot=false -DDetectVMInstallationsJob.disabled=true -Dfile.encoding=utf8 -XX:+UseParallelGC -XX:GCTimeRatio=4 -XX:AdaptiveSizePolicyWeight=90 -Dsun.zip.disableMemoryMapping=true -Xmx2G -Xms100m -Xlog:disable -javaagent:c:\Users\ashis\.vscode\extensions\redhat.java-1.46.0-win32-x64\lombok\lombok-1.18.39-4050.jar -XX:+HeapDumpOnOutOfMemoryError -XX:HeapDumpPath=c:\Users\ashis\AppData\Roaming\Code\User\workspaceStorage\092032f4d222c2bb43f7764757c1a2a7\redhat.java -Daether.dependencyCollector.impl=bf c:\Users\ashis\.vscode\extensions\redhat.java-1.46.0-win32-x64\server\plugins\org.eclipse.equinox.launcher_1.7.0.v20250519-0528.jar -configuration c:\Users\ashis\AppData\Roaming\Code\User\globalStorage\redhat.java\1.46.0\config_win -data c:\Users\ashis\AppData\Roaming\Code\User\workspaceStorage\092032f4d222c2bb43f7764757c1a2a7\redhat.java\jdt_ws --pipe=\\.\pipe\lsp-1fd0f85ce46f0924f61b626aa7038ee2-sock

Host: Intel(R) Pentium(R) Silver N5030 CPU @ 1.10GHz, 4 cores, 3G,  Windows 10 , 64 bit Build 19041 (10.0.19041.5915)
Time: Wed Oct  8 16:35:18 2025 India Standard Time elapsed time: 8522.662446 seconds (0d 2h 22m 2s)

---------------  T H R E A D  ---------------

Current thread (0x0000014c195a0660):  JavaThread "Attach Listener" daemon [_thread_in_vm, id=17008, stack(0x0000002d12500000,0x0000002d12600000) (1024K)]

Stack: [0x0000002d12500000,0x0000002d12600000]
Native frames: (J=compiled Java code, j=interpreted, Vv=VM code, C=native code)
V  [jvm.dll+0x6d2449]
V  [jvm.dll+0x8ae341]
V  [jvm.dll+0x8b08be]
V  [jvm.dll+0x8b0fa3]
V  [jvm.dll+0x280c96]
V  [jvm.dll+0xc0347]
V  [jvm.dll+0x6d2cf9]
V  [jvm.dll+0x131116]
V  [jvm.dll+0x3f2d16]
V  [jvm.dll+0x857e6b]
V  [jvm.dll+0x6d0b0d]
C  [ucrtbase.dll+0x21bb2]
C  [KERNEL32.DLL+0x17374]
C  [ntdll.dll+0x4cc91]


---------------  P R O C E S S  ---------------

Threads class SMR info:
_java_thread_list=0x0000014c7a68b690, length=31, elements={
0x0000014c196b03a0, 0x0000014c1959c200, 0x0000014c1959d360, 0x0000014c1959f4d0,
0x0000014c195a0660, 0x0000014c195a86e0, 0x0000014c195ace50, 0x0000014c195ae8a0,
0x0000014c195b15a0, 0x0000014c1966e720, 0x0000014c765f60b0, 0x0000014c7673ba40,
0x0000014c769344b0, 0x0000014c76915900, 0x0000014c76916b40, 0x0000014c76bcfd80,
0x0000014c76cc5f50, 0x0000014c772aaff0, 0x0000014c772abd10, 0x0000014c772ab680,
0x0000014c772aca30, 0x0000014c772aa2d0, 0x0000014c774155c0, 0x0000014c77416970,
0x0000014c774127d0, 0x0000014c77414f30, 0x0000014c77414210, 0x0000014c774134f0,
0x0000014c77412140, 0x0000014c77417000, 0x0000014c78a623c0
}

Java Threads: ( => current thread )
  0x0000014c196b03a0 JavaThread "main"                              [_thread_blocked, id=15080, stack(0x0000002d11d00000,0x0000002d11e00000) (1024K)]
  0x0000014c1959c200 JavaThread "Reference Handler"          daemon [_thread_blocked, id=21500, stack(0x0000002d12200000,0x0000002d12300000) (1024K)]
  0x0000014c1959d360 JavaThread "Finalizer"                  daemon [_thread_blocked, id=2612, stack(0x0000002d12300000,0x0000002d12400000) (1024K)]
  0x0000014c1959f4d0 JavaThread "Signal Dispatcher"          daemon [_thread_blocked, id=21464, stack(0x0000002d12400000,0x0000002d12500000) (1024K)]
=>0x0000014c195a0660 JavaThread "Attach Listener"            daemon [_thread_in_vm, id=17008, stack(0x0000002d12500000,0x0000002d12600000) (1024K)]
  0x0000014c195a86e0 JavaThread "Service Thread"             daemon [_thread_blocked, id=17324, stack(0x0000002d12600000,0x0000002d12700000) (1024K)]
  0x0000014c195ace50 JavaThread "Monitor Deflation Thread"   daemon [_thread_blocked, id=15860, stack(0x0000002d12700000,0x0000002d12800000) (1024K)]
  0x0000014c195ae8a0 JavaThread "C2 CompilerThread0"         daemon [_thread_blocked, id=15220, stack(0x0000002d12800000,0x0000002d12900000) (1024K)]
  0x0000014c195b15a0 JavaThread "C1 CompilerThread0"         daemon [_thread_blocked, id=20592, stack(0x0000002d12900000,0x0000002d12a00000) (1024K)]
  0x0000014c1966e720 JavaThread "Common-Cleaner"             daemon [_thread_blocked, id=9856, stack(0x0000002d12a00000,0x0000002d12b00000) (1024K)]
  0x0000014c765f60b0 JavaThread "Notification Thread"        daemon [_thread_blocked, id=8284, stack(0x0000002d12b00000,0x0000002d12c00000) (1024K)]
  0x0000014c7673ba40 JavaThread "Active Thread: Equinox Container: d932b4e7-0b06-4619-8e28-290b15dff586"        [_thread_blocked, id=17760, stack(0x0000002d12f00000,0x0000002d13000000) (1024K)]
  0x0000014c769344b0 JavaThread "Refresh Thread: Equinox Container: d932b4e7-0b06-4619-8e28-290b15dff586" daemon [_thread_blocked, id=4156, stack(0x0000002d13000000,0x0000002d13100000) (1024K)]
  0x0000014c76915900 JavaThread "Framework Event Dispatcher: Equinox Container: d932b4e7-0b06-4619-8e28-290b15dff586" daemon [_thread_blocked, id=13780, stack(0x0000002d13100000,0x0000002d13200000) (1024K)]
  0x0000014c76916b40 JavaThread "Start Level: Equinox Container: d932b4e7-0b06-4619-8e28-290b15dff586" daemon [_thread_blocked, id=15416, stack(0x0000002d13200000,0x0000002d13300000) (1024K)]
  0x0000014c76bcfd80 JavaThread "Bundle File Closer"         daemon [_thread_blocked, id=1612, stack(0x0000002d13300000,0x0000002d13400000) (1024K)]
  0x0000014c76cc5f50 JavaThread "SCR Component Actor"        daemon [_thread_blocked, id=17500, stack(0x0000002d13500000,0x0000002d13600000) (1024K)]
  0x0000014c772aaff0 JavaThread "Worker-JM"                         [_thread_blocked, id=11808, stack(0x0000002d13400000,0x0000002d13500000) (1024K)]
  0x0000014c772abd10 JavaThread "JNA Cleaner"                daemon [_thread_blocked, id=17088, stack(0x0000002d13600000,0x0000002d13700000) (1024K)]
  0x0000014c772ab680 JavaThread "Java indexing"              daemon [_thread_blocked, id=11360, stack(0x0000002d13a00000,0x0000002d13b00000) (1024K)]
  0x0000014c772aca30 JavaThread "Worker-3"                          [_thread_blocked, id=13072, stack(0x0000002d13b00000,0x0000002d13c00000) (1024K)]
  0x0000014c772aa2d0 JavaThread "Worker-4"                          [_thread_blocked, id=22152, stack(0x0000002d13c00000,0x0000002d13d00000) (1024K)]
  0x0000014c774155c0 JavaThread "Thread-1"                   daemon [_thread_in_native, id=10352, stack(0x0000002d13d00000,0x0000002d13e00000) (1024K)]
  0x0000014c77416970 JavaThread "Thread-2"                   daemon [_thread_in_native, id=10732, stack(0x0000002d13e00000,0x0000002d13f00000) (1024K)]
  0x0000014c774127d0 JavaThread "Thread-3"                   daemon [_thread_in_native, id=3008, stack(0x0000002d13f00000,0x0000002d14000000) (1024K)]
  0x0000014c77414f30 JavaThread "Thread-4"                   daemon [_thread_in_native, id=19784, stack(0x0000002d14000000,0x0000002d14100000) (1024K)]
  0x0000014c77414210 JavaThread "Thread-5"                   daemon [_thread_in_native, id=13188, stack(0x0000002d14100000,0x0000002d14200000) (1024K)]
  0x0000014c774134f0 JavaThread "pool-2-thread-1"                   [_thread_blocked, id=7744, stack(0x0000002d14200000,0x0000002d14300000) (1024K)]
  0x0000014c77412140 JavaThread "WorkspaceEventsHandler"            [_thread_blocked, id=18572, stack(0x0000002d14300000,0x0000002d14400000) (1024K)]
  0x0000014c77417000 JavaThread "pool-1-thread-1"                   [_thread_blocked, id=6276, stack(0x0000002d14400000,0x0000002d14500000) (1024K)]
  0x0000014c78a623c0 JavaThread "Cleaner-0"                  daemon [_thread_blocked, id=14544, stack(0x0000002d14800000,0x0000002d14900000) (1024K)]
Total: 31

Other Threads:
  0x0000014c1958e630 VMThread "VM Thread"                           [id=5292, stack(0x0000002d12000000,0x0000002d12100000) (1024K)]
  0x0000014c1954cb00 WatcherThread "VM Periodic Task Thread"        [id=16776, stack(0x0000002d11f00000,0x0000002d12000000) (1024K)]
  0x0000014c196cd4a0 WorkerThread "GC Thread#0"                     [id=12792, stack(0x0000002d11e00000,0x0000002d11f00000) (1024K)]
  0x0000014c768b6b50 WorkerThread "GC Thread#1"                     [id=19988, stack(0x0000002d12c00000,0x0000002d12d00000) (1024K)]
  0x0000014c7662df70 WorkerThread "GC Thread#2"                     [id=10932, stack(0x0000002d12d00000,0x0000002d12e00000) (1024K)]
  0x0000014c7662e310 WorkerThread "GC Thread#3"                     [id=13468, stack(0x0000002d12e00000,0x0000002d12f00000) (1024K)]
Total: 6

Threads with active compile tasks:
Total: 0

VM state: not at safepoint (normal execution)

VM Mutex/Monitor currently owned by a thread: None

Heap address: 0x0000000080000000, size: 2048 MB, Compressed Oops mode: 32-bit

CDS archive(s) mapped at: [0x0000014c30000000-0x0000014c30ba0000-0x0000014c30ba0000), size 12189696, SharedBaseAddress: 0x0000014c30000000, ArchiveRelocationMode: 1.
Compressed class space mapped at: 0x0000014c31000000-0x0000014c71000000, reserved size: 1073741824
Narrow klass base: 0x0000014c30000000, Narrow klass shift: 0, Narrow klass range: 0x100000000

GC Precious Log:
 CardTable entry size: 512
 CPUs: 4 total, 4 available
 Memory: 3918M
 Large Page Support: Disabled
 NUMA Support: Disabled
 Compressed Oops: Enabled (32-bit)
 Alignments: Space 512K, Generation 512K, Heap 2M
 Heap Min Capacity: 100M
 Heap Initial Capacity: 100M
 Heap Max Capacity: 2G
 Pre-touch: Disabled
 Parallel Workers: 4

Heap:
 PSYoungGen      total 12288K, used 3147K [0x00000000d5580000, 0x00000000d6500000, 0x0000000100000000)
  eden space 11776K, 25% used [0x00000000d5580000,0x00000000d5862dc0,0x00000000d6100000)
  from space 512K, 37% used [0x00000000d6480000,0x00000000d64b0000,0x00000000d6500000)
  to   space 512K, 0% used [0x00000000d6400000,0x00000000d6400000,0x00000000d6480000)
 ParOldGen       total 407040K, used 406734K [0x0000000080000000, 0x0000000098d80000, 0x00000000d5580000)
  object space 407040K, 99% used [0x0000000080000000,0x0000000098d33988,0x0000000098d80000)
 Metaspace       used 84670K, committed 86400K, reserved 1179648K
  class space    used 8861K, committed 9600K, reserved 1048576K

Card table byte_map: [0x0000014c19060000,0x0000014c19470000] _byte_map_base: 0x0000014c18c60000

Marking Bits: (ParMarkBitMap*) 0x00007fff1711a340
 Begin Bits: [0x0000014c2bb60000, 0x0000014c2db60000)
 End Bits:   [0x0000014c2db60000, 0x0000014c2fb60000)

Polling page: 0x0000014c17570000

Metaspace:

Usage:
  Non-class:     74.03 MB used.
      Class:      8.65 MB used.
       Both:     82.69 MB used.

Virtual space:
  Non-class space:      128.00 MB reserved,      75.00 MB ( 59%) committed,  2 nodes.
      Class space:        1.00 GB reserved,       9.38 MB ( <1%) committed,  1 nodes.
             Both:        1.12 GB reserved,      84.38 MB (  7%) committed. 

Chunk freelists:
   Non-Class:  4.50 MB
       Class:  6.61 MB
        Both:  11.10 MB

MaxMetaspaceSize: unlimited
CompressedClassSpaceSize: 1.00 GB
Initial GC threshold: 21.00 MB
Current GC threshold: 97.31 MB
CDS: on
 - commit_granule_bytes: 65536.
 - commit_granule_words: 8192.
 - virtual_space_node_default_size: 8388608.
 - enlarge_chunks_in_place: 1.
 - use_allocation_guard: 0.


Internal statistics:

num_allocs_failed_limit: 9.
num_arena_births: 1466.
num_arena_deaths: 16.
num_vsnodes_births: 3.
num_vsnodes_deaths: 0.
num_space_committed: 1350.
num_space_uncommitted: 0.
num_chunks_returned_to_freelist: 25.
num_chunks_taken_from_freelist: 5397.
num_chunk_merges: 16.
num_chunk_splits: 3313.
num_chunks_enlarged: 1843.
num_inconsistent_stats: 0.

CodeHeap 'non-profiled nmethods': size=120000Kb used=9985Kb max_used=9985Kb free=110014Kb
 bounds [0x0000014c24380000, 0x0000014c24d50000, 0x0000014c2b8b0000]
CodeHeap 'profiled nmethods': size=120000Kb used=37732Kb max_used=37732Kb free=82267Kb
 bounds [0x0000014c1c8b0000, 0x0000014c1ed90000, 0x0000014c23de0000]
CodeHeap 'non-nmethods': size=5760Kb used=1509Kb max_used=1559Kb free=4250Kb
 bounds [0x0000014c23de0000, 0x0000014c24050000, 0x0000014c24380000]
CodeCache: size=245760Kb, used=49226Kb, max_used=49276Kb, free=196531Kb
 total_blobs=17598, nmethods=16770, adapters=731, full_count=0
Compilation: enabled, stopped_count=0, restarted_count=0

Compilation events (20 events):
Event: 6611.157 Thread 0x0000014c195b15a0 17533       3       java.security.DrbgParameters$NextBytes::<init> (66 bytes)
Event: 6611.220 Thread 0x0000014c195b15a0 nmethod 17533 0x0000014c1ed82b90 code [0x0000014c1ed82de0, 0x0000014c1ed83670]
Event: 6622.867 Thread 0x0000014c195b15a0 17538   !   3       java.util.logging.LogManager$LoggerContext::findLogger (113 bytes)
Event: 6622.931 Thread 0x0000014c195b15a0 nmethod 17538 0x0000014c1ed83990 code [0x0000014c1ed83c40, 0x0000014c1ed84ba0]
Event: 6712.899 Thread 0x0000014c195b15a0 17539       3       jdk.internal.logger.DefaultLoggerFinder::isSystem (18 bytes)
Event: 6712.960 Thread 0x0000014c195b15a0 nmethod 17539 0x0000014c1ed85110 code [0x0000014c1ed85360, 0x0000014c1ed85c70]
Event: 6952.978 Thread 0x0000014c195b15a0 17542       3       java.util.logging.Logger::getLogger (8 bytes)
Event: 6953.003 Thread 0x0000014c195b15a0 nmethod 17542 0x0000014c1ed86010 code [0x0000014c1ed861e0, 0x0000014c1ed863a0]
Event: 6953.003 Thread 0x0000014c195b15a0 17543       3       java.util.logging.Logger::getLogger (7 bytes)
Event: 6953.003 Thread 0x0000014c195b15a0 nmethod 17543 0x0000014c1ed86490 code [0x0000014c1ed86640, 0x0000014c1ed86768]
Event: 6953.003 Thread 0x0000014c195b15a0 17544       3       java.util.logging.Logger::demandLogger (36 bytes)
Event: 6953.040 Thread 0x0000014c195b15a0 nmethod 17544 0x0000014c1ed86810 code [0x0000014c1ed86aa0, 0x0000014c1ed87560]
Event: 7389.107 Thread 0x0000014c195b15a0 17545   !   3       org.eclipse.osgi.container.ModuleDatabase::getTimestamp (25 bytes)
Event: 7389.201 Thread 0x0000014c195b15a0 nmethod 17545 0x0000014c1ed87990 code [0x0000014c1ed87be0, 0x0000014c1ed88528]
Event: 7509.167 Thread 0x0000014c195b15a0 17546       3       org.eclipse.osgi.storage.Storage::isReadOnly (10 bytes)
Event: 7509.205 Thread 0x0000014c195b15a0 nmethod 17546 0x0000014c1ed88990 code [0x0000014c1ed88b40, 0x0000014c1ed88cc0]
Event: 7511.422 Thread 0x0000014c195b15a0 17547       1       org.eclipse.core.internal.jobs.InternalJob::setProgressMonitor (6 bytes)
Event: 7511.430 Thread 0x0000014c195b15a0 nmethod 17547 0x0000014c24d40290 code [0x0000014c24d40420, 0x0000014c24d40508]
Event: 7689.371 Thread 0x0000014c195b15a0 17548   !   3       org.eclipse.osgi.internal.framework.StorageSaver$StorageSaverTask::run (31 bytes)
Event: 7689.528 Thread 0x0000014c195b15a0 nmethod 17548 0x0000014c1ed88d90 code [0x0000014c1ed88f60, 0x0000014c1ed89200]

GC Heap History (20 events):
Event: 93.361 GC heap before
{Heap before GC invocations=332 (full 3):
 PSYoungGen      total 12800K, used 12512K [0x00000000d5580000, 0x00000000d6500000, 0x0000000100000000)
  eden space 11776K, 100% used [0x00000000d5580000,0x00000000d6100000,0x00000000d6100000)
  from space 1024K, 71% used [0x00000000d6400000,0x00000000d64b8010,0x00000000d6500000)
  to   space 1024K, 0% used [0x00000000d6300000,0x00000000d6300000,0x00000000d6400000)
 ParOldGen       total 362496K, used 362096K [0x0000000080000000, 0x0000000096200000, 0x00000000d5580000)
  object space 362496K, 99% used [0x0000000080000000,0x000000009619c1d0,0x0000000096200000)
 Metaspace       used 82280K, committed 83840K, reserved 1179648K
  class space    used 8597K, committed 9344K, reserved 1048576K
}
Event: 93.369 GC heap after
{Heap after GC invocations=332 (full 3):
 PSYoungGen      total 12800K, used 1002K [0x00000000d5580000, 0x00000000d6d00000, 0x0000000100000000)
  eden space 11776K, 0% used [0x00000000d5580000,0x00000000d5580000,0x00000000d6100000)
  from space 1024K, 97% used [0x00000000d6300000,0x00000000d63fa918,0x00000000d6400000)
  to   space 6144K, 0% used [0x00000000d6700000,0x00000000d6700000,0x00000000d6d00000)
 ParOldGen       total 366592K, used 366272K [0x0000000080000000, 0x0000000096600000, 0x00000000d5580000)
  object space 366592K, 99% used [0x0000000080000000,0x00000000965b0210,0x0000000096600000)
 Metaspace       used 82280K, committed 83840K, reserved 1179648K
  class space    used 8597K, committed 9344K, reserved 1048576K
}
Event: 93.514 GC heap before
{Heap before GC invocations=333 (full 3):
 PSYoungGen      total 12800K, used 12778K [0x00000000d5580000, 0x00000000d6d00000, 0x0000000100000000)
  eden space 11776K, 100% used [0x00000000d5580000,0x00000000d6100000,0x00000000d6100000)
  from space 1024K, 97% used [0x00000000d6300000,0x00000000d63fa918,0x00000000d6400000)
  to   space 6144K, 0% used [0x00000000d6700000,0x00000000d6700000,0x00000000d6d00000)
 ParOldGen       total 366592K, used 366272K [0x0000000080000000, 0x0000000096600000, 0x00000000d5580000)
  object space 366592K, 99% used [0x0000000080000000,0x00000000965b0210,0x0000000096600000)
 Metaspace       used 82569K, committed 84096K, reserved 1179648K
  class space    used 8634K, committed 9344K, reserved 1048576K
}
Event: 93.521 GC heap after
{Heap after GC invocations=333 (full 3):
 PSYoungGen      total 15360K, used 3130K [0x00000000d5580000, 0x00000000d6a80000, 0x0000000100000000)
  eden space 11776K, 0% used [0x00000000d5580000,0x00000000d5580000,0x00000000d6100000)
  from space 3584K, 87% used [0x00000000d6700000,0x00000000d6a0ebf0,0x00000000d6a80000)
  to   space 4096K, 0% used [0x00000000d6280000,0x00000000d6280000,0x00000000d6680000)
 ParOldGen       total 367616K, used 367263K [0x0000000080000000, 0x0000000096700000, 0x00000000d5580000)
  object space 367616K, 99% used [0x0000000080000000,0x00000000966a7cf8,0x0000000096700000)
 Metaspace       used 82569K, committed 84096K, reserved 1179648K
  class space    used 8634K, committed 9344K, reserved 1048576K
}
Event: 93.677 GC heap before
{Heap before GC invocations=334 (full 3):
 PSYoungGen      total 15360K, used 14906K [0x00000000d5580000, 0x00000000d6a80000, 0x0000000100000000)
  eden space 11776K, 100% used [0x00000000d5580000,0x00000000d6100000,0x00000000d6100000)
  from space 3584K, 87% used [0x00000000d6700000,0x00000000d6a0ebf0,0x00000000d6a80000)
  to   space 4096K, 0% used [0x00000000d6280000,0x00000000d6280000,0x00000000d6680000)
 ParOldGen       total 367616K, used 367263K [0x0000000080000000, 0x0000000096700000, 0x00000000d5580000)
  object space 367616K, 99% used [0x0000000080000000,0x00000000966a7cf8,0x0000000096700000)
 Metaspace       used 82617K, committed 84160K, reserved 1179648K
  class space    used 8639K, committed 9344K, reserved 1048576K
}
Event: 93.685 GC heap after
{Heap after GC invocations=334 (full 3):
 PSYoungGen      total 15360K, used 3566K [0x00000000d5580000, 0x00000000d6900000, 0x0000000100000000)
  eden space 11776K, 0% used [0x00000000d5580000,0x00000000d5580000,0x00000000d6100000)
  from space 3584K, 99% used [0x00000000d6280000,0x00000000d65fb978,0x00000000d6600000)
  to   space 3072K, 0% used [0x00000000d6600000,0x00000000d6600000,0x00000000d6900000)
 ParOldGen       total 370688K, used 370332K [0x0000000080000000, 0x0000000096a00000, 0x00000000d5580000)
  object space 370688K, 99% used [0x0000000080000000,0x00000000969a71b0,0x0000000096a00000)
 Metaspace       used 82617K, committed 84160K, reserved 1179648K
  class space    used 8639K, committed 9344K, reserved 1048576K
}
Event: 94.644 GC heap before
{Heap before GC invocations=335 (full 3):
 PSYoungGen      total 15360K, used 15342K [0x00000000d5580000, 0x00000000d6900000, 0x0000000100000000)
  eden space 11776K, 100% used [0x00000000d5580000,0x00000000d6100000,0x00000000d6100000)
  from space 3584K, 99% used [0x00000000d6280000,0x00000000d65fb978,0x00000000d6600000)
  to   space 3072K, 0% used [0x00000000d6600000,0x00000000d6600000,0x00000000d6900000)
 ParOldGen       total 370688K, used 370332K [0x0000000080000000, 0x0000000096a00000, 0x00000000d5580000)
  object space 370688K, 99% used [0x0000000080000000,0x00000000969a71b0,0x0000000096a00000)
 Metaspace       used 83090K, committed 84672K, reserved 1179648K
  class space    used 8693K, committed 9408K, reserved 1048576K
}
Event: 94.651 GC heap after
{Heap after GC invocations=335 (full 3):
 PSYoungGen      total 14336K, used 2048K [0x00000000d5580000, 0x00000000d6880000, 0x0000000100000000)
  eden space 11776K, 0% used [0x00000000d5580000,0x00000000d5580000,0x00000000d6100000)
  from space 2560K, 80% used [0x00000000d6600000,0x00000000d6800020,0x00000000d6880000)
  to   space 3072K, 0% used [0x00000000d6280000,0x00000000d6280000,0x00000000d6580000)
 ParOldGen       total 372736K, used 372268K [0x0000000080000000, 0x0000000096c00000, 0x00000000d5580000)
  object space 372736K, 99% used [0x0000000080000000,0x0000000096b8b1c0,0x0000000096c00000)
 Metaspace       used 83090K, committed 84672K, reserved 1179648K
  class space    used 8693K, committed 9408K, reserved 1048576K
}
Event: 95.116 GC heap before
{Heap before GC invocations=336 (full 3):
 PSYoungGen      total 14336K, used 13824K [0x00000000d5580000, 0x00000000d6880000, 0x0000000100000000)
  eden space 11776K, 100% used [0x00000000d5580000,0x00000000d6100000,0x00000000d6100000)
  from space 2560K, 80% used [0x00000000d6600000,0x00000000d6800020,0x00000000d6880000)
  to   space 3072K, 0% used [0x00000000d6280000,0x00000000d6280000,0x00000000d6580000)
 ParOldGen       total 372736K, used 372268K [0x0000000080000000, 0x0000000096c00000, 0x00000000d5580000)
  object space 372736K, 99% used [0x0000000080000000,0x0000000096b8b1c0,0x0000000096c00000)
 Metaspace       used 83458K, committed 85056K, reserved 1179648K
  class space    used 8753K, committed 9472K, reserved 1048576K
}
Event: 95.126 GC heap after
{Heap after GC invocations=336 (full 3):
 PSYoungGen      total 13312K, used 1472K [0x00000000d5580000, 0x00000000d6680000, 0x0000000100000000)
  eden space 11776K, 0% used [0x00000000d5580000,0x00000000d5580000,0x00000000d6100000)
  from space 1536K, 95% used [0x00000000d6280000,0x00000000d63f0000,0x00000000d6400000)
  to   space 2048K, 0% used [0x00000000d6480000,0x00000000d6480000,0x00000000d6680000)
 ParOldGen       total 374784K, used 374277K [0x0000000080000000, 0x0000000096e00000, 0x00000000d5580000)
  object space 374784K, 99% used [0x0000000080000000,0x0000000096d81790,0x0000000096e00000)
 Metaspace       used 83458K, committed 85056K, reserved 1179648K
  class space    used 8753K, committed 9472K, reserved 1048576K
}
Event: 95.957 GC heap before
{Heap before GC invocations=337 (full 3):
 PSYoungGen      total 13312K, used 13248K [0x00000000d5580000, 0x00000000d6680000, 0x0000000100000000)
  eden space 11776K, 100% used [0x00000000d5580000,0x00000000d6100000,0x00000000d6100000)
  from space 1536K, 95% used [0x00000000d6280000,0x00000000d63f0000,0x00000000d6400000)
  to   space 2048K, 0% used [0x00000000d6480000,0x00000000d6480000,0x00000000d6680000)
 ParOldGen       total 406528K, used 404997K [0x0000000080000000, 0x0000000098d00000, 0x00000000d5580000)
  object space 406528K, 99% used [0x0000000080000000,0x0000000098b817c0,0x0000000098d00000)
 Metaspace       used 84165K, committed 85824K, reserved 1179648K
  class space    used 8828K, committed 9536K, reserved 1048576K
}
Event: 95.966 GC heap after
{Heap after GC invocations=337 (full 3):
 PSYoungGen      total 12800K, used 666K [0x00000000d5580000, 0x00000000d6580000, 0x0000000100000000)
  eden space 11776K, 0% used [0x00000000d5580000,0x00000000d5580000,0x00000000d6100000)
  from space 1024K, 65% used [0x00000000d6480000,0x00000000d65268c8,0x00000000d6580000)
  to   space 1024K, 0% used [0x00000000d6380000,0x00000000d6380000,0x00000000d6480000)
 ParOldGen       total 406528K, used 405773K [0x0000000080000000, 0x0000000098d00000, 0x00000000d5580000)
  object space 406528K, 99% used [0x0000000080000000,0x0000000098c437c0,0x0000000098d00000)
 Metaspace       used 84165K, committed 85824K, reserved 1179648K
  class space    used 8828K, committed 9536K, reserved 1048576K
}
Event: 198.767 GC heap before
{Heap before GC invocations=338 (full 3):
 PSYoungGen      total 12800K, used 12442K [0x00000000d5580000, 0x00000000d6580000, 0x0000000100000000)
  eden space 11776K, 100% used [0x00000000d5580000,0x00000000d6100000,0x00000000d6100000)
  from space 1024K, 65% used [0x00000000d6480000,0x00000000d65268c8,0x00000000d6580000)
  to   space 1024K, 0% used [0x00000000d6380000,0x00000000d6380000,0x00000000d6480000)
 ParOldGen       total 406528K, used 405773K [0x0000000080000000, 0x0000000098d00000, 0x00000000d5580000)
  object space 406528K, 99% used [0x0000000080000000,0x0000000098c437c0,0x0000000098d00000)
 Metaspace       used 84275K, committed 85888K, reserved 1179648K
  class space    used 8834K, committed 9536K, reserved 1048576K
}
Event: 198.790 GC heap after
{Heap after GC invocations=338 (full 3):
 PSYoungGen      total 12800K, used 256K [0x00000000d5580000, 0x00000000d6500000, 0x0000000100000000)
  eden space 11776K, 0% used [0x00000000d5580000,0x00000000d5580000,0x00000000d6100000)
  from space 1024K, 25% used [0x00000000d6380000,0x00000000d63c0000,0x00000000d6480000)
  to   space 512K, 0% used [0x00000000d6480000,0x00000000d6480000,0x00000000d6500000)
 ParOldGen       total 406528K, used 406390K [0x0000000080000000, 0x0000000098d00000, 0x00000000d5580000)
  object space 406528K, 99% used [0x0000000080000000,0x0000000098cdd958,0x0000000098d00000)
 Metaspace       used 84275K, committed 85888K, reserved 1179648K
  class space    used 8834K, committed 9536K, reserved 1048576K
}
Event: 5720.297 GC heap before
{Heap before GC invocations=339 (full 3):
 PSYoungGen      total 12800K, used 12021K [0x00000000d5580000, 0x00000000d6500000, 0x0000000100000000)
  eden space 11776K, 99% used [0x00000000d5580000,0x00000000d60fd708,0x00000000d6100000)
  from space 1024K, 25% used [0x00000000d6380000,0x00000000d63c0000,0x00000000d6480000)
  to   space 512K, 0% used [0x00000000d6480000,0x00000000d6480000,0x00000000d6500000)
 ParOldGen       total 406528K, used 406390K [0x0000000080000000, 0x0000000098d00000, 0x00000000d5580000)
  object space 406528K, 99% used [0x0000000080000000,0x0000000098cdd958,0x0000000098d00000)
 Metaspace       used 84573K, committed 86208K, reserved 1179648K
  class space    used 8857K, committed 9600K, reserved 1048576K
}
Event: 5720.629 GC heap after
{Heap after GC invocations=339 (full 3):
 PSYoungGen      total 12288K, used 320K [0x00000000d5580000, 0x00000000d6500000, 0x0000000100000000)
  eden space 11776K, 0% used [0x00000000d5580000,0x00000000d5580000,0x00000000d6100000)
  from space 512K, 62% used [0x00000000d6480000,0x00000000d64d0020,0x00000000d6500000)
  to   space 512K, 0% used [0x00000000d6400000,0x00000000d6400000,0x00000000d6480000)
 ParOldGen       total 406528K, used 406454K [0x0000000080000000, 0x0000000098d00000, 0x00000000d5580000)
  object space 406528K, 99% used [0x0000000080000000,0x0000000098ced958,0x0000000098d00000)
 Metaspace       used 84573K, committed 86208K, reserved 1179648K
  class space    used 8857K, committed 9600K, reserved 1048576K
}
Event: 5721.923 GC heap before
{Heap before GC invocations=340 (full 3):
 PSYoungGen      total 12288K, used 12096K [0x00000000d5580000, 0x00000000d6500000, 0x0000000100000000)
  eden space 11776K, 100% used [0x00000000d5580000,0x00000000d6100000,0x00000000d6100000)
  from space 512K, 62% used [0x00000000d6480000,0x00000000d64d0020,0x00000000d6500000)
  to   space 512K, 0% used [0x00000000d6400000,0x00000000d6400000,0x00000000d6480000)
 ParOldGen       total 406528K, used 406454K [0x0000000080000000, 0x0000000098d00000, 0x00000000d5580000)
  object space 406528K, 99% used [0x0000000080000000,0x0000000098ced958,0x0000000098d00000)
 Metaspace       used 84628K, committed 86272K, reserved 1179648K
  class space    used 8857K, committed 9600K, reserved 1048576K
}
Event: 5721.935 GC heap after
{Heap after GC invocations=340 (full 3):
 PSYoungGen      total 12288K, used 192K [0x00000000d5580000, 0x00000000d6500000, 0x0000000100000000)
  eden space 11776K, 0% used [0x00000000d5580000,0x00000000d5580000,0x00000000d6100000)
  from space 512K, 37% used [0x00000000d6400000,0x00000000d6430000,0x00000000d6480000)
  to   space 512K, 0% used [0x00000000d6480000,0x00000000d6480000,0x00000000d6500000)
 ParOldGen       total 407040K, used 406686K [0x0000000080000000, 0x0000000098d80000, 0x00000000d5580000)
  object space 407040K, 99% used [0x0000000080000000,0x0000000098d27988,0x0000000098d80000)
 Metaspace       used 84628K, committed 86272K, reserved 1179648K
  class space    used 8857K, committed 9600K, reserved 1048576K
}
Event: 5736.849 GC heap before
{Heap before GC invocations=341 (full 3):
 PSYoungGen      total 12288K, used 11968K [0x00000000d5580000, 0x00000000d6500000, 0x0000000100000000)
  eden space 11776K, 100% used [0x00000000d5580000,0x00000000d6100000,0x00000000d6100000)
  from space 512K, 37% used [0x00000000d6400000,0x00000000d6430000,0x00000000d6480000)
  to   space 512K, 0% used [0x00000000d6480000,0x00000000d6480000,0x00000000d6500000)
 ParOldGen       total 407040K, used 406686K [0x0000000080000000, 0x0000000098d80000, 0x00000000d5580000)
  object space 407040K, 99% used [0x0000000080000000,0x0000000098d27988,0x0000000098d80000)
 Metaspace       used 84636K, committed 86272K, reserved 1179648K
  class space    used 8857K, committed 9600K, reserved 1048576K
}
Event: 5736.854 GC heap after
{Heap after GC invocations=341 (full 3):
 PSYoungGen      total 12288K, used 192K [0x00000000d5580000, 0x00000000d6500000, 0x0000000100000000)
  eden space 11776K, 0% used [0x00000000d5580000,0x00000000d5580000,0x00000000d6100000)
  from space 512K, 37% used [0x00000000d6480000,0x00000000d64b0000,0x00000000d6500000)
  to   space 512K, 0% used [0x00000000d6400000,0x00000000d6400000,0x00000000d6480000)
 ParOldGen       total 407040K, used 406734K [0x0000000080000000, 0x0000000098d80000, 0x00000000d5580000)
  object space 407040K, 99% used [0x0000000080000000,0x0000000098d33988,0x0000000098d80000)
 Metaspace       used 84636K, committed 86272K, reserved 1179648K
  class space    used 8857K, committed 9600K, reserved 1048576K
}

Dll operation events (12 events):
Event: 0.017 Loaded shared library c:\Users\ashis\.vscode\extensions\redhat.java-1.46.0-win32-x64\jre\21.0.8-win32-x86_64\bin\java.dll
Event: 0.178 Loaded shared library c:\Users\ashis\.vscode\extensions\redhat.java-1.46.0-win32-x64\jre\21.0.8-win32-x86_64\bin\zip.dll
Event: 0.218 Loaded shared library C:\Users\ashis\.vscode\extensions\redhat.java-1.46.0-win32-x64\jre\21.0.8-win32-x86_64\bin\instrument.dll
Event: 0.229 Loaded shared library C:\Users\ashis\.vscode\extensions\redhat.java-1.46.0-win32-x64\jre\21.0.8-win32-x86_64\bin\net.dll
Event: 0.233 Loaded shared library C:\Users\ashis\.vscode\extensions\redhat.java-1.46.0-win32-x64\jre\21.0.8-win32-x86_64\bin\nio.dll
Event: 0.240 Loaded shared library C:\Users\ashis\.vscode\extensions\redhat.java-1.46.0-win32-x64\jre\21.0.8-win32-x86_64\bin\zip.dll
Event: 0.283 Loaded shared library C:\Users\ashis\.vscode\extensions\redhat.java-1.46.0-win32-x64\jre\21.0.8-win32-x86_64\bin\jimage.dll
Event: 0.433 Loaded shared library c:\Users\ashis\.vscode\extensions\redhat.java-1.46.0-win32-x64\jre\21.0.8-win32-x86_64\bin\verify.dll
Event: 5.247 Loaded shared library C:\Users\ashis\AppData\Roaming\Code\User\globalStorage\redhat.java\1.46.0\config_win\org.eclipse.equinox.launcher\org.eclipse.equinox.launcher.win32.win32.x86_64_1.2.1400.v20250801-0854\eclipse_11916.dll
Event: 9.359 Loaded shared library C:\Users\ashis\AppData\Local\Temp\jna-93110816\jna13118673739618658573.dll
Event: 77.394 Loaded shared library C:\Users\ashis\.vscode\extensions\redhat.java-1.46.0-win32-x64\jre\21.0.8-win32-x86_64\bin\sunmscapi.dll
Event: 77.499 Loaded shared library C:\Users\ashis\.vscode\extensions\redhat.java-1.46.0-win32-x64\jre\21.0.8-win32-x86_64\bin\extnet.dll

Deoptimization events (20 events):
Event: 2413.732 Thread 0x0000014c77411ab0 Uncommon trap: trap_request=0xffffffbe fr.pc=0x0000014c24cf18a0 relative=0x0000000000000100
Event: 2413.735 Thread 0x0000014c77411ab0 Uncommon trap: reason=profile_predicate action=maybe_recompile pc=0x0000014c24cf18a0 method=org.eclipse.jdt.core.compiler.CharOperation.splitAndTrimOn(C[C)[[C @ 175 c2
Event: 2413.735 Thread 0x0000014c77411ab0 DEOPT PACKING pc=0x0000014c24cf18a0 sp=0x0000002d11bfe590
Event: 2413.735 Thread 0x0000014c77411ab0 DEOPT UNPACKING pc=0x0000014c23e33a9c sp=0x0000002d11bfe4e8 mode 2
Event: 2413.736 Thread 0x0000014c77411ab0 Uncommon trap: trap_request=0xffffffbe fr.pc=0x0000014c24cf18a0 relative=0x0000000000000100
Event: 2413.736 Thread 0x0000014c77411ab0 Uncommon trap: reason=profile_predicate action=maybe_recompile pc=0x0000014c24cf18a0 method=org.eclipse.jdt.core.compiler.CharOperation.splitAndTrimOn(C[C)[[C @ 175 c2
Event: 2413.736 Thread 0x0000014c77411ab0 DEOPT PACKING pc=0x0000014c24cf18a0 sp=0x0000002d11bfe510
Event: 2413.736 Thread 0x0000014c77411ab0 DEOPT UNPACKING pc=0x0000014c23e33a9c sp=0x0000002d11bfe468 mode 2
Event: 2413.736 Thread 0x0000014c77411ab0 Uncommon trap: trap_request=0xffffffbe fr.pc=0x0000014c24cf18a0 relative=0x0000000000000100
Event: 2413.736 Thread 0x0000014c77411ab0 Uncommon trap: reason=profile_predicate action=maybe_recompile pc=0x0000014c24cf18a0 method=org.eclipse.jdt.core.compiler.CharOperation.splitAndTrimOn(C[C)[[C @ 175 c2
Event: 2413.736 Thread 0x0000014c77411ab0 DEOPT PACKING pc=0x0000014c24cf18a0 sp=0x0000002d11bfe510
Event: 2413.736 Thread 0x0000014c77411ab0 DEOPT UNPACKING pc=0x0000014c23e33a9c sp=0x0000002d11bfe468 mode 2
Event: 5720.997 Thread 0x0000014c77413b80 Uncommon trap: trap_request=0xffffff6e fr.pc=0x0000014c24cbed58 relative=0x0000000000001358
Event: 5720.998 Thread 0x0000014c77413b80 Uncommon trap: reason=loop_limit_check action=maybe_recompile pc=0x0000014c24cbed58 method=org.eclipse.jdt.internal.compiler.lookup.BinaryTypeBinding.createMethods([Lorg/eclipse/jdt/internal/compiler/env/IBinaryMethod;Lorg/eclipse/jdt/internal/compiler/en
Event: 5721.000 Thread 0x0000014c77413b80 DEOPT PACKING pc=0x0000014c24cbed58 sp=0x0000002d11bfd940
Event: 5721.001 Thread 0x0000014c77413b80 DEOPT UNPACKING pc=0x0000014c23e33a9c sp=0x0000002d11bfd8e8 mode 2
Event: 5736.598 Thread 0x0000014c77413b80 Uncommon trap: trap_request=0xffffffbe fr.pc=0x0000014c24d0a248 relative=0x00000000000005e8
Event: 5736.598 Thread 0x0000014c77413b80 Uncommon trap: reason=profile_predicate action=maybe_recompile pc=0x0000014c24d0a248 method=org.eclipse.jdt.internal.compiler.lookup.BinaryTypeBinding.createMethods([Lorg/eclipse/jdt/internal/compiler/env/IBinaryMethod;Lorg/eclipse/jdt/internal/compiler/e
Event: 5736.598 Thread 0x0000014c77413b80 DEOPT PACKING pc=0x0000014c24d0a248 sp=0x0000002d11bfd350
Event: 5736.598 Thread 0x0000014c77413b80 DEOPT UNPACKING pc=0x0000014c23e33a9c sp=0x0000002d11bfd2e0 mode 2

Classes loaded (20 events):
Event: 393.996 Loading class java/util/stream/Nodes$CollectorTask$OfRef
Event: 394.018 Loading class java/util/stream/Nodes$CollectorTask
Event: 394.042 Loading class java/util/stream/Nodes$CollectorTask done
Event: 394.043 Loading class java/util/stream/Nodes$CollectorTask$OfRef done
Event: 394.047 Loading class java/util/function/LongFunction
Event: 394.049 Loading class java/util/function/LongFunction done
Event: 394.058 Loading class java/util/stream/Nodes$ConcNode
Event: 394.065 Loading class java/util/stream/Nodes$AbstractConcNode
Event: 394.071 Loading class java/util/stream/Nodes$AbstractConcNode done
Event: 394.071 Loading class java/util/stream/Nodes$ConcNode done
Event: 394.083 Loading class java/util/stream/Nodes$ToArrayTask$OfRef
Event: 394.092 Loading class java/util/stream/Nodes$ToArrayTask
Event: 394.095 Loading class java/util/stream/Nodes$ToArrayTask done
Event: 394.095 Loading class java/util/stream/Nodes$ToArrayTask$OfRef done
Event: 394.135 Loading class java/io/ObjectOutputStream$BlockDataOutputStream
Event: 394.147 Loading class java/io/ObjectOutputStream$BlockDataOutputStream done
Event: 394.148 Loading class java/io/ObjectOutputStream$HandleTable
Event: 394.152 Loading class java/io/ObjectOutputStream$HandleTable done
Event: 394.154 Loading class java/io/ObjectOutputStream$ReplaceTable
Event: 394.187 Loading class java/io/ObjectOutputStream$ReplaceTable done

Classes unloaded (8 events):
Event: 11.286 Thread 0x0000014c1958e630 Unloading class 0x0000014c311b0c00 'java/lang/invoke/LambdaForm$MH+0x0000014c311b0c00'
Event: 11.286 Thread 0x0000014c1958e630 Unloading class 0x0000014c311b0800 'java/lang/invoke/LambdaForm$MH+0x0000014c311b0800'
Event: 11.286 Thread 0x0000014c1958e630 Unloading class 0x0000014c311b0400 'java/lang/invoke/LambdaForm$MH+0x0000014c311b0400'
Event: 11.286 Thread 0x0000014c1958e630 Unloading class 0x0000014c311b0000 'java/lang/invoke/LambdaForm$MH+0x0000014c311b0000'
Event: 11.286 Thread 0x0000014c1958e630 Unloading class 0x0000014c311afc00 'java/lang/invoke/LambdaForm$BMH+0x0000014c311afc00'
Event: 11.286 Thread 0x0000014c1958e630 Unloading class 0x0000014c311af800 'java/lang/invoke/LambdaForm$DMH+0x0000014c311af800'
Event: 11.286 Thread 0x0000014c1958e630 Unloading class 0x0000014c311ae400 'java/lang/invoke/LambdaForm$DMH+0x0000014c311ae400'
Event: 32.396 Thread 0x0000014c1958e630 Unloading class 0x0000014c316dc000 'java/lang/invoke/LambdaForm$DMH+0x0000014c316dc000'

Classes redefined (0 events):
No events

Internal exceptions (20 events):
Event: 92.399 Thread 0x0000014c77417000 Exception <a 'sun/nio/fs/WindowsException'{0x00000000d580ab78}> (0x00000000d580ab78) 
thrown [s\src\hotspot\share\prims\jni.cpp, line 520]
Event: 92.399 Thread 0x0000014c77417000 Exception <a 'sun/nio/fs/WindowsException'{0x00000000d580b8f8}> (0x00000000d580b8f8) 
thrown [s\src\hotspot\share\prims\jni.cpp, line 520]
Event: 92.445 Thread 0x0000014c77417000 Exception <a 'java/lang/NoSuchMethodError'{0x00000000d5898c60}: 'java.lang.Object java.lang.invoke.DirectMethodHandle$Holder.invokeStatic(java.lang.Object, java.lang.Object, int, java.lang.Object)'> (0x00000000d5898c60) 
thrown [s\src\hotspot\share\interpreter\linkResolver.cpp, line 773]
Event: 92.447 Thread 0x0000014c77417000 Exception <a 'java/lang/NoSuchMethodError'{0x00000000d58a0ea0}: 'java.lang.Object java.lang.invoke.DirectMethodHandle$Holder.newInvokeSpecial(java.lang.Object, java.lang.Object, int)'> (0x00000000d58a0ea0) 
thrown [s\src\hotspot\share\interpreter\linkResolver.cpp, line 773]
Event: 92.569 Thread 0x0000014c772ab680 Implicit null exception at 0x0000014c248e8ae2 to 0x0000014c248e8eb4
Event: 93.797 Thread 0x0000014c772ab680 Implicit null exception at 0x0000014c2498231d to 0x0000014c249827b0
Event: 94.582 Thread 0x0000014c772aca30 Exception <a 'java/lang/NoSuchMethodError'{0x00000000d60a8998}: 'java.lang.Object java.lang.invoke.DirectMethodHandle$Holder.newInvokeSpecial(java.lang.Object, java.lang.Object, int, java.lang.Object, java.lang.Object)'> (0x00000000d60a8998) 
thrown [s\src\hotspot\share\interpreter\linkResolver.cpp, line 773]
Event: 94.583 Thread 0x0000014c772aca30 Exception <a 'java/lang/NoSuchMethodError'{0x00000000d60ac460}: 'java.lang.Object java.lang.invoke.Invokers$Holder.linkToTargetMethod(java.lang.Object, int, java.lang.Object, java.lang.Object, java.lang.Object)'> (0x00000000d60ac460) 
thrown [s\src\hotspot\share\interpreter\linkResolver.cpp, line 773]
Event: 94.593 Thread 0x0000014c772aca30 Exception <a 'java/lang/NoSuchMethodError'{0x00000000d60bef70}: 'java.lang.Object java.lang.invoke.DirectMethodHandle$Holder.invokeSpecial(java.lang.Object, java.lang.Object, java.lang.Object, int, java.lang.Object, java.lang.Object, java.lang.Object)'> (0x00000000d60bef70) 
thrown [s\src\hotspot\share\interpreter\linkResolver.cpp, line 773]
Event: 94.692 Thread 0x0000014c772aca30 Exception <a 'java/lang/NoSuchMethodError'{0x00000000d55f64f8}: 'void java.lang.invoke.DirectMethodHandle$Holder.invokeStatic(java.lang.Object, int)'> (0x00000000d55f64f8) 
thrown [s\src\hotspot\share\interpreter\linkResolver.cpp, line 773]
Event: 94.992 Thread 0x0000014c772aca30 Exception <a 'java/io/FileNotFoundException'{0x00000000d5b28f30}> (0x00000000d5b28f30) 
thrown [s\src\hotspot\share\prims\jni.cpp, line 520]
Event: 94.992 Thread 0x0000014c772aca30 Exception <a 'java/io/FileNotFoundException'{0x00000000d5b2a1c8}> (0x00000000d5b2a1c8) 
thrown [s\src\hotspot\share\prims\jni.cpp, line 520]
Event: 94.992 Thread 0x0000014c772aca30 Exception <a 'java/io/FileNotFoundException'{0x00000000d5b2b1b8}> (0x00000000d5b2b1b8) 
thrown [s\src\hotspot\share\prims\jni.cpp, line 520]
Event: 95.235 Thread 0x0000014c772aca30 Implicit null exception at 0x0000014c2461a427 to 0x0000014c2461b3f8
Event: 96.411 Thread 0x0000014c77413b80 Exception <a 'java/lang/ArrayIndexOutOfBoundsException'{0x00000000d5795f68}> (0x00000000d5795f68) 
thrown [s\src\hotspot\share\runtime\sharedRuntime.cpp, line 625]
Event: 393.805 Thread 0x0000014c772aca30 Exception <a 'sun/nio/fs/WindowsException'{0x00000000d5aff2e8}> (0x00000000d5aff2e8) 
thrown [s\src\hotspot\share\prims\jni.cpp, line 520]
Event: 393.811 Thread 0x0000014c772aca30 Exception <a 'sun/nio/fs/WindowsException'{0x00000000d5affbc8}> (0x00000000d5affbc8) 
thrown [s\src\hotspot\share\prims\jni.cpp, line 520]
Event: 393.870 Thread 0x0000014c772aca30 Implicit null exception at 0x0000014c24841d86 to 0x0000014c248420dc
Event: 394.698 Thread 0x0000014c772aca30 Exception <a 'java/lang/NoSuchMethodError'{0x00000000d5bc5560}: static [J.<clinit>()V> (0x00000000d5bc5560) 
thrown [s\src\hotspot\share\prims\jni.cpp, line 1111]
Event: 395.113 Thread 0x0000014c772aca30 Exception <a 'java/lang/NoSuchMethodError'{0x00000000d5bf71c0}: 'java.lang.Object java.lang.invoke.DirectMethodHandle$Holder.newInvokeSpecial(java.lang.Object, java.lang.Object, java.lang.Object, java.lang.Object, java.lang.Object, java.lang.Object, java.lang.Object, java.lang.Object)'> (0x00000000d5bf71c0) 
thrown [s\src\hotspot\share\interpreter\linkResolver.cpp, line 773]

ZGC Phase Switch (0 events):
No events

VM Operations (20 events):
Event: 8177.195 Executing VM operation: HandshakeAllThreads (HandshakeForDeflation)
Event: 8177.206 Executing VM operation: HandshakeAllThreads (HandshakeForDeflation) done
Event: 8177.207 Executing VM operation: RendezvousGCThreads
Event: 8177.207 Executing VM operation: RendezvousGCThreads done
Event: 8237.198 Executing VM operation: HandshakeAllThreads (HandshakeForDeflation)
Event: 8237.198 Executing VM operation: HandshakeAllThreads (HandshakeForDeflation) done
Event: 8237.198 Executing VM operation: RendezvousGCThreads
Event: 8237.198 Executing VM operation: RendezvousGCThreads done
Event: 8297.217 Executing VM operation: HandshakeAllThreads (HandshakeForDeflation)
Event: 8297.220 Executing VM operation: HandshakeAllThreads (HandshakeForDeflation) done
Event: 8297.220 Executing VM operation: RendezvousGCThreads
Event: 8297.221 Executing VM operation: RendezvousGCThreads done
Event: 8417.502 Executing VM operation: HandshakeAllThreads (HandshakeForDeflation)
Event: 8417.509 Executing VM operation: HandshakeAllThreads (HandshakeForDeflation) done
Event: 8417.509 Executing VM operation: RendezvousGCThreads
Event: 8417.509 Executing VM operation: RendezvousGCThreads done
Event: 8477.734 Executing VM operation: HandshakeAllThreads (HandshakeForDeflation)
Event: 8477.735 Executing VM operation: HandshakeAllThreads (HandshakeForDeflation) done
Event: 8477.735 Executing VM operation: RendezvousGCThreads
Event: 8477.735 Executing VM operation: RendezvousGCThreads done

Memory protections (0 events):
No events

Nmethod flushes (20 events):
Event: 32.427 Thread 0x0000014c1958e630 flushing osr nmethod 0x0000014c1d189290
Event: 32.427 Thread 0x0000014c1958e630 flushing  nmethod 0x0000014c1d1c0d90
Event: 32.428 Thread 0x0000014c1958e630 flushing  nmethod 0x0000014c1d1d7690
Event: 32.428 Thread 0x0000014c1958e630 flushing  nmethod 0x0000014c1d1de610
Event: 32.428 Thread 0x0000014c1958e630 flushing  nmethod 0x0000014c1d1e1a90
Event: 32.428 Thread 0x0000014c1958e630 flushing  nmethod 0x0000014c1d1e7990
Event: 32.428 Thread 0x0000014c1958e630 flushing  nmethod 0x0000014c1d1e7e90
Event: 32.428 Thread 0x0000014c1958e630 flushing  nmethod 0x0000014c1d1ffb10
Event: 32.428 Thread 0x0000014c1958e630 flushing  nmethod 0x0000014c1d205e10
Event: 32.428 Thread 0x0000014c1958e630 flushing  nmethod 0x0000014c1d222510
Event: 32.428 Thread 0x0000014c1958e630 flushing  nmethod 0x0000014c1d226f10
Event: 32.428 Thread 0x0000014c1958e630 flushing  nmethod 0x0000014c1d22a710
Event: 32.428 Thread 0x0000014c1958e630 flushing  nmethod 0x0000014c1d233390
Event: 32.428 Thread 0x0000014c1958e630 flushing  nmethod 0x0000014c1d24dd90
Event: 32.428 Thread 0x0000014c1958e630 flushing  nmethod 0x0000014c1d298910
Event: 32.428 Thread 0x0000014c1958e630 flushing  nmethod 0x0000014c1d299010
Event: 32.428 Thread 0x0000014c1958e630 flushing  nmethod 0x0000014c1d299890
Event: 32.428 Thread 0x0000014c1958e630 flushing  nmethod 0x0000014c1d299e90
Event: 32.428 Thread 0x0000014c1958e630 flushing  nmethod 0x0000014c1d29c710
Event: 32.428 Thread 0x0000014c1958e630 flushing  nmethod 0x0000014c1d2bc610

Events (20 events):
Event: 394.082 Thread 0x0000014c77413b80 Thread added: 0x0000014c77410070
Event: 394.096 Thread 0x0000014c77410070 Thread exited: 0x0000014c77410070
Event: 394.096 Thread 0x0000014c77413b80 Thread exited: 0x0000014c77413b80
Event: 394.098 Thread 0x0000014c77411420 Thread exited: 0x0000014c77411420
Event: 2141.917 Thread 0x0000014c77417000 Thread added: 0x0000014c774162e0
Event: 2242.203 Thread 0x0000014c774162e0 Thread exited: 0x0000014c774162e0
Event: 2391.180 Thread 0x0000014c77417000 Thread added: 0x0000014c77411ab0
Event: 2525.498 Thread 0x0000014c77411ab0 Thread exited: 0x0000014c77411ab0
Event: 5719.401 Thread 0x0000014c77417000 Thread added: 0x0000014c77413b80
Event: 5719.426 Thread 0x0000014c77417000 Thread added: 0x0000014c774148a0
Event: 5719.583 Thread 0x0000014c77413b80 Thread added: 0x0000014c774162e0
Event: 5736.598 Thread 0x0000014c195b15a0 Thread added: 0x0000014c78fe4cc0
Event: 5742.705 Thread 0x0000014c78fe4cc0 Thread exited: 0x0000014c78fe4cc0
Event: 5797.108 Thread 0x0000014c77413b80 Thread exited: 0x0000014c77413b80
Event: 5857.316 Thread 0x0000014c774148a0 Thread exited: 0x0000014c774148a0
Event: 5917.323 Thread 0x0000014c774162e0 Thread exited: 0x0000014c774162e0
Event: 5984.514 Thread 0x0000014c77417000 Thread added: 0x0000014c77413b80
Event: 6044.664 Thread 0x0000014c77413b80 Thread exited: 0x0000014c77413b80
Event: 6374.594 Thread 0x0000014c77417000 Thread added: 0x0000014c77413b80
Event: 6491.030 Thread 0x0000014c77413b80 Thread exited: 0x0000014c77413b80


Dynamic libraries:
0x00007ff68a000000 - 0x00007ff68a00e000 	c:\Users\ashis\.vscode\extensions\redhat.java-1.46.0-win32-x64\jre\21.0.8-win32-x86_64\bin\java.exe
0x00007fff4f930000 - 0x00007fff4fb28000 	C:\WINDOWS\SYSTEM32\ntdll.dll
0x00007fff4dbb0000 - 0x00007fff4dc72000 	C:\WINDOWS\System32\KERNEL32.DLL
0x00007fff4d280000 - 0x00007fff4d576000 	C:\WINDOWS\System32\KERNELBASE.dll
0x00007fff4cfd0000 - 0x00007fff4d0d0000 	C:\WINDOWS\System32\ucrtbase.dll
0x00007fff47900000 - 0x00007fff47918000 	c:\Users\ashis\.vscode\extensions\redhat.java-1.46.0-win32-x64\jre\21.0.8-win32-x86_64\bin\jli.dll
0x00007fff4f1e0000 - 0x00007fff4f37d000 	C:\WINDOWS\System32\USER32.dll
0x00007fff4d8b0000 - 0x00007fff4d8d2000 	C:\WINDOWS\System32\win32u.dll
0x00007fff4ea70000 - 0x00007fff4ea9b000 	C:\WINDOWS\System32\GDI32.dll
0x00007fff4d630000 - 0x00007fff4d749000 	C:\WINDOWS\System32\gdi32full.dll
0x00007fff4d1e0000 - 0x00007fff4d27d000 	C:\WINDOWS\System32\msvcp_win.dll
0x00007fff46ff0000 - 0x00007fff4700e000 	c:\Users\ashis\.vscode\extensions\redhat.java-1.46.0-win32-x64\jre\21.0.8-win32-x86_64\bin\VCRUNTIME140.dll
0x00007fff3a080000 - 0x00007fff3a31b000 	C:\WINDOWS\WinSxS\amd64_microsoft.windows.common-controls_6595b64144ccf1df_6.0.19041.6280_none_60bc30a171f2f3f3\COMCTL32.dll
0x00007fff4ed70000 - 0x00007fff4ee0e000 	C:\WINDOWS\System32\msvcrt.dll
0x00007fff4ddc0000 - 0x00007fff4ddef000 	C:\WINDOWS\System32\IMM32.DLL
0x00007fff47c90000 - 0x00007fff47c9c000 	c:\Users\ashis\.vscode\extensions\redhat.java-1.46.0-win32-x64\jre\21.0.8-win32-x86_64\bin\vcruntime140_1.dll
0x00007fff21a00000 - 0x00007fff21a8d000 	c:\Users\ashis\.vscode\extensions\redhat.java-1.46.0-win32-x64\jre\21.0.8-win32-x86_64\bin\msvcp140.dll
0x00007fff16460000 - 0x00007fff171f7000 	c:\Users\ashis\.vscode\extensions\redhat.java-1.46.0-win32-x64\jre\21.0.8-win32-x86_64\bin\server\jvm.dll
0x00007fff4dc80000 - 0x00007fff4dd31000 	C:\WINDOWS\System32\ADVAPI32.dll
0x00007fff4f720000 - 0x00007fff4f7bf000 	C:\WINDOWS\System32\sechost.dll
0x00007fff4da90000 - 0x00007fff4dbb0000 	C:\WINDOWS\System32\RPCRT4.dll
0x00007fff4d930000 - 0x00007fff4d957000 	C:\WINDOWS\System32\bcrypt.dll
0x00007fff4ee10000 - 0x00007fff4ee7b000 	C:\WINDOWS\System32\WS2_32.dll
0x00007fff4ce30000 - 0x00007fff4ce7b000 	C:\WINDOWS\SYSTEM32\POWRPROF.dll
0x00007fff39a50000 - 0x00007fff39a77000 	C:\WINDOWS\SYSTEM32\WINMM.dll
0x00007fff456e0000 - 0x00007fff456ea000 	C:\WINDOWS\SYSTEM32\VERSION.dll
0x00007fff4ce10000 - 0x00007fff4ce22000 	C:\WINDOWS\SYSTEM32\UMPDC.dll
0x00007fff4b030000 - 0x00007fff4b042000 	C:\WINDOWS\SYSTEM32\kernel.appcore.dll
0x00007fff47c50000 - 0x00007fff47c5a000 	c:\Users\ashis\.vscode\extensions\redhat.java-1.46.0-win32-x64\jre\21.0.8-win32-x86_64\bin\jimage.dll
0x00007fff4abd0000 - 0x00007fff4add1000 	C:\WINDOWS\SYSTEM32\DBGHELP.DLL
0x00007fff38e80000 - 0x00007fff38eb4000 	C:\WINDOWS\SYSTEM32\dbgcore.DLL
0x00007fff4d150000 - 0x00007fff4d1d2000 	C:\WINDOWS\System32\bcryptPrimitives.dll
0x00007fff47b90000 - 0x00007fff47b9f000 	c:\Users\ashis\.vscode\extensions\redhat.java-1.46.0-win32-x64\jre\21.0.8-win32-x86_64\bin\instrument.dll
0x00007fff464a0000 - 0x00007fff464bf000 	c:\Users\ashis\.vscode\extensions\redhat.java-1.46.0-win32-x64\jre\21.0.8-win32-x86_64\bin\java.dll
0x00007fff4de00000 - 0x00007fff4e570000 	C:\WINDOWS\System32\SHELL32.dll
0x00007fff4b050000 - 0x00007fff4b7f5000 	C:\WINDOWS\SYSTEM32\windows.storage.dll
0x00007fff4ee80000 - 0x00007fff4f1d3000 	C:\WINDOWS\System32\combase.dll
0x00007fff4c930000 - 0x00007fff4c95b000 	C:\WINDOWS\SYSTEM32\Wldp.dll
0x00007fff4eb00000 - 0x00007fff4ebcd000 	C:\WINDOWS\System32\OLEAUT32.dll
0x00007fff4f400000 - 0x00007fff4f4ad000 	C:\WINDOWS\System32\SHCORE.dll
0x00007fff4eaa0000 - 0x00007fff4eafb000 	C:\WINDOWS\System32\shlwapi.dll
0x00007fff4cf00000 - 0x00007fff4cf24000 	C:\WINDOWS\SYSTEM32\profapi.dll
0x00007fff437a0000 - 0x00007fff437b8000 	c:\Users\ashis\.vscode\extensions\redhat.java-1.46.0-win32-x64\jre\21.0.8-win32-x86_64\bin\zip.dll
0x00007fff467b0000 - 0x00007fff467c0000 	C:\Users\ashis\.vscode\extensions\redhat.java-1.46.0-win32-x64\jre\21.0.8-win32-x86_64\bin\net.dll
0x00007fff43ee0000 - 0x00007fff43fea000 	C:\WINDOWS\SYSTEM32\WINHTTP.dll
0x00007fff4c690000 - 0x00007fff4c6fa000 	C:\WINDOWS\system32\mswsock.dll
0x00007fff43760000 - 0x00007fff43776000 	C:\Users\ashis\.vscode\extensions\redhat.java-1.46.0-win32-x64\jre\21.0.8-win32-x86_64\bin\nio.dll
0x00007fff464e0000 - 0x00007fff464f0000 	c:\Users\ashis\.vscode\extensions\redhat.java-1.46.0-win32-x64\jre\21.0.8-win32-x86_64\bin\verify.dll
0x00007fff1ed00000 - 0x00007fff1ed44000 	C:\Users\ashis\AppData\Roaming\Code\User\globalStorage\redhat.java\1.46.0\config_win\org.eclipse.equinox.launcher\org.eclipse.equinox.launcher.win32.win32.x86_64_1.2.1400.v20250801-0854\eclipse_11916.dll
0x00007fff4d960000 - 0x00007fff4da8b000 	C:\WINDOWS\System32\ole32.dll
0x00007fff4c890000 - 0x00007fff4c8a8000 	C:\WINDOWS\SYSTEM32\CRYPTSP.dll
0x00007fff4bfb0000 - 0x00007fff4bfe8000 	C:\WINDOWS\system32\rsaenh.dll
0x00007fff4ce80000 - 0x00007fff4ceae000 	C:\WINDOWS\SYSTEM32\USERENV.dll
0x00007fff4c880000 - 0x00007fff4c88c000 	C:\WINDOWS\SYSTEM32\CRYPTBASE.dll
0x00007fff4c370000 - 0x00007fff4c3ab000 	C:\WINDOWS\SYSTEM32\IPHLPAPI.DLL
0x00007fff4ddf0000 - 0x00007fff4ddf8000 	C:\WINDOWS\System32\NSI.dll
0x00007fff1add0000 - 0x00007fff1ae19000 	C:\Users\ashis\AppData\Local\Temp\jna-93110816\jna13118673739618658573.dll
0x00007fff4f7c0000 - 0x00007fff4f7c8000 	C:\WINDOWS\System32\PSAPI.DLL
0x00007fff451c0000 - 0x00007fff451d7000 	C:\WINDOWS\SYSTEM32\dhcpcsvc6.DLL
0x00007fff457c0000 - 0x00007fff457dd000 	C:\WINDOWS\SYSTEM32\dhcpcsvc.DLL
0x00007fff46eb0000 - 0x00007fff46ebe000 	C:\Users\ashis\.vscode\extensions\redhat.java-1.46.0-win32-x64\jre\21.0.8-win32-x86_64\bin\sunmscapi.dll
0x00007fff4d750000 - 0x00007fff4d8ad000 	C:\WINDOWS\System32\CRYPT32.dll
0x00007fff4c9a0000 - 0x00007fff4c9c7000 	C:\WINDOWS\SYSTEM32\ncrypt.dll
0x00007fff4c960000 - 0x00007fff4c99b000 	C:\WINDOWS\SYSTEM32\NTASN1.dll
0x00007fff4c3b0000 - 0x00007fff4c47a000 	C:\WINDOWS\SYSTEM32\DNSAPI.dll
0x00007fff3c1e0000 - 0x00007fff3c1ea000 	C:\Windows\System32\rasadhlp.dll
0x00007fff3c3d0000 - 0x00007fff3c450000 	C:\WINDOWS\System32\fwpuclnt.dll
0x00007fff477b0000 - 0x00007fff477b9000 	C:\Users\ashis\.vscode\extensions\redhat.java-1.46.0-win32-x64\jre\21.0.8-win32-x86_64\bin\extnet.dll

JVMTI agents:
c:\Users\ashis\.vscode\extensions\redhat.java-1.46.0-win32-x64\lombok\lombok-1.18.39-4050.jar path:c:\Users\ashis\.vscode\extensions\redhat.java-1.46.0-win32-x64\jre\21.0.8-win32-x86_64\bin\instrument.dll, loaded, initialized, instrumentlib options:none

dbghelp: loaded successfully - version: 4.0.5 - missing functions: none
symbol engine: initialized successfully - sym options: 0x614 - pdb path: .;c:\Users\ashis\.vscode\extensions\redhat.java-1.46.0-win32-x64\jre\21.0.8-win32-x86_64\bin;C:\WINDOWS\SYSTEM32;C:\WINDOWS\WinSxS\amd64_microsoft.windows.common-controls_6595b64144ccf1df_6.0.19041.6280_none_60bc30a171f2f3f3;c:\Users\ashis\.vscode\extensions\redhat.java-1.46.0-win32-x64\jre\21.0.8-win32-x86_64\bin\server;C:\Users\ashis\AppData\Roaming\Code\User\globalStorage\redhat.java\1.46.0\config_win\org.eclipse.equinox.launcher\org.eclipse.equinox.launcher.win32.win32.x86_64_1.2.1400.v20250801-0854;C:\Users\ashis\AppData\Local\Temp\jna-93110816

VM Arguments:
jvm_args: --add-modules=ALL-SYSTEM --add-opens=java.base/java.util=ALL-UNNAMED --add-opens=java.base/java.lang=ALL-UNNAMED --add-opens=java.base/sun.nio.fs=ALL-UNNAMED -Declipse.application=org.eclipse.jdt.ls.core.id1 -Dosgi.bundles.defaultStartLevel=4 -Declipse.product=org.eclipse.jdt.ls.core.product -Djava.import.generatesMetadataFilesAtProjectRoot=false -DDetectVMInstallationsJob.disabled=true -Dfile.encoding=utf8 -XX:+UseParallelGC -XX:GCTimeRatio=4 -XX:AdaptiveSizePolicyWeight=90 -Dsun.zip.disableMemoryMapping=true -Xmx2G -Xms100m -Xlog:disable -javaagent:c:\Users\ashis\.vscode\extensions\redhat.java-1.46.0-win32-x64\lombok\lombok-1.18.39-4050.jar -XX:+HeapDumpOnOutOfMemoryError -XX:HeapDumpPath=c:\Users\ashis\AppData\Roaming\Code\User\workspaceStorage\092032f4d222c2bb43f7764757c1a2a7\redhat.java -Daether.dependencyCollector.impl=bf 
java_command: c:\Users\ashis\.vscode\extensions\redhat.java-1.46.0-win32-x64\server\plugins\org.eclipse.equinox.launcher_1.7.0.v20250519-0528.jar -configuration c:\Users\ashis\AppData\Roaming\Code\User\globalStorage\redhat.java\1.46.0\config_win -data c:\Users\ashis\AppData\Roaming\Code\User\workspaceStorage\092032f4d222c2bb43f7764757c1a2a7\redhat.java\jdt_ws --pipe=\\.\pipe\lsp-1fd0f85ce46f0924f61b626aa7038ee2-sock
java_class_path (initial): c:\Users\ashis\.vscode\extensions\redhat.java-1.46.0-win32-x64\server\plugins\org.eclipse.equinox.launcher_1.7.0.v20250519-0528.jar
Launcher Type: SUN_STANDARD

[Global flags]
    uintx AdaptiveSizePolicyWeight                 = 90                                        {product} {command line}
     intx CICompilerCount                          = 3                                         {product} {ergonomic}
    uintx GCTimeRatio                              = 4                                         {product} {command line}
     bool HeapDumpOnOutOfMemoryError               = true                                   {manageable} {command line}
    ccstr HeapDumpPath                             = c:\Users\ashis\AppData\Roaming\Code\User\workspaceStorage\092032f4d222c2bb43f7764757c1a2a7\redhat.java         {manageable} {command line}
   size_t InitialHeapSize                          = 104857600                                 {product} {command line}
   size_t MaxHeapSize                              = 2147483648                                {product} {command line}
   size_t MaxNewSize                               = 715653120                                 {product} {ergonomic}
   size_t MinHeapDeltaBytes                        = 524288                                    {product} {ergonomic}
   size_t MinHeapSize                              = 104857600                                 {product} {command line}
   size_t NewSize                                  = 34603008                                  {product} {ergonomic}
    uintx NonNMethodCodeHeapSize                   = 5832780                                {pd product} {ergonomic}
    uintx NonProfiledCodeHeapSize                  = 122912730                              {pd product} {ergonomic}
   size_t OldSize                                  = 70254592                                  {product} {ergonomic}
    uintx ProfiledCodeHeapSize                     = 122912730                              {pd product} {ergonomic}
    uintx ReservedCodeCacheSize                    = 251658240                              {pd product} {ergonomic}
     bool SegmentedCodeCache                       = true                                      {product} {ergonomic}
   size_t SoftMaxHeapSize                          = 2147483648                             {manageable} {ergonomic}
     bool UseCompressedOops                        = true                           {product lp64_product} {ergonomic}
     bool UseLargePagesIndividualAllocation        = false                                  {pd product} {ergonomic}
     bool UseParallelGC                            = true                                      {product} {command line}

Logging:
Log output configuration:
 #0: stdout all=off uptime,level,tags foldmultilines=false
 #1: stderr all=off uptime,level,tags foldmultilines=false

Environment Variables:
JAVA_HOME=C:\Program Files\Java\jdk-23
PATH=C:\Python312\Scripts\;C:\Python312\;C:\Program Files\Common Files\Oracle\Java\javapath;C:\WINDOWS\system32;C:\WINDOWS;C:\WINDOWS\System32\Wbem;C:\WINDOWS\System32\WindowsPowerShell\v1.0\;C:\WINDOWS\System32\OpenSSH\;C:\Program Files\MySQL\MySQL Server 8.0\bin;C:\Program Files\nodejs\;C:\ProgramData\chocolatey\bin;C:\Program Files\Redis\;C:\Users\ashis\Downloads\mongosh-2.3.7-win32-x64 (1)\mongosh-2.3.7-win32-x64\bin;C:\Program Files\MongoDB\Server\8.0\bin;C:\Program Files\Git\cmd;C:\Program Files\Git\bin;C:\Program Files\Java\jdk-23\bin;C:\Program Files\apache-maven-3.9.11\bin;C:\Program Files\MySQL\MySQL Shell 8.0\bin\;C:\Users\ashis\AppData\Local\Microsoft\WindowsApps;C:\Users\ashis\AppData\Local\Programs\Microsoft VS Code\bin;C:\Users\ashis\AppData\Roaming\npm;C:\Program Files\MongoDB\Server\8.0\bin;C:\Program Files\PostgreSQL\17\bin;C:\Program Files\apache-maven-3.9.11\bin;
USERNAME=ashis
OS=Windows_NT
PROCESSOR_IDENTIFIER=Intel64 Family 6 Model 122 Stepping 8, GenuineIntel
TMP=C:\Users\ashis\AppData\Local\Temp
TEMP=C:\Users\ashis\AppData\Local\Temp




Periodic native trim disabled

---------------  S Y S T E M  ---------------

OS:
 Windows 10 , 64 bit Build 19041 (10.0.19041.5915)
OS uptime: 19 days 7:19 hours

CPU: total 4 (initial active 4) (4 cores per cpu, 1 threads per core) family 6 model 122 stepping 8 microcode 0x1c, cx8, cmov, fxsr, mmx, 3dnowpref, sse, sse2, sse3, ssse3, sse4.1, sse4.2, popcnt, tsc, tscinvbit, aes, erms, clmul, sha, clflush, clflushopt, rdtscp, rdpid
Processor Information for the first 4 processors :
  Max Mhz: 1101, Current Mhz: 1101, Mhz Limit: 1101

Memory: 4k page, system-wide physical 3918M (214M free)
TotalPageFile size 15694M (AvailPageFile size 89M)
current process WorkingSet (physical memory assigned to process): 7M, peak: 444M
current process commit charge ("private bytes"): 698M, peak: 736M

vm_info: OpenJDK 64-Bit Server VM (21.0.8+9-LTS) for windows-amd64 JRE (21.0.8+9-LTS), built on 2025-07-15T00:00:00Z by "admin" with MS VC++ 17.7 (VS2022)

END.
